

================================================================
== Vivado HLS Report for 'LayerNorm'
================================================================
* Date:           Mon Feb 20 12:10:37 2023

* Version:        2018.3 (Build 2405991 on Thu Dec 06 23:56:15 MST 2018)
* Project:        layernorm_kern29
* Solution:       solution1
* Product family: zynquplus
* Target device:  xczu19eg-ffvc1760-2-i


================================================================
== Performance Estimates
================================================================
+ Timing (ns): 
    * Summary: 
    +--------+-------+----------+------------+
    |  Clock | Target| Estimated| Uncertainty|
    +--------+-------+----------+------------+
    |ap_clk  |   5.00|     4.366|        0.62|
    +--------+-------+----------+------------+

+ Latency (clock cycles): 
    * Summary: 
    +-----+-------+-----+-------+----------+
    |   Latency   |   Interval  | Pipeline |
    | min |  max  | min |  max  |   Type   |
    +-----+-------+-----+-------+----------+
    |  190|  35940|   97|  35842| dataflow |
    +-----+-------+-----+-------+----------+

    + Detail: 
        * Instance: 
        N/A

        * Loop: 
        N/A

============================================================
+ Verbose Summary: Synthesis Manager
============================================================
InlineROM: 1
ExposeGlobal: 0
============================================================
+ Verbose Summary: CDFG Model
============================================================
IsTopModel: 0
ResetActiveHigh: 1
IsCombinational: 2
IsDatapathOnly: 0
HasWiredReturn: 1
HasMFsm: 0
HasVarLatency: 1
IsPipeline: 0
IsRtlPipelined: 0
IsInstanceOverlapped: 0
IsDontTouch: 0
HasImplIP: 0
IsGatedGlobalClock: 0


============================================================
+ Verbose Summary: Schedule
============================================================
* Number of FSM states : 10
* Pipeline : 0
* Dataflow Pipeline: 1
  DF-Pipeline-0: Size = 10, States = { 1 2 3 4 5 6 7 8 9 10 }

* FSM state transitions: 
1 --> 
	2  / true
2 --> 
	3  / true
3 --> 
	4  / true
4 --> 
	5  / true
5 --> 
	6  / true
6 --> 
	7  / true
7 --> 
	8  / true
8 --> 
	9  / true
9 --> 
	10  / true
10 --> 

* FSM state operations: 

State 1 <SV = 0> <Delay = 0.00>
ST_1 : Operation 11 [2/2] (0.00ns)   --->   "call fastcc void @layernorm_save_data(i512* %in_V_data_V, i8* %in_V_id_V, i8* %in_V_dest_V, i16* %in_V_user_V, i1* %in_V_last_V)" [src/modules.hpp:2665]   --->   Operation 11 'call' <Predicate = true> <Delay = 0.00> <CoreType = "Generic">   --->   Core 0 '' <Latency = 0> <II = 1> <Delay = 1.00> <Generic> <Opcode : >

State 2 <SV = 1> <Delay = 0.00>
ST_2 : Operation 12 [1/2] (0.00ns)   --->   "call fastcc void @layernorm_save_data(i512* %in_V_data_V, i8* %in_V_id_V, i8* %in_V_dest_V, i16* %in_V_user_V, i1* %in_V_last_V)" [src/modules.hpp:2665]   --->   Operation 12 'call' <Predicate = true> <Delay = 0.00> <CoreType = "Generic">   --->   Core 0 '' <Latency = 0> <II = 1> <Delay = 1.00> <Generic> <Opcode : >

State 3 <SV = 2> <Delay = 0.00>
ST_3 : Operation 13 [2/2] (0.00ns)   --->   "call fastcc void @layernorm_compute_va()" [src/modules.hpp:2668]   --->   Operation 13 'call' <Predicate = true> <Delay = 0.00> <CoreType = "Generic">   --->   Core 0 '' <Latency = 0> <II = 1> <Delay = 1.00> <Generic> <Opcode : >

State 4 <SV = 3> <Delay = 0.00>
ST_4 : Operation 14 [1/2] (0.00ns)   --->   "call fastcc void @layernorm_compute_va()" [src/modules.hpp:2668]   --->   Operation 14 'call' <Predicate = true> <Delay = 0.00> <CoreType = "Generic">   --->   Core 0 '' <Latency = 0> <II = 1> <Delay = 1.00> <Generic> <Opcode : >

State 5 <SV = 4> <Delay = 0.00>
ST_5 : Operation 15 [2/2] (0.00ns)   --->   "call fastcc void @layernorm_sqrt_alg_b() nounwind uwtable" [src/modules.hpp:2671]   --->   Operation 15 'call' <Predicate = true> <Delay = 0.00> <CoreType = "Generic">   --->   Core 0 '' <Latency = 0> <II = 1> <Delay = 1.00> <Generic> <Opcode : >

State 6 <SV = 5> <Delay = 0.00>
ST_6 : Operation 16 [1/2] (0.00ns)   --->   "call fastcc void @layernorm_sqrt_alg_b() nounwind uwtable" [src/modules.hpp:2671]   --->   Operation 16 'call' <Predicate = true> <Delay = 0.00> <CoreType = "Generic">   --->   Core 0 '' <Latency = 0> <II = 1> <Delay = 1.00> <Generic> <Opcode : >

State 7 <SV = 6> <Delay = 0.00>
ST_7 : Operation 17 [2/2] (0.00ns)   --->   "call fastcc void @layernorm_compute_y()" [src/modules.hpp:2674]   --->   Operation 17 'call' <Predicate = true> <Delay = 0.00> <CoreType = "Generic">   --->   Core 0 '' <Latency = 0> <II = 1> <Delay = 1.00> <Generic> <Opcode : >

State 8 <SV = 7> <Delay = 0.00>
ST_8 : Operation 18 [1/2] (0.00ns)   --->   "call fastcc void @layernorm_compute_y()" [src/modules.hpp:2674]   --->   Operation 18 'call' <Predicate = true> <Delay = 0.00> <CoreType = "Generic">   --->   Core 0 '' <Latency = 0> <II = 1> <Delay = 1.00> <Generic> <Opcode : >

State 9 <SV = 8> <Delay = 0.00>
ST_9 : Operation 19 [2/2] (0.00ns)   --->   "call fastcc void @layernorm_write(i512* %out_V_data_V, i8* %out_V_id_V, i8* %out_V_dest_V, i16* %out_V_user_V, i1* %out_V_last_V)" [src/modules.hpp:2677]   --->   Operation 19 'call' <Predicate = true> <Delay = 0.00> <CoreType = "Generic">   --->   Core 0 '' <Latency = 0> <II = 1> <Delay = 1.00> <Generic> <Opcode : >

State 10 <SV = 9> <Delay = 0.00>
ST_10 : Operation 20 [1/1] (0.00ns)   --->   "call void (...)* @_ssdm_op_SpecInterface(i32* @n_pipe4_V_V, [8 x i8]* @ap_fifo_str, i32 0, i32 0, [1 x i8]* @p_str389, i32 0, i32 0, [1 x i8]* @p_str390, [1 x i8]* @p_str391, [1 x i8]* @p_str392, i32 2, i32 2, i32 16, i32 16, [1 x i8]* @p_str393, [1 x i8]* @p_str394)"   --->   Operation 20 'specinterface' <Predicate = true> <Delay = 0.00>
ST_10 : Operation 21 [1/1] (0.00ns)   --->   "call void (...)* @_ssdm_op_SpecInterface(i32* @n_pipe3_V_V, [8 x i8]* @ap_fifo_str, i32 0, i32 0, [1 x i8]* @p_str396, i32 0, i32 0, [1 x i8]* @p_str397, [1 x i8]* @p_str398, [1 x i8]* @p_str399, i32 2, i32 2, i32 16, i32 16, [1 x i8]* @p_str400, [1 x i8]* @p_str401)"   --->   Operation 21 'specinterface' <Predicate = true> <Delay = 0.00>
ST_10 : Operation 22 [1/1] (0.00ns)   --->   "call void (...)* @_ssdm_op_SpecInterface(i32* @n_pipe2_V_V, [8 x i8]* @ap_fifo_str, i32 0, i32 0, [1 x i8]* @p_str403, i32 0, i32 0, [1 x i8]* @p_str404, [1 x i8]* @p_str405, [1 x i8]* @p_str406, i32 2, i32 2, i32 16, i32 16, [1 x i8]* @p_str407, [1 x i8]* @p_str408)"   --->   Operation 22 'specinterface' <Predicate = true> <Delay = 0.00>
ST_10 : Operation 23 [1/1] (0.00ns)   --->   "call void (...)* @_ssdm_op_SpecInterface(i32* @n_pipe1_V_V, [8 x i8]* @ap_fifo_str, i32 0, i32 0, [1 x i8]* @p_str410, i32 0, i32 0, [1 x i8]* @p_str411, [1 x i8]* @p_str412, [1 x i8]* @p_str413, i32 2, i32 2, i32 16, i32 16, [1 x i8]* @p_str414, [1 x i8]* @p_str415)"   --->   Operation 23 'specinterface' <Predicate = true> <Delay = 0.00>
ST_10 : Operation 24 [1/1] (0.00ns)   --->   "call void (...)* @_ssdm_op_SpecInterface(i32* @mean_pipe2_V_V, [8 x i8]* @ap_fifo_str, i32 0, i32 0, [1 x i8]* @p_str417, i32 0, i32 0, [1 x i8]* @p_str418, [1 x i8]* @p_str419, [1 x i8]* @p_str420, i32 2, i32 2, i32 16, i32 16, [1 x i8]* @p_str421, [1 x i8]* @p_str422)"   --->   Operation 24 'specinterface' <Predicate = true> <Delay = 0.00>
ST_10 : Operation 25 [1/1] (0.00ns)   --->   "call void (...)* @_ssdm_op_SpecInterface(i32* @mean_pipe1_V_V, [8 x i8]* @ap_fifo_str, i32 0, i32 0, [1 x i8]* @p_str424, i32 0, i32 0, [1 x i8]* @p_str425, [1 x i8]* @p_str426, [1 x i8]* @p_str427, i32 2, i32 2, i32 16, i32 16, [1 x i8]* @p_str428, [1 x i8]* @p_str429)"   --->   Operation 25 'specinterface' <Predicate = true> <Delay = 0.00>
ST_10 : Operation 26 [1/1] (0.00ns)   --->   "call void (...)* @_ssdm_op_SpecInterface(i32* @in_write_V_V_9, [8 x i8]* @ap_fifo_str, i32 0, i32 0, [1 x i8]* @p_str431, i32 0, i32 0, [1 x i8]* @p_str432, [1 x i8]* @p_str433, [1 x i8]* @p_str434, i32 2, i32 2, i32 16, i32 16, [1 x i8]* @p_str435, [1 x i8]* @p_str436)"   --->   Operation 26 'specinterface' <Predicate = true> <Delay = 0.00>
ST_10 : Operation 27 [1/1] (0.00ns)   --->   "call void (...)* @_ssdm_op_SpecInterface(i32* @in_write_V_V_8, [8 x i8]* @ap_fifo_str, i32 0, i32 0, [1 x i8]* @p_str438, i32 0, i32 0, [1 x i8]* @p_str439, [1 x i8]* @p_str440, [1 x i8]* @p_str441, i32 2, i32 2, i32 16, i32 16, [1 x i8]* @p_str442, [1 x i8]* @p_str443)"   --->   Operation 27 'specinterface' <Predicate = true> <Delay = 0.00>
ST_10 : Operation 28 [1/1] (0.00ns)   --->   "call void (...)* @_ssdm_op_SpecInterface(i32* @in_write_V_V_7, [8 x i8]* @ap_fifo_str, i32 0, i32 0, [1 x i8]* @p_str445, i32 0, i32 0, [1 x i8]* @p_str446, [1 x i8]* @p_str447, [1 x i8]* @p_str448, i32 2, i32 2, i32 16, i32 16, [1 x i8]* @p_str449, [1 x i8]* @p_str450)"   --->   Operation 28 'specinterface' <Predicate = true> <Delay = 0.00>
ST_10 : Operation 29 [1/1] (0.00ns)   --->   "call void (...)* @_ssdm_op_SpecInterface(i32* @in_write_V_V_6, [8 x i8]* @ap_fifo_str, i32 0, i32 0, [1 x i8]* @p_str452, i32 0, i32 0, [1 x i8]* @p_str453, [1 x i8]* @p_str454, [1 x i8]* @p_str455, i32 2, i32 2, i32 16, i32 16, [1 x i8]* @p_str456, [1 x i8]* @p_str457)"   --->   Operation 29 'specinterface' <Predicate = true> <Delay = 0.00>
ST_10 : Operation 30 [1/1] (0.00ns)   --->   "call void (...)* @_ssdm_op_SpecInterface(i32* @in_write_V_V_5, [8 x i8]* @ap_fifo_str, i32 0, i32 0, [1 x i8]* @p_str459, i32 0, i32 0, [1 x i8]* @p_str460, [1 x i8]* @p_str461, [1 x i8]* @p_str462, i32 2, i32 2, i32 16, i32 16, [1 x i8]* @p_str463, [1 x i8]* @p_str464)"   --->   Operation 30 'specinterface' <Predicate = true> <Delay = 0.00>
ST_10 : Operation 31 [1/1] (0.00ns)   --->   "call void (...)* @_ssdm_op_SpecInterface(i32* @in_write_V_V_4, [8 x i8]* @ap_fifo_str, i32 0, i32 0, [1 x i8]* @p_str466, i32 0, i32 0, [1 x i8]* @p_str467, [1 x i8]* @p_str468, [1 x i8]* @p_str469, i32 2, i32 2, i32 16, i32 16, [1 x i8]* @p_str470, [1 x i8]* @p_str471)"   --->   Operation 31 'specinterface' <Predicate = true> <Delay = 0.00>
ST_10 : Operation 32 [1/1] (0.00ns)   --->   "call void (...)* @_ssdm_op_SpecInterface(i32* @in_write_V_V_3, [8 x i8]* @ap_fifo_str, i32 0, i32 0, [1 x i8]* @p_str473, i32 0, i32 0, [1 x i8]* @p_str474, [1 x i8]* @p_str475, [1 x i8]* @p_str476, i32 2, i32 2, i32 16, i32 16, [1 x i8]* @p_str477, [1 x i8]* @p_str478)"   --->   Operation 32 'specinterface' <Predicate = true> <Delay = 0.00>
ST_10 : Operation 33 [1/1] (0.00ns)   --->   "call void (...)* @_ssdm_op_SpecInterface(i32* @in_write_V_V_2, [8 x i8]* @ap_fifo_str, i32 0, i32 0, [1 x i8]* @p_str480, i32 0, i32 0, [1 x i8]* @p_str481, [1 x i8]* @p_str482, [1 x i8]* @p_str483, i32 2, i32 2, i32 16, i32 16, [1 x i8]* @p_str484, [1 x i8]* @p_str485)"   --->   Operation 33 'specinterface' <Predicate = true> <Delay = 0.00>
ST_10 : Operation 34 [1/1] (0.00ns)   --->   "call void (...)* @_ssdm_op_SpecInterface(i32* @in_write_V_V_15, [8 x i8]* @ap_fifo_str, i32 0, i32 0, [1 x i8]* @p_str487, i32 0, i32 0, [1 x i8]* @p_str488, [1 x i8]* @p_str489, [1 x i8]* @p_str490, i32 2, i32 2, i32 16, i32 16, [1 x i8]* @p_str491, [1 x i8]* @p_str492)"   --->   Operation 34 'specinterface' <Predicate = true> <Delay = 0.00>
ST_10 : Operation 35 [1/1] (0.00ns)   --->   "call void (...)* @_ssdm_op_SpecInterface(i32* @in_write_V_V_14, [8 x i8]* @ap_fifo_str, i32 0, i32 0, [1 x i8]* @p_str494, i32 0, i32 0, [1 x i8]* @p_str495, [1 x i8]* @p_str496, [1 x i8]* @p_str497, i32 2, i32 2, i32 16, i32 16, [1 x i8]* @p_str498, [1 x i8]* @p_str499)"   --->   Operation 35 'specinterface' <Predicate = true> <Delay = 0.00>
ST_10 : Operation 36 [1/1] (0.00ns)   --->   "call void (...)* @_ssdm_op_SpecInterface(i32* @in_write_V_V_13, [8 x i8]* @ap_fifo_str, i32 0, i32 0, [1 x i8]* @p_str501, i32 0, i32 0, [1 x i8]* @p_str502, [1 x i8]* @p_str503, [1 x i8]* @p_str504, i32 2, i32 2, i32 16, i32 16, [1 x i8]* @p_str505, [1 x i8]* @p_str506)"   --->   Operation 36 'specinterface' <Predicate = true> <Delay = 0.00>
ST_10 : Operation 37 [1/1] (0.00ns)   --->   "call void (...)* @_ssdm_op_SpecInterface(i32* @in_write_V_V_12, [8 x i8]* @ap_fifo_str, i32 0, i32 0, [1 x i8]* @p_str508, i32 0, i32 0, [1 x i8]* @p_str509, [1 x i8]* @p_str510, [1 x i8]* @p_str511, i32 2, i32 2, i32 16, i32 16, [1 x i8]* @p_str512, [1 x i8]* @p_str513)"   --->   Operation 37 'specinterface' <Predicate = true> <Delay = 0.00>
ST_10 : Operation 38 [1/1] (0.00ns)   --->   "call void (...)* @_ssdm_op_SpecInterface(i32* @in_write_V_V_11, [8 x i8]* @ap_fifo_str, i32 0, i32 0, [1 x i8]* @p_str515, i32 0, i32 0, [1 x i8]* @p_str516, [1 x i8]* @p_str517, [1 x i8]* @p_str518, i32 2, i32 2, i32 16, i32 16, [1 x i8]* @p_str519, [1 x i8]* @p_str520)"   --->   Operation 38 'specinterface' <Predicate = true> <Delay = 0.00>
ST_10 : Operation 39 [1/1] (0.00ns)   --->   "call void (...)* @_ssdm_op_SpecInterface(i32* @in_write_V_V_10, [8 x i8]* @ap_fifo_str, i32 0, i32 0, [1 x i8]* @p_str522, i32 0, i32 0, [1 x i8]* @p_str523, [1 x i8]* @p_str524, [1 x i8]* @p_str525, i32 2, i32 2, i32 16, i32 16, [1 x i8]* @p_str526, [1 x i8]* @p_str527)"   --->   Operation 39 'specinterface' <Predicate = true> <Delay = 0.00>
ST_10 : Operation 40 [1/1] (0.00ns)   --->   "call void (...)* @_ssdm_op_SpecInterface(i32* @in_write_V_V_1, [8 x i8]* @ap_fifo_str, i32 0, i32 0, [1 x i8]* @p_str529, i32 0, i32 0, [1 x i8]* @p_str530, [1 x i8]* @p_str531, [1 x i8]* @p_str532, i32 2, i32 2, i32 16, i32 16, [1 x i8]* @p_str533, [1 x i8]* @p_str534)"   --->   Operation 40 'specinterface' <Predicate = true> <Delay = 0.00>
ST_10 : Operation 41 [1/1] (0.00ns)   --->   "call void (...)* @_ssdm_op_SpecInterface(i32* @in_write_V_V_0, [8 x i8]* @ap_fifo_str, i32 0, i32 0, [1 x i8]* @p_str536, i32 0, i32 0, [1 x i8]* @p_str537, [1 x i8]* @p_str538, [1 x i8]* @p_str539, i32 2, i32 2, i32 16, i32 16, [1 x i8]* @p_str540, [1 x i8]* @p_str541)"   --->   Operation 41 'specinterface' <Predicate = true> <Delay = 0.00>
ST_10 : Operation 42 [1/1] (0.00ns)   --->   "call void (...)* @_ssdm_op_SpecInterface(i32* @in_sqrt_V_V, [8 x i8]* @ap_fifo_str, i32 0, i32 0, [1 x i8]* @p_str543, i32 0, i32 0, [1 x i8]* @p_str544, [1 x i8]* @p_str545, [1 x i8]* @p_str546, i32 2, i32 2, i32 16, i32 16, [1 x i8]* @p_str547, [1 x i8]* @p_str548)"   --->   Operation 42 'specinterface' <Predicate = true> <Delay = 0.00>
ST_10 : Operation 43 [1/1] (0.00ns)   --->   "call void (...)* @_ssdm_op_SpecInterface(i32* @in_compute_y_factor_s_0, [8 x i8]* @ap_fifo_str, i32 0, i32 0, [1 x i8]* @p_str550, i32 0, i32 0, [1 x i8]* @p_str551, [1 x i8]* @p_str552, [1 x i8]* @p_str553, i32 2, i32 2, i32 16, i32 16, [1 x i8]* @p_str554, [1 x i8]* @p_str555)"   --->   Operation 43 'specinterface' <Predicate = true> <Delay = 0.00>
ST_10 : Operation 44 [1/1] (0.00ns)   --->   "call void (...)* @_ssdm_op_SpecInterface(i32* @in_compute_y_V_V_9, [8 x i8]* @ap_fifo_str, i32 0, i32 0, [1 x i8]* @p_str557, i32 0, i32 0, [1 x i8]* @p_str558, [1 x i8]* @p_str559, [1 x i8]* @p_str560, i32 2, i32 2, i32 16, i32 16, [1 x i8]* @p_str561, [1 x i8]* @p_str562)"   --->   Operation 44 'specinterface' <Predicate = true> <Delay = 0.00>
ST_10 : Operation 45 [1/1] (0.00ns)   --->   "call void (...)* @_ssdm_op_SpecInterface(i32* @in_compute_y_V_V_8, [8 x i8]* @ap_fifo_str, i32 0, i32 0, [1 x i8]* @p_str564, i32 0, i32 0, [1 x i8]* @p_str565, [1 x i8]* @p_str566, [1 x i8]* @p_str567, i32 2, i32 2, i32 16, i32 16, [1 x i8]* @p_str568, [1 x i8]* @p_str569)"   --->   Operation 45 'specinterface' <Predicate = true> <Delay = 0.00>
ST_10 : Operation 46 [1/1] (0.00ns)   --->   "call void (...)* @_ssdm_op_SpecInterface(i32* @in_compute_y_V_V_7, [8 x i8]* @ap_fifo_str, i32 0, i32 0, [1 x i8]* @p_str571, i32 0, i32 0, [1 x i8]* @p_str572, [1 x i8]* @p_str573, [1 x i8]* @p_str574, i32 2, i32 2, i32 16, i32 16, [1 x i8]* @p_str575, [1 x i8]* @p_str576)"   --->   Operation 46 'specinterface' <Predicate = true> <Delay = 0.00>
ST_10 : Operation 47 [1/1] (0.00ns)   --->   "call void (...)* @_ssdm_op_SpecInterface(i32* @in_compute_y_V_V_6, [8 x i8]* @ap_fifo_str, i32 0, i32 0, [1 x i8]* @p_str578, i32 0, i32 0, [1 x i8]* @p_str579, [1 x i8]* @p_str580, [1 x i8]* @p_str581, i32 2, i32 2, i32 16, i32 16, [1 x i8]* @p_str582, [1 x i8]* @p_str583)"   --->   Operation 47 'specinterface' <Predicate = true> <Delay = 0.00>
ST_10 : Operation 48 [1/1] (0.00ns)   --->   "call void (...)* @_ssdm_op_SpecInterface(i32* @in_compute_y_V_V_5, [8 x i8]* @ap_fifo_str, i32 0, i32 0, [1 x i8]* @p_str585, i32 0, i32 0, [1 x i8]* @p_str586, [1 x i8]* @p_str587, [1 x i8]* @p_str588, i32 2, i32 2, i32 16, i32 16, [1 x i8]* @p_str589, [1 x i8]* @p_str590)"   --->   Operation 48 'specinterface' <Predicate = true> <Delay = 0.00>
ST_10 : Operation 49 [1/1] (0.00ns)   --->   "call void (...)* @_ssdm_op_SpecInterface(i32* @in_compute_y_V_V_4, [8 x i8]* @ap_fifo_str, i32 0, i32 0, [1 x i8]* @p_str592, i32 0, i32 0, [1 x i8]* @p_str593, [1 x i8]* @p_str594, [1 x i8]* @p_str595, i32 2, i32 2, i32 16, i32 16, [1 x i8]* @p_str596, [1 x i8]* @p_str597)"   --->   Operation 49 'specinterface' <Predicate = true> <Delay = 0.00>
ST_10 : Operation 50 [1/1] (0.00ns)   --->   "call void (...)* @_ssdm_op_SpecInterface(i32* @in_compute_y_V_V_3, [8 x i8]* @ap_fifo_str, i32 0, i32 0, [1 x i8]* @p_str599, i32 0, i32 0, [1 x i8]* @p_str600, [1 x i8]* @p_str601, [1 x i8]* @p_str602, i32 2, i32 2, i32 16, i32 16, [1 x i8]* @p_str603, [1 x i8]* @p_str604)"   --->   Operation 50 'specinterface' <Predicate = true> <Delay = 0.00>
ST_10 : Operation 51 [1/1] (0.00ns)   --->   "call void (...)* @_ssdm_op_SpecInterface(i32* @in_compute_y_V_V_2, [8 x i8]* @ap_fifo_str, i32 0, i32 0, [1 x i8]* @p_str606, i32 0, i32 0, [1 x i8]* @p_str607, [1 x i8]* @p_str608, [1 x i8]* @p_str609, i32 2, i32 2, i32 16, i32 16, [1 x i8]* @p_str610, [1 x i8]* @p_str611)"   --->   Operation 51 'specinterface' <Predicate = true> <Delay = 0.00>
ST_10 : Operation 52 [1/1] (0.00ns)   --->   "call void (...)* @_ssdm_op_SpecInterface(i32* @in_compute_y_V_V_15, [8 x i8]* @ap_fifo_str, i32 0, i32 0, [1 x i8]* @p_str613, i32 0, i32 0, [1 x i8]* @p_str614, [1 x i8]* @p_str615, [1 x i8]* @p_str616, i32 2, i32 2, i32 16, i32 16, [1 x i8]* @p_str617, [1 x i8]* @p_str618)"   --->   Operation 52 'specinterface' <Predicate = true> <Delay = 0.00>
ST_10 : Operation 53 [1/1] (0.00ns)   --->   "call void (...)* @_ssdm_op_SpecInterface(i32* @in_compute_y_V_V_14, [8 x i8]* @ap_fifo_str, i32 0, i32 0, [1 x i8]* @p_str620, i32 0, i32 0, [1 x i8]* @p_str621, [1 x i8]* @p_str622, [1 x i8]* @p_str623, i32 2, i32 2, i32 16, i32 16, [1 x i8]* @p_str624, [1 x i8]* @p_str625)"   --->   Operation 53 'specinterface' <Predicate = true> <Delay = 0.00>
ST_10 : Operation 54 [1/1] (0.00ns)   --->   "call void (...)* @_ssdm_op_SpecInterface(i32* @in_compute_y_V_V_13, [8 x i8]* @ap_fifo_str, i32 0, i32 0, [1 x i8]* @p_str627, i32 0, i32 0, [1 x i8]* @p_str628, [1 x i8]* @p_str629, [1 x i8]* @p_str630, i32 2, i32 2, i32 16, i32 16, [1 x i8]* @p_str631, [1 x i8]* @p_str632)"   --->   Operation 54 'specinterface' <Predicate = true> <Delay = 0.00>
ST_10 : Operation 55 [1/1] (0.00ns)   --->   "call void (...)* @_ssdm_op_SpecInterface(i32* @in_compute_y_V_V_12, [8 x i8]* @ap_fifo_str, i32 0, i32 0, [1 x i8]* @p_str634, i32 0, i32 0, [1 x i8]* @p_str635, [1 x i8]* @p_str636, [1 x i8]* @p_str637, i32 2, i32 2, i32 16, i32 16, [1 x i8]* @p_str638, [1 x i8]* @p_str639)"   --->   Operation 55 'specinterface' <Predicate = true> <Delay = 0.00>
ST_10 : Operation 56 [1/1] (0.00ns)   --->   "call void (...)* @_ssdm_op_SpecInterface(i32* @in_compute_y_V_V_11, [8 x i8]* @ap_fifo_str, i32 0, i32 0, [1 x i8]* @p_str641, i32 0, i32 0, [1 x i8]* @p_str642, [1 x i8]* @p_str643, [1 x i8]* @p_str644, i32 2, i32 2, i32 16, i32 16, [1 x i8]* @p_str645, [1 x i8]* @p_str646)"   --->   Operation 56 'specinterface' <Predicate = true> <Delay = 0.00>
ST_10 : Operation 57 [1/1] (0.00ns)   --->   "call void (...)* @_ssdm_op_SpecInterface(i32* @in_compute_y_V_V_10, [8 x i8]* @ap_fifo_str, i32 0, i32 0, [1 x i8]* @p_str648, i32 0, i32 0, [1 x i8]* @p_str649, [1 x i8]* @p_str650, [1 x i8]* @p_str651, i32 2, i32 2, i32 16, i32 16, [1 x i8]* @p_str652, [1 x i8]* @p_str653)"   --->   Operation 57 'specinterface' <Predicate = true> <Delay = 0.00>
ST_10 : Operation 58 [1/1] (0.00ns)   --->   "call void (...)* @_ssdm_op_SpecInterface(i32* @in_compute_y_V_V_1, [8 x i8]* @ap_fifo_str, i32 0, i32 0, [1 x i8]* @p_str655, i32 0, i32 0, [1 x i8]* @p_str656, [1 x i8]* @p_str657, [1 x i8]* @p_str658, i32 2, i32 2, i32 16, i32 16, [1 x i8]* @p_str659, [1 x i8]* @p_str660)"   --->   Operation 58 'specinterface' <Predicate = true> <Delay = 0.00>
ST_10 : Operation 59 [1/1] (0.00ns)   --->   "call void (...)* @_ssdm_op_SpecInterface(i32* @in_compute_y_V_V_0, [8 x i8]* @ap_fifo_str, i32 0, i32 0, [1 x i8]* @p_str662, i32 0, i32 0, [1 x i8]* @p_str663, [1 x i8]* @p_str664, [1 x i8]* @p_str665, i32 2, i32 2, i32 16, i32 16, [1 x i8]* @p_str666, [1 x i8]* @p_str667)"   --->   Operation 59 'specinterface' <Predicate = true> <Delay = 0.00>
ST_10 : Operation 60 [1/1] (0.00ns)   --->   "call void (...)* @_ssdm_op_SpecInterface(i32* @in_compute_V_V_9, [8 x i8]* @ap_fifo_str, i32 0, i32 0, [1 x i8]* @p_str669, i32 0, i32 0, [1 x i8]* @p_str670, [1 x i8]* @p_str671, [1 x i8]* @p_str672, i32 2, i32 2, i32 16, i32 16, [1 x i8]* @p_str673, [1 x i8]* @p_str674)"   --->   Operation 60 'specinterface' <Predicate = true> <Delay = 0.00>
ST_10 : Operation 61 [1/1] (0.00ns)   --->   "call void (...)* @_ssdm_op_SpecInterface(i32* @in_compute_V_V_8, [8 x i8]* @ap_fifo_str, i32 0, i32 0, [1 x i8]* @p_str676, i32 0, i32 0, [1 x i8]* @p_str677, [1 x i8]* @p_str678, [1 x i8]* @p_str679, i32 2, i32 2, i32 16, i32 16, [1 x i8]* @p_str680, [1 x i8]* @p_str681)"   --->   Operation 61 'specinterface' <Predicate = true> <Delay = 0.00>
ST_10 : Operation 62 [1/1] (0.00ns)   --->   "call void (...)* @_ssdm_op_SpecInterface(i32* @in_compute_V_V_7, [8 x i8]* @ap_fifo_str, i32 0, i32 0, [1 x i8]* @p_str683, i32 0, i32 0, [1 x i8]* @p_str684, [1 x i8]* @p_str685, [1 x i8]* @p_str686, i32 2, i32 2, i32 16, i32 16, [1 x i8]* @p_str687, [1 x i8]* @p_str688)"   --->   Operation 62 'specinterface' <Predicate = true> <Delay = 0.00>
ST_10 : Operation 63 [1/1] (0.00ns)   --->   "call void (...)* @_ssdm_op_SpecInterface(i32* @in_compute_V_V_6, [8 x i8]* @ap_fifo_str, i32 0, i32 0, [1 x i8]* @p_str690, i32 0, i32 0, [1 x i8]* @p_str691, [1 x i8]* @p_str692, [1 x i8]* @p_str693, i32 2, i32 2, i32 16, i32 16, [1 x i8]* @p_str694, [1 x i8]* @p_str695)"   --->   Operation 63 'specinterface' <Predicate = true> <Delay = 0.00>
ST_10 : Operation 64 [1/1] (0.00ns)   --->   "call void (...)* @_ssdm_op_SpecInterface(i32* @in_compute_V_V_5, [8 x i8]* @ap_fifo_str, i32 0, i32 0, [1 x i8]* @p_str697, i32 0, i32 0, [1 x i8]* @p_str698, [1 x i8]* @p_str699, [1 x i8]* @p_str700, i32 2, i32 2, i32 16, i32 16, [1 x i8]* @p_str701, [1 x i8]* @p_str702)"   --->   Operation 64 'specinterface' <Predicate = true> <Delay = 0.00>
ST_10 : Operation 65 [1/1] (0.00ns)   --->   "call void (...)* @_ssdm_op_SpecInterface(i32* @in_compute_V_V_4, [8 x i8]* @ap_fifo_str, i32 0, i32 0, [1 x i8]* @p_str704, i32 0, i32 0, [1 x i8]* @p_str705, [1 x i8]* @p_str706, [1 x i8]* @p_str707, i32 2, i32 2, i32 16, i32 16, [1 x i8]* @p_str708, [1 x i8]* @p_str709)"   --->   Operation 65 'specinterface' <Predicate = true> <Delay = 0.00>
ST_10 : Operation 66 [1/1] (0.00ns)   --->   "call void (...)* @_ssdm_op_SpecInterface(i32* @in_compute_V_V_3, [8 x i8]* @ap_fifo_str, i32 0, i32 0, [1 x i8]* @p_str711, i32 0, i32 0, [1 x i8]* @p_str712, [1 x i8]* @p_str713, [1 x i8]* @p_str714, i32 2, i32 2, i32 16, i32 16, [1 x i8]* @p_str715, [1 x i8]* @p_str716)"   --->   Operation 66 'specinterface' <Predicate = true> <Delay = 0.00>
ST_10 : Operation 67 [1/1] (0.00ns)   --->   "call void (...)* @_ssdm_op_SpecInterface(i32* @in_compute_V_V_2, [8 x i8]* @ap_fifo_str, i32 0, i32 0, [1 x i8]* @p_str718, i32 0, i32 0, [1 x i8]* @p_str719, [1 x i8]* @p_str720, [1 x i8]* @p_str721, i32 2, i32 2, i32 16, i32 16, [1 x i8]* @p_str722, [1 x i8]* @p_str723)"   --->   Operation 67 'specinterface' <Predicate = true> <Delay = 0.00>
ST_10 : Operation 68 [1/1] (0.00ns)   --->   "call void (...)* @_ssdm_op_SpecInterface(i32* @in_compute_V_V_15, [8 x i8]* @ap_fifo_str, i32 0, i32 0, [1 x i8]* @p_str725, i32 0, i32 0, [1 x i8]* @p_str726, [1 x i8]* @p_str727, [1 x i8]* @p_str728, i32 2, i32 2, i32 16, i32 16, [1 x i8]* @p_str729, [1 x i8]* @p_str730)"   --->   Operation 68 'specinterface' <Predicate = true> <Delay = 0.00>
ST_10 : Operation 69 [1/1] (0.00ns)   --->   "call void (...)* @_ssdm_op_SpecInterface(i32* @in_compute_V_V_14, [8 x i8]* @ap_fifo_str, i32 0, i32 0, [1 x i8]* @p_str732, i32 0, i32 0, [1 x i8]* @p_str733, [1 x i8]* @p_str734, [1 x i8]* @p_str735, i32 2, i32 2, i32 16, i32 16, [1 x i8]* @p_str736, [1 x i8]* @p_str737)"   --->   Operation 69 'specinterface' <Predicate = true> <Delay = 0.00>
ST_10 : Operation 70 [1/1] (0.00ns)   --->   "call void (...)* @_ssdm_op_SpecInterface(i32* @in_compute_V_V_13, [8 x i8]* @ap_fifo_str, i32 0, i32 0, [1 x i8]* @p_str739, i32 0, i32 0, [1 x i8]* @p_str740, [1 x i8]* @p_str741, [1 x i8]* @p_str742, i32 2, i32 2, i32 16, i32 16, [1 x i8]* @p_str743, [1 x i8]* @p_str744)"   --->   Operation 70 'specinterface' <Predicate = true> <Delay = 0.00>
ST_10 : Operation 71 [1/1] (0.00ns)   --->   "call void (...)* @_ssdm_op_SpecInterface(i32* @in_compute_V_V_12, [8 x i8]* @ap_fifo_str, i32 0, i32 0, [1 x i8]* @p_str746, i32 0, i32 0, [1 x i8]* @p_str747, [1 x i8]* @p_str748, [1 x i8]* @p_str749, i32 2, i32 2, i32 16, i32 16, [1 x i8]* @p_str750, [1 x i8]* @p_str751)"   --->   Operation 71 'specinterface' <Predicate = true> <Delay = 0.00>
ST_10 : Operation 72 [1/1] (0.00ns)   --->   "call void (...)* @_ssdm_op_SpecInterface(i32* @in_compute_V_V_11, [8 x i8]* @ap_fifo_str, i32 0, i32 0, [1 x i8]* @p_str753, i32 0, i32 0, [1 x i8]* @p_str754, [1 x i8]* @p_str755, [1 x i8]* @p_str756, i32 2, i32 2, i32 16, i32 16, [1 x i8]* @p_str757, [1 x i8]* @p_str758)"   --->   Operation 72 'specinterface' <Predicate = true> <Delay = 0.00>
ST_10 : Operation 73 [1/1] (0.00ns)   --->   "call void (...)* @_ssdm_op_SpecInterface(i32* @in_compute_V_V_10, [8 x i8]* @ap_fifo_str, i32 0, i32 0, [1 x i8]* @p_str760, i32 0, i32 0, [1 x i8]* @p_str761, [1 x i8]* @p_str762, [1 x i8]* @p_str763, i32 2, i32 2, i32 16, i32 16, [1 x i8]* @p_str764, [1 x i8]* @p_str765)"   --->   Operation 73 'specinterface' <Predicate = true> <Delay = 0.00>
ST_10 : Operation 74 [1/1] (0.00ns)   --->   "call void (...)* @_ssdm_op_SpecInterface(i32* @in_compute_V_V_1, [8 x i8]* @ap_fifo_str, i32 0, i32 0, [1 x i8]* @p_str767, i32 0, i32 0, [1 x i8]* @p_str768, [1 x i8]* @p_str769, [1 x i8]* @p_str770, i32 2, i32 2, i32 16, i32 16, [1 x i8]* @p_str771, [1 x i8]* @p_str772)"   --->   Operation 74 'specinterface' <Predicate = true> <Delay = 0.00>
ST_10 : Operation 75 [1/1] (0.00ns)   --->   "call void (...)* @_ssdm_op_SpecInterface(i32* @in_compute_V_V_0, [8 x i8]* @ap_fifo_str, i32 0, i32 0, [1 x i8]* @p_str774, i32 0, i32 0, [1 x i8]* @p_str775, [1 x i8]* @p_str776, [1 x i8]* @p_str777, i32 2, i32 2, i32 16, i32 16, [1 x i8]* @p_str778, [1 x i8]* @p_str779)"   --->   Operation 75 'specinterface' <Predicate = true> <Delay = 0.00>
ST_10 : Operation 76 [1/1] (0.00ns)   --->   "call void (...)* @_ssdm_op_SpecInterface(i1* %out_V_last_V, [8 x i8]* @ap_fifo_str, i32 0, i32 0, [1 x i8]* @p_str340, i32 0, i32 0, [1 x i8]* @p_str341, [1 x i8]* @p_str342, [1 x i8]* @p_str343, i32 2, i32 2, i32 16, i32 16, [1 x i8]* @p_str344, [1 x i8]* @p_str345)"   --->   Operation 76 'specinterface' <Predicate = true> <Delay = 0.00>
ST_10 : Operation 77 [1/1] (0.00ns)   --->   "call void (...)* @_ssdm_op_SpecInterface(i16* %out_V_user_V, [8 x i8]* @ap_fifo_str, i32 0, i32 0, [1 x i8]* @p_str333, i32 0, i32 0, [1 x i8]* @p_str334, [1 x i8]* @p_str335, [1 x i8]* @p_str336, i32 2, i32 2, i32 16, i32 16, [1 x i8]* @p_str337, [1 x i8]* @p_str338)"   --->   Operation 77 'specinterface' <Predicate = true> <Delay = 0.00>
ST_10 : Operation 78 [1/1] (0.00ns)   --->   "call void (...)* @_ssdm_op_SpecInterface(i8* %out_V_dest_V, [8 x i8]* @ap_fifo_str, i32 0, i32 0, [1 x i8]* @p_str326, i32 0, i32 0, [1 x i8]* @p_str327, [1 x i8]* @p_str328, [1 x i8]* @p_str329, i32 2, i32 2, i32 16, i32 16, [1 x i8]* @p_str330, [1 x i8]* @p_str331)"   --->   Operation 78 'specinterface' <Predicate = true> <Delay = 0.00>
ST_10 : Operation 79 [1/1] (0.00ns)   --->   "call void (...)* @_ssdm_op_SpecInterface(i8* %out_V_id_V, [8 x i8]* @ap_fifo_str, i32 0, i32 0, [1 x i8]* @p_str319, i32 0, i32 0, [1 x i8]* @p_str320, [1 x i8]* @p_str321, [1 x i8]* @p_str322, i32 2, i32 2, i32 16, i32 16, [1 x i8]* @p_str323, [1 x i8]* @p_str324)"   --->   Operation 79 'specinterface' <Predicate = true> <Delay = 0.00>
ST_10 : Operation 80 [1/1] (0.00ns)   --->   "call void (...)* @_ssdm_op_SpecInterface(i512* %out_V_data_V, [8 x i8]* @ap_fifo_str, i32 0, i32 0, [1 x i8]* @p_str312, i32 0, i32 0, [1 x i8]* @p_str313, [1 x i8]* @p_str314, [1 x i8]* @p_str315, i32 2, i32 2, i32 16, i32 16, [1 x i8]* @p_str316, [1 x i8]* @p_str317)"   --->   Operation 80 'specinterface' <Predicate = true> <Delay = 0.00>
ST_10 : Operation 81 [1/1] (0.00ns)   --->   "call void (...)* @_ssdm_op_SpecInterface(i1* %in_V_last_V, [8 x i8]* @ap_fifo_str, i32 0, i32 0, [1 x i8]* @p_str305, i32 0, i32 0, [1 x i8]* @p_str306, [1 x i8]* @p_str307, [1 x i8]* @p_str308, i32 2, i32 2, i32 16, i32 16, [1 x i8]* @p_str309, [1 x i8]* @p_str310)"   --->   Operation 81 'specinterface' <Predicate = true> <Delay = 0.00>
ST_10 : Operation 82 [1/1] (0.00ns)   --->   "call void (...)* @_ssdm_op_SpecInterface(i16* %in_V_user_V, [8 x i8]* @ap_fifo_str, i32 0, i32 0, [1 x i8]* @p_str298, i32 0, i32 0, [1 x i8]* @p_str299, [1 x i8]* @p_str300, [1 x i8]* @p_str301, i32 2, i32 2, i32 16, i32 16, [1 x i8]* @p_str302, [1 x i8]* @p_str303)"   --->   Operation 82 'specinterface' <Predicate = true> <Delay = 0.00>
ST_10 : Operation 83 [1/1] (0.00ns)   --->   "call void (...)* @_ssdm_op_SpecInterface(i8* %in_V_dest_V, [8 x i8]* @ap_fifo_str, i32 0, i32 0, [1 x i8]* @p_str291, i32 0, i32 0, [1 x i8]* @p_str292, [1 x i8]* @p_str293, [1 x i8]* @p_str294, i32 2, i32 2, i32 16, i32 16, [1 x i8]* @p_str295, [1 x i8]* @p_str296)"   --->   Operation 83 'specinterface' <Predicate = true> <Delay = 0.00>
ST_10 : Operation 84 [1/1] (0.00ns)   --->   "call void (...)* @_ssdm_op_SpecInterface(i8* %in_V_id_V, [8 x i8]* @ap_fifo_str, i32 0, i32 0, [1 x i8]* @p_str284, i32 0, i32 0, [1 x i8]* @p_str285, [1 x i8]* @p_str286, [1 x i8]* @p_str287, i32 2, i32 2, i32 16, i32 16, [1 x i8]* @p_str288, [1 x i8]* @p_str289)"   --->   Operation 84 'specinterface' <Predicate = true> <Delay = 0.00>
ST_10 : Operation 85 [1/1] (0.00ns)   --->   "call void (...)* @_ssdm_op_SpecInterface(i512* %in_V_data_V, [8 x i8]* @ap_fifo_str, i32 0, i32 0, [1 x i8]* @p_str277, i32 0, i32 0, [1 x i8]* @p_str278, [1 x i8]* @p_str279, [1 x i8]* @p_str280, i32 2, i32 2, i32 16, i32 16, [1 x i8]* @p_str281, [1 x i8]* @p_str282)"   --->   Operation 85 'specinterface' <Predicate = true> <Delay = 0.00>
ST_10 : Operation 86 [1/1] (0.00ns)   --->   "call void (...)* @_ssdm_op_SpecDataflowPipeline(i32 -1, i32 0, [1 x i8]* @p_str1) nounwind" [src/modules.hpp:2647]   --->   Operation 86 'specdataflowpipeline' <Predicate = true> <Delay = 0.00>
ST_10 : Operation 87 [1/2] (0.00ns)   --->   "call fastcc void @layernorm_write(i512* %out_V_data_V, i8* %out_V_id_V, i8* %out_V_dest_V, i16* %out_V_user_V, i1* %out_V_last_V)" [src/modules.hpp:2677]   --->   Operation 87 'call' <Predicate = true> <Delay = 0.00> <CoreType = "Generic">   --->   Core 0 '' <Latency = 0> <II = 1> <Delay = 1.00> <Generic> <Opcode : >
ST_10 : Operation 88 [1/1] (0.00ns)   --->   "%empty = call i32 (...)* @_ssdm_op_SpecChannel([17 x i8]* @in_compute_OC_V_OC_V_15, i32 1, [1 x i8]* @p_str773, [1 x i8]* @p_str773, i32 145, i32 145, i32* @in_compute_V_V_0, i32* @in_compute_V_V_0)"   --->   Operation 88 'specchannel' 'empty' <Predicate = true> <Delay = 0.00>
ST_10 : Operation 89 [1/1] (0.00ns)   --->   "%empty_304 = call i32 (...)* @_ssdm_op_SpecChannel([17 x i8]* @in_compute_OC_V_OC_V_14, i32 1, [1 x i8]* @p_str766, [1 x i8]* @p_str766, i32 145, i32 145, i32* @in_compute_V_V_1, i32* @in_compute_V_V_1)"   --->   Operation 89 'specchannel' 'empty_304' <Predicate = true> <Delay = 0.00>
ST_10 : Operation 90 [1/1] (0.00ns)   --->   "%empty_305 = call i32 (...)* @_ssdm_op_SpecChannel([18 x i8]* @in_compute_OC_V_OC_V_13, i32 1, [1 x i8]* @p_str759, [1 x i8]* @p_str759, i32 145, i32 145, i32* @in_compute_V_V_10, i32* @in_compute_V_V_10)"   --->   Operation 90 'specchannel' 'empty_305' <Predicate = true> <Delay = 0.00>
ST_10 : Operation 91 [1/1] (0.00ns)   --->   "%empty_306 = call i32 (...)* @_ssdm_op_SpecChannel([18 x i8]* @in_compute_OC_V_OC_V_12, i32 1, [1 x i8]* @p_str752, [1 x i8]* @p_str752, i32 145, i32 145, i32* @in_compute_V_V_11, i32* @in_compute_V_V_11)"   --->   Operation 91 'specchannel' 'empty_306' <Predicate = true> <Delay = 0.00>
ST_10 : Operation 92 [1/1] (0.00ns)   --->   "%empty_307 = call i32 (...)* @_ssdm_op_SpecChannel([18 x i8]* @in_compute_OC_V_OC_V_11, i32 1, [1 x i8]* @p_str745, [1 x i8]* @p_str745, i32 145, i32 145, i32* @in_compute_V_V_12, i32* @in_compute_V_V_12)"   --->   Operation 92 'specchannel' 'empty_307' <Predicate = true> <Delay = 0.00>
ST_10 : Operation 93 [1/1] (0.00ns)   --->   "%empty_308 = call i32 (...)* @_ssdm_op_SpecChannel([18 x i8]* @in_compute_OC_V_OC_V_10, i32 1, [1 x i8]* @p_str738, [1 x i8]* @p_str738, i32 145, i32 145, i32* @in_compute_V_V_13, i32* @in_compute_V_V_13)"   --->   Operation 93 'specchannel' 'empty_308' <Predicate = true> <Delay = 0.00>
ST_10 : Operation 94 [1/1] (0.00ns)   --->   "%empty_309 = call i32 (...)* @_ssdm_op_SpecChannel([18 x i8]* @in_compute_OC_V_OC_V_9, i32 1, [1 x i8]* @p_str731, [1 x i8]* @p_str731, i32 145, i32 145, i32* @in_compute_V_V_14, i32* @in_compute_V_V_14)"   --->   Operation 94 'specchannel' 'empty_309' <Predicate = true> <Delay = 0.00>
ST_10 : Operation 95 [1/1] (0.00ns)   --->   "%empty_310 = call i32 (...)* @_ssdm_op_SpecChannel([18 x i8]* @in_compute_OC_V_OC_V_8, i32 1, [1 x i8]* @p_str724, [1 x i8]* @p_str724, i32 145, i32 145, i32* @in_compute_V_V_15, i32* @in_compute_V_V_15)"   --->   Operation 95 'specchannel' 'empty_310' <Predicate = true> <Delay = 0.00>
ST_10 : Operation 96 [1/1] (0.00ns)   --->   "%empty_311 = call i32 (...)* @_ssdm_op_SpecChannel([17 x i8]* @in_compute_OC_V_OC_V_7, i32 1, [1 x i8]* @p_str717, [1 x i8]* @p_str717, i32 145, i32 145, i32* @in_compute_V_V_2, i32* @in_compute_V_V_2)"   --->   Operation 96 'specchannel' 'empty_311' <Predicate = true> <Delay = 0.00>
ST_10 : Operation 97 [1/1] (0.00ns)   --->   "%empty_312 = call i32 (...)* @_ssdm_op_SpecChannel([17 x i8]* @in_compute_OC_V_OC_V_6, i32 1, [1 x i8]* @p_str710, [1 x i8]* @p_str710, i32 145, i32 145, i32* @in_compute_V_V_3, i32* @in_compute_V_V_3)"   --->   Operation 97 'specchannel' 'empty_312' <Predicate = true> <Delay = 0.00>
ST_10 : Operation 98 [1/1] (0.00ns)   --->   "%empty_313 = call i32 (...)* @_ssdm_op_SpecChannel([17 x i8]* @in_compute_OC_V_OC_V_5, i32 1, [1 x i8]* @p_str703, [1 x i8]* @p_str703, i32 145, i32 145, i32* @in_compute_V_V_4, i32* @in_compute_V_V_4)"   --->   Operation 98 'specchannel' 'empty_313' <Predicate = true> <Delay = 0.00>
ST_10 : Operation 99 [1/1] (0.00ns)   --->   "%empty_314 = call i32 (...)* @_ssdm_op_SpecChannel([17 x i8]* @in_compute_OC_V_OC_V_4, i32 1, [1 x i8]* @p_str696, [1 x i8]* @p_str696, i32 145, i32 145, i32* @in_compute_V_V_5, i32* @in_compute_V_V_5)"   --->   Operation 99 'specchannel' 'empty_314' <Predicate = true> <Delay = 0.00>
ST_10 : Operation 100 [1/1] (0.00ns)   --->   "%empty_315 = call i32 (...)* @_ssdm_op_SpecChannel([17 x i8]* @in_compute_OC_V_OC_V_3, i32 1, [1 x i8]* @p_str689, [1 x i8]* @p_str689, i32 145, i32 145, i32* @in_compute_V_V_6, i32* @in_compute_V_V_6)"   --->   Operation 100 'specchannel' 'empty_315' <Predicate = true> <Delay = 0.00>
ST_10 : Operation 101 [1/1] (0.00ns)   --->   "%empty_316 = call i32 (...)* @_ssdm_op_SpecChannel([17 x i8]* @in_compute_OC_V_OC_V_2, i32 1, [1 x i8]* @p_str682, [1 x i8]* @p_str682, i32 145, i32 145, i32* @in_compute_V_V_7, i32* @in_compute_V_V_7)"   --->   Operation 101 'specchannel' 'empty_316' <Predicate = true> <Delay = 0.00>
ST_10 : Operation 102 [1/1] (0.00ns)   --->   "%empty_317 = call i32 (...)* @_ssdm_op_SpecChannel([17 x i8]* @in_compute_OC_V_OC_V_1, i32 1, [1 x i8]* @p_str675, [1 x i8]* @p_str675, i32 145, i32 145, i32* @in_compute_V_V_8, i32* @in_compute_V_V_8)"   --->   Operation 102 'specchannel' 'empty_317' <Predicate = true> <Delay = 0.00>
ST_10 : Operation 103 [1/1] (0.00ns)   --->   "%empty_318 = call i32 (...)* @_ssdm_op_SpecChannel([17 x i8]* @in_compute_OC_V_OC_V, i32 1, [1 x i8]* @p_str668, [1 x i8]* @p_str668, i32 145, i32 145, i32* @in_compute_V_V_9, i32* @in_compute_V_V_9)"   --->   Operation 103 'specchannel' 'empty_318' <Predicate = true> <Delay = 0.00>
ST_10 : Operation 104 [1/1] (0.00ns)   --->   "%empty_319 = call i32 (...)* @_ssdm_op_SpecChannel([19 x i8]* @in_compute_y_OC_V_OC_15, i32 1, [1 x i8]* @p_str661, [1 x i8]* @p_str661, i32 145, i32 145, i32* @in_compute_y_V_V_0, i32* @in_compute_y_V_V_0)"   --->   Operation 104 'specchannel' 'empty_319' <Predicate = true> <Delay = 0.00>
ST_10 : Operation 105 [1/1] (0.00ns)   --->   "%empty_320 = call i32 (...)* @_ssdm_op_SpecChannel([19 x i8]* @in_compute_y_OC_V_OC_14, i32 1, [1 x i8]* @p_str654, [1 x i8]* @p_str654, i32 145, i32 145, i32* @in_compute_y_V_V_1, i32* @in_compute_y_V_V_1)"   --->   Operation 105 'specchannel' 'empty_320' <Predicate = true> <Delay = 0.00>
ST_10 : Operation 106 [1/1] (0.00ns)   --->   "%empty_321 = call i32 (...)* @_ssdm_op_SpecChannel([20 x i8]* @in_compute_y_OC_V_OC_13, i32 1, [1 x i8]* @p_str647, [1 x i8]* @p_str647, i32 145, i32 145, i32* @in_compute_y_V_V_10, i32* @in_compute_y_V_V_10)"   --->   Operation 106 'specchannel' 'empty_321' <Predicate = true> <Delay = 0.00>
ST_10 : Operation 107 [1/1] (0.00ns)   --->   "%empty_322 = call i32 (...)* @_ssdm_op_SpecChannel([20 x i8]* @in_compute_y_OC_V_OC_12, i32 1, [1 x i8]* @p_str640, [1 x i8]* @p_str640, i32 145, i32 145, i32* @in_compute_y_V_V_11, i32* @in_compute_y_V_V_11)"   --->   Operation 107 'specchannel' 'empty_322' <Predicate = true> <Delay = 0.00>
ST_10 : Operation 108 [1/1] (0.00ns)   --->   "%empty_323 = call i32 (...)* @_ssdm_op_SpecChannel([20 x i8]* @in_compute_y_OC_V_OC_11, i32 1, [1 x i8]* @p_str633, [1 x i8]* @p_str633, i32 145, i32 145, i32* @in_compute_y_V_V_12, i32* @in_compute_y_V_V_12)"   --->   Operation 108 'specchannel' 'empty_323' <Predicate = true> <Delay = 0.00>
ST_10 : Operation 109 [1/1] (0.00ns)   --->   "%empty_324 = call i32 (...)* @_ssdm_op_SpecChannel([20 x i8]* @in_compute_y_OC_V_OC_10, i32 1, [1 x i8]* @p_str626, [1 x i8]* @p_str626, i32 145, i32 145, i32* @in_compute_y_V_V_13, i32* @in_compute_y_V_V_13)"   --->   Operation 109 'specchannel' 'empty_324' <Predicate = true> <Delay = 0.00>
ST_10 : Operation 110 [1/1] (0.00ns)   --->   "%empty_325 = call i32 (...)* @_ssdm_op_SpecChannel([20 x i8]* @in_compute_y_OC_V_OC_9, i32 1, [1 x i8]* @p_str619, [1 x i8]* @p_str619, i32 145, i32 145, i32* @in_compute_y_V_V_14, i32* @in_compute_y_V_V_14)"   --->   Operation 110 'specchannel' 'empty_325' <Predicate = true> <Delay = 0.00>
ST_10 : Operation 111 [1/1] (0.00ns)   --->   "%empty_326 = call i32 (...)* @_ssdm_op_SpecChannel([20 x i8]* @in_compute_y_OC_V_OC_8, i32 1, [1 x i8]* @p_str612, [1 x i8]* @p_str612, i32 145, i32 145, i32* @in_compute_y_V_V_15, i32* @in_compute_y_V_V_15)"   --->   Operation 111 'specchannel' 'empty_326' <Predicate = true> <Delay = 0.00>
ST_10 : Operation 112 [1/1] (0.00ns)   --->   "%empty_327 = call i32 (...)* @_ssdm_op_SpecChannel([19 x i8]* @in_compute_y_OC_V_OC_7, i32 1, [1 x i8]* @p_str605, [1 x i8]* @p_str605, i32 145, i32 145, i32* @in_compute_y_V_V_2, i32* @in_compute_y_V_V_2)"   --->   Operation 112 'specchannel' 'empty_327' <Predicate = true> <Delay = 0.00>
ST_10 : Operation 113 [1/1] (0.00ns)   --->   "%empty_328 = call i32 (...)* @_ssdm_op_SpecChannel([19 x i8]* @in_compute_y_OC_V_OC_6, i32 1, [1 x i8]* @p_str598, [1 x i8]* @p_str598, i32 145, i32 145, i32* @in_compute_y_V_V_3, i32* @in_compute_y_V_V_3)"   --->   Operation 113 'specchannel' 'empty_328' <Predicate = true> <Delay = 0.00>
ST_10 : Operation 114 [1/1] (0.00ns)   --->   "%empty_329 = call i32 (...)* @_ssdm_op_SpecChannel([19 x i8]* @in_compute_y_OC_V_OC_5, i32 1, [1 x i8]* @p_str591, [1 x i8]* @p_str591, i32 145, i32 145, i32* @in_compute_y_V_V_4, i32* @in_compute_y_V_V_4)"   --->   Operation 114 'specchannel' 'empty_329' <Predicate = true> <Delay = 0.00>
ST_10 : Operation 115 [1/1] (0.00ns)   --->   "%empty_330 = call i32 (...)* @_ssdm_op_SpecChannel([19 x i8]* @in_compute_y_OC_V_OC_4, i32 1, [1 x i8]* @p_str584, [1 x i8]* @p_str584, i32 145, i32 145, i32* @in_compute_y_V_V_5, i32* @in_compute_y_V_V_5)"   --->   Operation 115 'specchannel' 'empty_330' <Predicate = true> <Delay = 0.00>
ST_10 : Operation 116 [1/1] (0.00ns)   --->   "%empty_331 = call i32 (...)* @_ssdm_op_SpecChannel([19 x i8]* @in_compute_y_OC_V_OC_3, i32 1, [1 x i8]* @p_str577, [1 x i8]* @p_str577, i32 145, i32 145, i32* @in_compute_y_V_V_6, i32* @in_compute_y_V_V_6)"   --->   Operation 116 'specchannel' 'empty_331' <Predicate = true> <Delay = 0.00>
ST_10 : Operation 117 [1/1] (0.00ns)   --->   "%empty_332 = call i32 (...)* @_ssdm_op_SpecChannel([19 x i8]* @in_compute_y_OC_V_OC_2, i32 1, [1 x i8]* @p_str570, [1 x i8]* @p_str570, i32 145, i32 145, i32* @in_compute_y_V_V_7, i32* @in_compute_y_V_V_7)"   --->   Operation 117 'specchannel' 'empty_332' <Predicate = true> <Delay = 0.00>
ST_10 : Operation 118 [1/1] (0.00ns)   --->   "%empty_333 = call i32 (...)* @_ssdm_op_SpecChannel([19 x i8]* @in_compute_y_OC_V_OC_1, i32 1, [1 x i8]* @p_str563, [1 x i8]* @p_str563, i32 145, i32 145, i32* @in_compute_y_V_V_8, i32* @in_compute_y_V_V_8)"   --->   Operation 118 'specchannel' 'empty_333' <Predicate = true> <Delay = 0.00>
ST_10 : Operation 119 [1/1] (0.00ns)   --->   "%empty_334 = call i32 (...)* @_ssdm_op_SpecChannel([19 x i8]* @in_compute_y_OC_V_OC, i32 1, [1 x i8]* @p_str556, [1 x i8]* @p_str556, i32 145, i32 145, i32* @in_compute_y_V_V_9, i32* @in_compute_y_V_V_9)"   --->   Operation 119 'specchannel' 'empty_334' <Predicate = true> <Delay = 0.00>
ST_10 : Operation 120 [1/1] (0.00ns)   --->   "%empty_335 = call i32 (...)* @_ssdm_op_SpecChannel([24 x i8]* @in_compute_y_factor_s, i32 1, [1 x i8]* @p_str549, [1 x i8]* @p_str549, i32 2, i32 2, i32* @in_compute_y_factor_s_0, i32* @in_compute_y_factor_s_0)"   --->   Operation 120 'specchannel' 'empty_335' <Predicate = true> <Delay = 0.00>
ST_10 : Operation 121 [1/1] (0.00ns)   --->   "%empty_336 = call i32 (...)* @_ssdm_op_SpecChannel([12 x i8]* @in_sqrt_OC_V_OC_V_st, i32 1, [1 x i8]* @p_str542, [1 x i8]* @p_str542, i32 2, i32 2, i32* @in_sqrt_V_V, i32* @in_sqrt_V_V)"   --->   Operation 121 'specchannel' 'empty_336' <Predicate = true> <Delay = 0.00>
ST_10 : Operation 122 [1/1] (0.00ns)   --->   "%empty_337 = call i32 (...)* @_ssdm_op_SpecChannel([15 x i8]* @in_write_OC_V_OC_V_O_15, i32 1, [1 x i8]* @p_str535, [1 x i8]* @p_str535, i32 2, i32 2, i32* @in_write_V_V_0, i32* @in_write_V_V_0)"   --->   Operation 122 'specchannel' 'empty_337' <Predicate = true> <Delay = 0.00>
ST_10 : Operation 123 [1/1] (0.00ns)   --->   "%empty_338 = call i32 (...)* @_ssdm_op_SpecChannel([15 x i8]* @in_write_OC_V_OC_V_O_14, i32 1, [1 x i8]* @p_str528, [1 x i8]* @p_str528, i32 2, i32 2, i32* @in_write_V_V_1, i32* @in_write_V_V_1)"   --->   Operation 123 'specchannel' 'empty_338' <Predicate = true> <Delay = 0.00>
ST_10 : Operation 124 [1/1] (0.00ns)   --->   "%empty_339 = call i32 (...)* @_ssdm_op_SpecChannel([16 x i8]* @in_write_OC_V_OC_V_O_13, i32 1, [1 x i8]* @p_str521, [1 x i8]* @p_str521, i32 2, i32 2, i32* @in_write_V_V_10, i32* @in_write_V_V_10)"   --->   Operation 124 'specchannel' 'empty_339' <Predicate = true> <Delay = 0.00>
ST_10 : Operation 125 [1/1] (0.00ns)   --->   "%empty_340 = call i32 (...)* @_ssdm_op_SpecChannel([16 x i8]* @in_write_OC_V_OC_V_O_12, i32 1, [1 x i8]* @p_str514, [1 x i8]* @p_str514, i32 2, i32 2, i32* @in_write_V_V_11, i32* @in_write_V_V_11)"   --->   Operation 125 'specchannel' 'empty_340' <Predicate = true> <Delay = 0.00>
ST_10 : Operation 126 [1/1] (0.00ns)   --->   "%empty_341 = call i32 (...)* @_ssdm_op_SpecChannel([16 x i8]* @in_write_OC_V_OC_V_O_11, i32 1, [1 x i8]* @p_str507, [1 x i8]* @p_str507, i32 2, i32 2, i32* @in_write_V_V_12, i32* @in_write_V_V_12)"   --->   Operation 126 'specchannel' 'empty_341' <Predicate = true> <Delay = 0.00>
ST_10 : Operation 127 [1/1] (0.00ns)   --->   "%empty_342 = call i32 (...)* @_ssdm_op_SpecChannel([16 x i8]* @in_write_OC_V_OC_V_O_10, i32 1, [1 x i8]* @p_str500, [1 x i8]* @p_str500, i32 2, i32 2, i32* @in_write_V_V_13, i32* @in_write_V_V_13)"   --->   Operation 127 'specchannel' 'empty_342' <Predicate = true> <Delay = 0.00>
ST_10 : Operation 128 [1/1] (0.00ns)   --->   "%empty_343 = call i32 (...)* @_ssdm_op_SpecChannel([16 x i8]* @in_write_OC_V_OC_V_O_9, i32 1, [1 x i8]* @p_str493, [1 x i8]* @p_str493, i32 2, i32 2, i32* @in_write_V_V_14, i32* @in_write_V_V_14)"   --->   Operation 128 'specchannel' 'empty_343' <Predicate = true> <Delay = 0.00>
ST_10 : Operation 129 [1/1] (0.00ns)   --->   "%empty_344 = call i32 (...)* @_ssdm_op_SpecChannel([16 x i8]* @in_write_OC_V_OC_V_O_8, i32 1, [1 x i8]* @p_str486, [1 x i8]* @p_str486, i32 2, i32 2, i32* @in_write_V_V_15, i32* @in_write_V_V_15)"   --->   Operation 129 'specchannel' 'empty_344' <Predicate = true> <Delay = 0.00>
ST_10 : Operation 130 [1/1] (0.00ns)   --->   "%empty_345 = call i32 (...)* @_ssdm_op_SpecChannel([15 x i8]* @in_write_OC_V_OC_V_O_7, i32 1, [1 x i8]* @p_str479, [1 x i8]* @p_str479, i32 2, i32 2, i32* @in_write_V_V_2, i32* @in_write_V_V_2)"   --->   Operation 130 'specchannel' 'empty_345' <Predicate = true> <Delay = 0.00>
ST_10 : Operation 131 [1/1] (0.00ns)   --->   "%empty_346 = call i32 (...)* @_ssdm_op_SpecChannel([15 x i8]* @in_write_OC_V_OC_V_O_6, i32 1, [1 x i8]* @p_str472, [1 x i8]* @p_str472, i32 2, i32 2, i32* @in_write_V_V_3, i32* @in_write_V_V_3)"   --->   Operation 131 'specchannel' 'empty_346' <Predicate = true> <Delay = 0.00>
ST_10 : Operation 132 [1/1] (0.00ns)   --->   "%empty_347 = call i32 (...)* @_ssdm_op_SpecChannel([15 x i8]* @in_write_OC_V_OC_V_O_5, i32 1, [1 x i8]* @p_str465, [1 x i8]* @p_str465, i32 2, i32 2, i32* @in_write_V_V_4, i32* @in_write_V_V_4)"   --->   Operation 132 'specchannel' 'empty_347' <Predicate = true> <Delay = 0.00>
ST_10 : Operation 133 [1/1] (0.00ns)   --->   "%empty_348 = call i32 (...)* @_ssdm_op_SpecChannel([15 x i8]* @in_write_OC_V_OC_V_O_4, i32 1, [1 x i8]* @p_str458, [1 x i8]* @p_str458, i32 2, i32 2, i32* @in_write_V_V_5, i32* @in_write_V_V_5)"   --->   Operation 133 'specchannel' 'empty_348' <Predicate = true> <Delay = 0.00>
ST_10 : Operation 134 [1/1] (0.00ns)   --->   "%empty_349 = call i32 (...)* @_ssdm_op_SpecChannel([15 x i8]* @in_write_OC_V_OC_V_O_3, i32 1, [1 x i8]* @p_str451, [1 x i8]* @p_str451, i32 2, i32 2, i32* @in_write_V_V_6, i32* @in_write_V_V_6)"   --->   Operation 134 'specchannel' 'empty_349' <Predicate = true> <Delay = 0.00>
ST_10 : Operation 135 [1/1] (0.00ns)   --->   "%empty_350 = call i32 (...)* @_ssdm_op_SpecChannel([15 x i8]* @in_write_OC_V_OC_V_O_2, i32 1, [1 x i8]* @p_str444, [1 x i8]* @p_str444, i32 2, i32 2, i32* @in_write_V_V_7, i32* @in_write_V_V_7)"   --->   Operation 135 'specchannel' 'empty_350' <Predicate = true> <Delay = 0.00>
ST_10 : Operation 136 [1/1] (0.00ns)   --->   "%empty_351 = call i32 (...)* @_ssdm_op_SpecChannel([15 x i8]* @in_write_OC_V_OC_V_O_1, i32 1, [1 x i8]* @p_str437, [1 x i8]* @p_str437, i32 2, i32 2, i32* @in_write_V_V_8, i32* @in_write_V_V_8)"   --->   Operation 136 'specchannel' 'empty_351' <Predicate = true> <Delay = 0.00>
ST_10 : Operation 137 [1/1] (0.00ns)   --->   "%empty_352 = call i32 (...)* @_ssdm_op_SpecChannel([15 x i8]* @in_write_OC_V_OC_V_O, i32 1, [1 x i8]* @p_str430, [1 x i8]* @p_str430, i32 2, i32 2, i32* @in_write_V_V_9, i32* @in_write_V_V_9)"   --->   Operation 137 'specchannel' 'empty_352' <Predicate = true> <Delay = 0.00>
ST_10 : Operation 138 [1/1] (0.00ns)   --->   "%empty_353 = call i32 (...)* @_ssdm_op_SpecChannel([15 x i8]* @mean_pipe1_OC_V_OC_V, i32 1, [1 x i8]* @p_str423, [1 x i8]* @p_str423, i32 2, i32 2, i32* @mean_pipe1_V_V, i32* @mean_pipe1_V_V)"   --->   Operation 138 'specchannel' 'empty_353' <Predicate = true> <Delay = 0.00>
ST_10 : Operation 139 [1/1] (0.00ns)   --->   "%empty_354 = call i32 (...)* @_ssdm_op_SpecChannel([15 x i8]* @mean_pipe2_OC_V_OC_V, i32 1, [1 x i8]* @p_str416, [1 x i8]* @p_str416, i32 2, i32 2, i32* @mean_pipe2_V_V, i32* @mean_pipe2_V_V)"   --->   Operation 139 'specchannel' 'empty_354' <Predicate = true> <Delay = 0.00>
ST_10 : Operation 140 [1/1] (0.00ns)   --->   "%empty_355 = call i32 (...)* @_ssdm_op_SpecChannel([12 x i8]* @n_pipe1_OC_V_OC_V_st, i32 1, [1 x i8]* @p_str409, [1 x i8]* @p_str409, i32 2, i32 2, i32* @n_pipe1_V_V, i32* @n_pipe1_V_V)"   --->   Operation 140 'specchannel' 'empty_355' <Predicate = true> <Delay = 0.00>
ST_10 : Operation 141 [1/1] (0.00ns)   --->   "%empty_356 = call i32 (...)* @_ssdm_op_SpecChannel([12 x i8]* @n_pipe2_OC_V_OC_V_st, i32 1, [1 x i8]* @p_str402, [1 x i8]* @p_str402, i32 2, i32 2, i32* @n_pipe2_V_V, i32* @n_pipe2_V_V)"   --->   Operation 141 'specchannel' 'empty_356' <Predicate = true> <Delay = 0.00>
ST_10 : Operation 142 [1/1] (0.00ns)   --->   "%empty_357 = call i32 (...)* @_ssdm_op_SpecChannel([12 x i8]* @n_pipe3_OC_V_OC_V_st, i32 1, [1 x i8]* @p_str395, [1 x i8]* @p_str395, i32 2, i32 2, i32* @n_pipe3_V_V, i32* @n_pipe3_V_V)"   --->   Operation 142 'specchannel' 'empty_357' <Predicate = true> <Delay = 0.00>
ST_10 : Operation 143 [1/1] (0.00ns)   --->   "%empty_358 = call i32 (...)* @_ssdm_op_SpecChannel([12 x i8]* @n_pipe4_OC_V_OC_V_st, i32 1, [1 x i8]* @p_str388, [1 x i8]* @p_str388, i32 2, i32 2, i32* @n_pipe4_V_V, i32* @n_pipe4_V_V)"   --->   Operation 143 'specchannel' 'empty_358' <Predicate = true> <Delay = 0.00>
ST_10 : Operation 144 [1/1] (0.00ns)   --->   "ret void" [src/modules.hpp:2678]   --->   Operation 144 'ret' <Predicate = true> <Delay = 0.00>


============================================================
+ Verbose Summary: Timing violations
============================================================
Target clock period: 5ns, clock uncertainty: 0.625ns.

 <State 1>: 0ns
The critical path consists of the following:

 <State 2>: 0ns
The critical path consists of the following:

 <State 3>: 0ns
The critical path consists of the following:

 <State 4>: 0ns
The critical path consists of the following:

 <State 5>: 0ns
The critical path consists of the following:

 <State 6>: 0ns
The critical path consists of the following:

 <State 7>: 0ns
The critical path consists of the following:

 <State 8>: 0ns
The critical path consists of the following:

 <State 9>: 0ns
The critical path consists of the following:

 <State 10>: 0ns
The critical path consists of the following:


============================================================
+ Verbose Summary: Binding
============================================================
N/A
* FSMD analyzer results:
  - Output states:
 - Input state : 
  - Chain level:
	State 1
	State 2
	State 3
	State 4
	State 5
	State 6
	State 7
	State 8
	State 9
	State 10


============================================================
+ Verbose Summary: Datapath Resource usage 
============================================================
N/A
