INFO: [XSIM 43-3496] Using init file passed via -initfile option "C:/Xilinx/Vivado/2018.3/data/xsim/ip/xsim_ip.ini".
Vivado Simulator 2018.3
Copyright 1986-1999, 2001-2018 Xilinx, Inc. All Rights Reserved.
Running: C:/Xilinx/Vivado/2018.3/bin/unwrapped/win64.o/xelab.exe xil_defaultlib.apatb_softmax_top glbl -prj softmax.prj -L smartconnect_v1_0 -L axi_protocol_checker_v1_1_12 -L axi_protocol_checker_v1_1_13 -L axis_protocol_checker_v1_1_11 -L axis_protocol_checker_v1_1_12 -L xil_defaultlib -L unisims_ver -L xpm --initfile C:/Xilinx/Vivado/2018.3/data/xsim/ip/xsim_ip.ini --lib ieee_proposed=./ieee_proposed -s softmax 
Multi-threading is on. Using 10 slave threads.
INFO: [VRFC 10-2263] Analyzing SystemVerilog file "C:/Users/Andy/Desktop/ECE496_flatten/softmax/solution1/sim/verilog/glbl.v" into library work
INFO: [VRFC 10-311] analyzing module glbl
INFO: [VRFC 10-2263] Analyzing SystemVerilog file "C:/Users/Andy/Desktop/ECE496_flatten/softmax/solution1/sim/verilog/AESL_axi_s_in_r.v" into library xil_defaultlib
INFO: [VRFC 10-311] analyzing module AESL_axi_s_in_r
INFO: [VRFC 10-2263] Analyzing SystemVerilog file "C:/Users/Andy/Desktop/ECE496_flatten/softmax/solution1/sim/verilog/AESL_axi_s_out_r.v" into library xil_defaultlib
INFO: [VRFC 10-311] analyzing module AESL_axi_s_out_r
INFO: [VRFC 10-2263] Analyzing SystemVerilog file "C:/Users/Andy/Desktop/ECE496_flatten/softmax/solution1/sim/verilog/AESL_deadlock_detection_unit.v" into library xil_defaultlib
INFO: [VRFC 10-311] analyzing module AESL_deadlock_detect_unit
INFO: [VRFC 10-2263] Analyzing SystemVerilog file "C:/Users/Andy/Desktop/ECE496_flatten/softmax/solution1/sim/verilog/AESL_deadlock_detector.v" into library xil_defaultlib
INFO: [VRFC 10-311] analyzing module AESL_deadlock_detector
INFO: [VRFC 10-2263] Analyzing SystemVerilog file "C:/Users/Andy/Desktop/ECE496_flatten/softmax/solution1/sim/verilog/AESL_deadlock_report_unit.v" into library xil_defaultlib
INFO: [VRFC 10-311] analyzing module AESL_deadlock_report_unit
INFO: [VRFC 10-2263] Analyzing SystemVerilog file "C:/Users/Andy/Desktop/ECE496_flatten/softmax/solution1/sim/verilog/AESL_fifo.v" into library xil_defaultlib
INFO: [VRFC 10-311] analyzing module fifo
INFO: [VRFC 10-2263] Analyzing SystemVerilog file "C:/Users/Andy/Desktop/ECE496_flatten/softmax/solution1/sim/verilog/divide.v" into library xil_defaultlib
INFO: [VRFC 10-311] analyzing module divide
INFO: [VRFC 10-2263] Analyzing SystemVerilog file "C:/Users/Andy/Desktop/ECE496_flatten/softmax/solution1/sim/verilog/fifo_w1024_d2_A.v" into library xil_defaultlib
INFO: [VRFC 10-311] analyzing module fifo_w1024_d2_A
INFO: [VRFC 10-2263] Analyzing SystemVerilog file "C:/Users/Andy/Desktop/ECE496_flatten/softmax/solution1/sim/verilog/fifo_w128_d2_A.v" into library xil_defaultlib
INFO: [VRFC 10-311] analyzing module fifo_w128_d2_A_shiftReg
INFO: [VRFC 10-311] analyzing module fifo_w128_d2_A
INFO: [VRFC 10-2263] Analyzing SystemVerilog file "C:/Users/Andy/Desktop/ECE496_flatten/softmax/solution1/sim/verilog/fifo_w256_d32_A.v" into library xil_defaultlib
INFO: [VRFC 10-311] analyzing module fifo_w256_d32_A
INFO: [VRFC 10-2263] Analyzing SystemVerilog file "C:/Users/Andy/Desktop/ECE496_flatten/softmax/solution1/sim/verilog/fifo_w32_d2_A.v" into library xil_defaultlib
INFO: [VRFC 10-311] analyzing module fifo_w32_d2_A_shiftReg
INFO: [VRFC 10-311] analyzing module fifo_w32_d2_A
INFO: [VRFC 10-2263] Analyzing SystemVerilog file "C:/Users/Andy/Desktop/ECE496_flatten/softmax/solution1/sim/verilog/fifo_w512_d2_A.v" into library xil_defaultlib
INFO: [VRFC 10-311] analyzing module fifo_w512_d2_A_shiftReg
INFO: [VRFC 10-311] analyzing module fifo_w512_d2_A
INFO: [VRFC 10-2263] Analyzing SystemVerilog file "C:/Users/Andy/Desktop/ECE496_flatten/softmax/solution1/sim/verilog/fifo_w512_d32_A.v" into library xil_defaultlib
INFO: [VRFC 10-311] analyzing module fifo_w512_d32_A
INFO: [VRFC 10-2263] Analyzing SystemVerilog file "C:/Users/Andy/Desktop/ECE496_flatten/softmax/solution1/sim/verilog/fifo_w96_d2_A.v" into library xil_defaultlib
INFO: [VRFC 10-311] analyzing module fifo_w96_d2_A_shiftReg
INFO: [VRFC 10-311] analyzing module fifo_w96_d2_A
INFO: [VRFC 10-2263] Analyzing SystemVerilog file "C:/Users/Andy/Desktop/ECE496_flatten/softmax/solution1/sim/verilog/process_1.v" into library xil_defaultlib
INFO: [VRFC 10-311] analyzing module process_1
INFO: [VRFC 10-2263] Analyzing SystemVerilog file "C:/Users/Andy/Desktop/ECE496_flatten/softmax/solution1/sim/verilog/QuantAct_1_channel.v" into library xil_defaultlib
INFO: [VRFC 10-311] analyzing module QuantAct_1_channel
INFO: [VRFC 10-2263] Analyzing SystemVerilog file "C:/Users/Andy/Desktop/ECE496_flatten/softmax/solution1/sim/verilog/read_data.v" into library xil_defaultlib
INFO: [VRFC 10-311] analyzing module read_data
INFO: [VRFC 10-2263] Analyzing SystemVerilog file "C:/Users/Andy/Desktop/ECE496_flatten/softmax/solution1/sim/verilog/softmax.autotb.v" into library xil_defaultlib
INFO: [VRFC 10-311] analyzing module apatb_softmax_top
INFO: [VRFC 10-2263] Analyzing SystemVerilog file "C:/Users/Andy/Desktop/ECE496_flatten/softmax/solution1/sim/verilog/softmax.v" into library xil_defaultlib
INFO: [VRFC 10-311] analyzing module softmax
INFO: [VRFC 10-2263] Analyzing SystemVerilog file "C:/Users/Andy/Desktop/ECE496_flatten/softmax/solution1/sim/verilog/softmax_mul_32ns_bkb.v" into library xil_defaultlib
INFO: [VRFC 10-311] analyzing module softmax_mul_32ns_bkb_MulnS_0
INFO: [VRFC 10-311] analyzing module softmax_mul_32ns_bkb
INFO: [VRFC 10-2263] Analyzing SystemVerilog file "C:/Users/Andy/Desktop/ECE496_flatten/softmax/solution1/sim/verilog/softmax_mul_mul_1cud.v" into library xil_defaultlib
INFO: [VRFC 10-311] analyzing module softmax_mul_mul_1cud_DSP48_0
INFO: [VRFC 10-311] analyzing module softmax_mul_mul_1cud
INFO: [VRFC 10-2263] Analyzing SystemVerilog file "C:/Users/Andy/Desktop/ECE496_flatten/softmax/solution1/sim/verilog/start_for_divide_U0.v" into library xil_defaultlib
INFO: [VRFC 10-311] analyzing module start_for_divide_U0_shiftReg
INFO: [VRFC 10-311] analyzing module start_for_divide_U0
INFO: [VRFC 10-2263] Analyzing SystemVerilog file "C:/Users/Andy/Desktop/ECE496_flatten/softmax/solution1/sim/verilog/start_for_processeOg.v" into library xil_defaultlib
INFO: [VRFC 10-311] analyzing module start_for_processeOg_shiftReg
INFO: [VRFC 10-311] analyzing module start_for_processeOg
INFO: [VRFC 10-2263] Analyzing SystemVerilog file "C:/Users/Andy/Desktop/ECE496_flatten/softmax/solution1/sim/verilog/start_for_QuantAcfYi.v" into library xil_defaultlib
INFO: [VRFC 10-311] analyzing module start_for_QuantAcfYi_shiftReg
INFO: [VRFC 10-311] analyzing module start_for_QuantAcfYi
INFO: [VRFC 10-2263] Analyzing SystemVerilog file "C:/Users/Andy/Desktop/ECE496_flatten/softmax/solution1/sim/verilog/start_for_subtracdEe.v" into library xil_defaultlib
INFO: [VRFC 10-311] analyzing module start_for_subtracdEe_shiftReg
INFO: [VRFC 10-311] analyzing module start_for_subtracdEe
INFO: [VRFC 10-2263] Analyzing SystemVerilog file "C:/Users/Andy/Desktop/ECE496_flatten/softmax/solution1/sim/verilog/start_for_write_U0.v" into library xil_defaultlib
INFO: [VRFC 10-311] analyzing module start_for_write_U0_shiftReg
INFO: [VRFC 10-311] analyzing module start_for_write_U0
INFO: [VRFC 10-2263] Analyzing SystemVerilog file "C:/Users/Andy/Desktop/ECE496_flatten/softmax/solution1/sim/verilog/subtract_max.v" into library xil_defaultlib
INFO: [VRFC 10-311] analyzing module subtract_max
INFO: [VRFC 10-2263] Analyzing SystemVerilog file "C:/Users/Andy/Desktop/ECE496_flatten/softmax/solution1/sim/verilog/write_r.v" into library xil_defaultlib
INFO: [VRFC 10-311] analyzing module write_r
Starting static elaboration
Completed static elaboration
Starting simulation data flow analysis
Completed simulation data flow analysis
Time Resolution for simulation is 1ps
Compiling module xil_defaultlib.read_data
Compiling module xil_defaultlib.subtract_max
Compiling module xil_defaultlib.process_1
Compiling module xil_defaultlib.softmax_mul_32ns_bkb_MulnS_0
Compiling module xil_defaultlib.softmax_mul_32ns_bkb(ID=1,NUM_ST...
Compiling module xil_defaultlib.QuantAct_1_channel
Compiling module xil_defaultlib.divide
Compiling module xil_defaultlib.softmax_mul_mul_1cud_DSP48_0
Compiling module xil_defaultlib.softmax_mul_mul_1cud(ID=1,NUM_ST...
Compiling module xil_defaultlib.write_r
Compiling module xil_defaultlib.fifo_w96_d2_A_shiftReg
Compiling module xil_defaultlib.fifo_w96_d2_A
Compiling module xil_defaultlib.fifo_w32_d2_A_shiftReg
Compiling module xil_defaultlib.fifo_w32_d2_A
Compiling module xil_defaultlib.fifo_w512_d32_A
Compiling module xil_defaultlib.fifo_w512_d2_A_shiftReg
Compiling module xil_defaultlib.fifo_w512_d2_A
Compiling module xil_defaultlib.fifo_w1024_d2_A
Compiling module xil_defaultlib.fifo_w256_d32_A
Compiling module xil_defaultlib.fifo_w128_d2_A_shiftReg
Compiling module xil_defaultlib.fifo_w128_d2_A
Compiling module xil_defaultlib.start_for_subtracdEe_shiftReg
Compiling module xil_defaultlib.start_for_subtracdEe
Compiling module xil_defaultlib.start_for_write_U0_shiftReg
Compiling module xil_defaultlib.start_for_write_U0
Compiling module xil_defaultlib.start_for_processeOg_shiftReg
Compiling module xil_defaultlib.start_for_processeOg
Compiling module xil_defaultlib.start_for_QuantAcfYi_shiftReg
Compiling module xil_defaultlib.start_for_QuantAcfYi
Compiling module xil_defaultlib.start_for_divide_U0_shiftReg
Compiling module xil_defaultlib.start_for_divide_U0
Compiling module xil_defaultlib.softmax
Compiling module xil_defaultlib.fifo(DEPTH=17,WIDTH=512)
Compiling module xil_defaultlib.fifo(DEPTH=17)
Compiling module xil_defaultlib.fifo(DEPTH=17,WIDTH=16)
Compiling module xil_defaultlib.fifo(DEPTH=17,WIDTH=1)
Compiling module xil_defaultlib.AESL_axi_s_in_r
Compiling module xil_defaultlib.fifo(DEPTH=5,WIDTH=512)
Compiling module xil_defaultlib.fifo(DEPTH=5)
Compiling module xil_defaultlib.fifo(DEPTH=5,WIDTH=16)
Compiling module xil_defaultlib.fifo(DEPTH=5,WIDTH=1)
Compiling module xil_defaultlib.AESL_axi_s_out_r
Compiling module xil_defaultlib.AESL_deadlock_detect_unit(PROC_N...
Compiling module xil_defaultlib.AESL_deadlock_detect_unit(PROC_N...
Compiling module xil_defaultlib.AESL_deadlock_detect_unit(PROC_N...
Compiling module xil_defaultlib.AESL_deadlock_detect_unit(PROC_N...
Compiling module xil_defaultlib.AESL_deadlock_detect_unit(PROC_N...
Compiling module xil_defaultlib.AESL_deadlock_detect_unit(PROC_N...
Compiling module xil_defaultlib.AESL_deadlock_report_unit(PROC_N...
Compiling module xil_defaultlib.AESL_deadlock_detector_1
Compiling module xil_defaultlib.apatb_softmax_top
Compiling module work.glbl
Built simulation snapshot softmax
