#-----------------------------------------------------------
# xsim v2018.3 (64-bit)
# SW Build 2405991 on Thu Dec  6 23:38:27 MST 2018
# IP Build 2404404 on Fri Dec  7 01:43:56 MST 2018
# Start of session at: Wed Dec 28 18:56:56 2022
# Process ID: 20744
# Current directory: C:/Users/Andy/Desktop/ECE496_flatten/softmax/solution1/sim/verilog
# Command line: xsim.exe -mode tcl -source {xsim.dir/softmax/xsim_script.tcl}
# Log file: C:/Users/Andy/Desktop/ECE496_flatten/softmax/solution1/sim/verilog/xsim.log
# Journal file: C:/Users/Andy/Desktop/ECE496_flatten/softmax/solution1/sim/verilog\xsim.jou
#-----------------------------------------------------------
source xsim.dir/softmax/xsim_script.tcl
# xsim {softmax} -autoloadwcfg -tclbatch {softmax.tcl}
Vivado Simulator 2018.3
Time resolution is 1 ps
source softmax.tcl
## run all
////////////////////////////////////////////////////////////////////////////////////
// Inter-Transaction Progress: Completed Transaction / Total Transaction
// Intra-Transaction Progress: Measured Latency / Latency Estimation * 100%
//
// RTL Simulation : "Inter-Transaction Progress" ["Intra-Transaction Progress"] @ "Simulation Time"
////////////////////////////////////////////////////////////////////////////////////
// RTL Simulation : 0 / 1 [n/a] @ "113000"
// RTL Simulation : 1 / 1 [n/a] @ "463000"
////////////////////////////////////////////////////////////////////////////////////
$finish called at time : 482500 ps : File "C:/Users/Andy/Desktop/ECE496_flatten/softmax/solution1/sim/verilog/softmax.autotb.v" Line 284
## quit
INFO: [Common 17-206] Exiting xsim at Wed Dec 28 18:56:59 2022...
