

================================================================
== Vivado HLS Report for 'AttentionMatmulReadA'
================================================================
* Date:           Fri Jan 13 09:14:11 2023

* Version:        2019.1 (Build 2552052 on Fri May 24 15:28:33 MDT 2019)
* Project:        hls_project
* Solution:       solution_1
* Product family: zynquplus
* Target device:  xczu19eg-ffvc1760-2-i


================================================================
== Performance Estimates
================================================================
+ Timing (ns): 
    * Summary: 
    +--------+-------+----------+------------+
    |  Clock | Target| Estimated| Uncertainty|
    +--------+-------+----------+------------+
    |ap_clk  |   5.00|     3.676|        0.62|
    +--------+-------+----------+------------+

+ Latency (clock cycles): 
    * Summary: 
    +-----+-----+-----+-----+---------+
    |  Latency  |  Interval | Pipeline|
    | min | max | min | max |   Type  |
    +-----+-----+-----+-----+---------+
    |    3|  130|    3|  130|   none  |
    +-----+-----+-----+-----+---------+

    + Detail: 
        * Instance: 
        N/A

        * Loop: 
        +----------+-----+-----+----------+-----------+-----------+---------+----------+
        |          |  Latency  | Iteration|  Initiation Interval  |   Trip  |          |
        | Loop Name| min | max |  Latency |  achieved |   target  |  Count  | Pipelined|
        +----------+-----+-----+----------+-----------+-----------+---------+----------+
        |- Loop 1  |    1|  128|         2|          1|          1| 1 ~ 128 |    yes   |
        +----------+-----+-----+----------+-----------+-----------+---------+----------+



================================================================
== Utilization Estimates
================================================================
* Summary: 
+-----------------+---------+-------+---------+--------+-----+
|       Name      | BRAM_18K| DSP48E|    FF   |   LUT  | URAM|
+-----------------+---------+-------+---------+--------+-----+
|DSP              |        -|      -|        -|       -|    -|
|Expression       |        -|      -|        0|      71|    -|
|FIFO             |        -|      -|        -|       -|    -|
|Instance         |        -|      -|        -|       -|    -|
|Memory           |        -|      -|        -|       -|    -|
|Multiplexer      |        -|      -|        -|     711|    -|
|Register         |        -|      -|       72|       -|    -|
+-----------------+---------+-------+---------+--------+-----+
|Total            |        0|      0|       72|     782|    0|
+-----------------+---------+-------+---------+--------+-----+
|Available        |     1968|   1968|  1045440|  522720|  128|
+-----------------+---------+-------+---------+--------+-----+
|Utilization (%)  |        0|      0|    ~0   |   ~0   |    0|
+-----------------+---------+-------+---------+--------+-----+

+ Detail: 
    * Instance: 
    N/A

    * DSP48E: 
    N/A

    * Memory: 
    N/A

    * FIFO: 
    N/A

    * Expression: 
    +----------------------------------+----------+-------+---+----+------------+------------+
    |           Variable Name          | Operation| DSP48E| FF| LUT| Bitwidth P0| Bitwidth P1|
    +----------------------------------+----------+-------+---+----+------------+------------+
    |i_fu_1802_p2                      |     +    |      0|  0|  39|          32|           1|
    |ap_block_pp0_stage0_01001         |    and   |      0|  0|   2|           1|           1|
    |io_acc_block_signal_op77          |    and   |      0|  0|   2|           1|           1|
    |icmp_ln876_fu_1797_p2             |   icmp   |      0|  0|  20|          32|          32|
    |ap_block_state1                   |    or    |      0|  0|   2|           1|           1|
    |ap_block_state3_pp0_stage0_iter1  |    or    |      0|  0|   2|           1|           1|
    |ap_enable_pp0                     |    xor   |      0|  0|   2|           1|           2|
    |ap_enable_reg_pp0_iter1           |    xor   |      0|  0|   2|           2|           1|
    +----------------------------------+----------+-------+---+----+------------+------------+
    |Total                             |          |      0|  0|  71|          71|          40|
    +----------------------------------+----------+-------+---+----+------------+------------+

    * Multiplexer: 
    +-----------------------------+----+-----------+-----+-----------+
    |             Name            | LUT| Input Size| Bits| Total Bits|
    +-----------------------------+----+-----------+-----+-----------+
    |ap_NS_fsm                    |  21|          4|    1|          4|
    |ap_done                      |   9|          2|    1|          2|
    |ap_enable_reg_pp0_iter1      |  15|          3|    1|          3|
    |i1_0_reg_1775                |   9|          2|   32|         64|
    |in_0_V_data_V_blk_n          |   9|          2|    1|          2|
    |in_0_V_dest_V_blk_n          |   9|          2|    1|          2|
    |in_0_V_id_V_blk_n            |   9|          2|    1|          2|
    |in_0_V_last_V_blk_n          |   9|          2|    1|          2|
    |in_0_V_user_V_blk_n          |   9|          2|    1|          2|
    |out_0_V_V_blk_n              |   9|          2|    1|          2|
    |out_10_V_V_blk_n             |   9|          2|    1|          2|
    |out_11_V_V_blk_n             |   9|          2|    1|          2|
    |out_12_V_V_blk_n             |   9|          2|    1|          2|
    |out_13_V_V_blk_n             |   9|          2|    1|          2|
    |out_14_V_V_blk_n             |   9|          2|    1|          2|
    |out_15_V_V_blk_n             |   9|          2|    1|          2|
    |out_16_V_V_blk_n             |   9|          2|    1|          2|
    |out_17_V_V_blk_n             |   9|          2|    1|          2|
    |out_18_V_V_blk_n             |   9|          2|    1|          2|
    |out_19_V_V_blk_n             |   9|          2|    1|          2|
    |out_1_V_V_blk_n              |   9|          2|    1|          2|
    |out_20_V_V_blk_n             |   9|          2|    1|          2|
    |out_21_V_V_blk_n             |   9|          2|    1|          2|
    |out_22_V_V_blk_n             |   9|          2|    1|          2|
    |out_23_V_V_blk_n             |   9|          2|    1|          2|
    |out_24_V_V_blk_n             |   9|          2|    1|          2|
    |out_25_V_V_blk_n             |   9|          2|    1|          2|
    |out_26_V_V_blk_n             |   9|          2|    1|          2|
    |out_27_V_V_blk_n             |   9|          2|    1|          2|
    |out_28_V_V_blk_n             |   9|          2|    1|          2|
    |out_29_V_V_blk_n             |   9|          2|    1|          2|
    |out_2_V_V_blk_n              |   9|          2|    1|          2|
    |out_30_V_V_blk_n             |   9|          2|    1|          2|
    |out_31_V_V_blk_n             |   9|          2|    1|          2|
    |out_32_V_V_blk_n             |   9|          2|    1|          2|
    |out_33_V_V_blk_n             |   9|          2|    1|          2|
    |out_34_V_V_blk_n             |   9|          2|    1|          2|
    |out_35_V_V_blk_n             |   9|          2|    1|          2|
    |out_36_V_V_blk_n             |   9|          2|    1|          2|
    |out_37_V_V_blk_n             |   9|          2|    1|          2|
    |out_38_V_V_blk_n             |   9|          2|    1|          2|
    |out_39_V_V_blk_n             |   9|          2|    1|          2|
    |out_3_V_V_blk_n              |   9|          2|    1|          2|
    |out_40_V_V_blk_n             |   9|          2|    1|          2|
    |out_41_V_V_blk_n             |   9|          2|    1|          2|
    |out_42_V_V_blk_n             |   9|          2|    1|          2|
    |out_43_V_V_blk_n             |   9|          2|    1|          2|
    |out_44_V_V_blk_n             |   9|          2|    1|          2|
    |out_45_V_V_blk_n             |   9|          2|    1|          2|
    |out_46_V_V_blk_n             |   9|          2|    1|          2|
    |out_47_V_V_blk_n             |   9|          2|    1|          2|
    |out_48_V_V_blk_n             |   9|          2|    1|          2|
    |out_49_V_V_blk_n             |   9|          2|    1|          2|
    |out_4_V_V_blk_n              |   9|          2|    1|          2|
    |out_50_V_V_blk_n             |   9|          2|    1|          2|
    |out_51_V_V_blk_n             |   9|          2|    1|          2|
    |out_52_V_V_blk_n             |   9|          2|    1|          2|
    |out_53_V_V_blk_n             |   9|          2|    1|          2|
    |out_54_V_V_blk_n             |   9|          2|    1|          2|
    |out_55_V_V_blk_n             |   9|          2|    1|          2|
    |out_56_V_V_blk_n             |   9|          2|    1|          2|
    |out_57_V_V_blk_n             |   9|          2|    1|          2|
    |out_58_V_V_blk_n             |   9|          2|    1|          2|
    |out_59_V_V_blk_n             |   9|          2|    1|          2|
    |out_5_V_V_blk_n              |   9|          2|    1|          2|
    |out_60_V_V_blk_n             |   9|          2|    1|          2|
    |out_61_V_V_blk_n             |   9|          2|    1|          2|
    |out_62_V_V_blk_n             |   9|          2|    1|          2|
    |out_63_V_V_blk_n             |   9|          2|    1|          2|
    |out_6_V_V_blk_n              |   9|          2|    1|          2|
    |out_7_V_V_blk_n              |   9|          2|    1|          2|
    |out_8_V_V_blk_n              |   9|          2|    1|          2|
    |out_9_V_V_blk_n              |   9|          2|    1|          2|
    |out_compute_n_r_0_V_V_blk_n  |   9|          2|    1|          2|
    |out_n_r_V_V_blk_n            |   9|          2|    1|          2|
    |out_write_n_r_V_V_blk_n      |   9|          2|    1|          2|
    |real_start                   |   9|          2|    1|          2|
    +-----------------------------+----+-----------+-----+-----------+
    |Total                        | 711|        157|  108|        219|
    +-----------------------------+----+-----------+-----+-----------+

    * Register: 
    +-------------------------+----+----+-----+-----------+
    |           Name          | FF | LUT| Bits| Const Bits|
    +-------------------------+----+----+-----+-----------+
    |N_r_reg_2506             |  32|   0|   32|          0|
    |ap_CS_fsm                |   3|   0|    3|          0|
    |ap_done_reg              |   1|   0|    1|          0|
    |ap_enable_reg_pp0_iter0  |   1|   0|    1|          0|
    |ap_enable_reg_pp0_iter1  |   1|   0|    1|          0|
    |i1_0_reg_1775            |  32|   0|   32|          0|
    |icmp_ln876_reg_2511      |   1|   0|    1|          0|
    |start_once_reg           |   1|   0|    1|          0|
    +-------------------------+----+----+-----+-----------+
    |Total                    |  72|   0|   72|          0|
    +-------------------------+----+----+-----+-----------+



================================================================
== Interface
================================================================
* Summary: 
+------------------------------+-----+-----+------------+-----------------------+--------------+
|           RTL Ports          | Dir | Bits|  Protocol  |     Source Object     |    C Type    |
+------------------------------+-----+-----+------------+-----------------------+--------------+
|ap_clk                        |  in |    1| ap_ctrl_hs |  AttentionMatmulReadA | return value |
|ap_rst                        |  in |    1| ap_ctrl_hs |  AttentionMatmulReadA | return value |
|ap_start                      |  in |    1| ap_ctrl_hs |  AttentionMatmulReadA | return value |
|start_full_n                  |  in |    1| ap_ctrl_hs |  AttentionMatmulReadA | return value |
|ap_done                       | out |    1| ap_ctrl_hs |  AttentionMatmulReadA | return value |
|ap_continue                   |  in |    1| ap_ctrl_hs |  AttentionMatmulReadA | return value |
|ap_idle                       | out |    1| ap_ctrl_hs |  AttentionMatmulReadA | return value |
|ap_ready                      | out |    1| ap_ctrl_hs |  AttentionMatmulReadA | return value |
|start_out                     | out |    1| ap_ctrl_hs |  AttentionMatmulReadA | return value |
|start_write                   | out |    1| ap_ctrl_hs |  AttentionMatmulReadA | return value |
|in_0_V_data_V_dout            |  in |  512|   ap_fifo  |     in_0_V_data_V     |    pointer   |
|in_0_V_data_V_empty_n         |  in |    1|   ap_fifo  |     in_0_V_data_V     |    pointer   |
|in_0_V_data_V_read            | out |    1|   ap_fifo  |     in_0_V_data_V     |    pointer   |
|in_0_V_id_V_dout              |  in |    8|   ap_fifo  |      in_0_V_id_V      |    pointer   |
|in_0_V_id_V_empty_n           |  in |    1|   ap_fifo  |      in_0_V_id_V      |    pointer   |
|in_0_V_id_V_read              | out |    1|   ap_fifo  |      in_0_V_id_V      |    pointer   |
|in_0_V_dest_V_dout            |  in |    8|   ap_fifo  |     in_0_V_dest_V     |    pointer   |
|in_0_V_dest_V_empty_n         |  in |    1|   ap_fifo  |     in_0_V_dest_V     |    pointer   |
|in_0_V_dest_V_read            | out |    1|   ap_fifo  |     in_0_V_dest_V     |    pointer   |
|in_0_V_user_V_dout            |  in |   16|   ap_fifo  |     in_0_V_user_V     |    pointer   |
|in_0_V_user_V_empty_n         |  in |    1|   ap_fifo  |     in_0_V_user_V     |    pointer   |
|in_0_V_user_V_read            | out |    1|   ap_fifo  |     in_0_V_user_V     |    pointer   |
|in_0_V_last_V_dout            |  in |    1|   ap_fifo  |     in_0_V_last_V     |    pointer   |
|in_0_V_last_V_empty_n         |  in |    1|   ap_fifo  |     in_0_V_last_V     |    pointer   |
|in_0_V_last_V_read            | out |    1|   ap_fifo  |     in_0_V_last_V     |    pointer   |
|out_n_r_V_V_din               | out |   32|   ap_fifo  |      out_n_r_V_V      |    pointer   |
|out_n_r_V_V_full_n            |  in |    1|   ap_fifo  |      out_n_r_V_V      |    pointer   |
|out_n_r_V_V_write             | out |    1|   ap_fifo  |      out_n_r_V_V      |    pointer   |
|out_compute_n_r_0_V_V_din     | out |   32|   ap_fifo  | out_compute_n_r_0_V_V |    pointer   |
|out_compute_n_r_0_V_V_full_n  |  in |    1|   ap_fifo  | out_compute_n_r_0_V_V |    pointer   |
|out_compute_n_r_0_V_V_write   | out |    1|   ap_fifo  | out_compute_n_r_0_V_V |    pointer   |
|out_write_n_r_V_V_din         | out |   32|   ap_fifo  |   out_write_n_r_V_V   |    pointer   |
|out_write_n_r_V_V_full_n      |  in |    1|   ap_fifo  |   out_write_n_r_V_V   |    pointer   |
|out_write_n_r_V_V_write       | out |    1|   ap_fifo  |   out_write_n_r_V_V   |    pointer   |
|out_0_V_V_din                 | out |    8|   ap_fifo  |       out_0_V_V       |    pointer   |
|out_0_V_V_full_n              |  in |    1|   ap_fifo  |       out_0_V_V       |    pointer   |
|out_0_V_V_write               | out |    1|   ap_fifo  |       out_0_V_V       |    pointer   |
|out_1_V_V_din                 | out |    8|   ap_fifo  |       out_1_V_V       |    pointer   |
|out_1_V_V_full_n              |  in |    1|   ap_fifo  |       out_1_V_V       |    pointer   |
|out_1_V_V_write               | out |    1|   ap_fifo  |       out_1_V_V       |    pointer   |
|out_2_V_V_din                 | out |    8|   ap_fifo  |       out_2_V_V       |    pointer   |
|out_2_V_V_full_n              |  in |    1|   ap_fifo  |       out_2_V_V       |    pointer   |
|out_2_V_V_write               | out |    1|   ap_fifo  |       out_2_V_V       |    pointer   |
|out_3_V_V_din                 | out |    8|   ap_fifo  |       out_3_V_V       |    pointer   |
|out_3_V_V_full_n              |  in |    1|   ap_fifo  |       out_3_V_V       |    pointer   |
|out_3_V_V_write               | out |    1|   ap_fifo  |       out_3_V_V       |    pointer   |
|out_4_V_V_din                 | out |    8|   ap_fifo  |       out_4_V_V       |    pointer   |
|out_4_V_V_full_n              |  in |    1|   ap_fifo  |       out_4_V_V       |    pointer   |
|out_4_V_V_write               | out |    1|   ap_fifo  |       out_4_V_V       |    pointer   |
|out_5_V_V_din                 | out |    8|   ap_fifo  |       out_5_V_V       |    pointer   |
|out_5_V_V_full_n              |  in |    1|   ap_fifo  |       out_5_V_V       |    pointer   |
|out_5_V_V_write               | out |    1|   ap_fifo  |       out_5_V_V       |    pointer   |
|out_6_V_V_din                 | out |    8|   ap_fifo  |       out_6_V_V       |    pointer   |
|out_6_V_V_full_n              |  in |    1|   ap_fifo  |       out_6_V_V       |    pointer   |
|out_6_V_V_write               | out |    1|   ap_fifo  |       out_6_V_V       |    pointer   |
|out_7_V_V_din                 | out |    8|   ap_fifo  |       out_7_V_V       |    pointer   |
|out_7_V_V_full_n              |  in |    1|   ap_fifo  |       out_7_V_V       |    pointer   |
|out_7_V_V_write               | out |    1|   ap_fifo  |       out_7_V_V       |    pointer   |
|out_8_V_V_din                 | out |    8|   ap_fifo  |       out_8_V_V       |    pointer   |
|out_8_V_V_full_n              |  in |    1|   ap_fifo  |       out_8_V_V       |    pointer   |
|out_8_V_V_write               | out |    1|   ap_fifo  |       out_8_V_V       |    pointer   |
|out_9_V_V_din                 | out |    8|   ap_fifo  |       out_9_V_V       |    pointer   |
|out_9_V_V_full_n              |  in |    1|   ap_fifo  |       out_9_V_V       |    pointer   |
|out_9_V_V_write               | out |    1|   ap_fifo  |       out_9_V_V       |    pointer   |
|out_10_V_V_din                | out |    8|   ap_fifo  |       out_10_V_V      |    pointer   |
|out_10_V_V_full_n             |  in |    1|   ap_fifo  |       out_10_V_V      |    pointer   |
|out_10_V_V_write              | out |    1|   ap_fifo  |       out_10_V_V      |    pointer   |
|out_11_V_V_din                | out |    8|   ap_fifo  |       out_11_V_V      |    pointer   |
|out_11_V_V_full_n             |  in |    1|   ap_fifo  |       out_11_V_V      |    pointer   |
|out_11_V_V_write              | out |    1|   ap_fifo  |       out_11_V_V      |    pointer   |
|out_12_V_V_din                | out |    8|   ap_fifo  |       out_12_V_V      |    pointer   |
|out_12_V_V_full_n             |  in |    1|   ap_fifo  |       out_12_V_V      |    pointer   |
|out_12_V_V_write              | out |    1|   ap_fifo  |       out_12_V_V      |    pointer   |
|out_13_V_V_din                | out |    8|   ap_fifo  |       out_13_V_V      |    pointer   |
|out_13_V_V_full_n             |  in |    1|   ap_fifo  |       out_13_V_V      |    pointer   |
|out_13_V_V_write              | out |    1|   ap_fifo  |       out_13_V_V      |    pointer   |
|out_14_V_V_din                | out |    8|   ap_fifo  |       out_14_V_V      |    pointer   |
|out_14_V_V_full_n             |  in |    1|   ap_fifo  |       out_14_V_V      |    pointer   |
|out_14_V_V_write              | out |    1|   ap_fifo  |       out_14_V_V      |    pointer   |
|out_15_V_V_din                | out |    8|   ap_fifo  |       out_15_V_V      |    pointer   |
|out_15_V_V_full_n             |  in |    1|   ap_fifo  |       out_15_V_V      |    pointer   |
|out_15_V_V_write              | out |    1|   ap_fifo  |       out_15_V_V      |    pointer   |
|out_16_V_V_din                | out |    8|   ap_fifo  |       out_16_V_V      |    pointer   |
|out_16_V_V_full_n             |  in |    1|   ap_fifo  |       out_16_V_V      |    pointer   |
|out_16_V_V_write              | out |    1|   ap_fifo  |       out_16_V_V      |    pointer   |
|out_17_V_V_din                | out |    8|   ap_fifo  |       out_17_V_V      |    pointer   |
|out_17_V_V_full_n             |  in |    1|   ap_fifo  |       out_17_V_V      |    pointer   |
|out_17_V_V_write              | out |    1|   ap_fifo  |       out_17_V_V      |    pointer   |
|out_18_V_V_din                | out |    8|   ap_fifo  |       out_18_V_V      |    pointer   |
|out_18_V_V_full_n             |  in |    1|   ap_fifo  |       out_18_V_V      |    pointer   |
|out_18_V_V_write              | out |    1|   ap_fifo  |       out_18_V_V      |    pointer   |
|out_19_V_V_din                | out |    8|   ap_fifo  |       out_19_V_V      |    pointer   |
|out_19_V_V_full_n             |  in |    1|   ap_fifo  |       out_19_V_V      |    pointer   |
|out_19_V_V_write              | out |    1|   ap_fifo  |       out_19_V_V      |    pointer   |
|out_20_V_V_din                | out |    8|   ap_fifo  |       out_20_V_V      |    pointer   |
|out_20_V_V_full_n             |  in |    1|   ap_fifo  |       out_20_V_V      |    pointer   |
|out_20_V_V_write              | out |    1|   ap_fifo  |       out_20_V_V      |    pointer   |
|out_21_V_V_din                | out |    8|   ap_fifo  |       out_21_V_V      |    pointer   |
|out_21_V_V_full_n             |  in |    1|   ap_fifo  |       out_21_V_V      |    pointer   |
|out_21_V_V_write              | out |    1|   ap_fifo  |       out_21_V_V      |    pointer   |
|out_22_V_V_din                | out |    8|   ap_fifo  |       out_22_V_V      |    pointer   |
|out_22_V_V_full_n             |  in |    1|   ap_fifo  |       out_22_V_V      |    pointer   |
|out_22_V_V_write              | out |    1|   ap_fifo  |       out_22_V_V      |    pointer   |
|out_23_V_V_din                | out |    8|   ap_fifo  |       out_23_V_V      |    pointer   |
|out_23_V_V_full_n             |  in |    1|   ap_fifo  |       out_23_V_V      |    pointer   |
|out_23_V_V_write              | out |    1|   ap_fifo  |       out_23_V_V      |    pointer   |
|out_24_V_V_din                | out |    8|   ap_fifo  |       out_24_V_V      |    pointer   |
|out_24_V_V_full_n             |  in |    1|   ap_fifo  |       out_24_V_V      |    pointer   |
|out_24_V_V_write              | out |    1|   ap_fifo  |       out_24_V_V      |    pointer   |
|out_25_V_V_din                | out |    8|   ap_fifo  |       out_25_V_V      |    pointer   |
|out_25_V_V_full_n             |  in |    1|   ap_fifo  |       out_25_V_V      |    pointer   |
|out_25_V_V_write              | out |    1|   ap_fifo  |       out_25_V_V      |    pointer   |
|out_26_V_V_din                | out |    8|   ap_fifo  |       out_26_V_V      |    pointer   |
|out_26_V_V_full_n             |  in |    1|   ap_fifo  |       out_26_V_V      |    pointer   |
|out_26_V_V_write              | out |    1|   ap_fifo  |       out_26_V_V      |    pointer   |
|out_27_V_V_din                | out |    8|   ap_fifo  |       out_27_V_V      |    pointer   |
|out_27_V_V_full_n             |  in |    1|   ap_fifo  |       out_27_V_V      |    pointer   |
|out_27_V_V_write              | out |    1|   ap_fifo  |       out_27_V_V      |    pointer   |
|out_28_V_V_din                | out |    8|   ap_fifo  |       out_28_V_V      |    pointer   |
|out_28_V_V_full_n             |  in |    1|   ap_fifo  |       out_28_V_V      |    pointer   |
|out_28_V_V_write              | out |    1|   ap_fifo  |       out_28_V_V      |    pointer   |
|out_29_V_V_din                | out |    8|   ap_fifo  |       out_29_V_V      |    pointer   |
|out_29_V_V_full_n             |  in |    1|   ap_fifo  |       out_29_V_V      |    pointer   |
|out_29_V_V_write              | out |    1|   ap_fifo  |       out_29_V_V      |    pointer   |
|out_30_V_V_din                | out |    8|   ap_fifo  |       out_30_V_V      |    pointer   |
|out_30_V_V_full_n             |  in |    1|   ap_fifo  |       out_30_V_V      |    pointer   |
|out_30_V_V_write              | out |    1|   ap_fifo  |       out_30_V_V      |    pointer   |
|out_31_V_V_din                | out |    8|   ap_fifo  |       out_31_V_V      |    pointer   |
|out_31_V_V_full_n             |  in |    1|   ap_fifo  |       out_31_V_V      |    pointer   |
|out_31_V_V_write              | out |    1|   ap_fifo  |       out_31_V_V      |    pointer   |
|out_32_V_V_din                | out |    8|   ap_fifo  |       out_32_V_V      |    pointer   |
|out_32_V_V_full_n             |  in |    1|   ap_fifo  |       out_32_V_V      |    pointer   |
|out_32_V_V_write              | out |    1|   ap_fifo  |       out_32_V_V      |    pointer   |
|out_33_V_V_din                | out |    8|   ap_fifo  |       out_33_V_V      |    pointer   |
|out_33_V_V_full_n             |  in |    1|   ap_fifo  |       out_33_V_V      |    pointer   |
|out_33_V_V_write              | out |    1|   ap_fifo  |       out_33_V_V      |    pointer   |
|out_34_V_V_din                | out |    8|   ap_fifo  |       out_34_V_V      |    pointer   |
|out_34_V_V_full_n             |  in |    1|   ap_fifo  |       out_34_V_V      |    pointer   |
|out_34_V_V_write              | out |    1|   ap_fifo  |       out_34_V_V      |    pointer   |
|out_35_V_V_din                | out |    8|   ap_fifo  |       out_35_V_V      |    pointer   |
|out_35_V_V_full_n             |  in |    1|   ap_fifo  |       out_35_V_V      |    pointer   |
|out_35_V_V_write              | out |    1|   ap_fifo  |       out_35_V_V      |    pointer   |
|out_36_V_V_din                | out |    8|   ap_fifo  |       out_36_V_V      |    pointer   |
|out_36_V_V_full_n             |  in |    1|   ap_fifo  |       out_36_V_V      |    pointer   |
|out_36_V_V_write              | out |    1|   ap_fifo  |       out_36_V_V      |    pointer   |
|out_37_V_V_din                | out |    8|   ap_fifo  |       out_37_V_V      |    pointer   |
|out_37_V_V_full_n             |  in |    1|   ap_fifo  |       out_37_V_V      |    pointer   |
|out_37_V_V_write              | out |    1|   ap_fifo  |       out_37_V_V      |    pointer   |
|out_38_V_V_din                | out |    8|   ap_fifo  |       out_38_V_V      |    pointer   |
|out_38_V_V_full_n             |  in |    1|   ap_fifo  |       out_38_V_V      |    pointer   |
|out_38_V_V_write              | out |    1|   ap_fifo  |       out_38_V_V      |    pointer   |
|out_39_V_V_din                | out |    8|   ap_fifo  |       out_39_V_V      |    pointer   |
|out_39_V_V_full_n             |  in |    1|   ap_fifo  |       out_39_V_V      |    pointer   |
|out_39_V_V_write              | out |    1|   ap_fifo  |       out_39_V_V      |    pointer   |
|out_40_V_V_din                | out |    8|   ap_fifo  |       out_40_V_V      |    pointer   |
|out_40_V_V_full_n             |  in |    1|   ap_fifo  |       out_40_V_V      |    pointer   |
|out_40_V_V_write              | out |    1|   ap_fifo  |       out_40_V_V      |    pointer   |
|out_41_V_V_din                | out |    8|   ap_fifo  |       out_41_V_V      |    pointer   |
|out_41_V_V_full_n             |  in |    1|   ap_fifo  |       out_41_V_V      |    pointer   |
|out_41_V_V_write              | out |    1|   ap_fifo  |       out_41_V_V      |    pointer   |
|out_42_V_V_din                | out |    8|   ap_fifo  |       out_42_V_V      |    pointer   |
|out_42_V_V_full_n             |  in |    1|   ap_fifo  |       out_42_V_V      |    pointer   |
|out_42_V_V_write              | out |    1|   ap_fifo  |       out_42_V_V      |    pointer   |
|out_43_V_V_din                | out |    8|   ap_fifo  |       out_43_V_V      |    pointer   |
|out_43_V_V_full_n             |  in |    1|   ap_fifo  |       out_43_V_V      |    pointer   |
|out_43_V_V_write              | out |    1|   ap_fifo  |       out_43_V_V      |    pointer   |
|out_44_V_V_din                | out |    8|   ap_fifo  |       out_44_V_V      |    pointer   |
|out_44_V_V_full_n             |  in |    1|   ap_fifo  |       out_44_V_V      |    pointer   |
|out_44_V_V_write              | out |    1|   ap_fifo  |       out_44_V_V      |    pointer   |
|out_45_V_V_din                | out |    8|   ap_fifo  |       out_45_V_V      |    pointer   |
|out_45_V_V_full_n             |  in |    1|   ap_fifo  |       out_45_V_V      |    pointer   |
|out_45_V_V_write              | out |    1|   ap_fifo  |       out_45_V_V      |    pointer   |
|out_46_V_V_din                | out |    8|   ap_fifo  |       out_46_V_V      |    pointer   |
|out_46_V_V_full_n             |  in |    1|   ap_fifo  |       out_46_V_V      |    pointer   |
|out_46_V_V_write              | out |    1|   ap_fifo  |       out_46_V_V      |    pointer   |
|out_47_V_V_din                | out |    8|   ap_fifo  |       out_47_V_V      |    pointer   |
|out_47_V_V_full_n             |  in |    1|   ap_fifo  |       out_47_V_V      |    pointer   |
|out_47_V_V_write              | out |    1|   ap_fifo  |       out_47_V_V      |    pointer   |
|out_48_V_V_din                | out |    8|   ap_fifo  |       out_48_V_V      |    pointer   |
|out_48_V_V_full_n             |  in |    1|   ap_fifo  |       out_48_V_V      |    pointer   |
|out_48_V_V_write              | out |    1|   ap_fifo  |       out_48_V_V      |    pointer   |
|out_49_V_V_din                | out |    8|   ap_fifo  |       out_49_V_V      |    pointer   |
|out_49_V_V_full_n             |  in |    1|   ap_fifo  |       out_49_V_V      |    pointer   |
|out_49_V_V_write              | out |    1|   ap_fifo  |       out_49_V_V      |    pointer   |
|out_50_V_V_din                | out |    8|   ap_fifo  |       out_50_V_V      |    pointer   |
|out_50_V_V_full_n             |  in |    1|   ap_fifo  |       out_50_V_V      |    pointer   |
|out_50_V_V_write              | out |    1|   ap_fifo  |       out_50_V_V      |    pointer   |
|out_51_V_V_din                | out |    8|   ap_fifo  |       out_51_V_V      |    pointer   |
|out_51_V_V_full_n             |  in |    1|   ap_fifo  |       out_51_V_V      |    pointer   |
|out_51_V_V_write              | out |    1|   ap_fifo  |       out_51_V_V      |    pointer   |
|out_52_V_V_din                | out |    8|   ap_fifo  |       out_52_V_V      |    pointer   |
|out_52_V_V_full_n             |  in |    1|   ap_fifo  |       out_52_V_V      |    pointer   |
|out_52_V_V_write              | out |    1|   ap_fifo  |       out_52_V_V      |    pointer   |
|out_53_V_V_din                | out |    8|   ap_fifo  |       out_53_V_V      |    pointer   |
|out_53_V_V_full_n             |  in |    1|   ap_fifo  |       out_53_V_V      |    pointer   |
|out_53_V_V_write              | out |    1|   ap_fifo  |       out_53_V_V      |    pointer   |
|out_54_V_V_din                | out |    8|   ap_fifo  |       out_54_V_V      |    pointer   |
|out_54_V_V_full_n             |  in |    1|   ap_fifo  |       out_54_V_V      |    pointer   |
|out_54_V_V_write              | out |    1|   ap_fifo  |       out_54_V_V      |    pointer   |
|out_55_V_V_din                | out |    8|   ap_fifo  |       out_55_V_V      |    pointer   |
|out_55_V_V_full_n             |  in |    1|   ap_fifo  |       out_55_V_V      |    pointer   |
|out_55_V_V_write              | out |    1|   ap_fifo  |       out_55_V_V      |    pointer   |
|out_56_V_V_din                | out |    8|   ap_fifo  |       out_56_V_V      |    pointer   |
|out_56_V_V_full_n             |  in |    1|   ap_fifo  |       out_56_V_V      |    pointer   |
|out_56_V_V_write              | out |    1|   ap_fifo  |       out_56_V_V      |    pointer   |
|out_57_V_V_din                | out |    8|   ap_fifo  |       out_57_V_V      |    pointer   |
|out_57_V_V_full_n             |  in |    1|   ap_fifo  |       out_57_V_V      |    pointer   |
|out_57_V_V_write              | out |    1|   ap_fifo  |       out_57_V_V      |    pointer   |
|out_58_V_V_din                | out |    8|   ap_fifo  |       out_58_V_V      |    pointer   |
|out_58_V_V_full_n             |  in |    1|   ap_fifo  |       out_58_V_V      |    pointer   |
|out_58_V_V_write              | out |    1|   ap_fifo  |       out_58_V_V      |    pointer   |
|out_59_V_V_din                | out |    8|   ap_fifo  |       out_59_V_V      |    pointer   |
|out_59_V_V_full_n             |  in |    1|   ap_fifo  |       out_59_V_V      |    pointer   |
|out_59_V_V_write              | out |    1|   ap_fifo  |       out_59_V_V      |    pointer   |
|out_60_V_V_din                | out |    8|   ap_fifo  |       out_60_V_V      |    pointer   |
|out_60_V_V_full_n             |  in |    1|   ap_fifo  |       out_60_V_V      |    pointer   |
|out_60_V_V_write              | out |    1|   ap_fifo  |       out_60_V_V      |    pointer   |
|out_61_V_V_din                | out |    8|   ap_fifo  |       out_61_V_V      |    pointer   |
|out_61_V_V_full_n             |  in |    1|   ap_fifo  |       out_61_V_V      |    pointer   |
|out_61_V_V_write              | out |    1|   ap_fifo  |       out_61_V_V      |    pointer   |
|out_62_V_V_din                | out |    8|   ap_fifo  |       out_62_V_V      |    pointer   |
|out_62_V_V_full_n             |  in |    1|   ap_fifo  |       out_62_V_V      |    pointer   |
|out_62_V_V_write              | out |    1|   ap_fifo  |       out_62_V_V      |    pointer   |
|out_63_V_V_din                | out |    8|   ap_fifo  |       out_63_V_V      |    pointer   |
|out_63_V_V_full_n             |  in |    1|   ap_fifo  |       out_63_V_V      |    pointer   |
|out_63_V_V_write              | out |    1|   ap_fifo  |       out_63_V_V      |    pointer   |
+------------------------------+-----+-----+------------+-----------------------+--------------+

