

================================================================
== Vivado HLS Report for 'AttentionMatmulReadB'
================================================================
* Date:           Fri Jan 13 09:14:13 2023

* Version:        2019.1 (Build 2552052 on Fri May 24 15:28:33 MDT 2019)
* Project:        hls_project
* Solution:       solution_1
* Product family: zynquplus
* Target device:  xczu19eg-ffvc1760-2-i


================================================================
== Performance Estimates
================================================================
+ Timing (ns): 
    * Summary: 
    +--------+-------+----------+------------+
    |  Clock | Target| Estimated| Uncertainty|
    +--------+-------+----------+------------+
    |ap_clk  |   5.00|     3.676|        0.62|
    +--------+-------+----------+------------+

+ Latency (clock cycles): 
    * Summary: 
    +-----+------+-----+------+---------+
    |   Latency  |  Interval  | Pipeline|
    | min |  max | min |  max |   Type  |
    +-----+------+-----+------+---------+
    |   20|  8260|   20|  8260|   none  |
    +-----+------+-----+------+---------+

    + Detail: 
        * Instance: 
        N/A

        * Loop: 
        +----------+-----+------+----------+-----------+-----------+----------+----------+
        |          |   Latency  | Iteration|  Initiation Interval  |   Trip   |          |
        | Loop Name| min |  max |  Latency |  achieved |   target  |   Count  | Pipelined|
        +----------+-----+------+----------+-----------+-----------+----------+----------+
        |- Loop 1  |   16|   128|         2|          1|          1| 16 ~ 128 |    yes   |
        |- Loop 2  |    0|  8128|         2|          1|          1| 0 ~ 8128 |    yes   |
        +----------+-----+------+----------+-----------+-----------+----------+----------+



================================================================
== Utilization Estimates
================================================================
* Summary: 
+-----------------+---------+-------+---------+--------+-----+
|       Name      | BRAM_18K| DSP48E|    FF   |   LUT  | URAM|
+-----------------+---------+-------+---------+--------+-----+
|DSP              |        -|      1|        -|       -|    -|
|Expression       |        -|      -|        0|     196|    -|
|FIFO             |        -|      -|        -|       -|    -|
|Instance         |        -|      -|        -|       -|    -|
|Memory           |        0|      -|     2048|    1024|    0|
|Multiplexer      |        -|      -|        -|    5163|    -|
|Register         |        -|      -|      713|       -|    -|
+-----------------+---------+-------+---------+--------+-----+
|Total            |        0|      1|     2761|    6383|    0|
+-----------------+---------+-------+---------+--------+-----+
|Available        |     1968|   1968|  1045440|  522720|  128|
+-----------------+---------+-------+---------+--------+-----+
|Utilization (%)  |        0|   ~0  |    ~0   |       1|    0|
+-----------------+---------+-------+---------+--------+-----+

+ Detail: 
    * Instance: 
    N/A

    * DSP48E: 
    +---------------------------------------+-----------------------------------+-----------+
    |                Instance               |               Module              | Expression|
    +---------------------------------------+-----------------------------------+-----------+
    |kernel_4_mul_mul_15ns_17ns_32_1_1_U98  |kernel_4_mul_mul_15ns_17ns_32_1_1  |  i0 * i1  |
    +---------------------------------------+-----------------------------------+-----------+

    * Memory: 
    +-------------------+-------------------------------------+---------+----+----+-----+------+-----+------+-------------+
    |       Memory      |                Module               | BRAM_18K| FF | LUT| URAM| Words| Bits| Banks| W*Bits*Banks|
    +-------------------+-------------------------------------+---------+----+----+-----+------+-----+------+-------------+
    |buffer_0_0_0_V_U   |AttentionMatmulReadB_buffer_0_0_0_V  |        0|  16|   8|    0|    64|    8|     1|          512|
    |buffer_0_0_1_V_U   |AttentionMatmulReadB_buffer_0_0_0_V  |        0|  16|   8|    0|    64|    8|     1|          512|
    |buffer_0_0_2_V_U   |AttentionMatmulReadB_buffer_0_0_0_V  |        0|  16|   8|    0|    64|    8|     1|          512|
    |buffer_0_0_3_V_U   |AttentionMatmulReadB_buffer_0_0_0_V  |        0|  16|   8|    0|    64|    8|     1|          512|
    |buffer_0_0_4_V_U   |AttentionMatmulReadB_buffer_0_0_0_V  |        0|  16|   8|    0|    64|    8|     1|          512|
    |buffer_0_0_5_V_U   |AttentionMatmulReadB_buffer_0_0_0_V  |        0|  16|   8|    0|    64|    8|     1|          512|
    |buffer_0_0_6_V_U   |AttentionMatmulReadB_buffer_0_0_0_V  |        0|  16|   8|    0|    64|    8|     1|          512|
    |buffer_0_0_7_V_U   |AttentionMatmulReadB_buffer_0_0_0_V  |        0|  16|   8|    0|    64|    8|     1|          512|
    |buffer_0_0_8_V_U   |AttentionMatmulReadB_buffer_0_0_0_V  |        0|  16|   8|    0|    64|    8|     1|          512|
    |buffer_0_0_9_V_U   |AttentionMatmulReadB_buffer_0_0_0_V  |        0|  16|   8|    0|    64|    8|     1|          512|
    |buffer_0_0_10_V_U  |AttentionMatmulReadB_buffer_0_0_0_V  |        0|  16|   8|    0|    64|    8|     1|          512|
    |buffer_0_0_11_V_U  |AttentionMatmulReadB_buffer_0_0_0_V  |        0|  16|   8|    0|    64|    8|     1|          512|
    |buffer_0_0_12_V_U  |AttentionMatmulReadB_buffer_0_0_0_V  |        0|  16|   8|    0|    64|    8|     1|          512|
    |buffer_0_0_13_V_U  |AttentionMatmulReadB_buffer_0_0_0_V  |        0|  16|   8|    0|    64|    8|     1|          512|
    |buffer_0_0_14_V_U  |AttentionMatmulReadB_buffer_0_0_0_V  |        0|  16|   8|    0|    64|    8|     1|          512|
    |buffer_0_0_15_V_U  |AttentionMatmulReadB_buffer_0_0_0_V  |        0|  16|   8|    0|    64|    8|     1|          512|
    |buffer_0_0_16_V_U  |AttentionMatmulReadB_buffer_0_0_0_V  |        0|  16|   8|    0|    64|    8|     1|          512|
    |buffer_0_0_17_V_U  |AttentionMatmulReadB_buffer_0_0_0_V  |        0|  16|   8|    0|    64|    8|     1|          512|
    |buffer_0_0_18_V_U  |AttentionMatmulReadB_buffer_0_0_0_V  |        0|  16|   8|    0|    64|    8|     1|          512|
    |buffer_0_0_19_V_U  |AttentionMatmulReadB_buffer_0_0_0_V  |        0|  16|   8|    0|    64|    8|     1|          512|
    |buffer_0_0_20_V_U  |AttentionMatmulReadB_buffer_0_0_0_V  |        0|  16|   8|    0|    64|    8|     1|          512|
    |buffer_0_0_21_V_U  |AttentionMatmulReadB_buffer_0_0_0_V  |        0|  16|   8|    0|    64|    8|     1|          512|
    |buffer_0_0_22_V_U  |AttentionMatmulReadB_buffer_0_0_0_V  |        0|  16|   8|    0|    64|    8|     1|          512|
    |buffer_0_0_23_V_U  |AttentionMatmulReadB_buffer_0_0_0_V  |        0|  16|   8|    0|    64|    8|     1|          512|
    |buffer_0_0_24_V_U  |AttentionMatmulReadB_buffer_0_0_0_V  |        0|  16|   8|    0|    64|    8|     1|          512|
    |buffer_0_0_25_V_U  |AttentionMatmulReadB_buffer_0_0_0_V  |        0|  16|   8|    0|    64|    8|     1|          512|
    |buffer_0_0_26_V_U  |AttentionMatmulReadB_buffer_0_0_0_V  |        0|  16|   8|    0|    64|    8|     1|          512|
    |buffer_0_0_27_V_U  |AttentionMatmulReadB_buffer_0_0_0_V  |        0|  16|   8|    0|    64|    8|     1|          512|
    |buffer_0_0_28_V_U  |AttentionMatmulReadB_buffer_0_0_0_V  |        0|  16|   8|    0|    64|    8|     1|          512|
    |buffer_0_0_29_V_U  |AttentionMatmulReadB_buffer_0_0_0_V  |        0|  16|   8|    0|    64|    8|     1|          512|
    |buffer_0_0_30_V_U  |AttentionMatmulReadB_buffer_0_0_0_V  |        0|  16|   8|    0|    64|    8|     1|          512|
    |buffer_0_0_31_V_U  |AttentionMatmulReadB_buffer_0_0_0_V  |        0|  16|   8|    0|    64|    8|     1|          512|
    |buffer_0_0_32_V_U  |AttentionMatmulReadB_buffer_0_0_0_V  |        0|  16|   8|    0|    64|    8|     1|          512|
    |buffer_0_0_33_V_U  |AttentionMatmulReadB_buffer_0_0_0_V  |        0|  16|   8|    0|    64|    8|     1|          512|
    |buffer_0_0_34_V_U  |AttentionMatmulReadB_buffer_0_0_0_V  |        0|  16|   8|    0|    64|    8|     1|          512|
    |buffer_0_0_35_V_U  |AttentionMatmulReadB_buffer_0_0_0_V  |        0|  16|   8|    0|    64|    8|     1|          512|
    |buffer_0_0_36_V_U  |AttentionMatmulReadB_buffer_0_0_0_V  |        0|  16|   8|    0|    64|    8|     1|          512|
    |buffer_0_0_37_V_U  |AttentionMatmulReadB_buffer_0_0_0_V  |        0|  16|   8|    0|    64|    8|     1|          512|
    |buffer_0_0_38_V_U  |AttentionMatmulReadB_buffer_0_0_0_V  |        0|  16|   8|    0|    64|    8|     1|          512|
    |buffer_0_0_39_V_U  |AttentionMatmulReadB_buffer_0_0_0_V  |        0|  16|   8|    0|    64|    8|     1|          512|
    |buffer_0_0_40_V_U  |AttentionMatmulReadB_buffer_0_0_0_V  |        0|  16|   8|    0|    64|    8|     1|          512|
    |buffer_0_0_41_V_U  |AttentionMatmulReadB_buffer_0_0_0_V  |        0|  16|   8|    0|    64|    8|     1|          512|
    |buffer_0_0_42_V_U  |AttentionMatmulReadB_buffer_0_0_0_V  |        0|  16|   8|    0|    64|    8|     1|          512|
    |buffer_0_0_43_V_U  |AttentionMatmulReadB_buffer_0_0_0_V  |        0|  16|   8|    0|    64|    8|     1|          512|
    |buffer_0_0_44_V_U  |AttentionMatmulReadB_buffer_0_0_0_V  |        0|  16|   8|    0|    64|    8|     1|          512|
    |buffer_0_0_45_V_U  |AttentionMatmulReadB_buffer_0_0_0_V  |        0|  16|   8|    0|    64|    8|     1|          512|
    |buffer_0_0_46_V_U  |AttentionMatmulReadB_buffer_0_0_0_V  |        0|  16|   8|    0|    64|    8|     1|          512|
    |buffer_0_0_47_V_U  |AttentionMatmulReadB_buffer_0_0_0_V  |        0|  16|   8|    0|    64|    8|     1|          512|
    |buffer_0_0_48_V_U  |AttentionMatmulReadB_buffer_0_0_0_V  |        0|  16|   8|    0|    64|    8|     1|          512|
    |buffer_0_0_49_V_U  |AttentionMatmulReadB_buffer_0_0_0_V  |        0|  16|   8|    0|    64|    8|     1|          512|
    |buffer_0_0_50_V_U  |AttentionMatmulReadB_buffer_0_0_0_V  |        0|  16|   8|    0|    64|    8|     1|          512|
    |buffer_0_0_51_V_U  |AttentionMatmulReadB_buffer_0_0_0_V  |        0|  16|   8|    0|    64|    8|     1|          512|
    |buffer_0_0_52_V_U  |AttentionMatmulReadB_buffer_0_0_0_V  |        0|  16|   8|    0|    64|    8|     1|          512|
    |buffer_0_0_53_V_U  |AttentionMatmulReadB_buffer_0_0_0_V  |        0|  16|   8|    0|    64|    8|     1|          512|
    |buffer_0_0_54_V_U  |AttentionMatmulReadB_buffer_0_0_0_V  |        0|  16|   8|    0|    64|    8|     1|          512|
    |buffer_0_0_55_V_U  |AttentionMatmulReadB_buffer_0_0_0_V  |        0|  16|   8|    0|    64|    8|     1|          512|
    |buffer_0_0_56_V_U  |AttentionMatmulReadB_buffer_0_0_0_V  |        0|  16|   8|    0|    64|    8|     1|          512|
    |buffer_0_0_57_V_U  |AttentionMatmulReadB_buffer_0_0_0_V  |        0|  16|   8|    0|    64|    8|     1|          512|
    |buffer_0_0_58_V_U  |AttentionMatmulReadB_buffer_0_0_0_V  |        0|  16|   8|    0|    64|    8|     1|          512|
    |buffer_0_0_59_V_U  |AttentionMatmulReadB_buffer_0_0_0_V  |        0|  16|   8|    0|    64|    8|     1|          512|
    |buffer_0_0_60_V_U  |AttentionMatmulReadB_buffer_0_0_0_V  |        0|  16|   8|    0|    64|    8|     1|          512|
    |buffer_0_0_61_V_U  |AttentionMatmulReadB_buffer_0_0_0_V  |        0|  16|   8|    0|    64|    8|     1|          512|
    |buffer_0_0_62_V_U  |AttentionMatmulReadB_buffer_0_0_0_V  |        0|  16|   8|    0|    64|    8|     1|          512|
    |buffer_0_0_63_V_U  |AttentionMatmulReadB_buffer_0_0_0_V  |        0|  16|   8|    0|    64|    8|     1|          512|
    |buffer_0_1_0_V_U   |AttentionMatmulReadB_buffer_0_0_0_V  |        0|  16|   8|    0|    64|    8|     1|          512|
    |buffer_0_1_1_V_U   |AttentionMatmulReadB_buffer_0_0_0_V  |        0|  16|   8|    0|    64|    8|     1|          512|
    |buffer_0_1_2_V_U   |AttentionMatmulReadB_buffer_0_0_0_V  |        0|  16|   8|    0|    64|    8|     1|          512|
    |buffer_0_1_3_V_U   |AttentionMatmulReadB_buffer_0_0_0_V  |        0|  16|   8|    0|    64|    8|     1|          512|
    |buffer_0_1_4_V_U   |AttentionMatmulReadB_buffer_0_0_0_V  |        0|  16|   8|    0|    64|    8|     1|          512|
    |buffer_0_1_5_V_U   |AttentionMatmulReadB_buffer_0_0_0_V  |        0|  16|   8|    0|    64|    8|     1|          512|
    |buffer_0_1_6_V_U   |AttentionMatmulReadB_buffer_0_0_0_V  |        0|  16|   8|    0|    64|    8|     1|          512|
    |buffer_0_1_7_V_U   |AttentionMatmulReadB_buffer_0_0_0_V  |        0|  16|   8|    0|    64|    8|     1|          512|
    |buffer_0_1_8_V_U   |AttentionMatmulReadB_buffer_0_0_0_V  |        0|  16|   8|    0|    64|    8|     1|          512|
    |buffer_0_1_9_V_U   |AttentionMatmulReadB_buffer_0_0_0_V  |        0|  16|   8|    0|    64|    8|     1|          512|
    |buffer_0_1_10_V_U  |AttentionMatmulReadB_buffer_0_0_0_V  |        0|  16|   8|    0|    64|    8|     1|          512|
    |buffer_0_1_11_V_U  |AttentionMatmulReadB_buffer_0_0_0_V  |        0|  16|   8|    0|    64|    8|     1|          512|
    |buffer_0_1_12_V_U  |AttentionMatmulReadB_buffer_0_0_0_V  |        0|  16|   8|    0|    64|    8|     1|          512|
    |buffer_0_1_13_V_U  |AttentionMatmulReadB_buffer_0_0_0_V  |        0|  16|   8|    0|    64|    8|     1|          512|
    |buffer_0_1_14_V_U  |AttentionMatmulReadB_buffer_0_0_0_V  |        0|  16|   8|    0|    64|    8|     1|          512|
    |buffer_0_1_15_V_U  |AttentionMatmulReadB_buffer_0_0_0_V  |        0|  16|   8|    0|    64|    8|     1|          512|
    |buffer_0_1_16_V_U  |AttentionMatmulReadB_buffer_0_0_0_V  |        0|  16|   8|    0|    64|    8|     1|          512|
    |buffer_0_1_17_V_U  |AttentionMatmulReadB_buffer_0_0_0_V  |        0|  16|   8|    0|    64|    8|     1|          512|
    |buffer_0_1_18_V_U  |AttentionMatmulReadB_buffer_0_0_0_V  |        0|  16|   8|    0|    64|    8|     1|          512|
    |buffer_0_1_19_V_U  |AttentionMatmulReadB_buffer_0_0_0_V  |        0|  16|   8|    0|    64|    8|     1|          512|
    |buffer_0_1_20_V_U  |AttentionMatmulReadB_buffer_0_0_0_V  |        0|  16|   8|    0|    64|    8|     1|          512|
    |buffer_0_1_21_V_U  |AttentionMatmulReadB_buffer_0_0_0_V  |        0|  16|   8|    0|    64|    8|     1|          512|
    |buffer_0_1_22_V_U  |AttentionMatmulReadB_buffer_0_0_0_V  |        0|  16|   8|    0|    64|    8|     1|          512|
    |buffer_0_1_23_V_U  |AttentionMatmulReadB_buffer_0_0_0_V  |        0|  16|   8|    0|    64|    8|     1|          512|
    |buffer_0_1_24_V_U  |AttentionMatmulReadB_buffer_0_0_0_V  |        0|  16|   8|    0|    64|    8|     1|          512|
    |buffer_0_1_25_V_U  |AttentionMatmulReadB_buffer_0_0_0_V  |        0|  16|   8|    0|    64|    8|     1|          512|
    |buffer_0_1_26_V_U  |AttentionMatmulReadB_buffer_0_0_0_V  |        0|  16|   8|    0|    64|    8|     1|          512|
    |buffer_0_1_27_V_U  |AttentionMatmulReadB_buffer_0_0_0_V  |        0|  16|   8|    0|    64|    8|     1|          512|
    |buffer_0_1_28_V_U  |AttentionMatmulReadB_buffer_0_0_0_V  |        0|  16|   8|    0|    64|    8|     1|          512|
    |buffer_0_1_29_V_U  |AttentionMatmulReadB_buffer_0_0_0_V  |        0|  16|   8|    0|    64|    8|     1|          512|
    |buffer_0_1_30_V_U  |AttentionMatmulReadB_buffer_0_0_0_V  |        0|  16|   8|    0|    64|    8|     1|          512|
    |buffer_0_1_31_V_U  |AttentionMatmulReadB_buffer_0_0_0_V  |        0|  16|   8|    0|    64|    8|     1|          512|
    |buffer_0_1_32_V_U  |AttentionMatmulReadB_buffer_0_0_0_V  |        0|  16|   8|    0|    64|    8|     1|          512|
    |buffer_0_1_33_V_U  |AttentionMatmulReadB_buffer_0_0_0_V  |        0|  16|   8|    0|    64|    8|     1|          512|
    |buffer_0_1_34_V_U  |AttentionMatmulReadB_buffer_0_0_0_V  |        0|  16|   8|    0|    64|    8|     1|          512|
    |buffer_0_1_35_V_U  |AttentionMatmulReadB_buffer_0_0_0_V  |        0|  16|   8|    0|    64|    8|     1|          512|
    |buffer_0_1_36_V_U  |AttentionMatmulReadB_buffer_0_0_0_V  |        0|  16|   8|    0|    64|    8|     1|          512|
    |buffer_0_1_37_V_U  |AttentionMatmulReadB_buffer_0_0_0_V  |        0|  16|   8|    0|    64|    8|     1|          512|
    |buffer_0_1_38_V_U  |AttentionMatmulReadB_buffer_0_0_0_V  |        0|  16|   8|    0|    64|    8|     1|          512|
    |buffer_0_1_39_V_U  |AttentionMatmulReadB_buffer_0_0_0_V  |        0|  16|   8|    0|    64|    8|     1|          512|
    |buffer_0_1_40_V_U  |AttentionMatmulReadB_buffer_0_0_0_V  |        0|  16|   8|    0|    64|    8|     1|          512|
    |buffer_0_1_41_V_U  |AttentionMatmulReadB_buffer_0_0_0_V  |        0|  16|   8|    0|    64|    8|     1|          512|
    |buffer_0_1_42_V_U  |AttentionMatmulReadB_buffer_0_0_0_V  |        0|  16|   8|    0|    64|    8|     1|          512|
    |buffer_0_1_43_V_U  |AttentionMatmulReadB_buffer_0_0_0_V  |        0|  16|   8|    0|    64|    8|     1|          512|
    |buffer_0_1_44_V_U  |AttentionMatmulReadB_buffer_0_0_0_V  |        0|  16|   8|    0|    64|    8|     1|          512|
    |buffer_0_1_45_V_U  |AttentionMatmulReadB_buffer_0_0_0_V  |        0|  16|   8|    0|    64|    8|     1|          512|
    |buffer_0_1_46_V_U  |AttentionMatmulReadB_buffer_0_0_0_V  |        0|  16|   8|    0|    64|    8|     1|          512|
    |buffer_0_1_47_V_U  |AttentionMatmulReadB_buffer_0_0_0_V  |        0|  16|   8|    0|    64|    8|     1|          512|
    |buffer_0_1_48_V_U  |AttentionMatmulReadB_buffer_0_0_0_V  |        0|  16|   8|    0|    64|    8|     1|          512|
    |buffer_0_1_49_V_U  |AttentionMatmulReadB_buffer_0_0_0_V  |        0|  16|   8|    0|    64|    8|     1|          512|
    |buffer_0_1_50_V_U  |AttentionMatmulReadB_buffer_0_0_0_V  |        0|  16|   8|    0|    64|    8|     1|          512|
    |buffer_0_1_51_V_U  |AttentionMatmulReadB_buffer_0_0_0_V  |        0|  16|   8|    0|    64|    8|     1|          512|
    |buffer_0_1_52_V_U  |AttentionMatmulReadB_buffer_0_0_0_V  |        0|  16|   8|    0|    64|    8|     1|          512|
    |buffer_0_1_53_V_U  |AttentionMatmulReadB_buffer_0_0_0_V  |        0|  16|   8|    0|    64|    8|     1|          512|
    |buffer_0_1_54_V_U  |AttentionMatmulReadB_buffer_0_0_0_V  |        0|  16|   8|    0|    64|    8|     1|          512|
    |buffer_0_1_55_V_U  |AttentionMatmulReadB_buffer_0_0_0_V  |        0|  16|   8|    0|    64|    8|     1|          512|
    |buffer_0_1_56_V_U  |AttentionMatmulReadB_buffer_0_0_0_V  |        0|  16|   8|    0|    64|    8|     1|          512|
    |buffer_0_1_57_V_U  |AttentionMatmulReadB_buffer_0_0_0_V  |        0|  16|   8|    0|    64|    8|     1|          512|
    |buffer_0_1_58_V_U  |AttentionMatmulReadB_buffer_0_0_0_V  |        0|  16|   8|    0|    64|    8|     1|          512|
    |buffer_0_1_59_V_U  |AttentionMatmulReadB_buffer_0_0_0_V  |        0|  16|   8|    0|    64|    8|     1|          512|
    |buffer_0_1_60_V_U  |AttentionMatmulReadB_buffer_0_0_0_V  |        0|  16|   8|    0|    64|    8|     1|          512|
    |buffer_0_1_61_V_U  |AttentionMatmulReadB_buffer_0_0_0_V  |        0|  16|   8|    0|    64|    8|     1|          512|
    |buffer_0_1_62_V_U  |AttentionMatmulReadB_buffer_0_0_0_V  |        0|  16|   8|    0|    64|    8|     1|          512|
    |buffer_0_1_63_V_U  |AttentionMatmulReadB_buffer_0_0_0_V  |        0|  16|   8|    0|    64|    8|     1|          512|
    +-------------------+-------------------------------------+---------+----+----+-----+------+-----+------+-------------+
    |Total              |                                     |        0|2048|1024|    0|  8192| 1024|   128|        65536|
    +-------------------+-------------------------------------+---------+----+----+-----+------+-----+------+-------------+

    * FIFO: 
    N/A

    * Expression: 
    +----------------------------------+----------+-------+---+----+------------+------------+
    |           Variable Name          | Operation| DSP48E| FF| LUT| Bitwidth P0| Bitwidth P1|
    +----------------------------------+----------+-------+---+----+------------+------------+
    |add_ln887_fu_7342_p2              |     +    |      0|  0|  39|          32|           1|
    |i_V_fu_6266_p2                    |     +    |      0|  0|  23|          16|           1|
    |i_fu_7493_p2                      |     +    |      0|  0|  22|          15|           1|
    |ret_V_fu_7323_p2                  |     +    |      0|  0|  24|           2|          17|
    |ap_block_pp0_stage0_01001         |    and   |      0|  0|   2|           1|           1|
    |ap_block_pp1_stage0_01001         |    and   |      0|  0|   2|           1|           1|
    |io_acc_block_signal_op272         |    and   |      0|  0|   2|           1|           1|
    |icmp_ln887_15_fu_7337_p2          |   icmp   |      0|  0|  20|          32|          32|
    |icmp_ln887_fu_6261_p2             |   icmp   |      0|  0|  20|          32|          32|
    |icmp_ln950_fu_7348_p2             |   icmp   |      0|  0|  13|          15|          15|
    |ap_block_state1                   |    or    |      0|  0|   2|           1|           1|
    |ap_block_state3_pp0_stage0_iter1  |    or    |      0|  0|   2|           1|           1|
    |ap_block_state6_pp1_stage0_iter1  |    or    |      0|  0|   2|           1|           1|
    |select_ln302_fu_7353_p3           |  select  |      0|  0|  15|           1|           1|
    |ap_enable_pp0                     |    xor   |      0|  0|   2|           1|           2|
    |ap_enable_pp1                     |    xor   |      0|  0|   2|           1|           2|
    |ap_enable_reg_pp0_iter1           |    xor   |      0|  0|   2|           2|           1|
    |ap_enable_reg_pp1_iter1           |    xor   |      0|  0|   2|           2|           1|
    +----------------------------------+----------+-------+---+----+------------+------------+
    |Total                             |          |      0|  0| 196|         157|         112|
    +----------------------------------+----------+-------+---+----+------------+------------+

    * Multiplexer: 
    +-----------------------------+----+-----------+-----+-----------+
    |             Name            | LUT| Input Size| Bits| Total Bits|
    +-----------------------------+----+-----------+-----+-----------+
    |ap_NS_fsm                    |  33|          6|    1|          6|
    |ap_done                      |   9|          2|    1|          2|
    |ap_enable_reg_pp0_iter1      |  15|          3|    1|          3|
    |ap_enable_reg_pp1_iter1      |  15|          3|    1|          3|
    |buffer_0_0_0_V_address0      |  15|          3|    6|         18|
    |buffer_0_0_10_V_address0     |  15|          3|    6|         18|
    |buffer_0_0_11_V_address0     |  15|          3|    6|         18|
    |buffer_0_0_12_V_address0     |  15|          3|    6|         18|
    |buffer_0_0_13_V_address0     |  15|          3|    6|         18|
    |buffer_0_0_14_V_address0     |  15|          3|    6|         18|
    |buffer_0_0_15_V_address0     |  15|          3|    6|         18|
    |buffer_0_0_16_V_address0     |  15|          3|    6|         18|
    |buffer_0_0_17_V_address0     |  15|          3|    6|         18|
    |buffer_0_0_18_V_address0     |  15|          3|    6|         18|
    |buffer_0_0_19_V_address0     |  15|          3|    6|         18|
    |buffer_0_0_1_V_address0      |  15|          3|    6|         18|
    |buffer_0_0_20_V_address0     |  15|          3|    6|         18|
    |buffer_0_0_21_V_address0     |  15|          3|    6|         18|
    |buffer_0_0_22_V_address0     |  15|          3|    6|         18|
    |buffer_0_0_23_V_address0     |  15|          3|    6|         18|
    |buffer_0_0_24_V_address0     |  15|          3|    6|         18|
    |buffer_0_0_25_V_address0     |  15|          3|    6|         18|
    |buffer_0_0_26_V_address0     |  15|          3|    6|         18|
    |buffer_0_0_27_V_address0     |  15|          3|    6|         18|
    |buffer_0_0_28_V_address0     |  15|          3|    6|         18|
    |buffer_0_0_29_V_address0     |  15|          3|    6|         18|
    |buffer_0_0_2_V_address0      |  15|          3|    6|         18|
    |buffer_0_0_30_V_address0     |  15|          3|    6|         18|
    |buffer_0_0_31_V_address0     |  15|          3|    6|         18|
    |buffer_0_0_32_V_address0     |  15|          3|    6|         18|
    |buffer_0_0_33_V_address0     |  15|          3|    6|         18|
    |buffer_0_0_34_V_address0     |  15|          3|    6|         18|
    |buffer_0_0_35_V_address0     |  15|          3|    6|         18|
    |buffer_0_0_36_V_address0     |  15|          3|    6|         18|
    |buffer_0_0_37_V_address0     |  15|          3|    6|         18|
    |buffer_0_0_38_V_address0     |  15|          3|    6|         18|
    |buffer_0_0_39_V_address0     |  15|          3|    6|         18|
    |buffer_0_0_3_V_address0      |  15|          3|    6|         18|
    |buffer_0_0_40_V_address0     |  15|          3|    6|         18|
    |buffer_0_0_41_V_address0     |  15|          3|    6|         18|
    |buffer_0_0_42_V_address0     |  15|          3|    6|         18|
    |buffer_0_0_43_V_address0     |  15|          3|    6|         18|
    |buffer_0_0_44_V_address0     |  15|          3|    6|         18|
    |buffer_0_0_45_V_address0     |  15|          3|    6|         18|
    |buffer_0_0_46_V_address0     |  15|          3|    6|         18|
    |buffer_0_0_47_V_address0     |  15|          3|    6|         18|
    |buffer_0_0_48_V_address0     |  15|          3|    6|         18|
    |buffer_0_0_49_V_address0     |  15|          3|    6|         18|
    |buffer_0_0_4_V_address0      |  15|          3|    6|         18|
    |buffer_0_0_50_V_address0     |  15|          3|    6|         18|
    |buffer_0_0_51_V_address0     |  15|          3|    6|         18|
    |buffer_0_0_52_V_address0     |  15|          3|    6|         18|
    |buffer_0_0_53_V_address0     |  15|          3|    6|         18|
    |buffer_0_0_54_V_address0     |  15|          3|    6|         18|
    |buffer_0_0_55_V_address0     |  15|          3|    6|         18|
    |buffer_0_0_56_V_address0     |  15|          3|    6|         18|
    |buffer_0_0_57_V_address0     |  15|          3|    6|         18|
    |buffer_0_0_58_V_address0     |  15|          3|    6|         18|
    |buffer_0_0_59_V_address0     |  15|          3|    6|         18|
    |buffer_0_0_5_V_address0      |  15|          3|    6|         18|
    |buffer_0_0_60_V_address0     |  15|          3|    6|         18|
    |buffer_0_0_61_V_address0     |  15|          3|    6|         18|
    |buffer_0_0_62_V_address0     |  15|          3|    6|         18|
    |buffer_0_0_63_V_address0     |  15|          3|    6|         18|
    |buffer_0_0_6_V_address0      |  15|          3|    6|         18|
    |buffer_0_0_7_V_address0      |  15|          3|    6|         18|
    |buffer_0_0_8_V_address0      |  15|          3|    6|         18|
    |buffer_0_0_9_V_address0      |  15|          3|    6|         18|
    |buffer_0_1_0_V_address0      |  15|          3|    6|         18|
    |buffer_0_1_10_V_address0     |  15|          3|    6|         18|
    |buffer_0_1_11_V_address0     |  15|          3|    6|         18|
    |buffer_0_1_12_V_address0     |  15|          3|    6|         18|
    |buffer_0_1_13_V_address0     |  15|          3|    6|         18|
    |buffer_0_1_14_V_address0     |  15|          3|    6|         18|
    |buffer_0_1_15_V_address0     |  15|          3|    6|         18|
    |buffer_0_1_16_V_address0     |  15|          3|    6|         18|
    |buffer_0_1_17_V_address0     |  15|          3|    6|         18|
    |buffer_0_1_18_V_address0     |  15|          3|    6|         18|
    |buffer_0_1_19_V_address0     |  15|          3|    6|         18|
    |buffer_0_1_1_V_address0      |  15|          3|    6|         18|
    |buffer_0_1_20_V_address0     |  15|          3|    6|         18|
    |buffer_0_1_21_V_address0     |  15|          3|    6|         18|
    |buffer_0_1_22_V_address0     |  15|          3|    6|         18|
    |buffer_0_1_23_V_address0     |  15|          3|    6|         18|
    |buffer_0_1_24_V_address0     |  15|          3|    6|         18|
    |buffer_0_1_25_V_address0     |  15|          3|    6|         18|
    |buffer_0_1_26_V_address0     |  15|          3|    6|         18|
    |buffer_0_1_27_V_address0     |  15|          3|    6|         18|
    |buffer_0_1_28_V_address0     |  15|          3|    6|         18|
    |buffer_0_1_29_V_address0     |  15|          3|    6|         18|
    |buffer_0_1_2_V_address0      |  15|          3|    6|         18|
    |buffer_0_1_30_V_address0     |  15|          3|    6|         18|
    |buffer_0_1_31_V_address0     |  15|          3|    6|         18|
    |buffer_0_1_32_V_address0     |  15|          3|    6|         18|
    |buffer_0_1_33_V_address0     |  15|          3|    6|         18|
    |buffer_0_1_34_V_address0     |  15|          3|    6|         18|
    |buffer_0_1_35_V_address0     |  15|          3|    6|         18|
    |buffer_0_1_36_V_address0     |  15|          3|    6|         18|
    |buffer_0_1_37_V_address0     |  15|          3|    6|         18|
    |buffer_0_1_38_V_address0     |  15|          3|    6|         18|
    |buffer_0_1_39_V_address0     |  15|          3|    6|         18|
    |buffer_0_1_3_V_address0      |  15|          3|    6|         18|
    |buffer_0_1_40_V_address0     |  15|          3|    6|         18|
    |buffer_0_1_41_V_address0     |  15|          3|    6|         18|
    |buffer_0_1_42_V_address0     |  15|          3|    6|         18|
    |buffer_0_1_43_V_address0     |  15|          3|    6|         18|
    |buffer_0_1_44_V_address0     |  15|          3|    6|         18|
    |buffer_0_1_45_V_address0     |  15|          3|    6|         18|
    |buffer_0_1_46_V_address0     |  15|          3|    6|         18|
    |buffer_0_1_47_V_address0     |  15|          3|    6|         18|
    |buffer_0_1_48_V_address0     |  15|          3|    6|         18|
    |buffer_0_1_49_V_address0     |  15|          3|    6|         18|
    |buffer_0_1_4_V_address0      |  15|          3|    6|         18|
    |buffer_0_1_50_V_address0     |  15|          3|    6|         18|
    |buffer_0_1_51_V_address0     |  15|          3|    6|         18|
    |buffer_0_1_52_V_address0     |  15|          3|    6|         18|
    |buffer_0_1_53_V_address0     |  15|          3|    6|         18|
    |buffer_0_1_54_V_address0     |  15|          3|    6|         18|
    |buffer_0_1_55_V_address0     |  15|          3|    6|         18|
    |buffer_0_1_56_V_address0     |  15|          3|    6|         18|
    |buffer_0_1_57_V_address0     |  15|          3|    6|         18|
    |buffer_0_1_58_V_address0     |  15|          3|    6|         18|
    |buffer_0_1_59_V_address0     |  15|          3|    6|         18|
    |buffer_0_1_5_V_address0      |  15|          3|    6|         18|
    |buffer_0_1_60_V_address0     |  15|          3|    6|         18|
    |buffer_0_1_61_V_address0     |  15|          3|    6|         18|
    |buffer_0_1_62_V_address0     |  15|          3|    6|         18|
    |buffer_0_1_63_V_address0     |  15|          3|    6|         18|
    |buffer_0_1_6_V_address0      |  15|          3|    6|         18|
    |buffer_0_1_7_V_address0      |  15|          3|    6|         18|
    |buffer_0_1_8_V_address0      |  15|          3|    6|         18|
    |buffer_0_1_9_V_address0      |  15|          3|    6|         18|
    |i_op_assign_2_reg_6236       |   9|          2|   15|         30|
    |in_V_data_V_blk_n            |   9|          2|    1|          2|
    |in_V_dest_V_blk_n            |   9|          2|    1|          2|
    |in_V_id_V_blk_n              |   9|          2|    1|          2|
    |in_V_last_V_blk_n            |   9|          2|    1|          2|
    |in_V_user_V_blk_n            |   9|          2|    1|          2|
    |in_n_r_V_V_blk_n             |   9|          2|    1|          2|
    |indvar_flatten_reg_6225      |   9|          2|   32|         64|
    |out_0_0_V_V_blk_n            |   9|          2|    1|          2|
    |out_0_0_V_V_din              |  15|          3|    8|         24|
    |out_0_10_V_V_blk_n           |   9|          2|    1|          2|
    |out_0_10_V_V_din             |  15|          3|    8|         24|
    |out_0_11_V_V_blk_n           |   9|          2|    1|          2|
    |out_0_11_V_V_din             |  15|          3|    8|         24|
    |out_0_12_V_V_blk_n           |   9|          2|    1|          2|
    |out_0_12_V_V_din             |  15|          3|    8|         24|
    |out_0_13_V_V_blk_n           |   9|          2|    1|          2|
    |out_0_13_V_V_din             |  15|          3|    8|         24|
    |out_0_14_V_V_blk_n           |   9|          2|    1|          2|
    |out_0_14_V_V_din             |  15|          3|    8|         24|
    |out_0_15_V_V_blk_n           |   9|          2|    1|          2|
    |out_0_15_V_V_din             |  15|          3|    8|         24|
    |out_0_16_V_V_blk_n           |   9|          2|    1|          2|
    |out_0_16_V_V_din             |  15|          3|    8|         24|
    |out_0_17_V_V_blk_n           |   9|          2|    1|          2|
    |out_0_17_V_V_din             |  15|          3|    8|         24|
    |out_0_18_V_V_blk_n           |   9|          2|    1|          2|
    |out_0_18_V_V_din             |  15|          3|    8|         24|
    |out_0_19_V_V_blk_n           |   9|          2|    1|          2|
    |out_0_19_V_V_din             |  15|          3|    8|         24|
    |out_0_1_V_V_blk_n            |   9|          2|    1|          2|
    |out_0_1_V_V_din              |  15|          3|    8|         24|
    |out_0_20_V_V_blk_n           |   9|          2|    1|          2|
    |out_0_20_V_V_din             |  15|          3|    8|         24|
    |out_0_21_V_V_blk_n           |   9|          2|    1|          2|
    |out_0_21_V_V_din             |  15|          3|    8|         24|
    |out_0_22_V_V_blk_n           |   9|          2|    1|          2|
    |out_0_22_V_V_din             |  15|          3|    8|         24|
    |out_0_23_V_V_blk_n           |   9|          2|    1|          2|
    |out_0_23_V_V_din             |  15|          3|    8|         24|
    |out_0_24_V_V_blk_n           |   9|          2|    1|          2|
    |out_0_24_V_V_din             |  15|          3|    8|         24|
    |out_0_25_V_V_blk_n           |   9|          2|    1|          2|
    |out_0_25_V_V_din             |  15|          3|    8|         24|
    |out_0_26_V_V_blk_n           |   9|          2|    1|          2|
    |out_0_26_V_V_din             |  15|          3|    8|         24|
    |out_0_27_V_V_blk_n           |   9|          2|    1|          2|
    |out_0_27_V_V_din             |  15|          3|    8|         24|
    |out_0_28_V_V_blk_n           |   9|          2|    1|          2|
    |out_0_28_V_V_din             |  15|          3|    8|         24|
    |out_0_29_V_V_blk_n           |   9|          2|    1|          2|
    |out_0_29_V_V_din             |  15|          3|    8|         24|
    |out_0_2_V_V_blk_n            |   9|          2|    1|          2|
    |out_0_2_V_V_din              |  15|          3|    8|         24|
    |out_0_30_V_V_blk_n           |   9|          2|    1|          2|
    |out_0_30_V_V_din             |  15|          3|    8|         24|
    |out_0_31_V_V_blk_n           |   9|          2|    1|          2|
    |out_0_31_V_V_din             |  15|          3|    8|         24|
    |out_0_32_V_V_blk_n           |   9|          2|    1|          2|
    |out_0_32_V_V_din             |  15|          3|    8|         24|
    |out_0_33_V_V_blk_n           |   9|          2|    1|          2|
    |out_0_33_V_V_din             |  15|          3|    8|         24|
    |out_0_34_V_V_blk_n           |   9|          2|    1|          2|
    |out_0_34_V_V_din             |  15|          3|    8|         24|
    |out_0_35_V_V_blk_n           |   9|          2|    1|          2|
    |out_0_35_V_V_din             |  15|          3|    8|         24|
    |out_0_36_V_V_blk_n           |   9|          2|    1|          2|
    |out_0_36_V_V_din             |  15|          3|    8|         24|
    |out_0_37_V_V_blk_n           |   9|          2|    1|          2|
    |out_0_37_V_V_din             |  15|          3|    8|         24|
    |out_0_38_V_V_blk_n           |   9|          2|    1|          2|
    |out_0_38_V_V_din             |  15|          3|    8|         24|
    |out_0_39_V_V_blk_n           |   9|          2|    1|          2|
    |out_0_39_V_V_din             |  15|          3|    8|         24|
    |out_0_3_V_V_blk_n            |   9|          2|    1|          2|
    |out_0_3_V_V_din              |  15|          3|    8|         24|
    |out_0_40_V_V_blk_n           |   9|          2|    1|          2|
    |out_0_40_V_V_din             |  15|          3|    8|         24|
    |out_0_41_V_V_blk_n           |   9|          2|    1|          2|
    |out_0_41_V_V_din             |  15|          3|    8|         24|
    |out_0_42_V_V_blk_n           |   9|          2|    1|          2|
    |out_0_42_V_V_din             |  15|          3|    8|         24|
    |out_0_43_V_V_blk_n           |   9|          2|    1|          2|
    |out_0_43_V_V_din             |  15|          3|    8|         24|
    |out_0_44_V_V_blk_n           |   9|          2|    1|          2|
    |out_0_44_V_V_din             |  15|          3|    8|         24|
    |out_0_45_V_V_blk_n           |   9|          2|    1|          2|
    |out_0_45_V_V_din             |  15|          3|    8|         24|
    |out_0_46_V_V_blk_n           |   9|          2|    1|          2|
    |out_0_46_V_V_din             |  15|          3|    8|         24|
    |out_0_47_V_V_blk_n           |   9|          2|    1|          2|
    |out_0_47_V_V_din             |  15|          3|    8|         24|
    |out_0_48_V_V_blk_n           |   9|          2|    1|          2|
    |out_0_48_V_V_din             |  15|          3|    8|         24|
    |out_0_49_V_V_blk_n           |   9|          2|    1|          2|
    |out_0_49_V_V_din             |  15|          3|    8|         24|
    |out_0_4_V_V_blk_n            |   9|          2|    1|          2|
    |out_0_4_V_V_din              |  15|          3|    8|         24|
    |out_0_50_V_V_blk_n           |   9|          2|    1|          2|
    |out_0_50_V_V_din             |  15|          3|    8|         24|
    |out_0_51_V_V_blk_n           |   9|          2|    1|          2|
    |out_0_51_V_V_din             |  15|          3|    8|         24|
    |out_0_52_V_V_blk_n           |   9|          2|    1|          2|
    |out_0_52_V_V_din             |  15|          3|    8|         24|
    |out_0_53_V_V_blk_n           |   9|          2|    1|          2|
    |out_0_53_V_V_din             |  15|          3|    8|         24|
    |out_0_54_V_V_blk_n           |   9|          2|    1|          2|
    |out_0_54_V_V_din             |  15|          3|    8|         24|
    |out_0_55_V_V_blk_n           |   9|          2|    1|          2|
    |out_0_55_V_V_din             |  15|          3|    8|         24|
    |out_0_56_V_V_blk_n           |   9|          2|    1|          2|
    |out_0_56_V_V_din             |  15|          3|    8|         24|
    |out_0_57_V_V_blk_n           |   9|          2|    1|          2|
    |out_0_57_V_V_din             |  15|          3|    8|         24|
    |out_0_58_V_V_blk_n           |   9|          2|    1|          2|
    |out_0_58_V_V_din             |  15|          3|    8|         24|
    |out_0_59_V_V_blk_n           |   9|          2|    1|          2|
    |out_0_59_V_V_din             |  15|          3|    8|         24|
    |out_0_5_V_V_blk_n            |   9|          2|    1|          2|
    |out_0_5_V_V_din              |  15|          3|    8|         24|
    |out_0_60_V_V_blk_n           |   9|          2|    1|          2|
    |out_0_60_V_V_din             |  15|          3|    8|         24|
    |out_0_61_V_V_blk_n           |   9|          2|    1|          2|
    |out_0_61_V_V_din             |  15|          3|    8|         24|
    |out_0_62_V_V_blk_n           |   9|          2|    1|          2|
    |out_0_62_V_V_din             |  15|          3|    8|         24|
    |out_0_63_V_V_blk_n           |   9|          2|    1|          2|
    |out_0_63_V_V_din             |  15|          3|    8|         24|
    |out_0_6_V_V_blk_n            |   9|          2|    1|          2|
    |out_0_6_V_V_din              |  15|          3|    8|         24|
    |out_0_7_V_V_blk_n            |   9|          2|    1|          2|
    |out_0_7_V_V_din              |  15|          3|    8|         24|
    |out_0_8_V_V_blk_n            |   9|          2|    1|          2|
    |out_0_8_V_V_din              |  15|          3|    8|         24|
    |out_0_9_V_V_blk_n            |   9|          2|    1|          2|
    |out_0_9_V_V_din              |  15|          3|    8|         24|
    |out_1_0_V_V_blk_n            |   9|          2|    1|          2|
    |out_1_0_V_V_din              |  15|          3|    8|         24|
    |out_1_10_V_V_blk_n           |   9|          2|    1|          2|
    |out_1_10_V_V_din             |  15|          3|    8|         24|
    |out_1_11_V_V_blk_n           |   9|          2|    1|          2|
    |out_1_11_V_V_din             |  15|          3|    8|         24|
    |out_1_12_V_V_blk_n           |   9|          2|    1|          2|
    |out_1_12_V_V_din             |  15|          3|    8|         24|
    |out_1_13_V_V_blk_n           |   9|          2|    1|          2|
    |out_1_13_V_V_din             |  15|          3|    8|         24|
    |out_1_14_V_V_blk_n           |   9|          2|    1|          2|
    |out_1_14_V_V_din             |  15|          3|    8|         24|
    |out_1_15_V_V_blk_n           |   9|          2|    1|          2|
    |out_1_15_V_V_din             |  15|          3|    8|         24|
    |out_1_16_V_V_blk_n           |   9|          2|    1|          2|
    |out_1_16_V_V_din             |  15|          3|    8|         24|
    |out_1_17_V_V_blk_n           |   9|          2|    1|          2|
    |out_1_17_V_V_din             |  15|          3|    8|         24|
    |out_1_18_V_V_blk_n           |   9|          2|    1|          2|
    |out_1_18_V_V_din             |  15|          3|    8|         24|
    |out_1_19_V_V_blk_n           |   9|          2|    1|          2|
    |out_1_19_V_V_din             |  15|          3|    8|         24|
    |out_1_1_V_V_blk_n            |   9|          2|    1|          2|
    |out_1_1_V_V_din              |  15|          3|    8|         24|
    |out_1_20_V_V_blk_n           |   9|          2|    1|          2|
    |out_1_20_V_V_din             |  15|          3|    8|         24|
    |out_1_21_V_V_blk_n           |   9|          2|    1|          2|
    |out_1_21_V_V_din             |  15|          3|    8|         24|
    |out_1_22_V_V_blk_n           |   9|          2|    1|          2|
    |out_1_22_V_V_din             |  15|          3|    8|         24|
    |out_1_23_V_V_blk_n           |   9|          2|    1|          2|
    |out_1_23_V_V_din             |  15|          3|    8|         24|
    |out_1_24_V_V_blk_n           |   9|          2|    1|          2|
    |out_1_24_V_V_din             |  15|          3|    8|         24|
    |out_1_25_V_V_blk_n           |   9|          2|    1|          2|
    |out_1_25_V_V_din             |  15|          3|    8|         24|
    |out_1_26_V_V_blk_n           |   9|          2|    1|          2|
    |out_1_26_V_V_din             |  15|          3|    8|         24|
    |out_1_27_V_V_blk_n           |   9|          2|    1|          2|
    |out_1_27_V_V_din             |  15|          3|    8|         24|
    |out_1_28_V_V_blk_n           |   9|          2|    1|          2|
    |out_1_28_V_V_din             |  15|          3|    8|         24|
    |out_1_29_V_V_blk_n           |   9|          2|    1|          2|
    |out_1_29_V_V_din             |  15|          3|    8|         24|
    |out_1_2_V_V_blk_n            |   9|          2|    1|          2|
    |out_1_2_V_V_din              |  15|          3|    8|         24|
    |out_1_30_V_V_blk_n           |   9|          2|    1|          2|
    |out_1_30_V_V_din             |  15|          3|    8|         24|
    |out_1_31_V_V_blk_n           |   9|          2|    1|          2|
    |out_1_31_V_V_din             |  15|          3|    8|         24|
    |out_1_32_V_V_blk_n           |   9|          2|    1|          2|
    |out_1_32_V_V_din             |  15|          3|    8|         24|
    |out_1_33_V_V_blk_n           |   9|          2|    1|          2|
    |out_1_33_V_V_din             |  15|          3|    8|         24|
    |out_1_34_V_V_blk_n           |   9|          2|    1|          2|
    |out_1_34_V_V_din             |  15|          3|    8|         24|
    |out_1_35_V_V_blk_n           |   9|          2|    1|          2|
    |out_1_35_V_V_din             |  15|          3|    8|         24|
    |out_1_36_V_V_blk_n           |   9|          2|    1|          2|
    |out_1_36_V_V_din             |  15|          3|    8|         24|
    |out_1_37_V_V_blk_n           |   9|          2|    1|          2|
    |out_1_37_V_V_din             |  15|          3|    8|         24|
    |out_1_38_V_V_blk_n           |   9|          2|    1|          2|
    |out_1_38_V_V_din             |  15|          3|    8|         24|
    |out_1_39_V_V_blk_n           |   9|          2|    1|          2|
    |out_1_39_V_V_din             |  15|          3|    8|         24|
    |out_1_3_V_V_blk_n            |   9|          2|    1|          2|
    |out_1_3_V_V_din              |  15|          3|    8|         24|
    |out_1_40_V_V_blk_n           |   9|          2|    1|          2|
    |out_1_40_V_V_din             |  15|          3|    8|         24|
    |out_1_41_V_V_blk_n           |   9|          2|    1|          2|
    |out_1_41_V_V_din             |  15|          3|    8|         24|
    |out_1_42_V_V_blk_n           |   9|          2|    1|          2|
    |out_1_42_V_V_din             |  15|          3|    8|         24|
    |out_1_43_V_V_blk_n           |   9|          2|    1|          2|
    |out_1_43_V_V_din             |  15|          3|    8|         24|
    |out_1_44_V_V_blk_n           |   9|          2|    1|          2|
    |out_1_44_V_V_din             |  15|          3|    8|         24|
    |out_1_45_V_V_blk_n           |   9|          2|    1|          2|
    |out_1_45_V_V_din             |  15|          3|    8|         24|
    |out_1_46_V_V_blk_n           |   9|          2|    1|          2|
    |out_1_46_V_V_din             |  15|          3|    8|         24|
    |out_1_47_V_V_blk_n           |   9|          2|    1|          2|
    |out_1_47_V_V_din             |  15|          3|    8|         24|
    |out_1_48_V_V_blk_n           |   9|          2|    1|          2|
    |out_1_48_V_V_din             |  15|          3|    8|         24|
    |out_1_49_V_V_blk_n           |   9|          2|    1|          2|
    |out_1_49_V_V_din             |  15|          3|    8|         24|
    |out_1_4_V_V_blk_n            |   9|          2|    1|          2|
    |out_1_4_V_V_din              |  15|          3|    8|         24|
    |out_1_50_V_V_blk_n           |   9|          2|    1|          2|
    |out_1_50_V_V_din             |  15|          3|    8|         24|
    |out_1_51_V_V_blk_n           |   9|          2|    1|          2|
    |out_1_51_V_V_din             |  15|          3|    8|         24|
    |out_1_52_V_V_blk_n           |   9|          2|    1|          2|
    |out_1_52_V_V_din             |  15|          3|    8|         24|
    |out_1_53_V_V_blk_n           |   9|          2|    1|          2|
    |out_1_53_V_V_din             |  15|          3|    8|         24|
    |out_1_54_V_V_blk_n           |   9|          2|    1|          2|
    |out_1_54_V_V_din             |  15|          3|    8|         24|
    |out_1_55_V_V_blk_n           |   9|          2|    1|          2|
    |out_1_55_V_V_din             |  15|          3|    8|         24|
    |out_1_56_V_V_blk_n           |   9|          2|    1|          2|
    |out_1_56_V_V_din             |  15|          3|    8|         24|
    |out_1_57_V_V_blk_n           |   9|          2|    1|          2|
    |out_1_57_V_V_din             |  15|          3|    8|         24|
    |out_1_58_V_V_blk_n           |   9|          2|    1|          2|
    |out_1_58_V_V_din             |  15|          3|    8|         24|
    |out_1_59_V_V_blk_n           |   9|          2|    1|          2|
    |out_1_59_V_V_din             |  15|          3|    8|         24|
    |out_1_5_V_V_blk_n            |   9|          2|    1|          2|
    |out_1_5_V_V_din              |  15|          3|    8|         24|
    |out_1_60_V_V_blk_n           |   9|          2|    1|          2|
    |out_1_60_V_V_din             |  15|          3|    8|         24|
    |out_1_61_V_V_blk_n           |   9|          2|    1|          2|
    |out_1_61_V_V_din             |  15|          3|    8|         24|
    |out_1_62_V_V_blk_n           |   9|          2|    1|          2|
    |out_1_62_V_V_din             |  15|          3|    8|         24|
    |out_1_63_V_V_blk_n           |   9|          2|    1|          2|
    |out_1_63_V_V_din             |  15|          3|    8|         24|
    |out_1_6_V_V_blk_n            |   9|          2|    1|          2|
    |out_1_6_V_V_din              |  15|          3|    8|         24|
    |out_1_7_V_V_blk_n            |   9|          2|    1|          2|
    |out_1_7_V_V_din              |  15|          3|    8|         24|
    |out_1_8_V_V_blk_n            |   9|          2|    1|          2|
    |out_1_8_V_V_din              |  15|          3|    8|         24|
    |out_1_9_V_V_blk_n            |   9|          2|    1|          2|
    |out_1_9_V_V_din              |  15|          3|    8|         24|
    |out_compute_n_c_0_V_V_blk_n  |   9|          2|    1|          2|
    |out_write_n_c_V_V_blk_n      |   9|          2|    1|          2|
    |t_V_reg_6214                 |   9|          2|   16|         32|
    +-----------------------------+----+-----------+-----+-----------+
    |Total                        |5163|       1060| 1995|       5788|
    +-----------------------------+----+-----------+-----+-----------+

    * Register: 
    +-------------------------+-----+----+-----+-----------+
    |           Name          |  FF | LUT| Bits| Const Bits|
    +-------------------------+-----+----+-----+-----------+
    |N_c_reg_7515             |   32|   0|   32|          0|
    |ap_CS_fsm                |    5|   0|    5|          0|
    |ap_done_reg              |    1|   0|    1|          0|
    |ap_enable_reg_pp0_iter0  |    1|   0|    1|          0|
    |ap_enable_reg_pp0_iter1  |    1|   0|    1|          0|
    |ap_enable_reg_pp1_iter0  |    1|   0|    1|          0|
    |ap_enable_reg_pp1_iter1  |    1|   0|    1|          0|
    |bound_reg_7543           |   32|   0|   32|          0|
    |i_op_assign_2_reg_6236   |   15|   0|   15|          0|
    |icmp_ln887_15_reg_7548   |    1|   0|    1|          0|
    |indvar_flatten_reg_6225  |   32|   0|   32|          0|
    |ret_V_5_reg_7529         |   15|   0|   15|          0|
    |t_V_reg_6214             |   16|   0|   16|          0|
    |tmp_V_248_reg_7510       |   32|   0|   32|          0|
    |tmp_data_V_reg_7505      |  512|   0|  512|          0|
    |trunc_ln180_reg_7534     |    1|   0|    1|          0|
    |trunc_ln302_3_reg_7538   |   15|   0|   15|          0|
    +-------------------------+-----+----+-----+-----------+
    |Total                    |  713|   0|  713|          0|
    +-------------------------+-----+----+-----+-----------+



================================================================
== Interface
================================================================
* Summary: 
+------------------------------+-----+-----+------------+-----------------------+--------------+
|           RTL Ports          | Dir | Bits|  Protocol  |     Source Object     |    C Type    |
+------------------------------+-----+-----+------------+-----------------------+--------------+
|ap_clk                        |  in |    1| ap_ctrl_hs |  AttentionMatmulReadB | return value |
|ap_rst                        |  in |    1| ap_ctrl_hs |  AttentionMatmulReadB | return value |
|ap_start                      |  in |    1| ap_ctrl_hs |  AttentionMatmulReadB | return value |
|ap_done                       | out |    1| ap_ctrl_hs |  AttentionMatmulReadB | return value |
|ap_continue                   |  in |    1| ap_ctrl_hs |  AttentionMatmulReadB | return value |
|ap_idle                       | out |    1| ap_ctrl_hs |  AttentionMatmulReadB | return value |
|ap_ready                      | out |    1| ap_ctrl_hs |  AttentionMatmulReadB | return value |
|in_V_data_V_dout              |  in |  512|   ap_fifo  |      in_V_data_V      |    pointer   |
|in_V_data_V_empty_n           |  in |    1|   ap_fifo  |      in_V_data_V      |    pointer   |
|in_V_data_V_read              | out |    1|   ap_fifo  |      in_V_data_V      |    pointer   |
|in_V_id_V_dout                |  in |    8|   ap_fifo  |       in_V_id_V       |    pointer   |
|in_V_id_V_empty_n             |  in |    1|   ap_fifo  |       in_V_id_V       |    pointer   |
|in_V_id_V_read                | out |    1|   ap_fifo  |       in_V_id_V       |    pointer   |
|in_V_dest_V_dout              |  in |    8|   ap_fifo  |      in_V_dest_V      |    pointer   |
|in_V_dest_V_empty_n           |  in |    1|   ap_fifo  |      in_V_dest_V      |    pointer   |
|in_V_dest_V_read              | out |    1|   ap_fifo  |      in_V_dest_V      |    pointer   |
|in_V_user_V_dout              |  in |   16|   ap_fifo  |      in_V_user_V      |    pointer   |
|in_V_user_V_empty_n           |  in |    1|   ap_fifo  |      in_V_user_V      |    pointer   |
|in_V_user_V_read              | out |    1|   ap_fifo  |      in_V_user_V      |    pointer   |
|in_V_last_V_dout              |  in |    1|   ap_fifo  |      in_V_last_V      |    pointer   |
|in_V_last_V_empty_n           |  in |    1|   ap_fifo  |      in_V_last_V      |    pointer   |
|in_V_last_V_read              | out |    1|   ap_fifo  |      in_V_last_V      |    pointer   |
|in_n_r_V_V_dout               |  in |   32|   ap_fifo  |       in_n_r_V_V      |    pointer   |
|in_n_r_V_V_empty_n            |  in |    1|   ap_fifo  |       in_n_r_V_V      |    pointer   |
|in_n_r_V_V_read               | out |    1|   ap_fifo  |       in_n_r_V_V      |    pointer   |
|out_compute_n_c_0_V_V_din     | out |   32|   ap_fifo  | out_compute_n_c_0_V_V |    pointer   |
|out_compute_n_c_0_V_V_full_n  |  in |    1|   ap_fifo  | out_compute_n_c_0_V_V |    pointer   |
|out_compute_n_c_0_V_V_write   | out |    1|   ap_fifo  | out_compute_n_c_0_V_V |    pointer   |
|out_write_n_c_V_V_din         | out |   32|   ap_fifo  |   out_write_n_c_V_V   |    pointer   |
|out_write_n_c_V_V_full_n      |  in |    1|   ap_fifo  |   out_write_n_c_V_V   |    pointer   |
|out_write_n_c_V_V_write       | out |    1|   ap_fifo  |   out_write_n_c_V_V   |    pointer   |
|out_0_0_V_V_din               | out |    8|   ap_fifo  |      out_0_0_V_V      |    pointer   |
|out_0_0_V_V_full_n            |  in |    1|   ap_fifo  |      out_0_0_V_V      |    pointer   |
|out_0_0_V_V_write             | out |    1|   ap_fifo  |      out_0_0_V_V      |    pointer   |
|out_0_1_V_V_din               | out |    8|   ap_fifo  |      out_0_1_V_V      |    pointer   |
|out_0_1_V_V_full_n            |  in |    1|   ap_fifo  |      out_0_1_V_V      |    pointer   |
|out_0_1_V_V_write             | out |    1|   ap_fifo  |      out_0_1_V_V      |    pointer   |
|out_0_2_V_V_din               | out |    8|   ap_fifo  |      out_0_2_V_V      |    pointer   |
|out_0_2_V_V_full_n            |  in |    1|   ap_fifo  |      out_0_2_V_V      |    pointer   |
|out_0_2_V_V_write             | out |    1|   ap_fifo  |      out_0_2_V_V      |    pointer   |
|out_0_3_V_V_din               | out |    8|   ap_fifo  |      out_0_3_V_V      |    pointer   |
|out_0_3_V_V_full_n            |  in |    1|   ap_fifo  |      out_0_3_V_V      |    pointer   |
|out_0_3_V_V_write             | out |    1|   ap_fifo  |      out_0_3_V_V      |    pointer   |
|out_0_4_V_V_din               | out |    8|   ap_fifo  |      out_0_4_V_V      |    pointer   |
|out_0_4_V_V_full_n            |  in |    1|   ap_fifo  |      out_0_4_V_V      |    pointer   |
|out_0_4_V_V_write             | out |    1|   ap_fifo  |      out_0_4_V_V      |    pointer   |
|out_0_5_V_V_din               | out |    8|   ap_fifo  |      out_0_5_V_V      |    pointer   |
|out_0_5_V_V_full_n            |  in |    1|   ap_fifo  |      out_0_5_V_V      |    pointer   |
|out_0_5_V_V_write             | out |    1|   ap_fifo  |      out_0_5_V_V      |    pointer   |
|out_0_6_V_V_din               | out |    8|   ap_fifo  |      out_0_6_V_V      |    pointer   |
|out_0_6_V_V_full_n            |  in |    1|   ap_fifo  |      out_0_6_V_V      |    pointer   |
|out_0_6_V_V_write             | out |    1|   ap_fifo  |      out_0_6_V_V      |    pointer   |
|out_0_7_V_V_din               | out |    8|   ap_fifo  |      out_0_7_V_V      |    pointer   |
|out_0_7_V_V_full_n            |  in |    1|   ap_fifo  |      out_0_7_V_V      |    pointer   |
|out_0_7_V_V_write             | out |    1|   ap_fifo  |      out_0_7_V_V      |    pointer   |
|out_0_8_V_V_din               | out |    8|   ap_fifo  |      out_0_8_V_V      |    pointer   |
|out_0_8_V_V_full_n            |  in |    1|   ap_fifo  |      out_0_8_V_V      |    pointer   |
|out_0_8_V_V_write             | out |    1|   ap_fifo  |      out_0_8_V_V      |    pointer   |
|out_0_9_V_V_din               | out |    8|   ap_fifo  |      out_0_9_V_V      |    pointer   |
|out_0_9_V_V_full_n            |  in |    1|   ap_fifo  |      out_0_9_V_V      |    pointer   |
|out_0_9_V_V_write             | out |    1|   ap_fifo  |      out_0_9_V_V      |    pointer   |
|out_0_10_V_V_din              | out |    8|   ap_fifo  |      out_0_10_V_V     |    pointer   |
|out_0_10_V_V_full_n           |  in |    1|   ap_fifo  |      out_0_10_V_V     |    pointer   |
|out_0_10_V_V_write            | out |    1|   ap_fifo  |      out_0_10_V_V     |    pointer   |
|out_0_11_V_V_din              | out |    8|   ap_fifo  |      out_0_11_V_V     |    pointer   |
|out_0_11_V_V_full_n           |  in |    1|   ap_fifo  |      out_0_11_V_V     |    pointer   |
|out_0_11_V_V_write            | out |    1|   ap_fifo  |      out_0_11_V_V     |    pointer   |
|out_0_12_V_V_din              | out |    8|   ap_fifo  |      out_0_12_V_V     |    pointer   |
|out_0_12_V_V_full_n           |  in |    1|   ap_fifo  |      out_0_12_V_V     |    pointer   |
|out_0_12_V_V_write            | out |    1|   ap_fifo  |      out_0_12_V_V     |    pointer   |
|out_0_13_V_V_din              | out |    8|   ap_fifo  |      out_0_13_V_V     |    pointer   |
|out_0_13_V_V_full_n           |  in |    1|   ap_fifo  |      out_0_13_V_V     |    pointer   |
|out_0_13_V_V_write            | out |    1|   ap_fifo  |      out_0_13_V_V     |    pointer   |
|out_0_14_V_V_din              | out |    8|   ap_fifo  |      out_0_14_V_V     |    pointer   |
|out_0_14_V_V_full_n           |  in |    1|   ap_fifo  |      out_0_14_V_V     |    pointer   |
|out_0_14_V_V_write            | out |    1|   ap_fifo  |      out_0_14_V_V     |    pointer   |
|out_0_15_V_V_din              | out |    8|   ap_fifo  |      out_0_15_V_V     |    pointer   |
|out_0_15_V_V_full_n           |  in |    1|   ap_fifo  |      out_0_15_V_V     |    pointer   |
|out_0_15_V_V_write            | out |    1|   ap_fifo  |      out_0_15_V_V     |    pointer   |
|out_0_16_V_V_din              | out |    8|   ap_fifo  |      out_0_16_V_V     |    pointer   |
|out_0_16_V_V_full_n           |  in |    1|   ap_fifo  |      out_0_16_V_V     |    pointer   |
|out_0_16_V_V_write            | out |    1|   ap_fifo  |      out_0_16_V_V     |    pointer   |
|out_0_17_V_V_din              | out |    8|   ap_fifo  |      out_0_17_V_V     |    pointer   |
|out_0_17_V_V_full_n           |  in |    1|   ap_fifo  |      out_0_17_V_V     |    pointer   |
|out_0_17_V_V_write            | out |    1|   ap_fifo  |      out_0_17_V_V     |    pointer   |
|out_0_18_V_V_din              | out |    8|   ap_fifo  |      out_0_18_V_V     |    pointer   |
|out_0_18_V_V_full_n           |  in |    1|   ap_fifo  |      out_0_18_V_V     |    pointer   |
|out_0_18_V_V_write            | out |    1|   ap_fifo  |      out_0_18_V_V     |    pointer   |
|out_0_19_V_V_din              | out |    8|   ap_fifo  |      out_0_19_V_V     |    pointer   |
|out_0_19_V_V_full_n           |  in |    1|   ap_fifo  |      out_0_19_V_V     |    pointer   |
|out_0_19_V_V_write            | out |    1|   ap_fifo  |      out_0_19_V_V     |    pointer   |
|out_0_20_V_V_din              | out |    8|   ap_fifo  |      out_0_20_V_V     |    pointer   |
|out_0_20_V_V_full_n           |  in |    1|   ap_fifo  |      out_0_20_V_V     |    pointer   |
|out_0_20_V_V_write            | out |    1|   ap_fifo  |      out_0_20_V_V     |    pointer   |
|out_0_21_V_V_din              | out |    8|   ap_fifo  |      out_0_21_V_V     |    pointer   |
|out_0_21_V_V_full_n           |  in |    1|   ap_fifo  |      out_0_21_V_V     |    pointer   |
|out_0_21_V_V_write            | out |    1|   ap_fifo  |      out_0_21_V_V     |    pointer   |
|out_0_22_V_V_din              | out |    8|   ap_fifo  |      out_0_22_V_V     |    pointer   |
|out_0_22_V_V_full_n           |  in |    1|   ap_fifo  |      out_0_22_V_V     |    pointer   |
|out_0_22_V_V_write            | out |    1|   ap_fifo  |      out_0_22_V_V     |    pointer   |
|out_0_23_V_V_din              | out |    8|   ap_fifo  |      out_0_23_V_V     |    pointer   |
|out_0_23_V_V_full_n           |  in |    1|   ap_fifo  |      out_0_23_V_V     |    pointer   |
|out_0_23_V_V_write            | out |    1|   ap_fifo  |      out_0_23_V_V     |    pointer   |
|out_0_24_V_V_din              | out |    8|   ap_fifo  |      out_0_24_V_V     |    pointer   |
|out_0_24_V_V_full_n           |  in |    1|   ap_fifo  |      out_0_24_V_V     |    pointer   |
|out_0_24_V_V_write            | out |    1|   ap_fifo  |      out_0_24_V_V     |    pointer   |
|out_0_25_V_V_din              | out |    8|   ap_fifo  |      out_0_25_V_V     |    pointer   |
|out_0_25_V_V_full_n           |  in |    1|   ap_fifo  |      out_0_25_V_V     |    pointer   |
|out_0_25_V_V_write            | out |    1|   ap_fifo  |      out_0_25_V_V     |    pointer   |
|out_0_26_V_V_din              | out |    8|   ap_fifo  |      out_0_26_V_V     |    pointer   |
|out_0_26_V_V_full_n           |  in |    1|   ap_fifo  |      out_0_26_V_V     |    pointer   |
|out_0_26_V_V_write            | out |    1|   ap_fifo  |      out_0_26_V_V     |    pointer   |
|out_0_27_V_V_din              | out |    8|   ap_fifo  |      out_0_27_V_V     |    pointer   |
|out_0_27_V_V_full_n           |  in |    1|   ap_fifo  |      out_0_27_V_V     |    pointer   |
|out_0_27_V_V_write            | out |    1|   ap_fifo  |      out_0_27_V_V     |    pointer   |
|out_0_28_V_V_din              | out |    8|   ap_fifo  |      out_0_28_V_V     |    pointer   |
|out_0_28_V_V_full_n           |  in |    1|   ap_fifo  |      out_0_28_V_V     |    pointer   |
|out_0_28_V_V_write            | out |    1|   ap_fifo  |      out_0_28_V_V     |    pointer   |
|out_0_29_V_V_din              | out |    8|   ap_fifo  |      out_0_29_V_V     |    pointer   |
|out_0_29_V_V_full_n           |  in |    1|   ap_fifo  |      out_0_29_V_V     |    pointer   |
|out_0_29_V_V_write            | out |    1|   ap_fifo  |      out_0_29_V_V     |    pointer   |
|out_0_30_V_V_din              | out |    8|   ap_fifo  |      out_0_30_V_V     |    pointer   |
|out_0_30_V_V_full_n           |  in |    1|   ap_fifo  |      out_0_30_V_V     |    pointer   |
|out_0_30_V_V_write            | out |    1|   ap_fifo  |      out_0_30_V_V     |    pointer   |
|out_0_31_V_V_din              | out |    8|   ap_fifo  |      out_0_31_V_V     |    pointer   |
|out_0_31_V_V_full_n           |  in |    1|   ap_fifo  |      out_0_31_V_V     |    pointer   |
|out_0_31_V_V_write            | out |    1|   ap_fifo  |      out_0_31_V_V     |    pointer   |
|out_0_32_V_V_din              | out |    8|   ap_fifo  |      out_0_32_V_V     |    pointer   |
|out_0_32_V_V_full_n           |  in |    1|   ap_fifo  |      out_0_32_V_V     |    pointer   |
|out_0_32_V_V_write            | out |    1|   ap_fifo  |      out_0_32_V_V     |    pointer   |
|out_0_33_V_V_din              | out |    8|   ap_fifo  |      out_0_33_V_V     |    pointer   |
|out_0_33_V_V_full_n           |  in |    1|   ap_fifo  |      out_0_33_V_V     |    pointer   |
|out_0_33_V_V_write            | out |    1|   ap_fifo  |      out_0_33_V_V     |    pointer   |
|out_0_34_V_V_din              | out |    8|   ap_fifo  |      out_0_34_V_V     |    pointer   |
|out_0_34_V_V_full_n           |  in |    1|   ap_fifo  |      out_0_34_V_V     |    pointer   |
|out_0_34_V_V_write            | out |    1|   ap_fifo  |      out_0_34_V_V     |    pointer   |
|out_0_35_V_V_din              | out |    8|   ap_fifo  |      out_0_35_V_V     |    pointer   |
|out_0_35_V_V_full_n           |  in |    1|   ap_fifo  |      out_0_35_V_V     |    pointer   |
|out_0_35_V_V_write            | out |    1|   ap_fifo  |      out_0_35_V_V     |    pointer   |
|out_0_36_V_V_din              | out |    8|   ap_fifo  |      out_0_36_V_V     |    pointer   |
|out_0_36_V_V_full_n           |  in |    1|   ap_fifo  |      out_0_36_V_V     |    pointer   |
|out_0_36_V_V_write            | out |    1|   ap_fifo  |      out_0_36_V_V     |    pointer   |
|out_0_37_V_V_din              | out |    8|   ap_fifo  |      out_0_37_V_V     |    pointer   |
|out_0_37_V_V_full_n           |  in |    1|   ap_fifo  |      out_0_37_V_V     |    pointer   |
|out_0_37_V_V_write            | out |    1|   ap_fifo  |      out_0_37_V_V     |    pointer   |
|out_0_38_V_V_din              | out |    8|   ap_fifo  |      out_0_38_V_V     |    pointer   |
|out_0_38_V_V_full_n           |  in |    1|   ap_fifo  |      out_0_38_V_V     |    pointer   |
|out_0_38_V_V_write            | out |    1|   ap_fifo  |      out_0_38_V_V     |    pointer   |
|out_0_39_V_V_din              | out |    8|   ap_fifo  |      out_0_39_V_V     |    pointer   |
|out_0_39_V_V_full_n           |  in |    1|   ap_fifo  |      out_0_39_V_V     |    pointer   |
|out_0_39_V_V_write            | out |    1|   ap_fifo  |      out_0_39_V_V     |    pointer   |
|out_0_40_V_V_din              | out |    8|   ap_fifo  |      out_0_40_V_V     |    pointer   |
|out_0_40_V_V_full_n           |  in |    1|   ap_fifo  |      out_0_40_V_V     |    pointer   |
|out_0_40_V_V_write            | out |    1|   ap_fifo  |      out_0_40_V_V     |    pointer   |
|out_0_41_V_V_din              | out |    8|   ap_fifo  |      out_0_41_V_V     |    pointer   |
|out_0_41_V_V_full_n           |  in |    1|   ap_fifo  |      out_0_41_V_V     |    pointer   |
|out_0_41_V_V_write            | out |    1|   ap_fifo  |      out_0_41_V_V     |    pointer   |
|out_0_42_V_V_din              | out |    8|   ap_fifo  |      out_0_42_V_V     |    pointer   |
|out_0_42_V_V_full_n           |  in |    1|   ap_fifo  |      out_0_42_V_V     |    pointer   |
|out_0_42_V_V_write            | out |    1|   ap_fifo  |      out_0_42_V_V     |    pointer   |
|out_0_43_V_V_din              | out |    8|   ap_fifo  |      out_0_43_V_V     |    pointer   |
|out_0_43_V_V_full_n           |  in |    1|   ap_fifo  |      out_0_43_V_V     |    pointer   |
|out_0_43_V_V_write            | out |    1|   ap_fifo  |      out_0_43_V_V     |    pointer   |
|out_0_44_V_V_din              | out |    8|   ap_fifo  |      out_0_44_V_V     |    pointer   |
|out_0_44_V_V_full_n           |  in |    1|   ap_fifo  |      out_0_44_V_V     |    pointer   |
|out_0_44_V_V_write            | out |    1|   ap_fifo  |      out_0_44_V_V     |    pointer   |
|out_0_45_V_V_din              | out |    8|   ap_fifo  |      out_0_45_V_V     |    pointer   |
|out_0_45_V_V_full_n           |  in |    1|   ap_fifo  |      out_0_45_V_V     |    pointer   |
|out_0_45_V_V_write            | out |    1|   ap_fifo  |      out_0_45_V_V     |    pointer   |
|out_0_46_V_V_din              | out |    8|   ap_fifo  |      out_0_46_V_V     |    pointer   |
|out_0_46_V_V_full_n           |  in |    1|   ap_fifo  |      out_0_46_V_V     |    pointer   |
|out_0_46_V_V_write            | out |    1|   ap_fifo  |      out_0_46_V_V     |    pointer   |
|out_0_47_V_V_din              | out |    8|   ap_fifo  |      out_0_47_V_V     |    pointer   |
|out_0_47_V_V_full_n           |  in |    1|   ap_fifo  |      out_0_47_V_V     |    pointer   |
|out_0_47_V_V_write            | out |    1|   ap_fifo  |      out_0_47_V_V     |    pointer   |
|out_0_48_V_V_din              | out |    8|   ap_fifo  |      out_0_48_V_V     |    pointer   |
|out_0_48_V_V_full_n           |  in |    1|   ap_fifo  |      out_0_48_V_V     |    pointer   |
|out_0_48_V_V_write            | out |    1|   ap_fifo  |      out_0_48_V_V     |    pointer   |
|out_0_49_V_V_din              | out |    8|   ap_fifo  |      out_0_49_V_V     |    pointer   |
|out_0_49_V_V_full_n           |  in |    1|   ap_fifo  |      out_0_49_V_V     |    pointer   |
|out_0_49_V_V_write            | out |    1|   ap_fifo  |      out_0_49_V_V     |    pointer   |
|out_0_50_V_V_din              | out |    8|   ap_fifo  |      out_0_50_V_V     |    pointer   |
|out_0_50_V_V_full_n           |  in |    1|   ap_fifo  |      out_0_50_V_V     |    pointer   |
|out_0_50_V_V_write            | out |    1|   ap_fifo  |      out_0_50_V_V     |    pointer   |
|out_0_51_V_V_din              | out |    8|   ap_fifo  |      out_0_51_V_V     |    pointer   |
|out_0_51_V_V_full_n           |  in |    1|   ap_fifo  |      out_0_51_V_V     |    pointer   |
|out_0_51_V_V_write            | out |    1|   ap_fifo  |      out_0_51_V_V     |    pointer   |
|out_0_52_V_V_din              | out |    8|   ap_fifo  |      out_0_52_V_V     |    pointer   |
|out_0_52_V_V_full_n           |  in |    1|   ap_fifo  |      out_0_52_V_V     |    pointer   |
|out_0_52_V_V_write            | out |    1|   ap_fifo  |      out_0_52_V_V     |    pointer   |
|out_0_53_V_V_din              | out |    8|   ap_fifo  |      out_0_53_V_V     |    pointer   |
|out_0_53_V_V_full_n           |  in |    1|   ap_fifo  |      out_0_53_V_V     |    pointer   |
|out_0_53_V_V_write            | out |    1|   ap_fifo  |      out_0_53_V_V     |    pointer   |
|out_0_54_V_V_din              | out |    8|   ap_fifo  |      out_0_54_V_V     |    pointer   |
|out_0_54_V_V_full_n           |  in |    1|   ap_fifo  |      out_0_54_V_V     |    pointer   |
|out_0_54_V_V_write            | out |    1|   ap_fifo  |      out_0_54_V_V     |    pointer   |
|out_0_55_V_V_din              | out |    8|   ap_fifo  |      out_0_55_V_V     |    pointer   |
|out_0_55_V_V_full_n           |  in |    1|   ap_fifo  |      out_0_55_V_V     |    pointer   |
|out_0_55_V_V_write            | out |    1|   ap_fifo  |      out_0_55_V_V     |    pointer   |
|out_0_56_V_V_din              | out |    8|   ap_fifo  |      out_0_56_V_V     |    pointer   |
|out_0_56_V_V_full_n           |  in |    1|   ap_fifo  |      out_0_56_V_V     |    pointer   |
|out_0_56_V_V_write            | out |    1|   ap_fifo  |      out_0_56_V_V     |    pointer   |
|out_0_57_V_V_din              | out |    8|   ap_fifo  |      out_0_57_V_V     |    pointer   |
|out_0_57_V_V_full_n           |  in |    1|   ap_fifo  |      out_0_57_V_V     |    pointer   |
|out_0_57_V_V_write            | out |    1|   ap_fifo  |      out_0_57_V_V     |    pointer   |
|out_0_58_V_V_din              | out |    8|   ap_fifo  |      out_0_58_V_V     |    pointer   |
|out_0_58_V_V_full_n           |  in |    1|   ap_fifo  |      out_0_58_V_V     |    pointer   |
|out_0_58_V_V_write            | out |    1|   ap_fifo  |      out_0_58_V_V     |    pointer   |
|out_0_59_V_V_din              | out |    8|   ap_fifo  |      out_0_59_V_V     |    pointer   |
|out_0_59_V_V_full_n           |  in |    1|   ap_fifo  |      out_0_59_V_V     |    pointer   |
|out_0_59_V_V_write            | out |    1|   ap_fifo  |      out_0_59_V_V     |    pointer   |
|out_0_60_V_V_din              | out |    8|   ap_fifo  |      out_0_60_V_V     |    pointer   |
|out_0_60_V_V_full_n           |  in |    1|   ap_fifo  |      out_0_60_V_V     |    pointer   |
|out_0_60_V_V_write            | out |    1|   ap_fifo  |      out_0_60_V_V     |    pointer   |
|out_0_61_V_V_din              | out |    8|   ap_fifo  |      out_0_61_V_V     |    pointer   |
|out_0_61_V_V_full_n           |  in |    1|   ap_fifo  |      out_0_61_V_V     |    pointer   |
|out_0_61_V_V_write            | out |    1|   ap_fifo  |      out_0_61_V_V     |    pointer   |
|out_0_62_V_V_din              | out |    8|   ap_fifo  |      out_0_62_V_V     |    pointer   |
|out_0_62_V_V_full_n           |  in |    1|   ap_fifo  |      out_0_62_V_V     |    pointer   |
|out_0_62_V_V_write            | out |    1|   ap_fifo  |      out_0_62_V_V     |    pointer   |
|out_0_63_V_V_din              | out |    8|   ap_fifo  |      out_0_63_V_V     |    pointer   |
|out_0_63_V_V_full_n           |  in |    1|   ap_fifo  |      out_0_63_V_V     |    pointer   |
|out_0_63_V_V_write            | out |    1|   ap_fifo  |      out_0_63_V_V     |    pointer   |
|out_1_0_V_V_din               | out |    8|   ap_fifo  |      out_1_0_V_V      |    pointer   |
|out_1_0_V_V_full_n            |  in |    1|   ap_fifo  |      out_1_0_V_V      |    pointer   |
|out_1_0_V_V_write             | out |    1|   ap_fifo  |      out_1_0_V_V      |    pointer   |
|out_1_1_V_V_din               | out |    8|   ap_fifo  |      out_1_1_V_V      |    pointer   |
|out_1_1_V_V_full_n            |  in |    1|   ap_fifo  |      out_1_1_V_V      |    pointer   |
|out_1_1_V_V_write             | out |    1|   ap_fifo  |      out_1_1_V_V      |    pointer   |
|out_1_2_V_V_din               | out |    8|   ap_fifo  |      out_1_2_V_V      |    pointer   |
|out_1_2_V_V_full_n            |  in |    1|   ap_fifo  |      out_1_2_V_V      |    pointer   |
|out_1_2_V_V_write             | out |    1|   ap_fifo  |      out_1_2_V_V      |    pointer   |
|out_1_3_V_V_din               | out |    8|   ap_fifo  |      out_1_3_V_V      |    pointer   |
|out_1_3_V_V_full_n            |  in |    1|   ap_fifo  |      out_1_3_V_V      |    pointer   |
|out_1_3_V_V_write             | out |    1|   ap_fifo  |      out_1_3_V_V      |    pointer   |
|out_1_4_V_V_din               | out |    8|   ap_fifo  |      out_1_4_V_V      |    pointer   |
|out_1_4_V_V_full_n            |  in |    1|   ap_fifo  |      out_1_4_V_V      |    pointer   |
|out_1_4_V_V_write             | out |    1|   ap_fifo  |      out_1_4_V_V      |    pointer   |
|out_1_5_V_V_din               | out |    8|   ap_fifo  |      out_1_5_V_V      |    pointer   |
|out_1_5_V_V_full_n            |  in |    1|   ap_fifo  |      out_1_5_V_V      |    pointer   |
|out_1_5_V_V_write             | out |    1|   ap_fifo  |      out_1_5_V_V      |    pointer   |
|out_1_6_V_V_din               | out |    8|   ap_fifo  |      out_1_6_V_V      |    pointer   |
|out_1_6_V_V_full_n            |  in |    1|   ap_fifo  |      out_1_6_V_V      |    pointer   |
|out_1_6_V_V_write             | out |    1|   ap_fifo  |      out_1_6_V_V      |    pointer   |
|out_1_7_V_V_din               | out |    8|   ap_fifo  |      out_1_7_V_V      |    pointer   |
|out_1_7_V_V_full_n            |  in |    1|   ap_fifo  |      out_1_7_V_V      |    pointer   |
|out_1_7_V_V_write             | out |    1|   ap_fifo  |      out_1_7_V_V      |    pointer   |
|out_1_8_V_V_din               | out |    8|   ap_fifo  |      out_1_8_V_V      |    pointer   |
|out_1_8_V_V_full_n            |  in |    1|   ap_fifo  |      out_1_8_V_V      |    pointer   |
|out_1_8_V_V_write             | out |    1|   ap_fifo  |      out_1_8_V_V      |    pointer   |
|out_1_9_V_V_din               | out |    8|   ap_fifo  |      out_1_9_V_V      |    pointer   |
|out_1_9_V_V_full_n            |  in |    1|   ap_fifo  |      out_1_9_V_V      |    pointer   |
|out_1_9_V_V_write             | out |    1|   ap_fifo  |      out_1_9_V_V      |    pointer   |
|out_1_10_V_V_din              | out |    8|   ap_fifo  |      out_1_10_V_V     |    pointer   |
|out_1_10_V_V_full_n           |  in |    1|   ap_fifo  |      out_1_10_V_V     |    pointer   |
|out_1_10_V_V_write            | out |    1|   ap_fifo  |      out_1_10_V_V     |    pointer   |
|out_1_11_V_V_din              | out |    8|   ap_fifo  |      out_1_11_V_V     |    pointer   |
|out_1_11_V_V_full_n           |  in |    1|   ap_fifo  |      out_1_11_V_V     |    pointer   |
|out_1_11_V_V_write            | out |    1|   ap_fifo  |      out_1_11_V_V     |    pointer   |
|out_1_12_V_V_din              | out |    8|   ap_fifo  |      out_1_12_V_V     |    pointer   |
|out_1_12_V_V_full_n           |  in |    1|   ap_fifo  |      out_1_12_V_V     |    pointer   |
|out_1_12_V_V_write            | out |    1|   ap_fifo  |      out_1_12_V_V     |    pointer   |
|out_1_13_V_V_din              | out |    8|   ap_fifo  |      out_1_13_V_V     |    pointer   |
|out_1_13_V_V_full_n           |  in |    1|   ap_fifo  |      out_1_13_V_V     |    pointer   |
|out_1_13_V_V_write            | out |    1|   ap_fifo  |      out_1_13_V_V     |    pointer   |
|out_1_14_V_V_din              | out |    8|   ap_fifo  |      out_1_14_V_V     |    pointer   |
|out_1_14_V_V_full_n           |  in |    1|   ap_fifo  |      out_1_14_V_V     |    pointer   |
|out_1_14_V_V_write            | out |    1|   ap_fifo  |      out_1_14_V_V     |    pointer   |
|out_1_15_V_V_din              | out |    8|   ap_fifo  |      out_1_15_V_V     |    pointer   |
|out_1_15_V_V_full_n           |  in |    1|   ap_fifo  |      out_1_15_V_V     |    pointer   |
|out_1_15_V_V_write            | out |    1|   ap_fifo  |      out_1_15_V_V     |    pointer   |
|out_1_16_V_V_din              | out |    8|   ap_fifo  |      out_1_16_V_V     |    pointer   |
|out_1_16_V_V_full_n           |  in |    1|   ap_fifo  |      out_1_16_V_V     |    pointer   |
|out_1_16_V_V_write            | out |    1|   ap_fifo  |      out_1_16_V_V     |    pointer   |
|out_1_17_V_V_din              | out |    8|   ap_fifo  |      out_1_17_V_V     |    pointer   |
|out_1_17_V_V_full_n           |  in |    1|   ap_fifo  |      out_1_17_V_V     |    pointer   |
|out_1_17_V_V_write            | out |    1|   ap_fifo  |      out_1_17_V_V     |    pointer   |
|out_1_18_V_V_din              | out |    8|   ap_fifo  |      out_1_18_V_V     |    pointer   |
|out_1_18_V_V_full_n           |  in |    1|   ap_fifo  |      out_1_18_V_V     |    pointer   |
|out_1_18_V_V_write            | out |    1|   ap_fifo  |      out_1_18_V_V     |    pointer   |
|out_1_19_V_V_din              | out |    8|   ap_fifo  |      out_1_19_V_V     |    pointer   |
|out_1_19_V_V_full_n           |  in |    1|   ap_fifo  |      out_1_19_V_V     |    pointer   |
|out_1_19_V_V_write            | out |    1|   ap_fifo  |      out_1_19_V_V     |    pointer   |
|out_1_20_V_V_din              | out |    8|   ap_fifo  |      out_1_20_V_V     |    pointer   |
|out_1_20_V_V_full_n           |  in |    1|   ap_fifo  |      out_1_20_V_V     |    pointer   |
|out_1_20_V_V_write            | out |    1|   ap_fifo  |      out_1_20_V_V     |    pointer   |
|out_1_21_V_V_din              | out |    8|   ap_fifo  |      out_1_21_V_V     |    pointer   |
|out_1_21_V_V_full_n           |  in |    1|   ap_fifo  |      out_1_21_V_V     |    pointer   |
|out_1_21_V_V_write            | out |    1|   ap_fifo  |      out_1_21_V_V     |    pointer   |
|out_1_22_V_V_din              | out |    8|   ap_fifo  |      out_1_22_V_V     |    pointer   |
|out_1_22_V_V_full_n           |  in |    1|   ap_fifo  |      out_1_22_V_V     |    pointer   |
|out_1_22_V_V_write            | out |    1|   ap_fifo  |      out_1_22_V_V     |    pointer   |
|out_1_23_V_V_din              | out |    8|   ap_fifo  |      out_1_23_V_V     |    pointer   |
|out_1_23_V_V_full_n           |  in |    1|   ap_fifo  |      out_1_23_V_V     |    pointer   |
|out_1_23_V_V_write            | out |    1|   ap_fifo  |      out_1_23_V_V     |    pointer   |
|out_1_24_V_V_din              | out |    8|   ap_fifo  |      out_1_24_V_V     |    pointer   |
|out_1_24_V_V_full_n           |  in |    1|   ap_fifo  |      out_1_24_V_V     |    pointer   |
|out_1_24_V_V_write            | out |    1|   ap_fifo  |      out_1_24_V_V     |    pointer   |
|out_1_25_V_V_din              | out |    8|   ap_fifo  |      out_1_25_V_V     |    pointer   |
|out_1_25_V_V_full_n           |  in |    1|   ap_fifo  |      out_1_25_V_V     |    pointer   |
|out_1_25_V_V_write            | out |    1|   ap_fifo  |      out_1_25_V_V     |    pointer   |
|out_1_26_V_V_din              | out |    8|   ap_fifo  |      out_1_26_V_V     |    pointer   |
|out_1_26_V_V_full_n           |  in |    1|   ap_fifo  |      out_1_26_V_V     |    pointer   |
|out_1_26_V_V_write            | out |    1|   ap_fifo  |      out_1_26_V_V     |    pointer   |
|out_1_27_V_V_din              | out |    8|   ap_fifo  |      out_1_27_V_V     |    pointer   |
|out_1_27_V_V_full_n           |  in |    1|   ap_fifo  |      out_1_27_V_V     |    pointer   |
|out_1_27_V_V_write            | out |    1|   ap_fifo  |      out_1_27_V_V     |    pointer   |
|out_1_28_V_V_din              | out |    8|   ap_fifo  |      out_1_28_V_V     |    pointer   |
|out_1_28_V_V_full_n           |  in |    1|   ap_fifo  |      out_1_28_V_V     |    pointer   |
|out_1_28_V_V_write            | out |    1|   ap_fifo  |      out_1_28_V_V     |    pointer   |
|out_1_29_V_V_din              | out |    8|   ap_fifo  |      out_1_29_V_V     |    pointer   |
|out_1_29_V_V_full_n           |  in |    1|   ap_fifo  |      out_1_29_V_V     |    pointer   |
|out_1_29_V_V_write            | out |    1|   ap_fifo  |      out_1_29_V_V     |    pointer   |
|out_1_30_V_V_din              | out |    8|   ap_fifo  |      out_1_30_V_V     |    pointer   |
|out_1_30_V_V_full_n           |  in |    1|   ap_fifo  |      out_1_30_V_V     |    pointer   |
|out_1_30_V_V_write            | out |    1|   ap_fifo  |      out_1_30_V_V     |    pointer   |
|out_1_31_V_V_din              | out |    8|   ap_fifo  |      out_1_31_V_V     |    pointer   |
|out_1_31_V_V_full_n           |  in |    1|   ap_fifo  |      out_1_31_V_V     |    pointer   |
|out_1_31_V_V_write            | out |    1|   ap_fifo  |      out_1_31_V_V     |    pointer   |
|out_1_32_V_V_din              | out |    8|   ap_fifo  |      out_1_32_V_V     |    pointer   |
|out_1_32_V_V_full_n           |  in |    1|   ap_fifo  |      out_1_32_V_V     |    pointer   |
|out_1_32_V_V_write            | out |    1|   ap_fifo  |      out_1_32_V_V     |    pointer   |
|out_1_33_V_V_din              | out |    8|   ap_fifo  |      out_1_33_V_V     |    pointer   |
|out_1_33_V_V_full_n           |  in |    1|   ap_fifo  |      out_1_33_V_V     |    pointer   |
|out_1_33_V_V_write            | out |    1|   ap_fifo  |      out_1_33_V_V     |    pointer   |
|out_1_34_V_V_din              | out |    8|   ap_fifo  |      out_1_34_V_V     |    pointer   |
|out_1_34_V_V_full_n           |  in |    1|   ap_fifo  |      out_1_34_V_V     |    pointer   |
|out_1_34_V_V_write            | out |    1|   ap_fifo  |      out_1_34_V_V     |    pointer   |
|out_1_35_V_V_din              | out |    8|   ap_fifo  |      out_1_35_V_V     |    pointer   |
|out_1_35_V_V_full_n           |  in |    1|   ap_fifo  |      out_1_35_V_V     |    pointer   |
|out_1_35_V_V_write            | out |    1|   ap_fifo  |      out_1_35_V_V     |    pointer   |
|out_1_36_V_V_din              | out |    8|   ap_fifo  |      out_1_36_V_V     |    pointer   |
|out_1_36_V_V_full_n           |  in |    1|   ap_fifo  |      out_1_36_V_V     |    pointer   |
|out_1_36_V_V_write            | out |    1|   ap_fifo  |      out_1_36_V_V     |    pointer   |
|out_1_37_V_V_din              | out |    8|   ap_fifo  |      out_1_37_V_V     |    pointer   |
|out_1_37_V_V_full_n           |  in |    1|   ap_fifo  |      out_1_37_V_V     |    pointer   |
|out_1_37_V_V_write            | out |    1|   ap_fifo  |      out_1_37_V_V     |    pointer   |
|out_1_38_V_V_din              | out |    8|   ap_fifo  |      out_1_38_V_V     |    pointer   |
|out_1_38_V_V_full_n           |  in |    1|   ap_fifo  |      out_1_38_V_V     |    pointer   |
|out_1_38_V_V_write            | out |    1|   ap_fifo  |      out_1_38_V_V     |    pointer   |
|out_1_39_V_V_din              | out |    8|   ap_fifo  |      out_1_39_V_V     |    pointer   |
|out_1_39_V_V_full_n           |  in |    1|   ap_fifo  |      out_1_39_V_V     |    pointer   |
|out_1_39_V_V_write            | out |    1|   ap_fifo  |      out_1_39_V_V     |    pointer   |
|out_1_40_V_V_din              | out |    8|   ap_fifo  |      out_1_40_V_V     |    pointer   |
|out_1_40_V_V_full_n           |  in |    1|   ap_fifo  |      out_1_40_V_V     |    pointer   |
|out_1_40_V_V_write            | out |    1|   ap_fifo  |      out_1_40_V_V     |    pointer   |
|out_1_41_V_V_din              | out |    8|   ap_fifo  |      out_1_41_V_V     |    pointer   |
|out_1_41_V_V_full_n           |  in |    1|   ap_fifo  |      out_1_41_V_V     |    pointer   |
|out_1_41_V_V_write            | out |    1|   ap_fifo  |      out_1_41_V_V     |    pointer   |
|out_1_42_V_V_din              | out |    8|   ap_fifo  |      out_1_42_V_V     |    pointer   |
|out_1_42_V_V_full_n           |  in |    1|   ap_fifo  |      out_1_42_V_V     |    pointer   |
|out_1_42_V_V_write            | out |    1|   ap_fifo  |      out_1_42_V_V     |    pointer   |
|out_1_43_V_V_din              | out |    8|   ap_fifo  |      out_1_43_V_V     |    pointer   |
|out_1_43_V_V_full_n           |  in |    1|   ap_fifo  |      out_1_43_V_V     |    pointer   |
|out_1_43_V_V_write            | out |    1|   ap_fifo  |      out_1_43_V_V     |    pointer   |
|out_1_44_V_V_din              | out |    8|   ap_fifo  |      out_1_44_V_V     |    pointer   |
|out_1_44_V_V_full_n           |  in |    1|   ap_fifo  |      out_1_44_V_V     |    pointer   |
|out_1_44_V_V_write            | out |    1|   ap_fifo  |      out_1_44_V_V     |    pointer   |
|out_1_45_V_V_din              | out |    8|   ap_fifo  |      out_1_45_V_V     |    pointer   |
|out_1_45_V_V_full_n           |  in |    1|   ap_fifo  |      out_1_45_V_V     |    pointer   |
|out_1_45_V_V_write            | out |    1|   ap_fifo  |      out_1_45_V_V     |    pointer   |
|out_1_46_V_V_din              | out |    8|   ap_fifo  |      out_1_46_V_V     |    pointer   |
|out_1_46_V_V_full_n           |  in |    1|   ap_fifo  |      out_1_46_V_V     |    pointer   |
|out_1_46_V_V_write            | out |    1|   ap_fifo  |      out_1_46_V_V     |    pointer   |
|out_1_47_V_V_din              | out |    8|   ap_fifo  |      out_1_47_V_V     |    pointer   |
|out_1_47_V_V_full_n           |  in |    1|   ap_fifo  |      out_1_47_V_V     |    pointer   |
|out_1_47_V_V_write            | out |    1|   ap_fifo  |      out_1_47_V_V     |    pointer   |
|out_1_48_V_V_din              | out |    8|   ap_fifo  |      out_1_48_V_V     |    pointer   |
|out_1_48_V_V_full_n           |  in |    1|   ap_fifo  |      out_1_48_V_V     |    pointer   |
|out_1_48_V_V_write            | out |    1|   ap_fifo  |      out_1_48_V_V     |    pointer   |
|out_1_49_V_V_din              | out |    8|   ap_fifo  |      out_1_49_V_V     |    pointer   |
|out_1_49_V_V_full_n           |  in |    1|   ap_fifo  |      out_1_49_V_V     |    pointer   |
|out_1_49_V_V_write            | out |    1|   ap_fifo  |      out_1_49_V_V     |    pointer   |
|out_1_50_V_V_din              | out |    8|   ap_fifo  |      out_1_50_V_V     |    pointer   |
|out_1_50_V_V_full_n           |  in |    1|   ap_fifo  |      out_1_50_V_V     |    pointer   |
|out_1_50_V_V_write            | out |    1|   ap_fifo  |      out_1_50_V_V     |    pointer   |
|out_1_51_V_V_din              | out |    8|   ap_fifo  |      out_1_51_V_V     |    pointer   |
|out_1_51_V_V_full_n           |  in |    1|   ap_fifo  |      out_1_51_V_V     |    pointer   |
|out_1_51_V_V_write            | out |    1|   ap_fifo  |      out_1_51_V_V     |    pointer   |
|out_1_52_V_V_din              | out |    8|   ap_fifo  |      out_1_52_V_V     |    pointer   |
|out_1_52_V_V_full_n           |  in |    1|   ap_fifo  |      out_1_52_V_V     |    pointer   |
|out_1_52_V_V_write            | out |    1|   ap_fifo  |      out_1_52_V_V     |    pointer   |
|out_1_53_V_V_din              | out |    8|   ap_fifo  |      out_1_53_V_V     |    pointer   |
|out_1_53_V_V_full_n           |  in |    1|   ap_fifo  |      out_1_53_V_V     |    pointer   |
|out_1_53_V_V_write            | out |    1|   ap_fifo  |      out_1_53_V_V     |    pointer   |
|out_1_54_V_V_din              | out |    8|   ap_fifo  |      out_1_54_V_V     |    pointer   |
|out_1_54_V_V_full_n           |  in |    1|   ap_fifo  |      out_1_54_V_V     |    pointer   |
|out_1_54_V_V_write            | out |    1|   ap_fifo  |      out_1_54_V_V     |    pointer   |
|out_1_55_V_V_din              | out |    8|   ap_fifo  |      out_1_55_V_V     |    pointer   |
|out_1_55_V_V_full_n           |  in |    1|   ap_fifo  |      out_1_55_V_V     |    pointer   |
|out_1_55_V_V_write            | out |    1|   ap_fifo  |      out_1_55_V_V     |    pointer   |
|out_1_56_V_V_din              | out |    8|   ap_fifo  |      out_1_56_V_V     |    pointer   |
|out_1_56_V_V_full_n           |  in |    1|   ap_fifo  |      out_1_56_V_V     |    pointer   |
|out_1_56_V_V_write            | out |    1|   ap_fifo  |      out_1_56_V_V     |    pointer   |
|out_1_57_V_V_din              | out |    8|   ap_fifo  |      out_1_57_V_V     |    pointer   |
|out_1_57_V_V_full_n           |  in |    1|   ap_fifo  |      out_1_57_V_V     |    pointer   |
|out_1_57_V_V_write            | out |    1|   ap_fifo  |      out_1_57_V_V     |    pointer   |
|out_1_58_V_V_din              | out |    8|   ap_fifo  |      out_1_58_V_V     |    pointer   |
|out_1_58_V_V_full_n           |  in |    1|   ap_fifo  |      out_1_58_V_V     |    pointer   |
|out_1_58_V_V_write            | out |    1|   ap_fifo  |      out_1_58_V_V     |    pointer   |
|out_1_59_V_V_din              | out |    8|   ap_fifo  |      out_1_59_V_V     |    pointer   |
|out_1_59_V_V_full_n           |  in |    1|   ap_fifo  |      out_1_59_V_V     |    pointer   |
|out_1_59_V_V_write            | out |    1|   ap_fifo  |      out_1_59_V_V     |    pointer   |
|out_1_60_V_V_din              | out |    8|   ap_fifo  |      out_1_60_V_V     |    pointer   |
|out_1_60_V_V_full_n           |  in |    1|   ap_fifo  |      out_1_60_V_V     |    pointer   |
|out_1_60_V_V_write            | out |    1|   ap_fifo  |      out_1_60_V_V     |    pointer   |
|out_1_61_V_V_din              | out |    8|   ap_fifo  |      out_1_61_V_V     |    pointer   |
|out_1_61_V_V_full_n           |  in |    1|   ap_fifo  |      out_1_61_V_V     |    pointer   |
|out_1_61_V_V_write            | out |    1|   ap_fifo  |      out_1_61_V_V     |    pointer   |
|out_1_62_V_V_din              | out |    8|   ap_fifo  |      out_1_62_V_V     |    pointer   |
|out_1_62_V_V_full_n           |  in |    1|   ap_fifo  |      out_1_62_V_V     |    pointer   |
|out_1_62_V_V_write            | out |    1|   ap_fifo  |      out_1_62_V_V     |    pointer   |
|out_1_63_V_V_din              | out |    8|   ap_fifo  |      out_1_63_V_V     |    pointer   |
|out_1_63_V_V_full_n           |  in |    1|   ap_fifo  |      out_1_63_V_V     |    pointer   |
|out_1_63_V_V_write            | out |    1|   ap_fifo  |      out_1_63_V_V     |    pointer   |
+------------------------------+-----+-----+------------+-----------------------+--------------+

