

================================================================
== Vivado HLS Report for 'softmax_write_out135'
================================================================
* Date:           Fri Jan 13 09:14:58 2023

* Version:        2019.1 (Build 2552052 on Fri May 24 15:28:33 MDT 2019)
* Project:        hls_project
* Solution:       solution_1
* Product family: zynquplus
* Target device:  xczu19eg-ffvc1760-2-i


================================================================
== Performance Estimates
================================================================
+ Timing (ns): 
    * Summary: 
    +--------+-------+----------+------------+
    |  Clock | Target| Estimated| Uncertainty|
    +--------+-------+----------+------------+
    |ap_clk  |   5.00|     4.173|        0.62|
    +--------+-------+----------+------------+

+ Latency (clock cycles): 
    * Summary: 
    +-----+----------+-----+----------+---------+
    |     Latency    |    Interval    | Pipeline|
    | min |    max   | min |    max   |   Type  |
    +-----+----------+-----+----------+---------+
    |    3|  16776709|    3|  16776709|   none  |
    +-----+----------+-----+----------+---------+

    + Detail: 
        * Instance: 
        N/A

        * Loop: 
        +----------+-----+----------+----------+-----------+-----------+--------------+----------+
        |          |     Latency    | Iteration|  Initiation Interval  |     Trip     |          |
        | Loop Name| min |    max   |  Latency |  achieved |   target  |     Count    | Pipelined|
        +----------+-----+----------+----------+-----------+-----------+--------------+----------+
        |- Loop 1  |    0|  16776706|         4|          1|          1| 0 ~ 16776704 |    yes   |
        +----------+-----+----------+----------+-----------+-----------+--------------+----------+



================================================================
== Utilization Estimates
================================================================
* Summary: 
+-----------------+---------+-------+---------+--------+-----+
|       Name      | BRAM_18K| DSP48E|    FF   |   LUT  | URAM|
+-----------------+---------+-------+---------+--------+-----+
|DSP              |        -|      1|        -|       -|    -|
|Expression       |        -|      -|        0|    1046|    -|
|FIFO             |        -|      -|        -|       -|    -|
|Instance         |        -|      -|        -|       -|    -|
|Memory           |        -|      -|        -|       -|    -|
|Multiplexer      |        -|      -|        -|     552|    -|
|Register         |        0|      -|     1920|      32|    -|
+-----------------+---------+-------+---------+--------+-----+
|Total            |        0|      1|     1920|    1630|    0|
+-----------------+---------+-------+---------+--------+-----+
|Available        |     1968|   1968|  1045440|  522720|  128|
+-----------------+---------+-------+---------+--------+-----+
|Utilization (%)  |        0|   ~0  |    ~0   |   ~0   |    0|
+-----------------+---------+-------+---------+--------+-----+

+ Detail: 
    * Instance: 
    N/A

    * DSP48E: 
    +----------------------------------------+-----------------------------------+-----------+
    |                Instance                |               Module              | Expression|
    +----------------------------------------+-----------------------------------+-----------+
    |kernel_4_mul_mul_15ns_16ns_31_1_1_U793  |kernel_4_mul_mul_15ns_16ns_31_1_1  |  i0 * i1  |
    +----------------------------------------+-----------------------------------+-----------+

    * Memory: 
    N/A

    * FIFO: 
    N/A

    * Expression: 
    +----------------------------------+----------+-------+---+----+------------+------------+
    |           Variable Name          | Operation| DSP48E| FF| LUT| Bitwidth P0| Bitwidth P1|
    +----------------------------------+----------+-------+---+----+------------+------------+
    |add_ln1963_fu_599_p2              |     +    |      0|  0|  39|           7|          32|
    |add_ln1981_fu_735_p2              |     +    |      0|  0|  38|          31|           1|
    |add_ln2005_fu_706_p2              |     +    |      0|  0|  39|           2|          32|
    |add_ln700_fu_754_p2               |     +    |      0|  0|  23|           1|          16|
    |i_V_fu_792_p2                     |     +    |      0|  0|  22|          15|           1|
    |out_data_user_V_fu_672_p2         |     +    |      0|  0|  23|           1|          16|
    |and_ln1957_fu_637_p2              |    and   |      0|  0|   2|           1|           1|
    |and_ln1996_fu_1357_p2             |    and   |      0|  0|   2|           1|           1|
    |ap_block_pp0_stage0_01001         |    and   |      0|  0|   2|           1|           1|
    |ap_block_state4_pp0_stage0_iter1  |    and   |      0|  0|   2|           1|           1|
    |ap_block_state5_io                |    and   |      0|  0|   2|           1|           1|
    |ap_block_state6_io                |    and   |      0|  0|   2|           1|           1|
    |out_V_data_V_1_load_A             |    and   |      0|  0|   2|           1|           1|
    |out_V_data_V_1_load_B             |    and   |      0|  0|   2|           1|           1|
    |out_V_last_V_1_load_A             |    and   |      0|  0|   2|           1|           1|
    |out_V_last_V_1_load_B             |    and   |      0|  0|   2|           1|           1|
    |out_V_user_V_1_load_A             |    and   |      0|  0|   2|           1|           1|
    |out_V_user_V_1_load_B             |    and   |      0|  0|   2|           1|           1|
    |icmp_ln1953_fu_587_p2             |   icmp   |      0|  0|  20|          26|           1|
    |icmp_ln1957_fu_593_p2             |   icmp   |      0|  0|  11|           6|           1|
    |icmp_ln1981_fu_730_p2             |   icmp   |      0|  0|  20|          31|          31|
    |icmp_ln1984_fu_741_p2             |   icmp   |      0|  0|  13|          15|          15|
    |icmp_ln1996_fu_1347_p2            |   icmp   |      0|  0|  13|          15|           1|
    |icmp_ln879_1_fu_894_p2            |   icmp   |      0|  0|  11|           5|           1|
    |icmp_ln879_2_fu_1352_p2           |   icmp   |      0|  0|  11|           5|           2|
    |icmp_ln879_3_fu_760_p2            |   icmp   |      0|  0|  13|          16|           1|
    |icmp_ln879_fu_718_p2              |   icmp   |      0|  0|  13|          16|           1|
    |out_V_data_V_1_state_cmp_full     |   icmp   |      0|  0|   8|           2|           1|
    |out_V_last_V_1_state_cmp_full     |   icmp   |      0|  0|   8|           2|           1|
    |out_V_user_V_1_state_cmp_full     |   icmp   |      0|  0|   8|           2|           1|
    |out_data_last_V_fu_1366_p2        |   icmp   |      0|  0|  20|          32|          32|
    |ap_block_pp0_stage0_11001         |    or    |      0|  0|   2|           1|           1|
    |ap_block_state1                   |    or    |      0|  0|   2|           1|           1|
    |ap_block_state7                   |    or    |      0|  0|   2|           1|           1|
    |or_ln1996_fu_1371_p2              |    or    |      0|  0|   2|           1|           1|
    |out_data_user_V_1_fu_724_p3       |  select  |      0|  0|  16|           1|          16|
    |select_ln1953_fu_623_p3           |  select  |      0|  0|  32|           1|           7|
    |select_ln1957_fu_643_p3           |  select  |      0|  0|  32|           1|          32|
    |select_ln1981_fu_780_p3           |  select  |      0|  0|  16|           1|          16|
    |select_ln1987_10_fu_989_p3        |  select  |      0|  0|  16|           1|           1|
    |select_ln1987_11_fu_998_p3        |  select  |      0|  0|  16|           1|           1|
    |select_ln1987_12_fu_1007_p3       |  select  |      0|  0|  16|           1|           1|
    |select_ln1987_13_fu_1016_p3       |  select  |      0|  0|  16|           1|           1|
    |select_ln1987_14_fu_1025_p3       |  select  |      0|  0|  16|           1|           1|
    |select_ln1987_15_fu_1034_p3       |  select  |      0|  0|  16|           1|           1|
    |select_ln1987_16_fu_1043_p3       |  select  |      0|  0|  16|           1|           1|
    |select_ln1987_17_fu_1052_p3       |  select  |      0|  0|  16|           1|           1|
    |select_ln1987_18_fu_1061_p3       |  select  |      0|  0|  16|           1|           1|
    |select_ln1987_19_fu_1070_p3       |  select  |      0|  0|  16|           1|           1|
    |select_ln1987_1_fu_908_p3         |  select  |      0|  0|  16|           1|           1|
    |select_ln1987_20_fu_1079_p3       |  select  |      0|  0|  16|           1|           1|
    |select_ln1987_21_fu_1088_p3       |  select  |      0|  0|  16|           1|           1|
    |select_ln1987_22_fu_1097_p3       |  select  |      0|  0|  16|           1|           1|
    |select_ln1987_23_fu_1106_p3       |  select  |      0|  0|  16|           1|           1|
    |select_ln1987_24_fu_1115_p3       |  select  |      0|  0|  16|           1|           1|
    |select_ln1987_25_fu_1124_p3       |  select  |      0|  0|  16|           1|           1|
    |select_ln1987_26_fu_1133_p3       |  select  |      0|  0|  16|           1|           1|
    |select_ln1987_27_fu_1142_p3       |  select  |      0|  0|  16|           1|           1|
    |select_ln1987_28_fu_1151_p3       |  select  |      0|  0|  16|           1|           1|
    |select_ln1987_29_fu_1160_p3       |  select  |      0|  0|  16|           1|           1|
    |select_ln1987_2_fu_917_p3         |  select  |      0|  0|  16|           1|           1|
    |select_ln1987_30_fu_1169_p3       |  select  |      0|  0|  16|           1|           1|
    |select_ln1987_31_fu_1178_p3       |  select  |      0|  0|  16|           1|           1|
    |select_ln1987_3_fu_926_p3         |  select  |      0|  0|  16|           1|           1|
    |select_ln1987_4_fu_935_p3         |  select  |      0|  0|  16|           1|           1|
    |select_ln1987_5_fu_944_p3         |  select  |      0|  0|  16|           1|           1|
    |select_ln1987_6_fu_953_p3         |  select  |      0|  0|  16|           1|           1|
    |select_ln1987_7_fu_962_p3         |  select  |      0|  0|  16|           1|           1|
    |select_ln1987_8_fu_971_p3         |  select  |      0|  0|  16|           1|           1|
    |select_ln1987_9_fu_980_p3         |  select  |      0|  0|  16|           1|           1|
    |select_ln1987_fu_899_p3           |  select  |      0|  0|  16|           1|           1|
    |select_ln2006_1_fu_766_p3         |  select  |      0|  0|  16|           1|          16|
    |select_ln302_fu_746_p3            |  select  |      0|  0|  15|           1|           1|
    |tmp_user_V_2_fu_772_p3            |  select  |      0|  0|  16|           1|          16|
    |ap_enable_pp0                     |    xor   |      0|  0|   2|           1|           2|
    |ap_enable_reg_pp0_iter1           |    xor   |      0|  0|   2|           2|           1|
    |xor_ln1953_fu_631_p2              |    xor   |      0|  0|   2|           1|           2|
    +----------------------------------+----------+-------+---+----+------------+------------+
    |Total                             |          |      0|  0|1046|         289|         344|
    +----------------------------------+----------+-------+---+----+------------+------------+

    * Multiplexer: 
    +-------------------------+----+-----------+-----+-----------+
    |           Name          | LUT| Input Size| Bits| Total Bits|
    +-------------------------+----+-----------+-----+-----------+
    |ap_NS_fsm                |  27|          5|    1|          5|
    |ap_done                  |   9|          2|    1|          2|
    |ap_enable_reg_pp0_iter1  |   9|          2|    1|          2|
    |ap_enable_reg_pp0_iter3  |   9|          2|    1|          2|
    |in_V_V_blk_n             |   9|          2|    1|          2|
    |in_iter_c_V_V_blk_n      |   9|          2|    1|          2|
    |in_n_V_V_blk_n           |   9|          2|    1|          2|
    |indvar_flatten_reg_392   |   9|          2|   31|         62|
    |out_V_data_V_1_data_in   |  15|          3|  512|       1536|
    |out_V_data_V_1_data_out  |   9|          2|  512|       1024|
    |out_V_data_V_1_state     |  15|          3|    2|          6|
    |out_V_dest_V_1_state     |  15|          3|    2|          6|
    |out_V_id_V_1_state       |  15|          3|    2|          6|
    |out_V_last_V_1_data_in   |  15|          3|    1|          3|
    |out_V_last_V_1_data_out  |   9|          2|    1|          2|
    |out_V_last_V_1_state     |  15|          3|    2|          6|
    |out_V_user_V_1_data_in   |  15|          3|   16|         48|
    |out_V_user_V_1_data_out  |   9|          2|   16|         32|
    |out_V_user_V_1_state     |  15|          3|    2|          6|
    |out_r_TDATA_blk_n        |   9|          2|    1|          2|
    |t_V_1_reg_414            |   9|          2|   15|         30|
    |t_V_reg_403              |   9|          2|   16|         32|
    |tmp_V_10_fu_264          |   9|          2|   16|         32|
    |tmp_V_11_fu_268          |   9|          2|   16|         32|
    |tmp_V_12_fu_272          |   9|          2|   16|         32|
    |tmp_V_13_fu_276          |   9|          2|   16|         32|
    |tmp_V_14_fu_280          |   9|          2|   16|         32|
    |tmp_V_15_fu_284          |   9|          2|   16|         32|
    |tmp_V_16_fu_288          |   9|          2|   16|         32|
    |tmp_V_17_fu_292          |   9|          2|   16|         32|
    |tmp_V_18_fu_296          |   9|          2|   16|         32|
    |tmp_V_19_fu_300          |   9|          2|   16|         32|
    |tmp_V_1_fu_228           |   9|          2|   16|         32|
    |tmp_V_20_fu_304          |   9|          2|   16|         32|
    |tmp_V_21_fu_308          |   9|          2|   16|         32|
    |tmp_V_22_fu_312          |   9|          2|   16|         32|
    |tmp_V_23_fu_316          |   9|          2|   16|         32|
    |tmp_V_24_fu_320          |   9|          2|   16|         32|
    |tmp_V_25_fu_324          |   9|          2|   16|         32|
    |tmp_V_26_fu_328          |   9|          2|   16|         32|
    |tmp_V_27_fu_332          |   9|          2|   16|         32|
    |tmp_V_28_fu_336          |   9|          2|   16|         32|
    |tmp_V_29_fu_340          |   9|          2|   16|         32|
    |tmp_V_2_fu_232           |   9|          2|   16|         32|
    |tmp_V_30_fu_344          |   9|          2|   16|         32|
    |tmp_V_31_fu_348          |   9|          2|   16|         32|
    |tmp_V_3_fu_236           |   9|          2|   16|         32|
    |tmp_V_4_fu_240           |   9|          2|   16|         32|
    |tmp_V_5_fu_244           |   9|          2|   16|         32|
    |tmp_V_6_fu_248           |   9|          2|   16|         32|
    |tmp_V_7_fu_252           |   9|          2|   16|         32|
    |tmp_V_8_fu_256           |   9|          2|   16|         32|
    |tmp_V_9_fu_260           |   9|          2|   16|         32|
    |tmp_V_fu_224             |   9|          2|   16|         32|
    +-------------------------+----+-----------+-----+-----------+
    |Total                    | 552|        119| 1650|       3842|
    +-------------------------+----+-----------+-----+-----------+

    * Register: 
    +----------------------------------+-----+----+-----+-----------+
    |               Name               |  FF | LUT| Bits| Const Bits|
    +----------------------------------+-----+----+-----+-----------+
    |add_ln2005_reg_1838               |   32|   0|   32|          0|
    |ap_CS_fsm                         |    4|   0|    4|          0|
    |ap_done_reg                       |    1|   0|    1|          0|
    |ap_enable_reg_pp0_iter0           |    1|   0|    1|          0|
    |ap_enable_reg_pp0_iter1           |    1|   0|    1|          0|
    |ap_enable_reg_pp0_iter2           |    1|   0|    1|          0|
    |ap_enable_reg_pp0_iter3           |    1|   0|    1|          0|
    |bound_reg_1843                    |   31|   0|   31|          0|
    |empty_reg_1822                    |   16|   0|   16|          0|
    |icmp_ln1981_reg_1848              |    1|   0|    1|          0|
    |indvar_flatten_reg_392            |   31|   0|   31|          0|
    |lshr_ln_reg_1827                  |   31|   0|   31|          0|
    |or_ln1996_reg_1889                |    1|   0|    1|          0|
    |or_ln1996_reg_1889_pp0_iter2_reg  |    1|   0|    1|          0|
    |out_V_data_V_1_payload_A          |  512|   0|  512|          0|
    |out_V_data_V_1_payload_B          |  512|   0|  512|          0|
    |out_V_data_V_1_sel_rd             |    1|   0|    1|          0|
    |out_V_data_V_1_sel_wr             |    1|   0|    1|          0|
    |out_V_data_V_1_state              |    2|   0|    2|          0|
    |out_V_dest_V_1_sel_rd             |    1|   0|    1|          0|
    |out_V_dest_V_1_state              |    2|   0|    2|          0|
    |out_V_id_V_1_sel_rd               |    1|   0|    1|          0|
    |out_V_id_V_1_state                |    2|   0|    2|          0|
    |out_V_last_V_1_payload_A          |    1|   0|    1|          0|
    |out_V_last_V_1_payload_B          |    1|   0|    1|          0|
    |out_V_last_V_1_sel_rd             |    1|   0|    1|          0|
    |out_V_last_V_1_sel_wr             |    1|   0|    1|          0|
    |out_V_last_V_1_state              |    2|   0|    2|          0|
    |out_V_user_V_1_payload_A          |   16|   0|   16|          0|
    |out_V_user_V_1_payload_B          |   16|   0|   16|          0|
    |out_V_user_V_1_sel_rd             |    1|   0|    1|          0|
    |out_V_user_V_1_sel_wr             |    1|   0|    1|          0|
    |out_V_user_V_1_state              |    2|   0|    2|          0|
    |out_data_last_V_reg_1884          |    1|   0|    1|          0|
    |out_data_user_V_reg_1815          |   16|   0|   16|          0|
    |ret_V_reg_1873                    |    5|   0|    5|          0|
    |select_ln302_reg_1857             |   15|   0|   15|          0|
    |t_V_1_reg_414                     |   15|   0|   15|          0|
    |t_V_reg_403                       |   16|   0|   16|          0|
    |tmp_3_reg_1832                    |   15|   0|   15|          0|
    |tmp_V_10_fu_264                   |   16|   0|   16|          0|
    |tmp_V_11_fu_268                   |   16|   0|   16|          0|
    |tmp_V_12_fu_272                   |   16|   0|   16|          0|
    |tmp_V_13_fu_276                   |   16|   0|   16|          0|
    |tmp_V_14_fu_280                   |   16|   0|   16|          0|
    |tmp_V_15_fu_284                   |   16|   0|   16|          0|
    |tmp_V_16_fu_288                   |   16|   0|   16|          0|
    |tmp_V_17_fu_292                   |   16|   0|   16|          0|
    |tmp_V_18_fu_296                   |   16|   0|   16|          0|
    |tmp_V_19_fu_300                   |   16|   0|   16|          0|
    |tmp_V_1_fu_228                    |   16|   0|   16|          0|
    |tmp_V_20_fu_304                   |   16|   0|   16|          0|
    |tmp_V_21_fu_308                   |   16|   0|   16|          0|
    |tmp_V_22_fu_312                   |   16|   0|   16|          0|
    |tmp_V_23_fu_316                   |   16|   0|   16|          0|
    |tmp_V_24_fu_320                   |   16|   0|   16|          0|
    |tmp_V_25_fu_324                   |   16|   0|   16|          0|
    |tmp_V_26_fu_328                   |   16|   0|   16|          0|
    |tmp_V_27_fu_332                   |   16|   0|   16|          0|
    |tmp_V_28_fu_336                   |   16|   0|   16|          0|
    |tmp_V_29_fu_340                   |   16|   0|   16|          0|
    |tmp_V_2_fu_232                    |   16|   0|   16|          0|
    |tmp_V_30_fu_344                   |   16|   0|   16|          0|
    |tmp_V_31_fu_348                   |   16|   0|   16|          0|
    |tmp_V_3_fu_236                    |   16|   0|   16|          0|
    |tmp_V_4_fu_240                    |   16|   0|   16|          0|
    |tmp_V_5_fu_244                    |   16|   0|   16|          0|
    |tmp_V_6_fu_248                    |   16|   0|   16|          0|
    |tmp_V_7_fu_252                    |   16|   0|   16|          0|
    |tmp_V_8_fu_256                    |   16|   0|   16|          0|
    |tmp_V_9_fu_260                    |   16|   0|   16|          0|
    |tmp_V_fu_224                      |   16|   0|   16|          0|
    |tmp_user_V_2_reg_1863             |   16|   0|   16|          0|
    |trunc_ln_reg_1809                 |   16|   0|   16|          0|
    |tmp_user_V_2_reg_1863             |   64|  32|   16|          0|
    +----------------------------------+-----+----+-----+-----------+
    |Total                             | 1920|  32| 1872|          0|
    +----------------------------------+-----+----+-----+-----------+



================================================================
== Interface
================================================================
* Summary: 
+-----------------------+-----+-----+------------+----------------------+--------------+
|       RTL Ports       | Dir | Bits|  Protocol  |     Source Object    |    C Type    |
+-----------------------+-----+-----+------------+----------------------+--------------+
|ap_clk                 |  in |    1| ap_ctrl_hs | softmax_write_out135 | return value |
|ap_rst                 |  in |    1| ap_ctrl_hs | softmax_write_out135 | return value |
|ap_start               |  in |    1| ap_ctrl_hs | softmax_write_out135 | return value |
|ap_done                | out |    1| ap_ctrl_hs | softmax_write_out135 | return value |
|ap_continue            |  in |    1| ap_ctrl_hs | softmax_write_out135 | return value |
|ap_idle                | out |    1| ap_ctrl_hs | softmax_write_out135 | return value |
|ap_ready               | out |    1| ap_ctrl_hs | softmax_write_out135 | return value |
|in_n_V_V_dout          |  in |   96|   ap_fifo  |       in_n_V_V       |    pointer   |
|in_n_V_V_empty_n       |  in |    1|   ap_fifo  |       in_n_V_V       |    pointer   |
|in_n_V_V_read          | out |    1|   ap_fifo  |       in_n_V_V       |    pointer   |
|in_iter_c_V_V_dout     |  in |   32|   ap_fifo  |     in_iter_c_V_V    |    pointer   |
|in_iter_c_V_V_empty_n  |  in |    1|   ap_fifo  |     in_iter_c_V_V    |    pointer   |
|in_iter_c_V_V_read     | out |    1|   ap_fifo  |     in_iter_c_V_V    |    pointer   |
|in_V_V_dout            |  in |   16|   ap_fifo  |        in_V_V        |    pointer   |
|in_V_V_empty_n         |  in |    1|   ap_fifo  |        in_V_V        |    pointer   |
|in_V_V_read            | out |    1|   ap_fifo  |        in_V_V        |    pointer   |
|out_r_TDATA            | out |  512|    axis    |     out_V_data_V     |    pointer   |
|out_r_TREADY           |  in |    1|    axis    |     out_V_data_V     |    pointer   |
|out_r_TVALID           | out |    1|    axis    |     out_V_last_V     |    pointer   |
|out_r_TLAST            | out |    1|    axis    |     out_V_last_V     |    pointer   |
|out_r_TID              | out |    8|    axis    |      out_V_id_V      |    pointer   |
|out_r_TDEST            | out |    8|    axis    |     out_V_dest_V     |    pointer   |
|out_r_TUSER            | out |   16|    axis    |     out_V_user_V     |    pointer   |
+-----------------------+-----+-----+------------+----------------------+--------------+

