

================================================================
== Vivado HLS Report for 'Softmax130'
================================================================
* Date:           Fri Jan 13 09:15:03 2023

* Version:        2019.1 (Build 2552052 on Fri May 24 15:28:33 MDT 2019)
* Project:        hls_project
* Solution:       solution_1
* Product family: zynquplus
* Target device:  xczu19eg-ffvc1760-2-i


================================================================
== Performance Estimates
================================================================
+ Timing (ns): 
    * Summary: 
    +--------+-------+----------+------------+
    |  Clock | Target| Estimated| Uncertainty|
    +--------+-------+----------+------------+
    |ap_clk  |   5.00|     4.320|        0.62|
    +--------+-------+----------+------------+

+ Latency (clock cycles): 
    * Summary: 
    +-----+----------+-----+----------+----------+
    |     Latency    |    Interval    | Pipeline |
    | min |    max   | min |    max   |   Type   |
    +-----+----------+-----+----------+----------+
    |   73|  16776763|   58|  16776710| dataflow |
    +-----+----------+-----+----------+----------+

    + Detail: 
        * Instance: 
        +-------------------------+----------------------+-----+----------+-----+----------+---------+
        |                         |                      |     Latency    |    Interval    | Pipeline|
        |         Instance        |        Module        | min |    max   | min |    max   |   Type  |
        +-------------------------+----------------------+-----+----------+-----+----------+---------+
        |softmax_process_2134_U0  |softmax_process_2134  |   57|     86017|   57|     86017|   none  |
        |softmax_save_data131_U0  |softmax_save_data131  |   17|     40449|   17|     40449|   none  |
        |softmax_write_out135_U0  |softmax_write_out135  |    3|  16776709|    3|  16776709|   none  |
        |softmax_process_1132_U0  |softmax_process_1132  |   18|     32778|   18|     32778|   none  |
        |softmax_QuantAct_1_c_U0  |softmax_QuantAct_1_c  |   14|     32774|   14|     32774|   none  |
        +-------------------------+----------------------+-----+----------+-----+----------+---------+

        * Loop: 
        N/A



================================================================
== Utilization Estimates
================================================================
* Summary: 
+-----------------+---------+-------+---------+--------+-----+
|       Name      | BRAM_18K| DSP48E|    FF   |   LUT  | URAM|
+-----------------+---------+-------+---------+--------+-----+
|DSP              |        -|      -|        -|       -|    -|
|Expression       |        -|      -|        0|       4|    -|
|FIFO             |        0|      -|       60|     704|    -|
|Instance         |        0|     43|    22021|   12701|    -|
|Memory           |        -|      -|        -|       -|    -|
|Multiplexer      |        -|      -|        -|       -|    -|
|Register         |        -|      -|        -|       -|    -|
+-----------------+---------+-------+---------+--------+-----+
|Total            |        0|     43|    22081|   13409|    0|
+-----------------+---------+-------+---------+--------+-----+
|Available        |     1968|   1968|  1045440|  522720|  128|
+-----------------+---------+-------+---------+--------+-----+
|Utilization (%)  |        0|      2|        2|       2|    0|
+-----------------+---------+-------+---------+--------+-----+

+ Detail: 
    * Instance: 
    +-------------------------+----------------------+---------+-------+------+------+-----+
    |         Instance        |        Module        | BRAM_18K| DSP48E|  FF  |  LUT | URAM|
    +-------------------------+----------------------+---------+-------+------+------+-----+
    |softmax_QuantAct_1_c_U0  |softmax_QuantAct_1_c  |        0|     20|  1152|   724|    0|
    |softmax_process_1132_U0  |softmax_process_1132  |        0|     22|  1286|  1838|    0|
    |softmax_process_2134_U0  |softmax_process_2134  |        0|      0|  9999|  5132|    0|
    |softmax_save_data131_U0  |softmax_save_data131  |        0|      0|  7664|  3377|    0|
    |softmax_write_out135_U0  |softmax_write_out135  |        0|      1|  1920|  1630|    0|
    +-------------------------+----------------------+---------+-------+------+------+-----+
    |Total                    |                      |        0|     43| 22021| 12701|    0|
    +-------------------------+----------------------+---------+-------+------+------+-----+

    * DSP48E: 
    N/A

    * Memory: 
    N/A

    * FIFO: 
    +-------------------------+---------+---+----+-----+------+-----+---------+
    |           Name          | BRAM_18K| FF| LUT| URAM| Depth| Bits| Size:D*B|
    +-------------------------+---------+---+----+-----+------+-----+---------+
    |in_proc_1_V_V_U          |        0|  5|   0|    -|     2|   64|      128|
    |in_proc_1_iter_c_V_V_U   |        0|  5|   0|    -|     2|   32|       64|
    |in_proc_1_iter_r_V_V_U   |        0|  5|   0|    -|     2|   32|       64|
    |in_proc_2_V_V_U          |        0|  5|   0|    -|     2|   32|       64|
    |in_proc_2_iter_c_V_V_U   |        0|  5|   0|    -|     2|   32|       64|
    |in_proc_2_iter_r_V_V_U   |        0|  5|   0|    -|     2|   32|       64|
    |in_quant_V_V_U           |        0|  5|   0|    -|     2|  128|      256|
    |in_quant_iter_c_V_V_U    |        0|  5|   0|    -|     2|   32|       64|
    |in_quant_iter_r_V_V_U    |        0|  5|   0|    -|     2|   32|       64|
    |in_write_2_iter_c_V_s_U  |        0|  5|   0|    -|     2|   32|       64|
    |in_write_V_V_U           |        0|  5|   0|    -|     2|   16|       32|
    |in_write_n_V_V_U         |        0|  5|   0|    -|     2|   96|      192|
    +-------------------------+---------+---+----+-----+------+-----+---------+
    |Total                    |        0| 60|   0|    0|    24|  560|     1120|
    +-------------------------+---------+---+----+-----+------+-----+---------+

    * Expression: 
    +--------------------------------------+----------+-------+---+----+------------+------------+
    |             Variable Name            | Operation| DSP48E| FF| LUT| Bitwidth P0| Bitwidth P1|
    +--------------------------------------+----------+-------+---+----+------------+------------+
    |ap_idle                               |    and   |      0|  0|   2|           1|           1|
    |softmax_save_data131_U0_start_full_n  |    and   |      0|  0|   2|           1|           1|
    +--------------------------------------+----------+-------+---+----+------------+------------+
    |Total                                 |          |      0|  0|   4|           2|           2|
    +--------------------------------------+----------+-------+---+----+------------+------------+

    * Multiplexer: 
    N/A

    * Register: 
    N/A



================================================================
== Interface
================================================================
* Summary: 
+---------------------+-----+-----+------------+--------------+--------------+
|      RTL Ports      | Dir | Bits|  Protocol  | Source Object|    C Type    |
+---------------------+-----+-----+------------+--------------+--------------+
|in_V_data_V_dout     |  in |  512|   ap_fifo  |  in_V_data_V |    pointer   |
|in_V_data_V_empty_n  |  in |    1|   ap_fifo  |  in_V_data_V |    pointer   |
|in_V_data_V_read     | out |    1|   ap_fifo  |  in_V_data_V |    pointer   |
|in_V_id_V_dout       |  in |    8|   ap_fifo  |   in_V_id_V  |    pointer   |
|in_V_id_V_empty_n    |  in |    1|   ap_fifo  |   in_V_id_V  |    pointer   |
|in_V_id_V_read       | out |    1|   ap_fifo  |   in_V_id_V  |    pointer   |
|in_V_dest_V_dout     |  in |    8|   ap_fifo  |  in_V_dest_V |    pointer   |
|in_V_dest_V_empty_n  |  in |    1|   ap_fifo  |  in_V_dest_V |    pointer   |
|in_V_dest_V_read     | out |    1|   ap_fifo  |  in_V_dest_V |    pointer   |
|in_V_user_V_dout     |  in |   16|   ap_fifo  |  in_V_user_V |    pointer   |
|in_V_user_V_empty_n  |  in |    1|   ap_fifo  |  in_V_user_V |    pointer   |
|in_V_user_V_read     | out |    1|   ap_fifo  |  in_V_user_V |    pointer   |
|in_V_last_V_dout     |  in |    1|   ap_fifo  |  in_V_last_V |    pointer   |
|in_V_last_V_empty_n  |  in |    1|   ap_fifo  |  in_V_last_V |    pointer   |
|in_V_last_V_read     | out |    1|   ap_fifo  |  in_V_last_V |    pointer   |
|out_r_TDATA          | out |  512|    axis    | out_V_data_V |    pointer   |
|out_r_TID            | out |    8|    axis    |  out_V_id_V  |    pointer   |
|out_r_TDEST          | out |    8|    axis    | out_V_dest_V |    pointer   |
|out_r_TUSER          | out |   16|    axis    | out_V_user_V |    pointer   |
|out_r_TLAST          | out |    1|    axis    | out_V_last_V |    pointer   |
|out_r_TVALID         | out |    1|    axis    | out_V_last_V |    pointer   |
|out_r_TREADY         |  in |    1|    axis    | out_V_last_V |    pointer   |
|ap_clk               |  in |    1| ap_ctrl_hs |  Softmax130  | return value |
|ap_rst               |  in |    1| ap_ctrl_hs |  Softmax130  | return value |
|ap_start             |  in |    1| ap_ctrl_hs |  Softmax130  | return value |
|ap_done              | out |    1| ap_ctrl_hs |  Softmax130  | return value |
|ap_ready             | out |    1| ap_ctrl_hs |  Softmax130  | return value |
|ap_idle              | out |    1| ap_ctrl_hs |  Softmax130  | return value |
|ap_continue          |  in |    1| ap_ctrl_hs |  Softmax130  | return value |
+---------------------+-----+-----+------------+--------------+--------------+

