

================================================================
== Vivado HLS Report for 'IdentityQuantAct146'
================================================================
* Date:           Mon Feb 20 12:10:52 2023

* Version:        2018.3 (Build 2405991 on Thu Dec 06 23:56:15 MST 2018)
* Project:        layernorm_kern29
* Solution:       solution1
* Product family: zynquplus
* Target device:  xczu19eg-ffvc1760-2-i


================================================================
== Performance Estimates
================================================================
+ Timing (ns): 
    * Summary: 
    +--------+-------+----------+------------+
    |  Clock | Target| Estimated| Uncertainty|
    +--------+-------+----------+------------+
    |ap_clk  |   5.00|     4.228|        0.62|
    +--------+-------+----------+------------+

+ Latency (clock cycles): 
    * Summary: 
    +-----+-------+-----+-------+---------+
    |   Latency   |   Interval  | Pipeline|
    | min |  max  | min |  max  |   Type  |
    +-----+-------+-----+-------+---------+
    |   53|  24581|   53|  24581|   none  |
    +-----+-------+-----+-------+---------+

    + Detail: 
        * Instance: 
        N/A

        * Loop: 
        +----------+-----+-------+----------+-----------+-----------+------------+----------+
        |          |   Latency   | Iteration|  Initiation Interval  |    Trip    |          |
        | Loop Name| min |  max  |  Latency |  achieved |   target  |    Count   | Pipelined|
        +----------+-----+-------+----------+-----------+-----------+------------+----------+
        |- Loop 1  |   51|  24579|         5|          1|          1| 48 ~ 24576 |    yes   |
        +----------+-----+-------+----------+-----------+-----------+------------+----------+



================================================================
== Utilization Estimates
================================================================
* Summary: 
+-----------------+---------+-------+---------+--------+-----+
|       Name      | BRAM_18K| DSP48E|    FF   |   LUT  | URAM|
+-----------------+---------+-------+---------+--------+-----+
|DSP              |        -|      -|        -|       -|    -|
|Expression       |        -|     32|        0|    9931|    -|
|FIFO             |        -|      -|        -|       -|    -|
|Instance         |        -|      -|        0|     816|    -|
|Memory           |        0|      -|     4608|     448|    -|
|Multiplexer      |        -|      -|        -|     228|    -|
|Register         |        0|      -|     2457|      96|    -|
+-----------------+---------+-------+---------+--------+-----+
|Total            |        0|     32|     7065|   11519|    0|
+-----------------+---------+-------+---------+--------+-----+
|Available        |     1968|   1968|  1045440|  522720|  128|
+-----------------+---------+-------+---------+--------+-----+
|Utilization (%)  |        0|      1|    ~0   |       2|    0|
+-----------------+---------+-------+---------+--------+-----+

+ Detail: 
    * Instance: 
    +-----------------------------+-------------------------+---------+-------+---+----+
    |           Instance          |          Module         | BRAM_18K| DSP48E| FF| LUT|
    +-----------------------------+-------------------------+---------+-------+---+----+
    |kernel_29_mux_42_31_1_1_U16  |kernel_29_mux_42_31_1_1  |        0|      0|  0|  17|
    |kernel_29_mux_42_31_1_1_U17  |kernel_29_mux_42_31_1_1  |        0|      0|  0|  17|
    |kernel_29_mux_42_31_1_1_U18  |kernel_29_mux_42_31_1_1  |        0|      0|  0|  17|
    |kernel_29_mux_42_31_1_1_U19  |kernel_29_mux_42_31_1_1  |        0|      0|  0|  17|
    |kernel_29_mux_42_31_1_1_U20  |kernel_29_mux_42_31_1_1  |        0|      0|  0|  17|
    |kernel_29_mux_42_31_1_1_U21  |kernel_29_mux_42_31_1_1  |        0|      0|  0|  17|
    |kernel_29_mux_42_31_1_1_U22  |kernel_29_mux_42_31_1_1  |        0|      0|  0|  17|
    |kernel_29_mux_42_31_1_1_U23  |kernel_29_mux_42_31_1_1  |        0|      0|  0|  17|
    |kernel_29_mux_42_31_1_1_U24  |kernel_29_mux_42_31_1_1  |        0|      0|  0|  17|
    |kernel_29_mux_42_31_1_1_U25  |kernel_29_mux_42_31_1_1  |        0|      0|  0|  17|
    |kernel_29_mux_42_31_1_1_U26  |kernel_29_mux_42_31_1_1  |        0|      0|  0|  17|
    |kernel_29_mux_42_31_1_1_U27  |kernel_29_mux_42_31_1_1  |        0|      0|  0|  17|
    |kernel_29_mux_42_31_1_1_U28  |kernel_29_mux_42_31_1_1  |        0|      0|  0|  17|
    |kernel_29_mux_42_31_1_1_U29  |kernel_29_mux_42_31_1_1  |        0|      0|  0|  17|
    |kernel_29_mux_42_31_1_1_U30  |kernel_29_mux_42_31_1_1  |        0|      0|  0|  17|
    |kernel_29_mux_42_31_1_1_U31  |kernel_29_mux_42_31_1_1  |        0|      0|  0|  17|
    |kernel_29_mux_42_5_1_1_U32   |kernel_29_mux_42_5_1_1   |        0|      0|  0|  17|
    |kernel_29_mux_42_5_1_1_U33   |kernel_29_mux_42_5_1_1   |        0|      0|  0|  17|
    |kernel_29_mux_42_5_1_1_U34   |kernel_29_mux_42_5_1_1   |        0|      0|  0|  17|
    |kernel_29_mux_42_5_1_1_U35   |kernel_29_mux_42_5_1_1   |        0|      0|  0|  17|
    |kernel_29_mux_42_5_1_1_U36   |kernel_29_mux_42_5_1_1   |        0|      0|  0|  17|
    |kernel_29_mux_42_5_1_1_U37   |kernel_29_mux_42_5_1_1   |        0|      0|  0|  17|
    |kernel_29_mux_42_5_1_1_U38   |kernel_29_mux_42_5_1_1   |        0|      0|  0|  17|
    |kernel_29_mux_42_5_1_1_U39   |kernel_29_mux_42_5_1_1   |        0|      0|  0|  17|
    |kernel_29_mux_42_5_1_1_U40   |kernel_29_mux_42_5_1_1   |        0|      0|  0|  17|
    |kernel_29_mux_42_5_1_1_U41   |kernel_29_mux_42_5_1_1   |        0|      0|  0|  17|
    |kernel_29_mux_42_5_1_1_U42   |kernel_29_mux_42_5_1_1   |        0|      0|  0|  17|
    |kernel_29_mux_42_5_1_1_U43   |kernel_29_mux_42_5_1_1   |        0|      0|  0|  17|
    |kernel_29_mux_42_5_1_1_U44   |kernel_29_mux_42_5_1_1   |        0|      0|  0|  17|
    |kernel_29_mux_42_5_1_1_U45   |kernel_29_mux_42_5_1_1   |        0|      0|  0|  17|
    |kernel_29_mux_42_5_1_1_U46   |kernel_29_mux_42_5_1_1   |        0|      0|  0|  17|
    |kernel_29_mux_42_5_1_1_U47   |kernel_29_mux_42_5_1_1   |        0|      0|  0|  17|
    |kernel_29_mux_42_8_1_1_U49   |kernel_29_mux_42_8_1_1   |        0|      0|  0|  17|
    |kernel_29_mux_42_8_1_1_U50   |kernel_29_mux_42_8_1_1   |        0|      0|  0|  17|
    |kernel_29_mux_42_8_1_1_U51   |kernel_29_mux_42_8_1_1   |        0|      0|  0|  17|
    |kernel_29_mux_42_8_1_1_U52   |kernel_29_mux_42_8_1_1   |        0|      0|  0|  17|
    |kernel_29_mux_42_8_1_1_U53   |kernel_29_mux_42_8_1_1   |        0|      0|  0|  17|
    |kernel_29_mux_42_8_1_1_U54   |kernel_29_mux_42_8_1_1   |        0|      0|  0|  17|
    |kernel_29_mux_42_8_1_1_U55   |kernel_29_mux_42_8_1_1   |        0|      0|  0|  17|
    |kernel_29_mux_42_8_1_1_U56   |kernel_29_mux_42_8_1_1   |        0|      0|  0|  17|
    |kernel_29_mux_42_8_1_1_U57   |kernel_29_mux_42_8_1_1   |        0|      0|  0|  17|
    |kernel_29_mux_42_8_1_1_U58   |kernel_29_mux_42_8_1_1   |        0|      0|  0|  17|
    |kernel_29_mux_42_8_1_1_U59   |kernel_29_mux_42_8_1_1   |        0|      0|  0|  17|
    |kernel_29_mux_42_8_1_1_U60   |kernel_29_mux_42_8_1_1   |        0|      0|  0|  17|
    |kernel_29_mux_42_8_1_1_U61   |kernel_29_mux_42_8_1_1   |        0|      0|  0|  17|
    |kernel_29_mux_42_8_1_1_U62   |kernel_29_mux_42_8_1_1   |        0|      0|  0|  17|
    |kernel_29_mux_42_8_1_1_U63   |kernel_29_mux_42_8_1_1   |        0|      0|  0|  17|
    |kernel_29_mux_646_8_1_1_U48  |kernel_29_mux_646_8_1_1  |        0|      0|  0|  17|
    +-----------------------------+-------------------------+---------+-------+---+----+
    |Total                        |                         |        0|      0|  0| 816|
    +-----------------------------+-------------------------+---------+-------+---+----+

    * DSP48: 
    N/A

    * Memory: 
    +-----------------+-----------------------------------+---------+----+----+------+-----+------+-------------+
    |      Memory     |               Module              | BRAM_18K| FF | LUT| Words| Bits| Banks| W*Bits*Banks|
    +-----------------+-----------------------------------+---------+----+----+------+-----+------+-------------+
    |identity_e_48_U  |IdentityQuantAct146_identity_e_48  |        0|  10|   1|    12|    5|     1|           60|
    |identity_e_49_U  |IdentityQuantAct146_identity_e_48  |        0|  10|   1|    12|    5|     1|           60|
    |identity_e_50_U  |IdentityQuantAct146_identity_e_48  |        0|  10|   1|    12|    5|     1|           60|
    |identity_e_51_U  |IdentityQuantAct146_identity_e_48  |        0|  10|   1|    12|    5|     1|           60|
    |identity_e_52_U  |IdentityQuantAct146_identity_e_48  |        0|  10|   1|    12|    5|     1|           60|
    |identity_e_53_U  |IdentityQuantAct146_identity_e_48  |        0|  10|   1|    12|    5|     1|           60|
    |identity_e_54_U  |IdentityQuantAct146_identity_e_48  |        0|  10|   1|    12|    5|     1|           60|
    |identity_e_55_U  |IdentityQuantAct146_identity_e_48  |        0|  10|   1|    12|    5|     1|           60|
    |identity_e_56_U  |IdentityQuantAct146_identity_e_48  |        0|  10|   1|    12|    5|     1|           60|
    |identity_e_57_U  |IdentityQuantAct146_identity_e_48  |        0|  10|   1|    12|    5|     1|           60|
    |identity_e_58_U  |IdentityQuantAct146_identity_e_48  |        0|  10|   1|    12|    5|     1|           60|
    |identity_e_59_U  |IdentityQuantAct146_identity_e_48  |        0|  10|   1|    12|    5|     1|           60|
    |identity_e_60_U  |IdentityQuantAct146_identity_e_48  |        0|  10|   1|    12|    5|     1|           60|
    |identity_e_61_U  |IdentityQuantAct146_identity_e_48  |        0|  10|   1|    12|    5|     1|           60|
    |identity_e_62_U  |IdentityQuantAct146_identity_e_48  |        0|  10|   1|    12|    5|     1|           60|
    |identity_e_63_U  |IdentityQuantAct146_identity_e_48  |        0|  10|   1|    12|    5|     1|           60|
    |identity_e_15_U  |IdentityQuantAct146_identity_e_48  |        0|  10|   1|    12|    5|     1|           60|
    |identity_e_31_U  |IdentityQuantAct146_identity_e_48  |        0|  10|   1|    12|    5|     1|           60|
    |identity_e_47_U  |IdentityQuantAct146_identity_e_48  |        0|  10|   1|    12|    5|     1|           60|
    |identity_e_14_U  |IdentityQuantAct146_identity_e_48  |        0|  10|   1|    12|    5|     1|           60|
    |identity_e_30_U  |IdentityQuantAct146_identity_e_48  |        0|  10|   1|    12|    5|     1|           60|
    |identity_e_46_U  |IdentityQuantAct146_identity_e_48  |        0|  10|   1|    12|    5|     1|           60|
    |identity_e_13_U  |IdentityQuantAct146_identity_e_48  |        0|  10|   1|    12|    5|     1|           60|
    |identity_e_29_U  |IdentityQuantAct146_identity_e_48  |        0|  10|   1|    12|    5|     1|           60|
    |identity_e_45_U  |IdentityQuantAct146_identity_e_48  |        0|  10|   1|    12|    5|     1|           60|
    |identity_e_12_U  |IdentityQuantAct146_identity_e_48  |        0|  10|   1|    12|    5|     1|           60|
    |identity_e_28_U  |IdentityQuantAct146_identity_e_48  |        0|  10|   1|    12|    5|     1|           60|
    |identity_e_44_U  |IdentityQuantAct146_identity_e_48  |        0|  10|   1|    12|    5|     1|           60|
    |identity_e_11_U  |IdentityQuantAct146_identity_e_48  |        0|  10|   1|    12|    5|     1|           60|
    |identity_e_27_U  |IdentityQuantAct146_identity_e_48  |        0|  10|   1|    12|    5|     1|           60|
    |identity_e_43_U  |IdentityQuantAct146_identity_e_48  |        0|  10|   1|    12|    5|     1|           60|
    |identity_e_10_U  |IdentityQuantAct146_identity_e_48  |        0|  10|   1|    12|    5|     1|           60|
    |identity_e_26_U  |IdentityQuantAct146_identity_e_48  |        0|  10|   1|    12|    5|     1|           60|
    |identity_e_42_U  |IdentityQuantAct146_identity_e_48  |        0|  10|   1|    12|    5|     1|           60|
    |identity_e_9_U   |IdentityQuantAct146_identity_e_48  |        0|  10|   1|    12|    5|     1|           60|
    |identity_e_25_U  |IdentityQuantAct146_identity_e_48  |        0|  10|   1|    12|    5|     1|           60|
    |identity_e_41_U  |IdentityQuantAct146_identity_e_48  |        0|  10|   1|    12|    5|     1|           60|
    |identity_e_8_U   |IdentityQuantAct146_identity_e_48  |        0|  10|   1|    12|    5|     1|           60|
    |identity_e_24_U  |IdentityQuantAct146_identity_e_48  |        0|  10|   1|    12|    5|     1|           60|
    |identity_e_40_U  |IdentityQuantAct146_identity_e_48  |        0|  10|   1|    12|    5|     1|           60|
    |identity_e_7_U   |IdentityQuantAct146_identity_e_48  |        0|  10|   1|    12|    5|     1|           60|
    |identity_e_23_U  |IdentityQuantAct146_identity_e_48  |        0|  10|   1|    12|    5|     1|           60|
    |identity_e_39_U  |IdentityQuantAct146_identity_e_48  |        0|  10|   1|    12|    5|     1|           60|
    |identity_e_6_U   |IdentityQuantAct146_identity_e_48  |        0|  10|   1|    12|    5|     1|           60|
    |identity_e_22_U  |IdentityQuantAct146_identity_e_48  |        0|  10|   1|    12|    5|     1|           60|
    |identity_e_38_U  |IdentityQuantAct146_identity_e_48  |        0|  10|   1|    12|    5|     1|           60|
    |identity_e_5_U   |IdentityQuantAct146_identity_e_48  |        0|  10|   1|    12|    5|     1|           60|
    |identity_e_21_U  |IdentityQuantAct146_identity_e_48  |        0|  10|   1|    12|    5|     1|           60|
    |identity_e_37_U  |IdentityQuantAct146_identity_e_48  |        0|  10|   1|    12|    5|     1|           60|
    |identity_e_4_U   |IdentityQuantAct146_identity_e_48  |        0|  10|   1|    12|    5|     1|           60|
    |identity_e_20_U  |IdentityQuantAct146_identity_e_48  |        0|  10|   1|    12|    5|     1|           60|
    |identity_e_36_U  |IdentityQuantAct146_identity_e_48  |        0|  10|   1|    12|    5|     1|           60|
    |identity_e_3_U   |IdentityQuantAct146_identity_e_48  |        0|  10|   1|    12|    5|     1|           60|
    |identity_e_19_U  |IdentityQuantAct146_identity_e_48  |        0|  10|   1|    12|    5|     1|           60|
    |identity_e_35_U  |IdentityQuantAct146_identity_e_48  |        0|  10|   1|    12|    5|     1|           60|
    |identity_e_2_U   |IdentityQuantAct146_identity_e_48  |        0|  10|   1|    12|    5|     1|           60|
    |identity_e_18_U  |IdentityQuantAct146_identity_e_48  |        0|  10|   1|    12|    5|     1|           60|
    |identity_e_34_U  |IdentityQuantAct146_identity_e_48  |        0|  10|   1|    12|    5|     1|           60|
    |identity_e_1_U   |IdentityQuantAct146_identity_e_48  |        0|  10|   1|    12|    5|     1|           60|
    |identity_e_17_U  |IdentityQuantAct146_identity_e_48  |        0|  10|   1|    12|    5|     1|           60|
    |identity_e_33_U  |IdentityQuantAct146_identity_e_48  |        0|  10|   1|    12|    5|     1|           60|
    |identity_e_0_U   |IdentityQuantAct146_identity_e_48  |        0|  10|   1|    12|    5|     1|           60|
    |identity_e_16_U  |IdentityQuantAct146_identity_e_48  |        0|  10|   1|    12|    5|     1|           60|
    |identity_e_32_U  |IdentityQuantAct146_identity_e_48  |        0|  10|   1|    12|    5|     1|           60|
    |identity_m_48_U  |IdentityQuantAct146_identity_m_48  |        0|  62|   6|    12|   31|     1|          372|
    |identity_m_49_U  |IdentityQuantAct146_identity_m_48  |        0|  62|   6|    12|   31|     1|          372|
    |identity_m_50_U  |IdentityQuantAct146_identity_m_48  |        0|  62|   6|    12|   31|     1|          372|
    |identity_m_51_U  |IdentityQuantAct146_identity_m_48  |        0|  62|   6|    12|   31|     1|          372|
    |identity_m_52_U  |IdentityQuantAct146_identity_m_48  |        0|  62|   6|    12|   31|     1|          372|
    |identity_m_53_U  |IdentityQuantAct146_identity_m_48  |        0|  62|   6|    12|   31|     1|          372|
    |identity_m_54_U  |IdentityQuantAct146_identity_m_48  |        0|  62|   6|    12|   31|     1|          372|
    |identity_m_55_U  |IdentityQuantAct146_identity_m_48  |        0|  62|   6|    12|   31|     1|          372|
    |identity_m_56_U  |IdentityQuantAct146_identity_m_48  |        0|  62|   6|    12|   31|     1|          372|
    |identity_m_57_U  |IdentityQuantAct146_identity_m_48  |        0|  62|   6|    12|   31|     1|          372|
    |identity_m_58_U  |IdentityQuantAct146_identity_m_48  |        0|  62|   6|    12|   31|     1|          372|
    |identity_m_59_U  |IdentityQuantAct146_identity_m_48  |        0|  62|   6|    12|   31|     1|          372|
    |identity_m_60_U  |IdentityQuantAct146_identity_m_48  |        0|  62|   6|    12|   31|     1|          372|
    |identity_m_61_U  |IdentityQuantAct146_identity_m_48  |        0|  62|   6|    12|   31|     1|          372|
    |identity_m_62_U  |IdentityQuantAct146_identity_m_48  |        0|  62|   6|    12|   31|     1|          372|
    |identity_m_63_U  |IdentityQuantAct146_identity_m_48  |        0|  62|   6|    12|   31|     1|          372|
    |identity_m_15_U  |IdentityQuantAct146_identity_m_48  |        0|  62|   6|    12|   31|     1|          372|
    |identity_m_31_U  |IdentityQuantAct146_identity_m_48  |        0|  62|   6|    12|   31|     1|          372|
    |identity_m_47_U  |IdentityQuantAct146_identity_m_48  |        0|  62|   6|    12|   31|     1|          372|
    |identity_m_14_U  |IdentityQuantAct146_identity_m_48  |        0|  62|   6|    12|   31|     1|          372|
    |identity_m_30_U  |IdentityQuantAct146_identity_m_48  |        0|  62|   6|    12|   31|     1|          372|
    |identity_m_46_U  |IdentityQuantAct146_identity_m_48  |        0|  62|   6|    12|   31|     1|          372|
    |identity_m_13_U  |IdentityQuantAct146_identity_m_48  |        0|  62|   6|    12|   31|     1|          372|
    |identity_m_29_U  |IdentityQuantAct146_identity_m_48  |        0|  62|   6|    12|   31|     1|          372|
    |identity_m_45_U  |IdentityQuantAct146_identity_m_48  |        0|  62|   6|    12|   31|     1|          372|
    |identity_m_12_U  |IdentityQuantAct146_identity_m_48  |        0|  62|   6|    12|   31|     1|          372|
    |identity_m_28_U  |IdentityQuantAct146_identity_m_48  |        0|  62|   6|    12|   31|     1|          372|
    |identity_m_44_U  |IdentityQuantAct146_identity_m_48  |        0|  62|   6|    12|   31|     1|          372|
    |identity_m_11_U  |IdentityQuantAct146_identity_m_48  |        0|  62|   6|    12|   31|     1|          372|
    |identity_m_27_U  |IdentityQuantAct146_identity_m_48  |        0|  62|   6|    12|   31|     1|          372|
    |identity_m_43_U  |IdentityQuantAct146_identity_m_48  |        0|  62|   6|    12|   31|     1|          372|
    |identity_m_10_U  |IdentityQuantAct146_identity_m_48  |        0|  62|   6|    12|   31|     1|          372|
    |identity_m_26_U  |IdentityQuantAct146_identity_m_48  |        0|  62|   6|    12|   31|     1|          372|
    |identity_m_42_U  |IdentityQuantAct146_identity_m_48  |        0|  62|   6|    12|   31|     1|          372|
    |identity_m_9_U   |IdentityQuantAct146_identity_m_48  |        0|  62|   6|    12|   31|     1|          372|
    |identity_m_25_U  |IdentityQuantAct146_identity_m_48  |        0|  62|   6|    12|   31|     1|          372|
    |identity_m_41_U  |IdentityQuantAct146_identity_m_48  |        0|  62|   6|    12|   31|     1|          372|
    |identity_m_8_U   |IdentityQuantAct146_identity_m_48  |        0|  62|   6|    12|   31|     1|          372|
    |identity_m_24_U  |IdentityQuantAct146_identity_m_48  |        0|  62|   6|    12|   31|     1|          372|
    |identity_m_40_U  |IdentityQuantAct146_identity_m_48  |        0|  62|   6|    12|   31|     1|          372|
    |identity_m_7_U   |IdentityQuantAct146_identity_m_48  |        0|  62|   6|    12|   31|     1|          372|
    |identity_m_23_U  |IdentityQuantAct146_identity_m_48  |        0|  62|   6|    12|   31|     1|          372|
    |identity_m_39_U  |IdentityQuantAct146_identity_m_48  |        0|  62|   6|    12|   31|     1|          372|
    |identity_m_6_U   |IdentityQuantAct146_identity_m_48  |        0|  62|   6|    12|   31|     1|          372|
    |identity_m_22_U  |IdentityQuantAct146_identity_m_48  |        0|  62|   6|    12|   31|     1|          372|
    |identity_m_38_U  |IdentityQuantAct146_identity_m_48  |        0|  62|   6|    12|   31|     1|          372|
    |identity_m_5_U   |IdentityQuantAct146_identity_m_48  |        0|  62|   6|    12|   31|     1|          372|
    |identity_m_21_U  |IdentityQuantAct146_identity_m_48  |        0|  62|   6|    12|   31|     1|          372|
    |identity_m_37_U  |IdentityQuantAct146_identity_m_48  |        0|  62|   6|    12|   31|     1|          372|
    |identity_m_4_U   |IdentityQuantAct146_identity_m_48  |        0|  62|   6|    12|   31|     1|          372|
    |identity_m_20_U  |IdentityQuantAct146_identity_m_48  |        0|  62|   6|    12|   31|     1|          372|
    |identity_m_36_U  |IdentityQuantAct146_identity_m_48  |        0|  62|   6|    12|   31|     1|          372|
    |identity_m_3_U   |IdentityQuantAct146_identity_m_48  |        0|  62|   6|    12|   31|     1|          372|
    |identity_m_19_U  |IdentityQuantAct146_identity_m_48  |        0|  62|   6|    12|   31|     1|          372|
    |identity_m_35_U  |IdentityQuantAct146_identity_m_48  |        0|  62|   6|    12|   31|     1|          372|
    |identity_m_2_U   |IdentityQuantAct146_identity_m_48  |        0|  62|   6|    12|   31|     1|          372|
    |identity_m_18_U  |IdentityQuantAct146_identity_m_48  |        0|  62|   6|    12|   31|     1|          372|
    |identity_m_34_U  |IdentityQuantAct146_identity_m_48  |        0|  62|   6|    12|   31|     1|          372|
    |identity_m_1_U   |IdentityQuantAct146_identity_m_48  |        0|  62|   6|    12|   31|     1|          372|
    |identity_m_17_U  |IdentityQuantAct146_identity_m_48  |        0|  62|   6|    12|   31|     1|          372|
    |identity_m_33_U  |IdentityQuantAct146_identity_m_48  |        0|  62|   6|    12|   31|     1|          372|
    |identity_m_0_U   |IdentityQuantAct146_identity_m_48  |        0|  62|   6|    12|   31|     1|          372|
    |identity_m_16_U  |IdentityQuantAct146_identity_m_48  |        0|  62|   6|    12|   31|     1|          372|
    |identity_m_32_U  |IdentityQuantAct146_identity_m_48  |        0|  62|   6|    12|   31|     1|          372|
    +-----------------+-----------------------------------+---------+----+----+------+-----+------+-------------+
    |Total            |                                   |        0|4608| 448|  1536| 2304|   128|        27648|
    +-----------------+-----------------------------------+---------+----+----+------+-----+------+-------------+

    * FIFO: 
    N/A

    * Expression: 
    +----------------------------------+----------+-------+---+-----+------------+------------+
    |           Variable Name          | Operation| DSP48E| FF| LUT | Bitwidth P0| Bitwidth P1|
    +----------------------------------+----------+-------+---+-----+------------+------------+
    |ret_V_11_10_fu_8622_p2            |     *    |      2|  0|   25|           8|          31|
    |ret_V_11_11_fu_8635_p2            |     *    |      2|  0|   25|           8|          31|
    |ret_V_11_12_fu_8648_p2            |     *    |      2|  0|   25|           8|          31|
    |ret_V_11_13_fu_8661_p2            |     *    |      2|  0|   25|           8|          31|
    |ret_V_11_14_fu_8674_p2            |     *    |      2|  0|   25|           8|          31|
    |ret_V_11_1_fu_8492_p2             |     *    |      2|  0|   25|           8|          31|
    |ret_V_11_2_fu_8505_p2             |     *    |      2|  0|   25|           8|          31|
    |ret_V_11_3_fu_8518_p2             |     *    |      2|  0|   25|           8|          31|
    |ret_V_11_4_fu_8531_p2             |     *    |      2|  0|   25|           8|          31|
    |ret_V_11_5_fu_8544_p2             |     *    |      2|  0|   25|           8|          31|
    |ret_V_11_6_fu_8557_p2             |     *    |      2|  0|   25|           8|          31|
    |ret_V_11_7_fu_8570_p2             |     *    |      2|  0|   25|           8|          31|
    |ret_V_11_8_fu_8583_p2             |     *    |      2|  0|   25|           8|          31|
    |ret_V_11_9_fu_8596_p2             |     *    |      2|  0|   25|           8|          31|
    |ret_V_11_s_fu_8609_p2             |     *    |      2|  0|   25|           8|          31|
    |ret_V_s_fu_8479_p2                |     *    |      2|  0|   25|           8|          31|
    |i_s_fu_4748_p2                    |     +    |      0|  0|   39|          32|           1|
    |index_assign_10_fu_9258_p2        |     +    |      0|  0|   15|           2|           5|
    |index_assign_11_fu_9311_p2        |     +    |      0|  0|   15|           2|           5|
    |index_assign_12_fu_9364_p2        |     +    |      0|  0|   15|           2|           5|
    |index_assign_13_fu_9417_p2        |     +    |      0|  0|   15|           2|           5|
    |index_assign_14_fu_9470_p2        |     +    |      0|  0|   15|           2|           5|
    |index_assign_1_fu_8781_p2         |     +    |      0|  0|   15|           2|           5|
    |index_assign_2_fu_8834_p2         |     +    |      0|  0|   15|           2|           5|
    |index_assign_3_fu_8887_p2         |     +    |      0|  0|   15|           2|           5|
    |index_assign_4_fu_8940_p2         |     +    |      0|  0|   15|           2|           5|
    |index_assign_5_fu_8993_p2         |     +    |      0|  0|   15|           2|           5|
    |index_assign_6_fu_9046_p2         |     +    |      0|  0|   15|           2|           5|
    |index_assign_7_fu_9099_p2         |     +    |      0|  0|   15|           2|           5|
    |index_assign_8_fu_9152_p2         |     +    |      0|  0|   15|           2|           5|
    |index_assign_9_fu_9205_p2         |     +    |      0|  0|   15|           2|           5|
    |index_assign_fu_8728_p2           |     +    |      0|  0|   15|           2|           5|
    |index_assign_s_fu_9523_p2         |     +    |      0|  0|   15|           2|           5|
    |indvar_flatten_next1_fu_4468_p2   |     +    |      0|  0|   45|          38|           1|
    |indvar_flatten_op_fu_4720_p2      |     +    |      0|  0|   15|           1|           7|
    |j_3_fu_4518_p2                    |     +    |      0|  0|   12|           4|           1|
    |k_1_fu_4714_p2                    |     +    |      0|  0|   11|           1|           3|
    |phitmp16_fu_8820_p2               |     +    |      0|  0|   28|           1|          21|
    |phitmp17_fu_8873_p2               |     +    |      0|  0|   28|           1|          21|
    |phitmp18_fu_8926_p2               |     +    |      0|  0|   28|           1|          21|
    |phitmp19_fu_8979_p2               |     +    |      0|  0|   28|           1|          21|
    |phitmp20_fu_9032_p2               |     +    |      0|  0|   28|           1|          21|
    |phitmp21_fu_9085_p2               |     +    |      0|  0|   28|           1|          21|
    |phitmp22_fu_9138_p2               |     +    |      0|  0|   28|           1|          21|
    |phitmp23_fu_9191_p2               |     +    |      0|  0|   28|           1|          21|
    |phitmp24_fu_9244_p2               |     +    |      0|  0|   28|           1|          21|
    |phitmp25_fu_9297_p2               |     +    |      0|  0|   28|           1|          21|
    |phitmp26_fu_9350_p2               |     +    |      0|  0|   28|           1|          21|
    |phitmp27_fu_9403_p2               |     +    |      0|  0|   28|           1|          21|
    |phitmp28_fu_9456_p2               |     +    |      0|  0|   28|           1|          21|
    |phitmp29_fu_9509_p2               |     +    |      0|  0|   28|           1|          21|
    |phitmp30_fu_9562_p2               |     +    |      0|  0|   28|           1|          21|
    |phitmp_fu_8767_p2                 |     +    |      0|  0|   28|           1|          21|
    |bound_fu_4325_p2                  |     -    |      0|  0|   45|          38|          38|
    |ap_block_state3_pp0_stage0_iter1  |    and   |      0|  0|    2|           1|           1|
    |ap_block_state6_pp0_stage0_iter4  |    and   |      0|  0|    2|           1|           1|
    |ap_predicate_op1154_read_state3   |    and   |      0|  0|    2|           1|           1|
    |in_V_id_V1280_status              |    and   |      0|  0|    2|           1|           1|
    |out_V_id_V1_status                |    and   |      0|  0|    2|           1|           1|
    |out_data_last_V_fu_4708_p2        |    and   |      0|  0|    2|           1|           1|
    |tmp_2_fu_8743_p2                  |    and   |      0|  0|   18|          18|          18|
    |tmp_5_mid_fu_4500_p2              |    and   |      0|  0|    2|           1|           1|
    |tmp_6_mid_fu_4512_p2              |    and   |      0|  0|    2|           1|           1|
    |tmp_96_10_fu_9326_p2              |    and   |      0|  0|   18|          18|          18|
    |tmp_96_11_fu_9379_p2              |    and   |      0|  0|   18|          18|          18|
    |tmp_96_12_fu_9432_p2              |    and   |      0|  0|   18|          18|          18|
    |tmp_96_13_fu_9485_p2              |    and   |      0|  0|   18|          18|          18|
    |tmp_96_14_fu_9538_p2              |    and   |      0|  0|   18|          18|          18|
    |tmp_96_1_fu_8796_p2               |    and   |      0|  0|   18|          18|          18|
    |tmp_96_2_fu_8849_p2               |    and   |      0|  0|   18|          18|          18|
    |tmp_96_3_fu_8902_p2               |    and   |      0|  0|   18|          18|          18|
    |tmp_96_4_fu_8955_p2               |    and   |      0|  0|   18|          18|          18|
    |tmp_96_5_fu_9008_p2               |    and   |      0|  0|   18|          18|          18|
    |tmp_96_6_fu_9061_p2               |    and   |      0|  0|   18|          18|          18|
    |tmp_96_7_fu_9114_p2               |    and   |      0|  0|   18|          18|          18|
    |tmp_96_8_fu_9167_p2               |    and   |      0|  0|   18|          18|          18|
    |tmp_96_9_fu_9220_p2               |    and   |      0|  0|   18|          18|          18|
    |tmp_96_s_fu_9273_p2               |    and   |      0|  0|   18|          18|          18|
    |r_V_5_10_fu_9341_p2               |   ashr   |      0|  0|  130|          39|          39|
    |r_V_5_11_fu_9394_p2               |   ashr   |      0|  0|  130|          39|          39|
    |r_V_5_12_fu_9447_p2               |   ashr   |      0|  0|  130|          39|          39|
    |r_V_5_13_fu_9500_p2               |   ashr   |      0|  0|  130|          39|          39|
    |r_V_5_14_fu_9553_p2               |   ashr   |      0|  0|  130|          39|          39|
    |r_V_5_1_fu_8811_p2                |   ashr   |      0|  0|  130|          39|          39|
    |r_V_5_2_fu_8864_p2                |   ashr   |      0|  0|  130|          39|          39|
    |r_V_5_3_fu_8917_p2                |   ashr   |      0|  0|  130|          39|          39|
    |r_V_5_4_fu_8970_p2                |   ashr   |      0|  0|  130|          39|          39|
    |r_V_5_5_fu_9023_p2                |   ashr   |      0|  0|  130|          39|          39|
    |r_V_5_6_fu_9076_p2                |   ashr   |      0|  0|  130|          39|          39|
    |r_V_5_7_fu_9129_p2                |   ashr   |      0|  0|  130|          39|          39|
    |r_V_5_8_fu_9182_p2                |   ashr   |      0|  0|  130|          39|          39|
    |r_V_5_9_fu_9235_p2                |   ashr   |      0|  0|  130|          39|          39|
    |r_V_5_fu_8758_p2                  |   ashr   |      0|  0|  130|          39|          39|
    |r_V_5_s_fu_9288_p2                |   ashr   |      0|  0|  130|          39|          39|
    |exitcond_flatten1_fu_4463_p2      |   icmp   |      0|  0|   21|          38|          38|
    |exitcond_flatten_fu_4474_p2       |   icmp   |      0|  0|   11|           7|           6|
    |p_Result_10_fu_9279_p2            |   icmp   |      0|  0|   20|          18|           1|
    |p_Result_11_fu_9332_p2            |   icmp   |      0|  0|   20|          18|           1|
    |p_Result_12_fu_9385_p2            |   icmp   |      0|  0|   20|          18|           1|
    |p_Result_13_fu_9438_p2            |   icmp   |      0|  0|   20|          18|           1|
    |p_Result_14_fu_9491_p2            |   icmp   |      0|  0|   20|          18|           1|
    |p_Result_1_fu_8802_p2             |   icmp   |      0|  0|   20|          18|           1|
    |p_Result_2_fu_8855_p2             |   icmp   |      0|  0|   20|          18|           1|
    |p_Result_3_fu_8908_p2             |   icmp   |      0|  0|   20|          18|           1|
    |p_Result_4_fu_8961_p2             |   icmp   |      0|  0|   20|          18|           1|
    |p_Result_5_fu_9014_p2             |   icmp   |      0|  0|   20|          18|           1|
    |p_Result_6_fu_9067_p2             |   icmp   |      0|  0|   20|          18|           1|
    |p_Result_7_fu_9120_p2             |   icmp   |      0|  0|   20|          18|           1|
    |p_Result_8_fu_9173_p2             |   icmp   |      0|  0|   20|          18|           1|
    |p_Result_9_fu_9226_p2             |   icmp   |      0|  0|   20|          18|           1|
    |p_Result_s_363_fu_9544_p2         |   icmp   |      0|  0|   20|          18|           1|
    |p_Result_s_fu_8749_p2             |   icmp   |      0|  0|   20|          18|           1|
    |tmp_10_fu_4702_p2                 |   icmp   |      0|  0|    9|           3|           2|
    |tmp_13_fu_4494_p2                 |   icmp   |      0|  0|    9|           4|           4|
    |tmp_14_fu_4506_p2                 |   icmp   |      0|  0|    9|           3|           4|
    |tmp_5_mid1_fu_4670_p2             |   icmp   |      0|  0|    9|           4|           4|
    |tmp_8_fu_4692_p2                  |   icmp   |      0|  0|    9|           3|           1|
    |tmp_mid1_fu_4754_p2               |   icmp   |      0|  0|   20|          32|           1|
    |tmp_s_fu_4734_p2                  |   icmp   |      0|  0|   20|          32|           1|
    |ap_block_pp0_stage0_01001         |    or    |      0|  0|    2|           1|           1|
    |ap_block_state1                   |    or    |      0|  0|    2|           1|           1|
    |tmp_15_fu_4524_p2                 |    or    |      0|  0|    2|           1|           1|
    |i_mid2_fu_5671_p3                 |  select  |      0|  0|   32|           1|          32|
    |identity_e_0_load_mi_fu_5314_p3   |  select  |      0|  0|    5|           1|           5|
    |identity_e_10_load_m_fu_5104_p3   |  select  |      0|  0|    5|           1|           5|
    |identity_e_11_load_m_fu_5083_p3   |  select  |      0|  0|    5|           1|           5|
    |identity_e_12_load_m_fu_5062_p3   |  select  |      0|  0|    5|           1|           5|
    |identity_e_13_load_m_fu_5041_p3   |  select  |      0|  0|    5|           1|           5|
    |identity_e_14_load_m_fu_5020_p3   |  select  |      0|  0|    5|           1|           5|
    |identity_e_15_load_m_fu_4999_p3   |  select  |      0|  0|    5|           1|           5|
    |identity_e_16_load_m_fu_5321_p3   |  select  |      0|  0|    5|           1|           5|
    |identity_e_17_load_m_fu_5300_p3   |  select  |      0|  0|    5|           1|           5|
    |identity_e_18_load_m_fu_5279_p3   |  select  |      0|  0|    5|           1|           5|
    |identity_e_19_load_m_fu_5258_p3   |  select  |      0|  0|    5|           1|           5|
    |identity_e_1_load_mi_fu_5293_p3   |  select  |      0|  0|    5|           1|           5|
    |identity_e_20_load_m_fu_5237_p3   |  select  |      0|  0|    5|           1|           5|
    |identity_e_21_load_m_fu_5216_p3   |  select  |      0|  0|    5|           1|           5|
    |identity_e_22_load_m_fu_5195_p3   |  select  |      0|  0|    5|           1|           5|
    |identity_e_23_load_m_fu_5174_p3   |  select  |      0|  0|    5|           1|           5|
    |identity_e_24_load_m_fu_5153_p3   |  select  |      0|  0|    5|           1|           5|
    |identity_e_25_load_m_fu_5132_p3   |  select  |      0|  0|    5|           1|           5|
    |identity_e_26_load_m_fu_5111_p3   |  select  |      0|  0|    5|           1|           5|
    |identity_e_27_load_m_fu_5090_p3   |  select  |      0|  0|    5|           1|           5|
    |identity_e_28_load_m_fu_5069_p3   |  select  |      0|  0|    5|           1|           5|
    |identity_e_29_load_m_fu_5048_p3   |  select  |      0|  0|    5|           1|           5|
    |identity_e_2_load_mi_fu_5272_p3   |  select  |      0|  0|    5|           1|           5|
    |identity_e_30_load_m_fu_5027_p3   |  select  |      0|  0|    5|           1|           5|
    |identity_e_31_load_m_fu_5006_p3   |  select  |      0|  0|    5|           1|           5|
    |identity_e_32_load_m_fu_5328_p3   |  select  |      0|  0|    5|           1|           5|
    |identity_e_33_load_m_fu_5307_p3   |  select  |      0|  0|    5|           1|           5|
    |identity_e_34_load_m_fu_5286_p3   |  select  |      0|  0|    5|           1|           5|
    |identity_e_35_load_m_fu_5265_p3   |  select  |      0|  0|    5|           1|           5|
    |identity_e_36_load_m_fu_5244_p3   |  select  |      0|  0|    5|           1|           5|
    |identity_e_37_load_m_fu_5223_p3   |  select  |      0|  0|    5|           1|           5|
    |identity_e_38_load_m_fu_5202_p3   |  select  |      0|  0|    5|           1|           5|
    |identity_e_39_load_m_fu_5181_p3   |  select  |      0|  0|    5|           1|           5|
    |identity_e_3_load_mi_fu_5251_p3   |  select  |      0|  0|    5|           1|           5|
    |identity_e_40_load_m_fu_5160_p3   |  select  |      0|  0|    5|           1|           5|
    |identity_e_41_load_m_fu_5139_p3   |  select  |      0|  0|    5|           1|           5|
    |identity_e_42_load_m_fu_5118_p3   |  select  |      0|  0|    5|           1|           5|
    |identity_e_43_load_m_fu_5097_p3   |  select  |      0|  0|    5|           1|           5|
    |identity_e_44_load_m_fu_5076_p3   |  select  |      0|  0|    5|           1|           5|
    |identity_e_45_load_m_fu_5055_p3   |  select  |      0|  0|    5|           1|           5|
    |identity_e_46_load_m_fu_5034_p3   |  select  |      0|  0|    5|           1|           5|
    |identity_e_47_load_m_fu_5013_p3   |  select  |      0|  0|    5|           1|           5|
    |identity_e_48_load_m_fu_4887_p3   |  select  |      0|  0|    5|           1|           5|
    |identity_e_49_load_m_fu_4894_p3   |  select  |      0|  0|    5|           1|           5|
    |identity_e_4_load_mi_fu_5230_p3   |  select  |      0|  0|    5|           1|           5|
    |identity_e_50_load_m_fu_4901_p3   |  select  |      0|  0|    5|           1|           5|
    |identity_e_51_load_m_fu_4908_p3   |  select  |      0|  0|    5|           1|           5|
    |identity_e_52_load_m_fu_4915_p3   |  select  |      0|  0|    5|           1|           5|
    |identity_e_53_load_m_fu_4922_p3   |  select  |      0|  0|    5|           1|           5|
    |identity_e_54_load_m_fu_4929_p3   |  select  |      0|  0|    5|           1|           5|
    |identity_e_55_load_m_fu_4936_p3   |  select  |      0|  0|    5|           1|           5|
    |identity_e_56_load_m_fu_4943_p3   |  select  |      0|  0|    5|           1|           5|
    |identity_e_57_load_m_fu_4950_p3   |  select  |      0|  0|    5|           1|           5|
    |identity_e_58_load_m_fu_4957_p3   |  select  |      0|  0|    5|           1|           5|
    |identity_e_59_load_m_fu_4964_p3   |  select  |      0|  0|    5|           1|           5|
    |identity_e_5_load_mi_fu_5209_p3   |  select  |      0|  0|    5|           1|           5|
    |identity_e_60_load_m_fu_4971_p3   |  select  |      0|  0|    5|           1|           5|
    |identity_e_61_load_m_fu_4978_p3   |  select  |      0|  0|    5|           1|           5|
    |identity_e_62_load_m_fu_4985_p3   |  select  |      0|  0|    5|           1|           5|
    |identity_e_63_load_m_fu_4992_p3   |  select  |      0|  0|    5|           1|           5|
    |identity_e_6_load_mi_fu_5188_p3   |  select  |      0|  0|    5|           1|           5|
    |identity_e_7_load_mi_fu_5167_p3   |  select  |      0|  0|    5|           1|           5|
    |identity_e_8_load_mi_fu_5146_p3   |  select  |      0|  0|    5|           1|           5|
    |identity_e_9_load_mi_fu_5125_p3   |  select  |      0|  0|    5|           1|           5|
    |identity_m_0_load_mi_fu_5650_p3   |  select  |      0|  0|   31|           1|          31|
    |identity_m_10_load_m_fu_5440_p3   |  select  |      0|  0|   31|           1|          31|
    |identity_m_11_load_m_fu_5419_p3   |  select  |      0|  0|   31|           1|          31|
    |identity_m_12_load_m_fu_5398_p3   |  select  |      0|  0|   31|           1|          31|
    |identity_m_13_load_m_fu_5377_p3   |  select  |      0|  0|   31|           1|          31|
    |identity_m_14_load_m_fu_5356_p3   |  select  |      0|  0|   31|           1|          31|
    |identity_m_15_load_m_fu_5335_p3   |  select  |      0|  0|   31|           1|          31|
    |identity_m_16_load_m_fu_5657_p3   |  select  |      0|  0|   31|           1|          31|
    |identity_m_17_load_m_fu_5636_p3   |  select  |      0|  0|   31|           1|          31|
    |identity_m_18_load_m_fu_5615_p3   |  select  |      0|  0|   31|           1|          31|
    |identity_m_19_load_m_fu_5594_p3   |  select  |      0|  0|   31|           1|          31|
    |identity_m_1_load_mi_fu_5629_p3   |  select  |      0|  0|   31|           1|          31|
    |identity_m_20_load_m_fu_5573_p3   |  select  |      0|  0|   31|           1|          31|
    |identity_m_21_load_m_fu_5552_p3   |  select  |      0|  0|   31|           1|          31|
    |identity_m_22_load_m_fu_5531_p3   |  select  |      0|  0|   31|           1|          31|
    |identity_m_23_load_m_fu_5510_p3   |  select  |      0|  0|   31|           1|          31|
    |identity_m_24_load_m_fu_5489_p3   |  select  |      0|  0|   31|           1|          31|
    |identity_m_25_load_m_fu_5468_p3   |  select  |      0|  0|   31|           1|          31|
    |identity_m_26_load_m_fu_5447_p3   |  select  |      0|  0|   31|           1|          31|
    |identity_m_27_load_m_fu_5426_p3   |  select  |      0|  0|   31|           1|          31|
    |identity_m_28_load_m_fu_5405_p3   |  select  |      0|  0|   31|           1|          31|
    |identity_m_29_load_m_fu_5384_p3   |  select  |      0|  0|   31|           1|          31|
    |identity_m_2_load_mi_fu_5608_p3   |  select  |      0|  0|   31|           1|          31|
    |identity_m_30_load_m_fu_5363_p3   |  select  |      0|  0|   31|           1|          31|
    |identity_m_31_load_m_fu_5342_p3   |  select  |      0|  0|   31|           1|          31|
    |identity_m_32_load_m_fu_5664_p3   |  select  |      0|  0|   31|           1|          31|
    |identity_m_33_load_m_fu_5643_p3   |  select  |      0|  0|   31|           1|          31|
    |identity_m_34_load_m_fu_5622_p3   |  select  |      0|  0|   31|           1|          31|
    |identity_m_35_load_m_fu_5601_p3   |  select  |      0|  0|   31|           1|          31|
    |identity_m_36_load_m_fu_5580_p3   |  select  |      0|  0|   31|           1|          31|
    |identity_m_37_load_m_fu_5559_p3   |  select  |      0|  0|   31|           1|          31|
    |identity_m_38_load_m_fu_5538_p3   |  select  |      0|  0|   31|           1|          31|
    |identity_m_39_load_m_fu_5517_p3   |  select  |      0|  0|   31|           1|          31|
    |identity_m_3_load_mi_fu_5587_p3   |  select  |      0|  0|   31|           1|          31|
    |identity_m_40_load_m_fu_5496_p3   |  select  |      0|  0|   31|           1|          31|
    |identity_m_41_load_m_fu_5475_p3   |  select  |      0|  0|   31|           1|          31|
    |identity_m_42_load_m_fu_5454_p3   |  select  |      0|  0|   31|           1|          31|
    |identity_m_43_load_m_fu_5433_p3   |  select  |      0|  0|   31|           1|          31|
    |identity_m_44_load_m_fu_5412_p3   |  select  |      0|  0|   31|           1|          31|
    |identity_m_45_load_m_fu_5391_p3   |  select  |      0|  0|   31|           1|          31|
    |identity_m_46_load_m_fu_5370_p3   |  select  |      0|  0|   31|           1|          31|
    |identity_m_47_load_m_fu_5349_p3   |  select  |      0|  0|   31|           1|          31|
    |identity_m_48_load_m_fu_4775_p3   |  select  |      0|  0|   31|           1|          31|
    |identity_m_49_load_m_fu_4782_p3   |  select  |      0|  0|   31|           1|          31|
    |identity_m_4_load_mi_fu_5566_p3   |  select  |      0|  0|   31|           1|          31|
    |identity_m_50_load_m_fu_4789_p3   |  select  |      0|  0|   31|           1|          31|
    |identity_m_51_load_m_fu_4796_p3   |  select  |      0|  0|   31|           1|          31|
    |identity_m_52_load_m_fu_4803_p3   |  select  |      0|  0|   31|           1|          31|
    |identity_m_53_load_m_fu_4810_p3   |  select  |      0|  0|   31|           1|          31|
    |identity_m_54_load_m_fu_4817_p3   |  select  |      0|  0|   31|           1|          31|
    |identity_m_55_load_m_fu_4824_p3   |  select  |      0|  0|   31|           1|          31|
    |identity_m_56_load_m_fu_4831_p3   |  select  |      0|  0|   31|           1|          31|
    |identity_m_57_load_m_fu_4838_p3   |  select  |      0|  0|   31|           1|          31|
    |identity_m_58_load_m_fu_4845_p3   |  select  |      0|  0|   31|           1|          31|
    |identity_m_59_load_m_fu_4852_p3   |  select  |      0|  0|   31|           1|          31|
    |identity_m_5_load_mi_fu_5545_p3   |  select  |      0|  0|   31|           1|          31|
    |identity_m_60_load_m_fu_4859_p3   |  select  |      0|  0|   31|           1|          31|
    |identity_m_61_load_m_fu_4866_p3   |  select  |      0|  0|   31|           1|          31|
    |identity_m_62_load_m_fu_4873_p3   |  select  |      0|  0|   31|           1|          31|
    |identity_m_63_load_m_fu_4880_p3   |  select  |      0|  0|   31|           1|          31|
    |identity_m_6_load_mi_fu_5524_p3   |  select  |      0|  0|   31|           1|          31|
    |identity_m_7_load_mi_fu_5503_p3   |  select  |      0|  0|   31|           1|          31|
    |identity_m_8_load_mi_fu_5482_p3   |  select  |      0|  0|   31|           1|          31|
    |identity_m_9_load_mi_fu_5461_p3   |  select  |      0|  0|   31|           1|          31|
    |in_data2_0_V_fu_8773_p3           |  select  |      0|  0|   21|           1|          21|
    |in_data2_10_V_fu_9303_p3          |  select  |      0|  0|   21|           1|          21|
    |in_data2_11_V_fu_9356_p3          |  select  |      0|  0|   21|           1|          21|
    |in_data2_12_V_fu_9409_p3          |  select  |      0|  0|   21|           1|          21|
    |in_data2_13_V_fu_9462_p3          |  select  |      0|  0|   21|           1|          21|
    |in_data2_14_V_fu_9515_p3          |  select  |      0|  0|   21|           1|          21|
    |in_data2_15_V_fu_9568_p3          |  select  |      0|  0|   21|           1|          21|
    |in_data2_1_V_fu_8826_p3           |  select  |      0|  0|   21|           1|          21|
    |in_data2_2_V_fu_8879_p3           |  select  |      0|  0|   21|           1|          21|
    |in_data2_3_V_fu_8932_p3           |  select  |      0|  0|   21|           1|          21|
    |in_data2_4_V_fu_8985_p3           |  select  |      0|  0|   21|           1|          21|
    |in_data2_5_V_fu_9038_p3           |  select  |      0|  0|   21|           1|          21|
    |in_data2_6_V_fu_9091_p3           |  select  |      0|  0|   21|           1|          21|
    |in_data2_7_V_fu_9144_p3           |  select  |      0|  0|   21|           1|          21|
    |in_data2_8_V_fu_9197_p3           |  select  |      0|  0|   21|           1|          21|
    |in_data2_9_V_fu_9250_p3           |  select  |      0|  0|   21|           1|          21|
    |indvar_flatten_next_fu_4726_p3    |  select  |      0|  0|    7|           1|           1|
    |j_mid2_fu_4684_p3                 |  select  |      0|  0|    4|           1|           4|
    |j_mid_fu_4480_p3                  |  select  |      0|  0|    4|           1|           1|
    |k_mid2_fu_4530_p3                 |  select  |      0|  0|    3|           1|           1|
    |m_V_load_0_phi_fu_7528_p1         |  select  |      0|  0|   31|           1|          31|
    |m_V_load_0_phi_fu_7528_p2         |  select  |      0|  0|   31|           1|          31|
    |m_V_load_0_phi_fu_7528_p3         |  select  |      0|  0|   31|           1|          31|
    |m_V_load_0_phi_fu_7528_p4         |  select  |      0|  0|   31|           1|          31|
    |m_V_load_10_phi_fu_7658_p1        |  select  |      0|  0|   31|           1|          31|
    |m_V_load_10_phi_fu_7658_p2        |  select  |      0|  0|   31|           1|          31|
    |m_V_load_10_phi_fu_7658_p3        |  select  |      0|  0|   31|           1|          31|
    |m_V_load_10_phi_fu_7658_p4        |  select  |      0|  0|   31|           1|          31|
    |m_V_load_11_phi_fu_7671_p1        |  select  |      0|  0|   31|           1|          31|
    |m_V_load_11_phi_fu_7671_p2        |  select  |      0|  0|   31|           1|          31|
    |m_V_load_11_phi_fu_7671_p3        |  select  |      0|  0|   31|           1|          31|
    |m_V_load_11_phi_fu_7671_p4        |  select  |      0|  0|   31|           1|          31|
    |m_V_load_12_phi_fu_7684_p1        |  select  |      0|  0|   31|           1|          31|
    |m_V_load_12_phi_fu_7684_p2        |  select  |      0|  0|   31|           1|          31|
    |m_V_load_12_phi_fu_7684_p3        |  select  |      0|  0|   31|           1|          31|
    |m_V_load_12_phi_fu_7684_p4        |  select  |      0|  0|   31|           1|          31|
    |m_V_load_13_phi_fu_7697_p1        |  select  |      0|  0|   31|           1|          31|
    |m_V_load_13_phi_fu_7697_p2        |  select  |      0|  0|   31|           1|          31|
    |m_V_load_13_phi_fu_7697_p3        |  select  |      0|  0|   31|           1|          31|
    |m_V_load_13_phi_fu_7697_p4        |  select  |      0|  0|   31|           1|          31|
    |m_V_load_14_phi_fu_7710_p1        |  select  |      0|  0|   31|           1|          31|
    |m_V_load_14_phi_fu_7710_p2        |  select  |      0|  0|   31|           1|          31|
    |m_V_load_14_phi_fu_7710_p3        |  select  |      0|  0|   31|           1|          31|
    |m_V_load_14_phi_fu_7710_p4        |  select  |      0|  0|   31|           1|          31|
    |m_V_load_15_phi_fu_7723_p1        |  select  |      0|  0|   31|           1|          31|
    |m_V_load_15_phi_fu_7723_p2        |  select  |      0|  0|   31|           1|          31|
    |m_V_load_15_phi_fu_7723_p3        |  select  |      0|  0|   31|           1|          31|
    |m_V_load_15_phi_fu_7723_p4        |  select  |      0|  0|   31|           1|          31|
    |m_V_load_1_phi_fu_7541_p1         |  select  |      0|  0|   31|           1|          31|
    |m_V_load_1_phi_fu_7541_p2         |  select  |      0|  0|   31|           1|          31|
    |m_V_load_1_phi_fu_7541_p3         |  select  |      0|  0|   31|           1|          31|
    |m_V_load_1_phi_fu_7541_p4         |  select  |      0|  0|   31|           1|          31|
    |m_V_load_2_phi_fu_7554_p1         |  select  |      0|  0|   31|           1|          31|
    |m_V_load_2_phi_fu_7554_p2         |  select  |      0|  0|   31|           1|          31|
    |m_V_load_2_phi_fu_7554_p3         |  select  |      0|  0|   31|           1|          31|
    |m_V_load_2_phi_fu_7554_p4         |  select  |      0|  0|   31|           1|          31|
    |m_V_load_3_phi_fu_7567_p1         |  select  |      0|  0|   31|           1|          31|
    |m_V_load_3_phi_fu_7567_p2         |  select  |      0|  0|   31|           1|          31|
    |m_V_load_3_phi_fu_7567_p3         |  select  |      0|  0|   31|           1|          31|
    |m_V_load_3_phi_fu_7567_p4         |  select  |      0|  0|   31|           1|          31|
    |m_V_load_4_phi_fu_7580_p1         |  select  |      0|  0|   31|           1|          31|
    |m_V_load_4_phi_fu_7580_p2         |  select  |      0|  0|   31|           1|          31|
    |m_V_load_4_phi_fu_7580_p3         |  select  |      0|  0|   31|           1|          31|
    |m_V_load_4_phi_fu_7580_p4         |  select  |      0|  0|   31|           1|          31|
    |m_V_load_5_phi_fu_7593_p1         |  select  |      0|  0|   31|           1|          31|
    |m_V_load_5_phi_fu_7593_p2         |  select  |      0|  0|   31|           1|          31|
    |m_V_load_5_phi_fu_7593_p3         |  select  |      0|  0|   31|           1|          31|
    |m_V_load_5_phi_fu_7593_p4         |  select  |      0|  0|   31|           1|          31|
    |m_V_load_6_phi_fu_7606_p1         |  select  |      0|  0|   31|           1|          31|
    |m_V_load_6_phi_fu_7606_p2         |  select  |      0|  0|   31|           1|          31|
    |m_V_load_6_phi_fu_7606_p3         |  select  |      0|  0|   31|           1|          31|
    |m_V_load_6_phi_fu_7606_p4         |  select  |      0|  0|   31|           1|          31|
    |m_V_load_7_phi_fu_7619_p1         |  select  |      0|  0|   31|           1|          31|
    |m_V_load_7_phi_fu_7619_p2         |  select  |      0|  0|   31|           1|          31|
    |m_V_load_7_phi_fu_7619_p3         |  select  |      0|  0|   31|           1|          31|
    |m_V_load_7_phi_fu_7619_p4         |  select  |      0|  0|   31|           1|          31|
    |m_V_load_8_phi_fu_7632_p1         |  select  |      0|  0|   31|           1|          31|
    |m_V_load_8_phi_fu_7632_p2         |  select  |      0|  0|   31|           1|          31|
    |m_V_load_8_phi_fu_7632_p3         |  select  |      0|  0|   31|           1|          31|
    |m_V_load_8_phi_fu_7632_p4         |  select  |      0|  0|   31|           1|          31|
    |m_V_load_9_phi_fu_7645_p1         |  select  |      0|  0|   31|           1|          31|
    |m_V_load_9_phi_fu_7645_p2         |  select  |      0|  0|   31|           1|          31|
    |m_V_load_9_phi_fu_7645_p3         |  select  |      0|  0|   31|           1|          31|
    |m_V_load_9_phi_fu_7645_p4         |  select  |      0|  0|   31|           1|          31|
    |p_Val2_0_phi_fu_7736_p1           |  select  |      0|  0|    5|           1|           5|
    |p_Val2_0_phi_fu_7736_p2           |  select  |      0|  0|    5|           1|           5|
    |p_Val2_0_phi_fu_7736_p3           |  select  |      0|  0|    5|           1|           5|
    |p_Val2_0_phi_fu_7736_p4           |  select  |      0|  0|    5|           1|           5|
    |p_Val2_1021_phi_fu_7866_p1        |  select  |      0|  0|    5|           1|           5|
    |p_Val2_1021_phi_fu_7866_p2        |  select  |      0|  0|    5|           1|           5|
    |p_Val2_1021_phi_fu_7866_p3        |  select  |      0|  0|    5|           1|           5|
    |p_Val2_1021_phi_fu_7866_p4        |  select  |      0|  0|    5|           1|           5|
    |p_Val2_11_phi_fu_7879_p1          |  select  |      0|  0|    5|           1|           5|
    |p_Val2_11_phi_fu_7879_p2          |  select  |      0|  0|    5|           1|           5|
    |p_Val2_11_phi_fu_7879_p3          |  select  |      0|  0|    5|           1|           5|
    |p_Val2_11_phi_fu_7879_p4          |  select  |      0|  0|    5|           1|           5|
    |p_Val2_12_phi_fu_7892_p1          |  select  |      0|  0|    5|           1|           5|
    |p_Val2_12_phi_fu_7892_p2          |  select  |      0|  0|    5|           1|           5|
    |p_Val2_12_phi_fu_7892_p3          |  select  |      0|  0|    5|           1|           5|
    |p_Val2_12_phi_fu_7892_p4          |  select  |      0|  0|    5|           1|           5|
    |p_Val2_13_phi_fu_7905_p1          |  select  |      0|  0|    5|           1|           5|
    |p_Val2_13_phi_fu_7905_p2          |  select  |      0|  0|    5|           1|           5|
    |p_Val2_13_phi_fu_7905_p3          |  select  |      0|  0|    5|           1|           5|
    |p_Val2_13_phi_fu_7905_p4          |  select  |      0|  0|    5|           1|           5|
    |p_Val2_14_phi_fu_7918_p1          |  select  |      0|  0|    5|           1|           5|
    |p_Val2_14_phi_fu_7918_p2          |  select  |      0|  0|    5|           1|           5|
    |p_Val2_14_phi_fu_7918_p3          |  select  |      0|  0|    5|           1|           5|
    |p_Val2_14_phi_fu_7918_p4          |  select  |      0|  0|    5|           1|           5|
    |p_Val2_15_phi_fu_7931_p1          |  select  |      0|  0|    5|           1|           5|
    |p_Val2_15_phi_fu_7931_p2          |  select  |      0|  0|    5|           1|           5|
    |p_Val2_15_phi_fu_7931_p3          |  select  |      0|  0|    5|           1|           5|
    |p_Val2_15_phi_fu_7931_p4          |  select  |      0|  0|    5|           1|           5|
    |p_Val2_1_phi_fu_7749_p1           |  select  |      0|  0|    5|           1|           5|
    |p_Val2_1_phi_fu_7749_p2           |  select  |      0|  0|    5|           1|           5|
    |p_Val2_1_phi_fu_7749_p3           |  select  |      0|  0|    5|           1|           5|
    |p_Val2_1_phi_fu_7749_p4           |  select  |      0|  0|    5|           1|           5|
    |p_Val2_2_phi_fu_7762_p1           |  select  |      0|  0|    5|           1|           5|
    |p_Val2_2_phi_fu_7762_p2           |  select  |      0|  0|    5|           1|           5|
    |p_Val2_2_phi_fu_7762_p3           |  select  |      0|  0|    5|           1|           5|
    |p_Val2_2_phi_fu_7762_p4           |  select  |      0|  0|    5|           1|           5|
    |p_Val2_3_phi_fu_7775_p1           |  select  |      0|  0|    5|           1|           5|
    |p_Val2_3_phi_fu_7775_p2           |  select  |      0|  0|    5|           1|           5|
    |p_Val2_3_phi_fu_7775_p3           |  select  |      0|  0|    5|           1|           5|
    |p_Val2_3_phi_fu_7775_p4           |  select  |      0|  0|    5|           1|           5|
    |p_Val2_4_phi_fu_7788_p1           |  select  |      0|  0|    5|           1|           5|
    |p_Val2_4_phi_fu_7788_p2           |  select  |      0|  0|    5|           1|           5|
    |p_Val2_4_phi_fu_7788_p3           |  select  |      0|  0|    5|           1|           5|
    |p_Val2_4_phi_fu_7788_p4           |  select  |      0|  0|    5|           1|           5|
    |p_Val2_5_phi_fu_7801_p1           |  select  |      0|  0|    5|           1|           5|
    |p_Val2_5_phi_fu_7801_p2           |  select  |      0|  0|    5|           1|           5|
    |p_Val2_5_phi_fu_7801_p3           |  select  |      0|  0|    5|           1|           5|
    |p_Val2_5_phi_fu_7801_p4           |  select  |      0|  0|    5|           1|           5|
    |p_Val2_6_phi_fu_7814_p1           |  select  |      0|  0|    5|           1|           5|
    |p_Val2_6_phi_fu_7814_p2           |  select  |      0|  0|    5|           1|           5|
    |p_Val2_6_phi_fu_7814_p3           |  select  |      0|  0|    5|           1|           5|
    |p_Val2_6_phi_fu_7814_p4           |  select  |      0|  0|    5|           1|           5|
    |p_Val2_719_phi_fu_7827_p1         |  select  |      0|  0|    5|           1|           5|
    |p_Val2_719_phi_fu_7827_p2         |  select  |      0|  0|    5|           1|           5|
    |p_Val2_719_phi_fu_7827_p3         |  select  |      0|  0|    5|           1|           5|
    |p_Val2_719_phi_fu_7827_p4         |  select  |      0|  0|    5|           1|           5|
    |p_Val2_8_phi_fu_7840_p1           |  select  |      0|  0|    5|           1|           5|
    |p_Val2_8_phi_fu_7840_p2           |  select  |      0|  0|    5|           1|           5|
    |p_Val2_8_phi_fu_7840_p3           |  select  |      0|  0|    5|           1|           5|
    |p_Val2_8_phi_fu_7840_p4           |  select  |      0|  0|    5|           1|           5|
    |p_Val2_9_phi_fu_7853_p1           |  select  |      0|  0|    5|           1|           5|
    |p_Val2_9_phi_fu_7853_p2           |  select  |      0|  0|    5|           1|           5|
    |p_Val2_9_phi_fu_7853_p3           |  select  |      0|  0|    5|           1|           5|
    |p_Val2_9_phi_fu_7853_p4           |  select  |      0|  0|    5|           1|           5|
    |tmp_5_mid2_fu_4676_p3             |  select  |      0|  0|    2|           1|           1|
    |tmp_user_V_12_mid1_fu_4760_p3     |  select  |      0|  0|    6|           1|           5|
    |tmp_user_V_1_fu_4768_p3           |  select  |      0|  0|    5|           1|           5|
    |tmp_user_V_fu_4740_p3             |  select  |      0|  0|    6|           1|           5|
    |tmp_1_fu_8737_p2                  |    shl   |      0|  0|   52|           1|          18|
    |tmp_95_10_fu_9320_p2              |    shl   |      0|  0|   52|           1|          18|
    |tmp_95_11_fu_9373_p2              |    shl   |      0|  0|   52|           1|          18|
    |tmp_95_12_fu_9426_p2              |    shl   |      0|  0|   52|           1|          18|
    |tmp_95_13_fu_9479_p2              |    shl   |      0|  0|   52|           1|          18|
    |tmp_95_14_fu_9532_p2              |    shl   |      0|  0|   52|           1|          18|
    |tmp_95_1_fu_8790_p2               |    shl   |      0|  0|   52|           1|          18|
    |tmp_95_2_fu_8843_p2               |    shl   |      0|  0|   52|           1|          18|
    |tmp_95_3_fu_8896_p2               |    shl   |      0|  0|   52|           1|          18|
    |tmp_95_4_fu_8949_p2               |    shl   |      0|  0|   52|           1|          18|
    |tmp_95_5_fu_9002_p2               |    shl   |      0|  0|   52|           1|          18|
    |tmp_95_6_fu_9055_p2               |    shl   |      0|  0|   52|           1|          18|
    |tmp_95_7_fu_9108_p2               |    shl   |      0|  0|   52|           1|          18|
    |tmp_95_8_fu_9161_p2               |    shl   |      0|  0|   52|           1|          18|
    |tmp_95_9_fu_9214_p2               |    shl   |      0|  0|   52|           1|          18|
    |tmp_95_s_fu_9267_p2               |    shl   |      0|  0|   52|           1|          18|
    |ap_enable_pp0                     |    xor   |      0|  0|    2|           1|           2|
    |not_exitcond_flatten_fu_4488_p2   |    xor   |      0|  0|    2|           1|           2|
    +----------------------------------+----------+-------+---+-----+------------+------------+
    |Total                             |          |     32|  0| 9931|        1926|        7254|
    +----------------------------------+----------+-------+---+-----+------------+------------+

    * Multiplexer: 
    +--------------------------+----+-----------+-----+-----------+
    |           Name           | LUT| Input Size| Bits| Total Bits|
    +--------------------------+----+-----------+-----+-----------+
    |ap_NS_fsm                 |  21|          4|    1|          4|
    |ap_done                   |   9|          2|    1|          2|
    |ap_enable_reg_pp0_iter2   |   9|          2|    1|          2|
    |ap_enable_reg_pp0_iter4   |   9|          2|    1|          2|
    |i_reg_4281                |   9|          2|   32|         64|
    |in_V_data_V127_blk_n      |   9|          2|    1|          2|
    |in_V_dest_V129_blk_n      |   9|          2|    1|          2|
    |in_V_id_V128_blk_n        |   9|          2|    1|          2|
    |in_V_last_V131_blk_n      |   9|          2|    1|          2|
    |in_V_user_V130_blk_n      |   9|          2|    1|          2|
    |indvar_flatten1_reg_4237  |   9|          2|   38|         76|
    |indvar_flatten_reg_4248   |   9|          2|    7|         14|
    |j_reg_4259                |   9|          2|    4|          8|
    |k_reg_4270                |   9|          2|    3|          6|
    |out_V_data_V_blk_n        |   9|          2|    1|          2|
    |out_V_data_V_din          |  15|          3|  512|       1536|
    |out_V_dest_V_blk_n        |   9|          2|    1|          2|
    |out_V_id_V_blk_n          |   9|          2|    1|          2|
    |out_V_last_V_blk_n        |   9|          2|    1|          2|
    |out_V_last_V_din          |  15|          3|    1|          3|
    |out_V_user_V_blk_n        |   9|          2|    1|          2|
    |out_V_user_V_din          |  15|          3|   16|         48|
    +--------------------------+----+-----------+-----+-----------+
    |Total                     | 228|         49|  627|       1785|
    +--------------------------+----+-----------+-----+-----------+

    * Register: 
    +-----------------------------------------+----+----+-----+-----------+
    |                   Name                  | FF | LUT| Bits| Const Bits|
    +-----------------------------------------+----+----+-----+-----------+
    |ap_CS_fsm                                |   3|   0|    3|          0|
    |ap_done_reg                              |   1|   0|    1|          0|
    |ap_enable_reg_pp0_iter0                  |   1|   0|    1|          0|
    |ap_enable_reg_pp0_iter1                  |   1|   0|    1|          0|
    |ap_enable_reg_pp0_iter2                  |   1|   0|    1|          0|
    |ap_enable_reg_pp0_iter3                  |   1|   0|    1|          0|
    |ap_enable_reg_pp0_iter4                  |   1|   0|    1|          0|
    |bound_reg_10053                          |  34|   0|   38|          4|
    |exitcond_flatten1_reg_10698              |   1|   0|    1|          0|
    |exitcond_flatten_reg_10707               |   1|   0|    1|          0|
    |i_reg_4281                               |  32|   0|   32|          0|
    |in_data2_0_V_reg_11971                   |  21|   0|   21|          0|
    |in_data2_10_V_reg_12021                  |  21|   0|   21|          0|
    |in_data2_11_V_reg_12026                  |  21|   0|   21|          0|
    |in_data2_12_V_reg_12031                  |  21|   0|   21|          0|
    |in_data2_13_V_reg_12036                  |  21|   0|   21|          0|
    |in_data2_14_V_reg_12041                  |  21|   0|   21|          0|
    |in_data2_15_V_reg_12046                  |  21|   0|   21|          0|
    |in_data2_1_V_reg_11976                   |  21|   0|   21|          0|
    |in_data2_2_V_reg_11981                   |  21|   0|   21|          0|
    |in_data2_3_V_reg_11986                   |  21|   0|   21|          0|
    |in_data2_4_V_reg_11991                   |  21|   0|   21|          0|
    |in_data2_5_V_reg_11996                   |  21|   0|   21|          0|
    |in_data2_6_V_reg_12001                   |  21|   0|   21|          0|
    |in_data2_7_V_reg_12006                   |  21|   0|   21|          0|
    |in_data2_8_V_reg_12011                   |  21|   0|   21|          0|
    |in_data2_9_V_reg_12016                   |  21|   0|   21|          0|
    |indvar_flatten1_reg_4237                 |  38|   0|   38|          0|
    |indvar_flatten_reg_4248                  |   7|   0|    7|          0|
    |j_reg_4259                               |   4|   0|    4|          0|
    |k_reg_4270                               |   3|   0|    3|          0|
    |m_V_load_0_phi_reg_11699                 |  31|   0|   31|          0|
    |m_V_load_10_phi_reg_11749                |  31|   0|   31|          0|
    |m_V_load_11_phi_reg_11754                |  31|   0|   31|          0|
    |m_V_load_12_phi_reg_11759                |  31|   0|   31|          0|
    |m_V_load_13_phi_reg_11764                |  31|   0|   31|          0|
    |m_V_load_14_phi_reg_11769                |  31|   0|   31|          0|
    |m_V_load_15_phi_reg_11774                |  31|   0|   31|          0|
    |m_V_load_1_phi_reg_11704                 |  31|   0|   31|          0|
    |m_V_load_2_phi_reg_11709                 |  31|   0|   31|          0|
    |m_V_load_3_phi_reg_11714                 |  31|   0|   31|          0|
    |m_V_load_4_phi_reg_11719                 |  31|   0|   31|          0|
    |m_V_load_5_phi_reg_11724                 |  31|   0|   31|          0|
    |m_V_load_6_phi_reg_11729                 |  31|   0|   31|          0|
    |m_V_load_7_phi_reg_11734                 |  31|   0|   31|          0|
    |m_V_load_8_phi_reg_11739                 |  31|   0|   31|          0|
    |m_V_load_9_phi_reg_11744                 |  31|   0|   31|          0|
    |out_data_last_V_reg_11674                |   1|   0|    1|          0|
    |p_Val2_0_phi_reg_11779                   |   5|   0|    5|          0|
    |p_Val2_0_phi_reg_11779_pp0_iter2_reg     |   5|   0|    5|          0|
    |p_Val2_1021_phi_reg_11839                |   5|   0|    5|          0|
    |p_Val2_1021_phi_reg_11839_pp0_iter2_reg  |   5|   0|    5|          0|
    |p_Val2_11_phi_reg_11845                  |   5|   0|    5|          0|
    |p_Val2_11_phi_reg_11845_pp0_iter2_reg    |   5|   0|    5|          0|
    |p_Val2_12_phi_reg_11851                  |   5|   0|    5|          0|
    |p_Val2_12_phi_reg_11851_pp0_iter2_reg    |   5|   0|    5|          0|
    |p_Val2_13_phi_reg_11857                  |   5|   0|    5|          0|
    |p_Val2_13_phi_reg_11857_pp0_iter2_reg    |   5|   0|    5|          0|
    |p_Val2_14_phi_reg_11863                  |   5|   0|    5|          0|
    |p_Val2_14_phi_reg_11863_pp0_iter2_reg    |   5|   0|    5|          0|
    |p_Val2_15_phi_reg_11869                  |   5|   0|    5|          0|
    |p_Val2_15_phi_reg_11869_pp0_iter2_reg    |   5|   0|    5|          0|
    |p_Val2_1_phi_reg_11785                   |   5|   0|    5|          0|
    |p_Val2_1_phi_reg_11785_pp0_iter2_reg     |   5|   0|    5|          0|
    |p_Val2_2_phi_reg_11791                   |   5|   0|    5|          0|
    |p_Val2_2_phi_reg_11791_pp0_iter2_reg     |   5|   0|    5|          0|
    |p_Val2_3_phi_reg_11797                   |   5|   0|    5|          0|
    |p_Val2_3_phi_reg_11797_pp0_iter2_reg     |   5|   0|    5|          0|
    |p_Val2_4_phi_reg_11803                   |   5|   0|    5|          0|
    |p_Val2_4_phi_reg_11803_pp0_iter2_reg     |   5|   0|    5|          0|
    |p_Val2_5_phi_reg_11809                   |   5|   0|    5|          0|
    |p_Val2_5_phi_reg_11809_pp0_iter2_reg     |   5|   0|    5|          0|
    |p_Val2_6_phi_reg_11815                   |   5|   0|    5|          0|
    |p_Val2_6_phi_reg_11815_pp0_iter2_reg     |   5|   0|    5|          0|
    |p_Val2_719_phi_reg_11821                 |   5|   0|    5|          0|
    |p_Val2_719_phi_reg_11821_pp0_iter2_reg   |   5|   0|    5|          0|
    |p_Val2_8_phi_reg_11827                   |   5|   0|    5|          0|
    |p_Val2_8_phi_reg_11827_pp0_iter2_reg     |   5|   0|    5|          0|
    |p_Val2_9_phi_reg_11833                   |   5|   0|    5|          0|
    |p_Val2_9_phi_reg_11833_pp0_iter2_reg     |   5|   0|    5|          0|
    |ret_V_11_10_reg_11941                    |  39|   0|   39|          0|
    |ret_V_11_11_reg_11947                    |  39|   0|   39|          0|
    |ret_V_11_12_reg_11953                    |  39|   0|   39|          0|
    |ret_V_11_13_reg_11959                    |  39|   0|   39|          0|
    |ret_V_11_14_reg_11965                    |  39|   0|   39|          0|
    |ret_V_11_1_reg_11881                     |  39|   0|   39|          0|
    |ret_V_11_2_reg_11887                     |  39|   0|   39|          0|
    |ret_V_11_3_reg_11893                     |  39|   0|   39|          0|
    |ret_V_11_4_reg_11899                     |  39|   0|   39|          0|
    |ret_V_11_5_reg_11905                     |  39|   0|   39|          0|
    |ret_V_11_6_reg_11911                     |  39|   0|   39|          0|
    |ret_V_11_7_reg_11917                     |  39|   0|   39|          0|
    |ret_V_11_8_reg_11923                     |  39|   0|   39|          0|
    |ret_V_11_9_reg_11929                     |  39|   0|   39|          0|
    |ret_V_11_s_reg_11935                     |  39|   0|   39|          0|
    |ret_V_s_reg_11875                        |  39|   0|   39|          0|
    |temp_data_0_V_fu_744                     |   8|   0|    8|          0|
    |temp_data_10_V_1_fu_784                  |   8|   0|    8|          0|
    |temp_data_11_V_1_fu_788                  |   8|   0|    8|          0|
    |temp_data_12_V_1_fu_792                  |   8|   0|    8|          0|
    |temp_data_13_V_1_fu_796                  |   8|   0|    8|          0|
    |temp_data_14_V_1_fu_800                  |   8|   0|    8|          0|
    |temp_data_15_V_1_fu_804                  |   8|   0|    8|          0|
    |temp_data_16_V_1_fu_808                  |   8|   0|    8|          0|
    |temp_data_17_V_1_fu_812                  |   8|   0|    8|          0|
    |temp_data_18_V_1_fu_816                  |   8|   0|    8|          0|
    |temp_data_19_V_1_fu_820                  |   8|   0|    8|          0|
    |temp_data_1_V_1_fu_748                   |   8|   0|    8|          0|
    |temp_data_20_V_1_fu_824                  |   8|   0|    8|          0|
    |temp_data_21_V_1_fu_828                  |   8|   0|    8|          0|
    |temp_data_22_V_1_fu_832                  |   8|   0|    8|          0|
    |temp_data_23_V_1_fu_836                  |   8|   0|    8|          0|
    |temp_data_24_V_1_fu_840                  |   8|   0|    8|          0|
    |temp_data_25_V_1_fu_844                  |   8|   0|    8|          0|
    |temp_data_26_V_1_fu_848                  |   8|   0|    8|          0|
    |temp_data_27_V_1_fu_852                  |   8|   0|    8|          0|
    |temp_data_28_V_1_fu_856                  |   8|   0|    8|          0|
    |temp_data_29_V_1_fu_860                  |   8|   0|    8|          0|
    |temp_data_2_V_1_fu_752                   |   8|   0|    8|          0|
    |temp_data_30_V_1_fu_864                  |   8|   0|    8|          0|
    |temp_data_31_V_1_fu_868                  |   8|   0|    8|          0|
    |temp_data_32_V_1_fu_872                  |   8|   0|    8|          0|
    |temp_data_33_V_1_fu_876                  |   8|   0|    8|          0|
    |temp_data_34_V_1_fu_880                  |   8|   0|    8|          0|
    |temp_data_35_V_1_fu_884                  |   8|   0|    8|          0|
    |temp_data_36_V_1_fu_888                  |   8|   0|    8|          0|
    |temp_data_37_V_1_fu_892                  |   8|   0|    8|          0|
    |temp_data_38_V_1_fu_896                  |   8|   0|    8|          0|
    |temp_data_39_V_1_fu_900                  |   8|   0|    8|          0|
    |temp_data_3_V_1_fu_756                   |   8|   0|    8|          0|
    |temp_data_40_V_1_fu_904                  |   8|   0|    8|          0|
    |temp_data_41_V_1_fu_908                  |   8|   0|    8|          0|
    |temp_data_42_V_1_fu_912                  |   8|   0|    8|          0|
    |temp_data_43_V_1_fu_916                  |   8|   0|    8|          0|
    |temp_data_44_V_1_fu_920                  |   8|   0|    8|          0|
    |temp_data_45_V_1_fu_924                  |   8|   0|    8|          0|
    |temp_data_46_V_1_fu_928                  |   8|   0|    8|          0|
    |temp_data_47_V_1_fu_932                  |   8|   0|    8|          0|
    |temp_data_48_V_1_fu_936                  |   8|   0|    8|          0|
    |temp_data_49_V_1_fu_940                  |   8|   0|    8|          0|
    |temp_data_4_V_1_fu_760                   |   8|   0|    8|          0|
    |temp_data_50_V_1_fu_944                  |   8|   0|    8|          0|
    |temp_data_51_V_1_fu_948                  |   8|   0|    8|          0|
    |temp_data_52_V_1_fu_952                  |   8|   0|    8|          0|
    |temp_data_53_V_1_fu_956                  |   8|   0|    8|          0|
    |temp_data_54_V_1_fu_960                  |   8|   0|    8|          0|
    |temp_data_55_V_1_fu_964                  |   8|   0|    8|          0|
    |temp_data_56_V_1_fu_968                  |   8|   0|    8|          0|
    |temp_data_57_V_1_fu_972                  |   8|   0|    8|          0|
    |temp_data_58_V_1_fu_976                  |   8|   0|    8|          0|
    |temp_data_59_V_1_fu_980                  |   8|   0|    8|          0|
    |temp_data_5_V_1_fu_764                   |   8|   0|    8|          0|
    |temp_data_60_V_1_fu_984                  |   8|   0|    8|          0|
    |temp_data_61_V_1_fu_988                  |   8|   0|    8|          0|
    |temp_data_62_V_1_fu_992                  |   8|   0|    8|          0|
    |temp_data_63_V_1_fu_996                  |   8|   0|    8|          0|
    |temp_data_6_V_1_fu_768                   |   8|   0|    8|          0|
    |temp_data_7_V_1_fu_772                   |   8|   0|    8|          0|
    |temp_data_8_V_1_fu_776                   |   8|   0|    8|          0|
    |temp_data_9_V_1_fu_780                   |   8|   0|    8|          0|
    |tmp_6_mid_reg_10841                      |   1|   0|    1|          0|
    |tmp_8_reg_11618                          |   1|   0|    1|          0|
    |tmp_reg_11622                            |   2|   0|    2|          0|
    |tmp_reg_11622_pp0_iter1_reg              |   2|   0|    2|          0|
    |tmp_user_V_1_reg_11689                   |   1|   0|    5|          4|
    |exitcond_flatten1_reg_10698              |  64|  32|    1|          0|
    |out_data_last_V_reg_11674                |  64|  32|    1|          0|
    |tmp_user_V_1_reg_11689                   |  64|  32|    5|          4|
    +-----------------------------------------+----+----+-----+-----------+
    |Total                                    |2457|  96| 2280|         12|
    +-----------------------------------------+----+----+-----+-----------+



================================================================
== Interface
================================================================
* Summary: 
+------------------------+-----+-----+------------+---------------------+--------------+
|        RTL Ports       | Dir | Bits|  Protocol  |    Source Object    |    C Type    |
+------------------------+-----+-----+------------+---------------------+--------------+
|ap_clk                  |  in |    1| ap_ctrl_hs | IdentityQuantAct146 | return value |
|ap_rst                  |  in |    1| ap_ctrl_hs | IdentityQuantAct146 | return value |
|ap_start                |  in |    1| ap_ctrl_hs | IdentityQuantAct146 | return value |
|ap_done                 | out |    1| ap_ctrl_hs | IdentityQuantAct146 | return value |
|ap_continue             |  in |    1| ap_ctrl_hs | IdentityQuantAct146 | return value |
|ap_idle                 | out |    1| ap_ctrl_hs | IdentityQuantAct146 | return value |
|ap_ready                | out |    1| ap_ctrl_hs | IdentityQuantAct146 | return value |
|in_V_data_V127_dout     |  in |  512|   ap_fifo  |    in_V_data_V127   |    pointer   |
|in_V_data_V127_empty_n  |  in |    1|   ap_fifo  |    in_V_data_V127   |    pointer   |
|in_V_data_V127_read     | out |    1|   ap_fifo  |    in_V_data_V127   |    pointer   |
|in_V_id_V128_dout       |  in |    8|   ap_fifo  |     in_V_id_V128    |    pointer   |
|in_V_id_V128_empty_n    |  in |    1|   ap_fifo  |     in_V_id_V128    |    pointer   |
|in_V_id_V128_read       | out |    1|   ap_fifo  |     in_V_id_V128    |    pointer   |
|in_V_dest_V129_dout     |  in |    8|   ap_fifo  |    in_V_dest_V129   |    pointer   |
|in_V_dest_V129_empty_n  |  in |    1|   ap_fifo  |    in_V_dest_V129   |    pointer   |
|in_V_dest_V129_read     | out |    1|   ap_fifo  |    in_V_dest_V129   |    pointer   |
|in_V_user_V130_dout     |  in |   16|   ap_fifo  |    in_V_user_V130   |    pointer   |
|in_V_user_V130_empty_n  |  in |    1|   ap_fifo  |    in_V_user_V130   |    pointer   |
|in_V_user_V130_read     | out |    1|   ap_fifo  |    in_V_user_V130   |    pointer   |
|in_V_last_V131_dout     |  in |    1|   ap_fifo  |    in_V_last_V131   |    pointer   |
|in_V_last_V131_empty_n  |  in |    1|   ap_fifo  |    in_V_last_V131   |    pointer   |
|in_V_last_V131_read     | out |    1|   ap_fifo  |    in_V_last_V131   |    pointer   |
|out_V_data_V_din        | out |  512|   ap_fifo  |     out_V_data_V    |    pointer   |
|out_V_data_V_full_n     |  in |    1|   ap_fifo  |     out_V_data_V    |    pointer   |
|out_V_data_V_write      | out |    1|   ap_fifo  |     out_V_data_V    |    pointer   |
|out_V_id_V_din          | out |    8|   ap_fifo  |      out_V_id_V     |    pointer   |
|out_V_id_V_full_n       |  in |    1|   ap_fifo  |      out_V_id_V     |    pointer   |
|out_V_id_V_write        | out |    1|   ap_fifo  |      out_V_id_V     |    pointer   |
|out_V_dest_V_din        | out |    8|   ap_fifo  |     out_V_dest_V    |    pointer   |
|out_V_dest_V_full_n     |  in |    1|   ap_fifo  |     out_V_dest_V    |    pointer   |
|out_V_dest_V_write      | out |    1|   ap_fifo  |     out_V_dest_V    |    pointer   |
|out_V_user_V_din        | out |   16|   ap_fifo  |     out_V_user_V    |    pointer   |
|out_V_user_V_full_n     |  in |    1|   ap_fifo  |     out_V_user_V    |    pointer   |
|out_V_user_V_write      | out |    1|   ap_fifo  |     out_V_user_V    |    pointer   |
|out_V_last_V_din        | out |    1|   ap_fifo  |     out_V_last_V    |    pointer   |
|out_V_last_V_full_n     |  in |    1|   ap_fifo  |     out_V_last_V    |    pointer   |
|out_V_last_V_write      | out |    1|   ap_fifo  |     out_V_last_V    |    pointer   |
+------------------------+-----+-----+------------+---------------------+--------------+

