

================================================================
== Vivado HLS Report for 'IdentityGather'
================================================================
* Date:           Mon Feb 20 12:10:50 2023

* Version:        2018.3 (Build 2405991 on Thu Dec 06 23:56:15 MST 2018)
* Project:        layernorm_kern29
* Solution:       solution1
* Product family: zynquplus
* Target device:  xczu19eg-ffvc1760-2-i


================================================================
== Performance Estimates
================================================================
+ Timing (ns): 
    * Summary: 
    +--------+-------+----------+------------+
    |  Clock | Target| Estimated| Uncertainty|
    +--------+-------+----------+------------+
    |ap_clk  |   5.00|     1.838|        0.62|
    +--------+-------+----------+------------+

+ Latency (clock cycles): 
    * Summary: 
    +-----+-----+-----+-----+---------+
    |  Latency  |  Interval | Pipeline|
    | min | max | min | max |   Type  |
    +-----+-----+-----+-----+---------+
    |    ?|    ?|    ?|    ?|   none  |
    +-----+-----+-----+-----+---------+

    + Detail: 
        * Instance: 
        N/A

        * Loop: 
        +----------+-----+-----+----------+-----------+-----------+------+----------+
        |          |  Latency  | Iteration|  Initiation Interval  | Trip |          |
        | Loop Name| min | max |  Latency |  achieved |   target  | Count| Pipelined|
        +----------+-----+-----+----------+-----------+-----------+------+----------+
        |- Loop 1  |    ?|    ?|         2|          1|          1|     ?|    yes   |
        +----------+-----+-----+----------+-----------+-----------+------+----------+



================================================================
== Utilization Estimates
================================================================
* Summary: 
+-----------------+---------+-------+---------+--------+-----+
|       Name      | BRAM_18K| DSP48E|    FF   |   LUT  | URAM|
+-----------------+---------+-------+---------+--------+-----+
|DSP              |        -|      -|        -|       -|    -|
|Expression       |        -|      -|        0|     244|    -|
|FIFO             |        -|      -|        -|       -|    -|
|Instance         |        -|      -|        -|       -|    -|
|Memory           |        -|      -|        -|       -|    -|
|Multiplexer      |        -|      -|        -|     417|    -|
|Register         |        -|      -|     1757|       -|    -|
+-----------------+---------+-------+---------+--------+-----+
|Total            |        0|      0|     1757|     661|    0|
+-----------------+---------+-------+---------+--------+-----+
|Available        |     1968|   1968|  1045440|  522720|  128|
+-----------------+---------+-------+---------+--------+-----+
|Utilization (%)  |        0|      0|    ~0   |   ~0   |    0|
+-----------------+---------+-------+---------+--------+-----+

+ Detail: 
    * Instance: 
    N/A

    * DSP48: 
    N/A

    * Memory: 
    N/A

    * FIFO: 
    N/A

    * Expression: 
    +----------------------------------+----------+-------+---+----+------------+------------+
    |           Variable Name          | Operation| DSP48E| FF| LUT| Bitwidth P0| Bitwidth P1|
    +----------------------------------+----------+-------+---+----+------------+------------+
    |iter_fu_342_p2                    |     +    |      0|  0|  55|          48|           1|
    |ret_V_fu_321_p2                   |     -    |      0|  0|  30|          23|          23|
    |ap_block_state2_pp0_stage0_iter0  |    and   |      0|  0|   2|           1|           1|
    |in_V_data_V_0_load_A              |    and   |      0|  0|   2|           1|           1|
    |in_V_data_V_0_load_B              |    and   |      0|  0|   2|           1|           1|
    |in_V_dest_V_0_load_A              |    and   |      0|  0|   2|           1|           1|
    |in_V_dest_V_0_load_B              |    and   |      0|  0|   2|           1|           1|
    |in_V_id_V_0_load_A                |    and   |      0|  0|   2|           1|           1|
    |in_V_id_V_0_load_B                |    and   |      0|  0|   2|           1|           1|
    |in_V_last_V_0_load_A              |    and   |      0|  0|   2|           1|           1|
    |in_V_last_V_0_load_B              |    and   |      0|  0|   2|           1|           1|
    |in_V_user_V_0_load_A              |    and   |      0|  0|   2|           1|           1|
    |in_V_user_V_0_load_B              |    and   |      0|  0|   2|           1|           1|
    |out_0_V_id_V1_status              |    and   |      0|  0|   2|           1|           1|
    |out_1_V_id_V1_status              |    and   |      0|  0|   2|           1|           1|
    |exitcond_fu_337_p2                |   icmp   |      0|  0|  24|          48|          48|
    |grp_fu_287_p2                     |   icmp   |      0|  0|  11|           8|           1|
    |in_V_data_V_0_state_cmp_full      |   icmp   |      0|  0|   8|           2|           1|
    |in_V_dest_V_0_state_cmp_full      |   icmp   |      0|  0|   8|           2|           1|
    |in_V_id_V_0_state_cmp_full        |   icmp   |      0|  0|   8|           2|           1|
    |in_V_last_V_0_state_cmp_full      |   icmp   |      0|  0|   8|           2|           1|
    |in_V_user_V_0_state_cmp_full      |   icmp   |      0|  0|   8|           2|           1|
    |ap_block_pp0_stage0_01001         |    or    |      0|  0|   2|           1|           1|
    |ap_block_state1                   |    or    |      0|  0|   2|           1|           1|
    |ap_block_state3_pp0_stage0_iter1  |    or    |      0|  0|   2|           1|           1|
    |ret_V_3_fu_331_p2                 |    or    |      0|  0|  48|          48|           1|
    |ap_enable_pp0                     |    xor   |      0|  0|   2|           1|           2|
    |ap_enable_reg_pp0_iter1           |    xor   |      0|  0|   2|           2|           1|
    +----------------------------------+----------+-------+---+----+------------+------------+
    |Total                             |          |      0|  0| 244|         204|          98|
    +----------------------------------+----------+-------+---+----+------------+------------+

    * Multiplexer: 
    +-------------------------+----+-----------+-----+-----------+
    |           Name          | LUT| Input Size| Bits| Total Bits|
    +-------------------------+----+-----------+-----+-----------+
    |ap_NS_fsm                |  21|          4|    1|          4|
    |ap_done                  |   9|          2|    1|          2|
    |ap_enable_reg_pp0_iter1  |  15|          3|    1|          3|
    |i_op_assign_reg_247      |   9|          2|   48|         96|
    |in_V_data_V_0_data_out   |   9|          2|  512|       1024|
    |in_V_data_V_0_state      |  15|          3|    2|          6|
    |in_V_dest_V_0_data_out   |   9|          2|    8|         16|
    |in_V_dest_V_0_state      |  15|          3|    2|          6|
    |in_V_id_V_0_data_out     |   9|          2|    8|         16|
    |in_V_id_V_0_state        |  15|          3|    2|          6|
    |in_V_last_V_0_data_out   |   9|          2|    1|          2|
    |in_V_last_V_0_state      |  15|          3|    2|          6|
    |in_V_user_V_0_data_out   |   9|          2|   16|         32|
    |in_V_user_V_0_state      |  15|          3|    2|          6|
    |in_r_TDATA_blk_n         |   9|          2|    1|          2|
    |out_0_V_data_V_blk_n     |   9|          2|    1|          2|
    |out_0_V_data_V_din       |  15|          3|  512|       1536|
    |out_0_V_dest_V_blk_n     |   9|          2|    1|          2|
    |out_0_V_dest_V_din       |  15|          3|    8|         24|
    |out_0_V_id_V_blk_n       |   9|          2|    1|          2|
    |out_0_V_id_V_din         |  15|          3|    8|         24|
    |out_0_V_last_V_blk_n     |   9|          2|    1|          2|
    |out_0_V_last_V_din       |  15|          3|    1|          3|
    |out_0_V_user_V_blk_n     |   9|          2|    1|          2|
    |out_0_V_user_V_din       |  15|          3|   16|         48|
    |out_1_V_data_V_blk_n     |   9|          2|    1|          2|
    |out_1_V_data_V_din       |  15|          3|  512|       1536|
    |out_1_V_dest_V_blk_n     |   9|          2|    1|          2|
    |out_1_V_dest_V_din       |  15|          3|    8|         24|
    |out_1_V_id_V_blk_n       |   9|          2|    1|          2|
    |out_1_V_last_V_blk_n     |   9|          2|    1|          2|
    |out_1_V_last_V_din       |  15|          3|    1|          3|
    |out_1_V_user_V_blk_n     |   9|          2|    1|          2|
    |out_1_V_user_V_din       |  15|          3|   16|         48|
    |real_start               |   9|          2|    1|          2|
    +-------------------------+----+-----------+-----+-----------+
    |Total                    | 417|         87| 1700|       4495|
    +-------------------------+----+-----------+-----+-----------+

    * Register: 
    +-------------------------+-----+----+-----+-----------+
    |           Name          |  FF | LUT| Bits| Const Bits|
    +-------------------------+-----+----+-----+-----------+
    |ap_CS_fsm                |    3|   0|    3|          0|
    |ap_done_reg              |    1|   0|    1|          0|
    |ap_enable_reg_pp0_iter0  |    1|   0|    1|          0|
    |ap_enable_reg_pp0_iter1  |    1|   0|    1|          0|
    |i_op_assign_reg_247      |   48|   0|   48|          0|
    |in_V_data_V_0_payload_A  |  512|   0|  512|          0|
    |in_V_data_V_0_payload_B  |  512|   0|  512|          0|
    |in_V_data_V_0_sel_rd     |    1|   0|    1|          0|
    |in_V_data_V_0_sel_wr     |    1|   0|    1|          0|
    |in_V_data_V_0_state      |    2|   0|    2|          0|
    |in_V_dest_V_0_payload_A  |    8|   0|    8|          0|
    |in_V_dest_V_0_payload_B  |    8|   0|    8|          0|
    |in_V_dest_V_0_sel_rd     |    1|   0|    1|          0|
    |in_V_dest_V_0_sel_wr     |    1|   0|    1|          0|
    |in_V_dest_V_0_state      |    2|   0|    2|          0|
    |in_V_id_V_0_payload_A    |    8|   0|    8|          0|
    |in_V_id_V_0_payload_B    |    8|   0|    8|          0|
    |in_V_id_V_0_sel_rd       |    1|   0|    1|          0|
    |in_V_id_V_0_sel_wr       |    1|   0|    1|          0|
    |in_V_id_V_0_state        |    2|   0|    2|          0|
    |in_V_last_V_0_payload_A  |    1|   0|    1|          0|
    |in_V_last_V_0_payload_B  |    1|   0|    1|          0|
    |in_V_last_V_0_sel_rd     |    1|   0|    1|          0|
    |in_V_last_V_0_sel_wr     |    1|   0|    1|          0|
    |in_V_last_V_0_state      |    2|   0|    2|          0|
    |in_V_user_V_0_payload_A  |   16|   0|   16|          0|
    |in_V_user_V_0_payload_B  |   16|   0|   16|          0|
    |in_V_user_V_0_sel_rd     |    1|   0|    1|          0|
    |in_V_user_V_0_sel_wr     |    1|   0|    1|          0|
    |in_V_user_V_0_state      |    2|   0|    2|          0|
    |ret_V_3_reg_351          |   46|   0|   48|          2|
    |start_once_reg           |    1|   0|    1|          0|
    |tmp_12_reg_394           |    1|   0|    1|          0|
    |tmp_data_V_12_reg_365    |  512|   0|  512|          0|
    |tmp_dest_V_4_reg_376     |    8|   0|    8|          0|
    |tmp_id_V_1_reg_371       |    8|   0|    8|          0|
    |tmp_last_V_1_reg_388     |    1|   0|    1|          0|
    |tmp_user_V_3_reg_382     |   16|   0|   16|          0|
    +-------------------------+-----+----+-----+-----------+
    |Total                    | 1757|   0| 1759|          2|
    +-------------------------+-----+----+-----+-----------+



================================================================
== Interface
================================================================
* Summary: 
+-----------------------+-----+-----+------------+----------------+--------------+
|       RTL Ports       | Dir | Bits|  Protocol  |  Source Object |    C Type    |
+-----------------------+-----+-----+------------+----------------+--------------+
|ap_clk                 |  in |    1| ap_ctrl_hs | IdentityGather | return value |
|ap_rst                 |  in |    1| ap_ctrl_hs | IdentityGather | return value |
|ap_start               |  in |    1| ap_ctrl_hs | IdentityGather | return value |
|start_full_n           |  in |    1| ap_ctrl_hs | IdentityGather | return value |
|ap_done                | out |    1| ap_ctrl_hs | IdentityGather | return value |
|ap_continue            |  in |    1| ap_ctrl_hs | IdentityGather | return value |
|ap_idle                | out |    1| ap_ctrl_hs | IdentityGather | return value |
|ap_ready               | out |    1| ap_ctrl_hs | IdentityGather | return value |
|start_out              | out |    1| ap_ctrl_hs | IdentityGather | return value |
|start_write            | out |    1| ap_ctrl_hs | IdentityGather | return value |
|in_r_TDATA             |  in |  512|    axis    |   in_V_data_V  |    pointer   |
|in_r_TVALID            |  in |    1|    axis    |   in_V_last_V  |    pointer   |
|in_r_TREADY            | out |    1|    axis    |   in_V_last_V  |    pointer   |
|in_r_TLAST             |  in |    1|    axis    |   in_V_last_V  |    pointer   |
|in_r_TID               |  in |    8|    axis    |    in_V_id_V   |    pointer   |
|in_r_TDEST             |  in |    8|    axis    |   in_V_dest_V  |    pointer   |
|in_r_TUSER             |  in |   16|    axis    |   in_V_user_V  |    pointer   |
|out_0_V_data_V_din     | out |  512|   ap_fifo  | out_0_V_data_V |    pointer   |
|out_0_V_data_V_full_n  |  in |    1|   ap_fifo  | out_0_V_data_V |    pointer   |
|out_0_V_data_V_write   | out |    1|   ap_fifo  | out_0_V_data_V |    pointer   |
|out_1_V_data_V_din     | out |  512|   ap_fifo  | out_1_V_data_V |    pointer   |
|out_1_V_data_V_full_n  |  in |    1|   ap_fifo  | out_1_V_data_V |    pointer   |
|out_1_V_data_V_write   | out |    1|   ap_fifo  | out_1_V_data_V |    pointer   |
|out_0_V_id_V_din       | out |    8|   ap_fifo  |  out_0_V_id_V  |    pointer   |
|out_0_V_id_V_full_n    |  in |    1|   ap_fifo  |  out_0_V_id_V  |    pointer   |
|out_0_V_id_V_write     | out |    1|   ap_fifo  |  out_0_V_id_V  |    pointer   |
|out_1_V_id_V_din       | out |    8|   ap_fifo  |  out_1_V_id_V  |    pointer   |
|out_1_V_id_V_full_n    |  in |    1|   ap_fifo  |  out_1_V_id_V  |    pointer   |
|out_1_V_id_V_write     | out |    1|   ap_fifo  |  out_1_V_id_V  |    pointer   |
|out_0_V_dest_V_din     | out |    8|   ap_fifo  | out_0_V_dest_V |    pointer   |
|out_0_V_dest_V_full_n  |  in |    1|   ap_fifo  | out_0_V_dest_V |    pointer   |
|out_0_V_dest_V_write   | out |    1|   ap_fifo  | out_0_V_dest_V |    pointer   |
|out_1_V_dest_V_din     | out |    8|   ap_fifo  | out_1_V_dest_V |    pointer   |
|out_1_V_dest_V_full_n  |  in |    1|   ap_fifo  | out_1_V_dest_V |    pointer   |
|out_1_V_dest_V_write   | out |    1|   ap_fifo  | out_1_V_dest_V |    pointer   |
|out_0_V_user_V_din     | out |   16|   ap_fifo  | out_0_V_user_V |    pointer   |
|out_0_V_user_V_full_n  |  in |    1|   ap_fifo  | out_0_V_user_V |    pointer   |
|out_0_V_user_V_write   | out |    1|   ap_fifo  | out_0_V_user_V |    pointer   |
|out_1_V_user_V_din     | out |   16|   ap_fifo  | out_1_V_user_V |    pointer   |
|out_1_V_user_V_full_n  |  in |    1|   ap_fifo  | out_1_V_user_V |    pointer   |
|out_1_V_user_V_write   | out |    1|   ap_fifo  | out_1_V_user_V |    pointer   |
|out_0_V_last_V_din     | out |    1|   ap_fifo  | out_0_V_last_V |    pointer   |
|out_0_V_last_V_full_n  |  in |    1|   ap_fifo  | out_0_V_last_V |    pointer   |
|out_0_V_last_V_write   | out |    1|   ap_fifo  | out_0_V_last_V |    pointer   |
|out_1_V_last_V_din     | out |    1|   ap_fifo  | out_1_V_last_V |    pointer   |
|out_1_V_last_V_full_n  |  in |    1|   ap_fifo  | out_1_V_last_V |    pointer   |
|out_1_V_last_V_write   | out |    1|   ap_fifo  | out_1_V_last_V |    pointer   |
+-----------------------+-----+-----+------------+----------------+--------------+

