

================================================================
== Vivado HLS Report for 'layernorm_sqrt_alg_b'
================================================================
* Date:           Mon Feb 20 12:11:02 2023

* Version:        2018.3 (Build 2405991 on Thu Dec 06 23:56:15 MST 2018)
* Project:        layernorm_kern29
* Solution:       solution1
* Product family: zynquplus
* Target device:  xczu19eg-ffvc1760-2-i


================================================================
== Performance Estimates
================================================================
+ Timing (ns): 
    * Summary: 
    +--------+-------+----------+------------+
    |  Clock | Target| Estimated| Uncertainty|
    +--------+-------+----------+------------+
    |ap_clk  |   5.00|     3.676|        0.62|
    +--------+-------+----------+------------+

+ Latency (clock cycles): 
    * Summary: 
    +-----+-------+-----+-------+---------+
    |   Latency   |   Interval  | Pipeline|
    | min |  max  | min |  max  |   Type  |
    +-----+-------+-----+-------+---------+
    |   41|  35841|   41|  35841|   none  |
    +-----+-------+-----+-------+---------+

    + Detail: 
        * Instance: 
        N/A

        * Loop: 
        +-------------+-----+-------+----------+-----------+-----------+---------+----------+
        |             |   Latency   | Iteration|  Initiation Interval  |   Trip  |          |
        |  Loop Name  | min |  max  |  Latency |  achieved |   target  |  Count  | Pipelined|
        +-------------+-----+-------+----------+-----------+-----------+---------+----------+
        |- Loop 1     |   40|  35840|  40 ~ 70 |          -|          -| 1 ~ 512 |    no    |
        | + Loop 1.1  |    1|     16|         1|          -|          -|  1 ~ 16 |    no    |
        | + Loop 1.2  |    1|     16|         1|          -|          -|  1 ~ 16 |    no    |
        +-------------+-----+-------+----------+-----------+-----------+---------+----------+



================================================================
== Utilization Estimates
================================================================
* Summary: 
+-----------------+---------+-------+---------+--------+-----+
|       Name      | BRAM_18K| DSP48E|    FF   |   LUT  | URAM|
+-----------------+---------+-------+---------+--------+-----+
|DSP              |        -|      -|        -|       -|    -|
|Expression       |        -|      -|        0|     331|    -|
|FIFO             |        -|      -|        -|       -|    -|
|Instance         |        -|      -|      394|     238|    -|
|Memory           |        -|      -|        -|       -|    -|
|Multiplexer      |        -|      -|        -|     267|    -|
|Register         |        -|      -|      264|       -|    -|
+-----------------+---------+-------+---------+--------+-----+
|Total            |        0|      0|      658|     836|    0|
+-----------------+---------+-------+---------+--------+-----+
|Available        |     1968|   1968|  1045440|  522720|  128|
+-----------------+---------+-------+---------+--------+-----+
|Utilization (%)  |        0|      0|    ~0   |   ~0   |    0|
+-----------------+---------+-------+---------+--------+-----+

+ Detail: 
    * Instance: 
    +------------------------------------------+-------------------------------------+---------+-------+-----+-----+
    |                 Instance                 |                Module               | BRAM_18K| DSP48E|  FF | LUT |
    +------------------------------------------+-------------------------------------+---------+-------+-----+-----+
    |kernel_29_udiv_32s_32ns_32_36_seq_1_U157  |kernel_29_udiv_32s_32ns_32_36_seq_1  |        0|      0|  394|  238|
    +------------------------------------------+-------------------------------------+---------+-------+-----+-----+
    |Total                                     |                                     |        0|      0|  394|  238|
    +------------------------------------------+-------------------------------------+---------+-------+-----+-----+

    * DSP48: 
    N/A

    * Memory: 
    N/A

    * FIFO: 
    N/A

    * Expression: 
    +----------------------+----------+-------+---+----+------------+------------+
    |     Variable Name    | Operation| DSP48E| FF| LUT| Bitwidth P0| Bitwidth P1|
    +----------------------+----------+-------+---+----+------------+------------+
    |c_V_fu_282_p2         |     +    |      0|  0|  39|          32|          32|
    |i_fu_193_p2           |     +    |      0|  0|  39|          32|           1|
    |ret_V_fu_240_p2       |     +    |      0|  0|  40|          33|          33|
    |p_neg_i_fu_270_p2     |     -    |      0|  0|  32|          32|          32|
    |x_V_1_fu_276_p2       |     -    |      0|  0|  32|          32|          32|
    |ap_block_state2       |    and   |      0|  0|   2|           1|           1|
    |exitcond_i_fu_188_p2  |   icmp   |      0|  0|  20|          32|          32|
    |tmp_1_i_fu_226_p2     |   icmp   |      0|  0|  20|          31|           1|
    |tmp_3_i_fu_250_p2     |   icmp   |      0|  0|  21|          33|          33|
    |tmp_i_21_fu_203_p2    |   icmp   |      0|  0|  20|          32|          32|
    |ap_block_state1       |    or    |      0|  0|   2|           1|           1|
    |c_V_1_fu_296_p3       |  select  |      0|  0|  32|           1|          32|
    |x_V_2_fu_288_p3       |  select  |      0|  0|  32|           1|          32|
    +----------------------+----------+-------+---+----+------------+------------+
    |Total                 |          |      0|  0| 331|         293|         294|
    +----------------------+----------+-------+---+----+------------+------------+

    * Multiplexer: 
    +-------------------------------+-----+-----------+-----+-----------+
    |              Name             | LUT | Input Size| Bits| Total Bits|
    +-------------------------------+-----+-----------+-----+-----------+
    |ap_NS_fsm                      |  177|         40|    1|         40|
    |ap_done                        |    9|          2|    1|          2|
    |i_i_reg_135                    |    9|          2|   32|         64|
    |in_compute_y_factor_s_0_blk_n  |    9|          2|    1|          2|
    |in_sqrt_V_V_blk_n              |    9|          2|    1|          2|
    |n_pipe2_V_V_blk_n              |    9|          2|    1|          2|
    |n_pipe3_V_V_blk_n              |    9|          2|    1|          2|
    |p_082_2_i_reg_178              |    9|          2|   16|         32|
    |p_1_i_reg_158                  |    9|          2|   32|         64|
    |p_2_i_reg_167                  |    9|          2|   32|         64|
    |p_i_reg_146                    |    9|          2|   16|         32|
    +-------------------------------+-----+-----------+-----+-----------+
    |Total                          |  267|         60|  134|        306|
    +-------------------------------+-----+-----------+-----+-----------+

    * Register: 
    +-------------------+----+----+-----+-----------+
    |        Name       | FF | LUT| Bits| Const Bits|
    +-------------------+----+----+-----+-----------+
    |ap_CS_fsm          |  39|   0|   39|          0|
    |ap_done_reg        |   1|   0|    1|          0|
    |i_i_reg_135        |  32|   0|   32|          0|
    |i_reg_339          |  32|   0|   32|          0|
    |p_082_2_i_reg_178  |  16|   0|   31|         15|
    |p_1_i_reg_158      |  32|   0|   32|          0|
    |p_2_i_reg_167      |  32|   0|   32|          0|
    |p_i_reg_146        |  16|   0|   31|         15|
    |tmp_V_19_reg_344   |  32|   0|   32|          0|
    |tmp_V_reg_331      |  32|   0|   32|          0|
    +-------------------+----+----+-----+-----------+
    |Total              | 264|   0|  294|         30|
    +-------------------+----+----+-----+-----------+



================================================================
== Interface
================================================================
* Summary: 
+--------------------------------+-----+-----+------------+-------------------------+--------------+
|            RTL Ports           | Dir | Bits|  Protocol  |      Source Object      |    C Type    |
+--------------------------------+-----+-----+------------+-------------------------+--------------+
|ap_clk                          |  in |    1| ap_ctrl_hs |   layernorm_sqrt_alg_b  | return value |
|ap_rst                          |  in |    1| ap_ctrl_hs |   layernorm_sqrt_alg_b  | return value |
|ap_start                        |  in |    1| ap_ctrl_hs |   layernorm_sqrt_alg_b  | return value |
|ap_done                         | out |    1| ap_ctrl_hs |   layernorm_sqrt_alg_b  | return value |
|ap_continue                     |  in |    1| ap_ctrl_hs |   layernorm_sqrt_alg_b  | return value |
|ap_idle                         | out |    1| ap_ctrl_hs |   layernorm_sqrt_alg_b  | return value |
|ap_ready                        | out |    1| ap_ctrl_hs |   layernorm_sqrt_alg_b  | return value |
|n_pipe2_V_V_dout                |  in |   32|   ap_fifo  |       n_pipe2_V_V       |    pointer   |
|n_pipe2_V_V_empty_n             |  in |    1|   ap_fifo  |       n_pipe2_V_V       |    pointer   |
|n_pipe2_V_V_read                | out |    1|   ap_fifo  |       n_pipe2_V_V       |    pointer   |
|n_pipe3_V_V_din                 | out |   32|   ap_fifo  |       n_pipe3_V_V       |    pointer   |
|n_pipe3_V_V_full_n              |  in |    1|   ap_fifo  |       n_pipe3_V_V       |    pointer   |
|n_pipe3_V_V_write               | out |    1|   ap_fifo  |       n_pipe3_V_V       |    pointer   |
|in_sqrt_V_V_dout                |  in |   32|   ap_fifo  |       in_sqrt_V_V       |    pointer   |
|in_sqrt_V_V_empty_n             |  in |    1|   ap_fifo  |       in_sqrt_V_V       |    pointer   |
|in_sqrt_V_V_read                | out |    1|   ap_fifo  |       in_sqrt_V_V       |    pointer   |
|in_compute_y_factor_s_0_din     | out |   32|   ap_fifo  | in_compute_y_factor_s_0 |    pointer   |
|in_compute_y_factor_s_0_full_n  |  in |    1|   ap_fifo  | in_compute_y_factor_s_0 |    pointer   |
|in_compute_y_factor_s_0_write   | out |    1|   ap_fifo  | in_compute_y_factor_s_0 |    pointer   |
+--------------------------------+-----+-----+------------+-------------------------+--------------+

