

================================================================
== Vivado HLS Report for 'LayerNorm'
================================================================
* Date:           Mon Feb 20 12:11:04 2023

* Version:        2018.3 (Build 2405991 on Thu Dec 06 23:56:15 MST 2018)
* Project:        layernorm_kern29
* Solution:       solution1
* Product family: zynquplus
* Target device:  xczu19eg-ffvc1760-2-i


================================================================
== Performance Estimates
================================================================
+ Timing (ns): 
    * Summary: 
    +--------+-------+----------+------------+
    |  Clock | Target| Estimated| Uncertainty|
    +--------+-------+----------+------------+
    |ap_clk  |   5.00|     4.366|        0.62|
    +--------+-------+----------+------------+

+ Latency (clock cycles): 
    * Summary: 
    +-----+-------+-----+-------+----------+
    |   Latency   |   Interval  | Pipeline |
    | min |  max  | min |  max  |   Type   |
    +-----+-------+-----+-------+----------+
    |  190|  35940|   97|  35842| dataflow |
    +-----+-------+-----+-------+----------+

    + Detail: 
        * Instance: 
        +-------------------------+----------------------+-----+-------+-----+-------+---------+
        |                         |                      |   Latency   |   Interval  | Pipeline|
        |         Instance        |        Module        | min |  max  | min |  max  |   Type  |
        +-------------------------+----------------------+-----+-------+-----+-------+---------+
        |layernorm_save_data_U0   |layernorm_save_data   |   96|  24624|   96|  24624|   none  |
        |layernorm_compute_va_U0  |layernorm_compute_va  |   53|  24581|   53|  24581|   none  |
        |layernorm_compute_y_U0   |layernorm_compute_y   |   53|  24581|   53|  24581|   none  |
        |layernorm_sqrt_alg_b_U0  |layernorm_sqrt_alg_b  |   41|  35841|   41|  35841|   none  |
        |layernorm_write_U0       |layernorm_write       |   50|  24578|   50|  24578|   none  |
        +-------------------------+----------------------+-----+-------+-----+-------+---------+

        * Loop: 
        N/A



================================================================
== Utilization Estimates
================================================================
* Summary: 
+-----------------+---------+-------+---------+--------+-----+
|       Name      | BRAM_18K| DSP48E|    FF   |   LUT  | URAM|
+-----------------+---------+-------+---------+--------+-----+
|DSP              |        -|      -|        -|       -|    -|
|Expression       |        -|      -|        0|       4|    -|
|FIFO             |       64|      -|     1848|    2976|    -|
|Instance         |       18|    106|    13344|   14646|    -|
|Memory           |        -|      -|        -|       -|    -|
|Multiplexer      |        -|      -|        -|       9|    -|
|Register         |        -|      -|        1|       -|    -|
+-----------------+---------+-------+---------+--------+-----+
|Total            |       82|    106|    15193|   17635|    0|
+-----------------+---------+-------+---------+--------+-----+
|Available        |     1968|   1968|  1045440|  522720|  128|
+-----------------+---------+-------+---------+--------+-----+
|Utilization (%)  |        4|      5|        1|       3|    0|
+-----------------+---------+-------+---------+--------+-----+

+ Detail: 
    * Instance: 
    +-------------------------+----------------------+---------+-------+------+------+
    |         Instance        |        Module        | BRAM_18K| DSP48E|  FF  |  LUT |
    +-------------------------+----------------------+---------+-------+------+------+
    |layernorm_compute_va_U0  |layernorm_compute_va  |        0|     32|  4013|  3602|
    |layernorm_compute_y_U0   |layernorm_compute_y   |       16|     64|  1360|  2381|
    |layernorm_save_data_U0   |layernorm_save_data   |        2|     10|  7227|  7370|
    |layernorm_sqrt_alg_b_U0  |layernorm_sqrt_alg_b  |        0|      0|   658|   836|
    |layernorm_write_U0       |layernorm_write       |        0|      0|    86|   457|
    +-------------------------+----------------------+---------+-------+------+------+
    |Total                    |                      |       18|    106| 13344| 14646|
    +-------------------------+----------------------+---------+-------+------+------+

    * DSP48: 
    N/A

    * Memory: 
    N/A

    * FIFO: 
    +---------------------------+---------+----+----+------+-----+---------+
    |            Name           | BRAM_18K| FF | LUT| Depth| Bits| Size:D*B|
    +---------------------------+---------+----+----+------+-----+---------+
    |in_compute_V_V_0_U         |        2|  54|  60|   145|   32|     4640|
    |in_compute_V_V_10_U        |        2|  54|  60|   145|   32|     4640|
    |in_compute_V_V_11_U        |        2|  54|  60|   145|   32|     4640|
    |in_compute_V_V_12_U        |        2|  54|  60|   145|   32|     4640|
    |in_compute_V_V_13_U        |        2|  54|  60|   145|   32|     4640|
    |in_compute_V_V_14_U        |        2|  54|  60|   145|   32|     4640|
    |in_compute_V_V_15_U        |        2|  54|  60|   145|   32|     4640|
    |in_compute_V_V_1_U         |        2|  54|  60|   145|   32|     4640|
    |in_compute_V_V_2_U         |        2|  54|  60|   145|   32|     4640|
    |in_compute_V_V_3_U         |        2|  54|  60|   145|   32|     4640|
    |in_compute_V_V_4_U         |        2|  54|  60|   145|   32|     4640|
    |in_compute_V_V_5_U         |        2|  54|  60|   145|   32|     4640|
    |in_compute_V_V_6_U         |        2|  54|  60|   145|   32|     4640|
    |in_compute_V_V_7_U         |        2|  54|  60|   145|   32|     4640|
    |in_compute_V_V_8_U         |        2|  54|  60|   145|   32|     4640|
    |in_compute_V_V_9_U         |        2|  54|  60|   145|   32|     4640|
    |in_compute_y_V_V_0_U       |        2|  54|  60|   145|   32|     4640|
    |in_compute_y_V_V_10_U      |        2|  54|  60|   145|   32|     4640|
    |in_compute_y_V_V_11_U      |        2|  54|  60|   145|   32|     4640|
    |in_compute_y_V_V_12_U      |        2|  54|  60|   145|   32|     4640|
    |in_compute_y_V_V_13_U      |        2|  54|  60|   145|   32|     4640|
    |in_compute_y_V_V_14_U      |        2|  54|  60|   145|   32|     4640|
    |in_compute_y_V_V_15_U      |        2|  54|  60|   145|   32|     4640|
    |in_compute_y_V_V_1_U       |        2|  54|  60|   145|   32|     4640|
    |in_compute_y_V_V_2_U       |        2|  54|  60|   145|   32|     4640|
    |in_compute_y_V_V_3_U       |        2|  54|  60|   145|   32|     4640|
    |in_compute_y_V_V_4_U       |        2|  54|  60|   145|   32|     4640|
    |in_compute_y_V_V_5_U       |        2|  54|  60|   145|   32|     4640|
    |in_compute_y_V_V_6_U       |        2|  54|  60|   145|   32|     4640|
    |in_compute_y_V_V_7_U       |        2|  54|  60|   145|   32|     4640|
    |in_compute_y_V_V_8_U       |        2|  54|  60|   145|   32|     4640|
    |in_compute_y_V_V_9_U       |        2|  54|  60|   145|   32|     4640|
    |in_compute_y_factor_s_0_U  |        0|   5|  44|     2|   32|       64|
    |in_sqrt_V_V_U              |        0|   5|  44|     2|   32|       64|
    |in_write_V_V_0_U           |        0|   5|  44|     2|   32|       64|
    |in_write_V_V_10_U          |        0|   5|  44|     2|   32|       64|
    |in_write_V_V_11_U          |        0|   5|  44|     2|   32|       64|
    |in_write_V_V_12_U          |        0|   5|  44|     2|   32|       64|
    |in_write_V_V_13_U          |        0|   5|  44|     2|   32|       64|
    |in_write_V_V_14_U          |        0|   5|  44|     2|   32|       64|
    |in_write_V_V_15_U          |        0|   5|  44|     2|   32|       64|
    |in_write_V_V_1_U           |        0|   5|  44|     2|   32|       64|
    |in_write_V_V_2_U           |        0|   5|  44|     2|   32|       64|
    |in_write_V_V_3_U           |        0|   5|  44|     2|   32|       64|
    |in_write_V_V_4_U           |        0|   5|  44|     2|   32|       64|
    |in_write_V_V_5_U           |        0|   5|  44|     2|   32|       64|
    |in_write_V_V_6_U           |        0|   5|  44|     2|   32|       64|
    |in_write_V_V_7_U           |        0|   5|  44|     2|   32|       64|
    |in_write_V_V_8_U           |        0|   5|  44|     2|   32|       64|
    |in_write_V_V_9_U           |        0|   5|  44|     2|   32|       64|
    |mean_pipe1_V_V_U           |        0|   5|  44|     2|   32|       64|
    |mean_pipe2_V_V_U           |        0|   5|  44|     2|   32|       64|
    |n_pipe1_V_V_U              |        0|   5|  44|     2|   32|       64|
    |n_pipe2_V_V_U              |        0|   5|  44|     2|   32|       64|
    |n_pipe3_V_V_U              |        0|   5|  44|     2|   32|       64|
    |n_pipe4_V_V_U              |        0|   5|  44|     2|   32|       64|
    +---------------------------+---------+----+----+------+-----+---------+
    |Total                      |       64|1848|2976|  4688| 1792|   150016|
    +---------------------------+---------+----+----+------+-----+---------+

    * Expression: 
    +-------------------------------------+----------+-------+---+----+------------+------------+
    |            Variable Name            | Operation| DSP48E| FF| LUT| Bitwidth P0| Bitwidth P1|
    +-------------------------------------+----------+-------+---+----+------------+------------+
    |ap_idle                              |    and   |      0|  0|   2|           1|           1|
    |layernorm_save_data_U0_start_full_n  |    and   |      0|  0|   2|           1|           1|
    +-------------------------------------+----------+-------+---+----+------------+------------+
    |Total                                |          |      0|  0|   4|           2|           2|
    +-------------------------------------+----------+-------+---+----+------------+------------+

    * Multiplexer: 
    +------------+----+-----------+-----+-----------+
    |    Name    | LUT| Input Size| Bits| Total Bits|
    +------------+----+-----------+-----+-----------+
    |real_start  |   9|          2|    1|          2|
    +------------+----+-----------+-----+-----------+
    |Total       |   9|          2|    1|          2|
    +------------+----+-----------+-----+-----------+

    * Register: 
    +----------------+---+----+-----+-----------+
    |      Name      | FF| LUT| Bits| Const Bits|
    +----------------+---+----+-----+-----------+
    |start_once_reg  |  1|   0|    1|          0|
    +----------------+---+----+-----+-----------+
    |Total           |  1|   0|    1|          0|
    +----------------+---+----+-----+-----------+



================================================================
== Interface
================================================================
* Summary: 
+---------------------+-----+-----+------------+--------------+--------------+
|      RTL Ports      | Dir | Bits|  Protocol  | Source Object|    C Type    |
+---------------------+-----+-----+------------+--------------+--------------+
|ap_start             |  in |    1| ap_ctrl_hs |   LayerNorm  | return value |
|start_full_n         |  in |    1| ap_ctrl_hs |   LayerNorm  | return value |
|start_out            | out |    1| ap_ctrl_hs |   LayerNorm  | return value |
|start_write          | out |    1| ap_ctrl_hs |   LayerNorm  | return value |
|ap_clk               |  in |    1| ap_ctrl_hs |   LayerNorm  | return value |
|ap_rst               |  in |    1| ap_ctrl_hs |   LayerNorm  | return value |
|ap_done              | out |    1| ap_ctrl_hs |   LayerNorm  | return value |
|ap_ready             | out |    1| ap_ctrl_hs |   LayerNorm  | return value |
|ap_idle              | out |    1| ap_ctrl_hs |   LayerNorm  | return value |
|ap_continue          |  in |    1| ap_ctrl_hs |   LayerNorm  | return value |
|in_V_data_V_dout     |  in |  512|   ap_fifo  |  in_V_data_V |    pointer   |
|in_V_data_V_empty_n  |  in |    1|   ap_fifo  |  in_V_data_V |    pointer   |
|in_V_data_V_read     | out |    1|   ap_fifo  |  in_V_data_V |    pointer   |
|in_V_id_V_dout       |  in |    8|   ap_fifo  |   in_V_id_V  |    pointer   |
|in_V_id_V_empty_n    |  in |    1|   ap_fifo  |   in_V_id_V  |    pointer   |
|in_V_id_V_read       | out |    1|   ap_fifo  |   in_V_id_V  |    pointer   |
|in_V_dest_V_dout     |  in |    8|   ap_fifo  |  in_V_dest_V |    pointer   |
|in_V_dest_V_empty_n  |  in |    1|   ap_fifo  |  in_V_dest_V |    pointer   |
|in_V_dest_V_read     | out |    1|   ap_fifo  |  in_V_dest_V |    pointer   |
|in_V_user_V_dout     |  in |   16|   ap_fifo  |  in_V_user_V |    pointer   |
|in_V_user_V_empty_n  |  in |    1|   ap_fifo  |  in_V_user_V |    pointer   |
|in_V_user_V_read     | out |    1|   ap_fifo  |  in_V_user_V |    pointer   |
|in_V_last_V_dout     |  in |    1|   ap_fifo  |  in_V_last_V |    pointer   |
|in_V_last_V_empty_n  |  in |    1|   ap_fifo  |  in_V_last_V |    pointer   |
|in_V_last_V_read     | out |    1|   ap_fifo  |  in_V_last_V |    pointer   |
|out_V_data_V_din     | out |  512|   ap_fifo  | out_V_data_V |    pointer   |
|out_V_data_V_full_n  |  in |    1|   ap_fifo  | out_V_data_V |    pointer   |
|out_V_data_V_write   | out |    1|   ap_fifo  | out_V_data_V |    pointer   |
|out_V_id_V_din       | out |    8|   ap_fifo  |  out_V_id_V  |    pointer   |
|out_V_id_V_full_n    |  in |    1|   ap_fifo  |  out_V_id_V  |    pointer   |
|out_V_id_V_write     | out |    1|   ap_fifo  |  out_V_id_V  |    pointer   |
|out_V_dest_V_din     | out |    8|   ap_fifo  | out_V_dest_V |    pointer   |
|out_V_dest_V_full_n  |  in |    1|   ap_fifo  | out_V_dest_V |    pointer   |
|out_V_dest_V_write   | out |    1|   ap_fifo  | out_V_dest_V |    pointer   |
|out_V_user_V_din     | out |   16|   ap_fifo  | out_V_user_V |    pointer   |
|out_V_user_V_full_n  |  in |    1|   ap_fifo  | out_V_user_V |    pointer   |
|out_V_user_V_write   | out |    1|   ap_fifo  | out_V_user_V |    pointer   |
|out_V_last_V_din     | out |    1|   ap_fifo  | out_V_last_V |    pointer   |
|out_V_last_V_full_n  |  in |    1|   ap_fifo  | out_V_last_V |    pointer   |
|out_V_last_V_write   | out |    1|   ap_fifo  | out_V_last_V |    pointer   |
+---------------------+-----+-----+------------+--------------+--------------+

