

================================================================
== Vivado HLS Report for 'layernorm_write'
================================================================
* Date:           Mon Feb 20 12:11:04 2023

* Version:        2018.3 (Build 2405991 on Thu Dec 06 23:56:15 MST 2018)
* Project:        layernorm_kern29
* Solution:       solution1
* Product family: zynquplus
* Target device:  xczu19eg-ffvc1760-2-i


================================================================
== Performance Estimates
================================================================
+ Timing (ns): 
    * Summary: 
    +--------+-------+----------+------------+
    |  Clock | Target| Estimated| Uncertainty|
    +--------+-------+----------+------------+
    |ap_clk  |   5.00|     3.676|        0.62|
    +--------+-------+----------+------------+

+ Latency (clock cycles): 
    * Summary: 
    +-----+-------+-----+-------+---------+
    |   Latency   |   Interval  | Pipeline|
    | min |  max  | min |  max  |   Type  |
    +-----+-------+-----+-------+---------+
    |   50|  24578|   50|  24578|   none  |
    +-----+-------+-----+-------+---------+

    + Detail: 
        * Instance: 
        N/A

        * Loop: 
        +----------+-----+-------+----------+-----------+-----------+------------+----------+
        |          |   Latency   | Iteration|  Initiation Interval  |    Trip    |          |
        | Loop Name| min |  max  |  Latency |  achieved |   target  |    Count   | Pipelined|
        +----------+-----+-------+----------+-----------+-----------+------------+----------+
        |- Loop 1  |   48|  24576|         2|          1|          1| 48 ~ 24576 |    yes   |
        +----------+-----+-------+----------+-----------+-----------+------------+----------+



================================================================
== Utilization Estimates
================================================================
* Summary: 
+-----------------+---------+-------+---------+--------+-----+
|       Name      | BRAM_18K| DSP48E|    FF   |   LUT  | URAM|
+-----------------+---------+-------+---------+--------+-----+
|DSP              |        -|      -|        -|       -|    -|
|Expression       |        -|      -|        0|     166|    -|
|FIFO             |        -|      -|        -|       -|    -|
|Instance         |        -|      -|        -|       -|    -|
|Memory           |        -|      -|        -|       -|    -|
|Multiplexer      |        -|      -|        -|     291|    -|
|Register         |        -|      -|       86|       -|    -|
+-----------------+---------+-------+---------+--------+-----+
|Total            |        0|      0|       86|     457|    0|
+-----------------+---------+-------+---------+--------+-----+
|Available        |     1968|   1968|  1045440|  522720|  128|
+-----------------+---------+-------+---------+--------+-----+
|Utilization (%)  |        0|      0|    ~0   |   ~0   |    0|
+-----------------+---------+-------+---------+--------+-----+

+ Detail: 
    * Instance: 
    N/A

    * DSP48: 
    N/A

    * Memory: 
    N/A

    * FIFO: 
    N/A

    * Expression: 
    +----------------------------------+----------+-------+---+----+------------+------------+
    |           Variable Name          | Operation| DSP48E| FF| LUT| Bitwidth P0| Bitwidth P1|
    +----------------------------------+----------+-------+---+----+------------+------------+
    |indvar_flatten_next_fu_553_p2     |     +    |      0|  0|  45|          38|           1|
    |j_fu_579_p2                       |     +    |      0|  0|  15|           6|           1|
    |bound_fu_542_p2                   |     -    |      0|  0|  45|          38|          38|
    |ap_block_pp0_stage0_01001         |    and   |      0|  0|   2|           1|           1|
    |out_V_id_V1_status                |    and   |      0|  0|   2|           1|           1|
    |exitcond_flatten_fu_548_p2        |   icmp   |      0|  0|  21|          38|          38|
    |out_data_last_V_fu_573_p2         |   icmp   |      0|  0|  11|           6|           6|
    |tmp_1_i3_fu_559_p2                |   icmp   |      0|  0|  11|           6|           6|
    |ap_block_state1                   |    or    |      0|  0|   2|           1|           1|
    |ap_block_state3_pp0_stage0_iter1  |    or    |      0|  0|   2|           1|           1|
    |j_i_mid2_fu_565_p3                |  select  |      0|  0|   6|           1|           1|
    |ap_enable_pp0                     |    xor   |      0|  0|   2|           1|           2|
    |ap_enable_reg_pp0_iter1           |    xor   |      0|  0|   2|           2|           1|
    +----------------------------------+----------+-------+---+----+------------+------------+
    |Total                             |          |      0|  0| 166|         140|          98|
    +----------------------------------+----------+-------+---+----+------------+------------+

    * Multiplexer: 
    +-------------------------+----+-----------+-----+-----------+
    |           Name          | LUT| Input Size| Bits| Total Bits|
    +-------------------------+----+-----------+-----+-----------+
    |ap_NS_fsm                |  21|          4|    1|          4|
    |ap_done                  |   9|          2|    1|          2|
    |ap_enable_reg_pp0_iter1  |  15|          3|    1|          3|
    |in_write_V_V_0_blk_n     |   9|          2|    1|          2|
    |in_write_V_V_10_blk_n    |   9|          2|    1|          2|
    |in_write_V_V_11_blk_n    |   9|          2|    1|          2|
    |in_write_V_V_12_blk_n    |   9|          2|    1|          2|
    |in_write_V_V_13_blk_n    |   9|          2|    1|          2|
    |in_write_V_V_14_blk_n    |   9|          2|    1|          2|
    |in_write_V_V_15_blk_n    |   9|          2|    1|          2|
    |in_write_V_V_1_blk_n     |   9|          2|    1|          2|
    |in_write_V_V_2_blk_n     |   9|          2|    1|          2|
    |in_write_V_V_3_blk_n     |   9|          2|    1|          2|
    |in_write_V_V_4_blk_n     |   9|          2|    1|          2|
    |in_write_V_V_5_blk_n     |   9|          2|    1|          2|
    |in_write_V_V_6_blk_n     |   9|          2|    1|          2|
    |in_write_V_V_7_blk_n     |   9|          2|    1|          2|
    |in_write_V_V_8_blk_n     |   9|          2|    1|          2|
    |in_write_V_V_9_blk_n     |   9|          2|    1|          2|
    |indvar_flatten_reg_495   |   9|          2|   38|         76|
    |j_i_reg_506              |   9|          2|    6|         12|
    |n_pipe4_V_V_blk_n        |   9|          2|    1|          2|
    |out_V_data_V_blk_n       |   9|          2|    1|          2|
    |out_V_data_V_din         |  15|          3|  512|       1536|
    |out_V_dest_V_blk_n       |   9|          2|    1|          2|
    |out_V_id_V_blk_n         |   9|          2|    1|          2|
    |out_V_last_V_blk_n       |   9|          2|    1|          2|
    |out_V_last_V_din         |  15|          3|    1|          3|
    |out_V_user_V_blk_n       |   9|          2|    1|          2|
    +-------------------------+----+-----------+-----+-----------+
    |Total                    | 291|         63|  582|       1680|
    +-------------------------+----+-----------+-----+-----------+

    * Register: 
    +--------------------------+----+----+-----+-----------+
    |           Name           | FF | LUT| Bits| Const Bits|
    +--------------------------+----+----+-----+-----------+
    |ap_CS_fsm                 |   3|   0|    3|          0|
    |ap_done_reg               |   1|   0|    1|          0|
    |ap_enable_reg_pp0_iter0   |   1|   0|    1|          0|
    |ap_enable_reg_pp0_iter1   |   1|   0|    1|          0|
    |bound_reg_622             |  34|   0|   38|          4|
    |exitcond_flatten_reg_627  |   1|   0|    1|          0|
    |indvar_flatten_reg_495    |  38|   0|   38|          0|
    |j_i_reg_506               |   6|   0|    6|          0|
    |out_data_last_V_reg_636   |   1|   0|    1|          0|
    +--------------------------+----+----+-----+-----------+
    |Total                     |  86|   0|   90|          4|
    +--------------------------+----+----+-----+-----------+



================================================================
== Interface
================================================================
* Summary: 
+-------------------------+-----+-----+------------+-----------------+--------------+
|        RTL Ports        | Dir | Bits|  Protocol  |  Source Object  |    C Type    |
+-------------------------+-----+-----+------------+-----------------+--------------+
|ap_clk                   |  in |    1| ap_ctrl_hs | layernorm_write | return value |
|ap_rst                   |  in |    1| ap_ctrl_hs | layernorm_write | return value |
|ap_start                 |  in |    1| ap_ctrl_hs | layernorm_write | return value |
|ap_done                  | out |    1| ap_ctrl_hs | layernorm_write | return value |
|ap_continue              |  in |    1| ap_ctrl_hs | layernorm_write | return value |
|ap_idle                  | out |    1| ap_ctrl_hs | layernorm_write | return value |
|ap_ready                 | out |    1| ap_ctrl_hs | layernorm_write | return value |
|out_V_data_V_din         | out |  512|   ap_fifo  |   out_V_data_V  |    pointer   |
|out_V_data_V_full_n      |  in |    1|   ap_fifo  |   out_V_data_V  |    pointer   |
|out_V_data_V_write       | out |    1|   ap_fifo  |   out_V_data_V  |    pointer   |
|out_V_id_V_din           | out |    8|   ap_fifo  |    out_V_id_V   |    pointer   |
|out_V_id_V_full_n        |  in |    1|   ap_fifo  |    out_V_id_V   |    pointer   |
|out_V_id_V_write         | out |    1|   ap_fifo  |    out_V_id_V   |    pointer   |
|out_V_dest_V_din         | out |    8|   ap_fifo  |   out_V_dest_V  |    pointer   |
|out_V_dest_V_full_n      |  in |    1|   ap_fifo  |   out_V_dest_V  |    pointer   |
|out_V_dest_V_write       | out |    1|   ap_fifo  |   out_V_dest_V  |    pointer   |
|out_V_user_V_din         | out |   16|   ap_fifo  |   out_V_user_V  |    pointer   |
|out_V_user_V_full_n      |  in |    1|   ap_fifo  |   out_V_user_V  |    pointer   |
|out_V_user_V_write       | out |    1|   ap_fifo  |   out_V_user_V  |    pointer   |
|out_V_last_V_din         | out |    1|   ap_fifo  |   out_V_last_V  |    pointer   |
|out_V_last_V_full_n      |  in |    1|   ap_fifo  |   out_V_last_V  |    pointer   |
|out_V_last_V_write       | out |    1|   ap_fifo  |   out_V_last_V  |    pointer   |
|n_pipe4_V_V_dout         |  in |   32|   ap_fifo  |   n_pipe4_V_V   |    pointer   |
|n_pipe4_V_V_empty_n      |  in |    1|   ap_fifo  |   n_pipe4_V_V   |    pointer   |
|n_pipe4_V_V_read         | out |    1|   ap_fifo  |   n_pipe4_V_V   |    pointer   |
|in_write_V_V_0_dout      |  in |   32|   ap_fifo  |  in_write_V_V_0 |    pointer   |
|in_write_V_V_0_empty_n   |  in |    1|   ap_fifo  |  in_write_V_V_0 |    pointer   |
|in_write_V_V_0_read      | out |    1|   ap_fifo  |  in_write_V_V_0 |    pointer   |
|in_write_V_V_1_dout      |  in |   32|   ap_fifo  |  in_write_V_V_1 |    pointer   |
|in_write_V_V_1_empty_n   |  in |    1|   ap_fifo  |  in_write_V_V_1 |    pointer   |
|in_write_V_V_1_read      | out |    1|   ap_fifo  |  in_write_V_V_1 |    pointer   |
|in_write_V_V_2_dout      |  in |   32|   ap_fifo  |  in_write_V_V_2 |    pointer   |
|in_write_V_V_2_empty_n   |  in |    1|   ap_fifo  |  in_write_V_V_2 |    pointer   |
|in_write_V_V_2_read      | out |    1|   ap_fifo  |  in_write_V_V_2 |    pointer   |
|in_write_V_V_3_dout      |  in |   32|   ap_fifo  |  in_write_V_V_3 |    pointer   |
|in_write_V_V_3_empty_n   |  in |    1|   ap_fifo  |  in_write_V_V_3 |    pointer   |
|in_write_V_V_3_read      | out |    1|   ap_fifo  |  in_write_V_V_3 |    pointer   |
|in_write_V_V_4_dout      |  in |   32|   ap_fifo  |  in_write_V_V_4 |    pointer   |
|in_write_V_V_4_empty_n   |  in |    1|   ap_fifo  |  in_write_V_V_4 |    pointer   |
|in_write_V_V_4_read      | out |    1|   ap_fifo  |  in_write_V_V_4 |    pointer   |
|in_write_V_V_5_dout      |  in |   32|   ap_fifo  |  in_write_V_V_5 |    pointer   |
|in_write_V_V_5_empty_n   |  in |    1|   ap_fifo  |  in_write_V_V_5 |    pointer   |
|in_write_V_V_5_read      | out |    1|   ap_fifo  |  in_write_V_V_5 |    pointer   |
|in_write_V_V_6_dout      |  in |   32|   ap_fifo  |  in_write_V_V_6 |    pointer   |
|in_write_V_V_6_empty_n   |  in |    1|   ap_fifo  |  in_write_V_V_6 |    pointer   |
|in_write_V_V_6_read      | out |    1|   ap_fifo  |  in_write_V_V_6 |    pointer   |
|in_write_V_V_7_dout      |  in |   32|   ap_fifo  |  in_write_V_V_7 |    pointer   |
|in_write_V_V_7_empty_n   |  in |    1|   ap_fifo  |  in_write_V_V_7 |    pointer   |
|in_write_V_V_7_read      | out |    1|   ap_fifo  |  in_write_V_V_7 |    pointer   |
|in_write_V_V_8_dout      |  in |   32|   ap_fifo  |  in_write_V_V_8 |    pointer   |
|in_write_V_V_8_empty_n   |  in |    1|   ap_fifo  |  in_write_V_V_8 |    pointer   |
|in_write_V_V_8_read      | out |    1|   ap_fifo  |  in_write_V_V_8 |    pointer   |
|in_write_V_V_9_dout      |  in |   32|   ap_fifo  |  in_write_V_V_9 |    pointer   |
|in_write_V_V_9_empty_n   |  in |    1|   ap_fifo  |  in_write_V_V_9 |    pointer   |
|in_write_V_V_9_read      | out |    1|   ap_fifo  |  in_write_V_V_9 |    pointer   |
|in_write_V_V_10_dout     |  in |   32|   ap_fifo  | in_write_V_V_10 |    pointer   |
|in_write_V_V_10_empty_n  |  in |    1|   ap_fifo  | in_write_V_V_10 |    pointer   |
|in_write_V_V_10_read     | out |    1|   ap_fifo  | in_write_V_V_10 |    pointer   |
|in_write_V_V_11_dout     |  in |   32|   ap_fifo  | in_write_V_V_11 |    pointer   |
|in_write_V_V_11_empty_n  |  in |    1|   ap_fifo  | in_write_V_V_11 |    pointer   |
|in_write_V_V_11_read     | out |    1|   ap_fifo  | in_write_V_V_11 |    pointer   |
|in_write_V_V_12_dout     |  in |   32|   ap_fifo  | in_write_V_V_12 |    pointer   |
|in_write_V_V_12_empty_n  |  in |    1|   ap_fifo  | in_write_V_V_12 |    pointer   |
|in_write_V_V_12_read     | out |    1|   ap_fifo  | in_write_V_V_12 |    pointer   |
|in_write_V_V_13_dout     |  in |   32|   ap_fifo  | in_write_V_V_13 |    pointer   |
|in_write_V_V_13_empty_n  |  in |    1|   ap_fifo  | in_write_V_V_13 |    pointer   |
|in_write_V_V_13_read     | out |    1|   ap_fifo  | in_write_V_V_13 |    pointer   |
|in_write_V_V_14_dout     |  in |   32|   ap_fifo  | in_write_V_V_14 |    pointer   |
|in_write_V_V_14_empty_n  |  in |    1|   ap_fifo  | in_write_V_V_14 |    pointer   |
|in_write_V_V_14_read     | out |    1|   ap_fifo  | in_write_V_V_14 |    pointer   |
|in_write_V_V_15_dout     |  in |   32|   ap_fifo  | in_write_V_V_15 |    pointer   |
|in_write_V_V_15_empty_n  |  in |    1|   ap_fifo  | in_write_V_V_15 |    pointer   |
|in_write_V_V_15_read     | out |    1|   ap_fifo  | in_write_V_V_15 |    pointer   |
+-------------------------+-----+-----+------------+-----------------+--------------+

