

================================================================
== Vivado HLS Report for 'softmax'
================================================================
* Date:           Wed Dec 28 18:55:54 2022

* Version:        2018.3 (Build 2405991 on Thu Dec 06 23:56:15 MST 2018)
* Project:        softmax
* Solution:       solution1
* Product family: zynquplus
* Target device:  xczu19eg-ffvc1760-2-i


================================================================
== Performance Estimates
================================================================
+ Timing (ns): 
    * Summary: 
    +--------+-------+----------+------------+
    |  Clock | Target| Estimated| Uncertainty|
    +--------+-------+----------+------------+
    |ap_clk  |   5.00|     4.320|        0.62|
    +--------+-------+----------+------------+

+ Latency (clock cycles): 
    * Summary: 
    +-----+-----+-----+-----+----------+
    |  Latency  |  Interval | Pipeline |
    | min | max | min | max |   Type   |
    +-----+-----+-----+-----+----------+
    |    ?|    ?|    ?|    ?| dataflow |
    +-----+-----+-----+-----+----------+

    + Detail: 
        * Instance: 
        +-----------------------+--------------------+-----+---------+-----+---------+---------+
        |                       |                    |    Latency    |    Interval   | Pipeline|
        |        Instance       |       Module       | min |   max   | min |   max   |   Type  |
        +-----------------------+--------------------+-----+---------+-----+---------+---------+
        |process_1_U0           |process_1           |   11|    16394|   11|    16394|   none  |
        |QuantAct_1_channel_U0  |QuantAct_1_channel  |    9|    16392|    9|    16392|   none  |
        |divide_U0              |divide              |   20|    16403|   20|    16403|   none  |
        |write_U0               |write_r             |    3|  2096644|    3|  2096644|   none  |
        |subtract_max_U0        |subtract_max        |    ?|        ?|    ?|        ?|   none  |
        |read_data_U0           |read_data           |    3|    16386|    3|    16386|   none  |
        +-----------------------+--------------------+-----+---------+-----+---------+---------+

        * Loop: 
        N/A



================================================================
== Utilization Estimates
================================================================
* Summary: 
+-----------------+---------+-------+---------+--------+-----+
|       Name      | BRAM_18K| DSP48E|    FF   |   LUT  | URAM|
+-----------------+---------+-------+---------+--------+-----+
|DSP              |        -|      -|        -|       -|    -|
|Expression       |        -|      -|        0|       2|    -|
|FIFO             |      130|      -|     2423|    2863|    -|
|Instance         |        2|    370|    23604|   29934|    -|
|Memory           |        -|      -|        -|       -|    -|
|Multiplexer      |        -|      -|        -|       -|    -|
|Register         |        -|      -|        -|       -|    -|
+-----------------+---------+-------+---------+--------+-----+
|Total            |      132|    370|    26027|   32799|    0|
+-----------------+---------+-------+---------+--------+-----+
|Available        |     1968|   1968|  1045440|  522720|  128|
+-----------------+---------+-------+---------+--------+-----+
|Utilization (%)  |        6|     18|        2|       6|    0|
+-----------------+---------+-------+---------+--------+-----+

+ Detail: 
    * Instance: 
    +-----------------------+--------------------+---------+-------+------+-------+
    |        Instance       |       Module       | BRAM_18K| DSP48E|  FF  |  LUT  |
    +-----------------------+--------------------+---------+-------+------+-------+
    |QuantAct_1_channel_U0  |QuantAct_1_channel  |        0|    116|  8400|   6131|
    |divide_U0              |divide              |        2|     97|  2416|   5868|
    |process_1_U0           |process_1           |        0|    148|  8384|  12674|
    |read_data_U0           |read_data           |        0|      4|  1853|   1380|
    |subtract_max_U0        |subtract_max        |        0|      4|   780|   1923|
    |write_U0               |write_r             |        0|      1|  1771|   1958|
    +-----------------------+--------------------+---------+-------+------+-------+
    |Total                  |                    |        2|    370| 23604|  29934|
    +-----------------------+--------------------+---------+-------+------+-------+

    * DSP48: 
    N/A

    * Memory: 
    N/A

    * FIFO: 
    +------------------------+---------+------+------+------+------+---------+
    |          Name          | BRAM_18K|  FF  |  LUT | Depth| Bits | Size:D*B|
    +------------------------+---------+------+------+------+------+---------+
    |in_proc_1_V_V_U         |       29|   522|   510|     2|   512|     1024|
    |in_proc_1_iter_c_V_V_U  |        0|     5|    44|     2|    32|       64|
    |in_proc_1_iter_r_V_V_U  |        0|     5|    44|     2|    32|       64|
    |in_proc_2_V_V_U         |       15|   273|   214|    32|   256|     8192|
    |in_proc_2_iter_c_V_V_U  |        0|     5|    44|     2|    32|       64|
    |in_proc_2_iter_r_V_V_U  |        0|     5|    44|     2|    32|       64|
    |in_quant_V_V_U          |       57|  1034|  1006|     2|  1024|     2048|
    |in_quant_iter_c_V_V_U   |        0|     5|    44|     2|    32|       64|
    |in_quant_iter_r_V_V_U   |        0|     5|    44|     2|    32|       64|
    |in_sub_max_V_V_U        |       29|   529|   401|    32|   512|    16384|
    |in_sub_max_c_V_V_U      |        0|     5|    44|     2|    32|       64|
    |in_sub_max_r_V_V_U      |        0|     5|    44|     2|    32|       64|
    |in_write_V_V_U          |        0|     5|   140|     2|   128|      256|
    |in_write_iter_c_V_V_U   |        0|     5|    44|     2|    32|       64|
    |in_write_n_V_V_U        |        0|     5|   108|     2|    96|      192|
    |max_input_V_V_U         |        0|     5|    44|     2|    32|       64|
    |sum_V_V_U               |        0|     5|    44|     2|    32|       64|
    +------------------------+---------+------+------+------+------+---------+
    |Total                   |      130|  2423|  2863|    94|  2880|    28800|
    +------------------------+---------+------+------+------+------+---------+

    * Expression: 
    +---------------------------+----------+-------+---+----+------------+------------+
    |       Variable Name       | Operation| DSP48E| FF| LUT| Bitwidth P0| Bitwidth P1|
    +---------------------------+----------+-------+---+----+------------+------------+
    |read_data_U0_start_full_n  |    and   |      0|  0|   2|           1|           1|
    +---------------------------+----------+-------+---+----+------------+------------+
    |Total                      |          |      0|  0|   2|           1|           1|
    +---------------------------+----------+-------+---+----+------------+------------+

    * Multiplexer: 
    N/A

    * Register: 
    N/A



================================================================
== Interface
================================================================
* Summary: 
+--------------+-----+-----+--------------+--------------+--------------+
|   RTL Ports  | Dir | Bits|   Protocol   | Source Object|    C Type    |
+--------------+-----+-----+--------------+--------------+--------------+
|in_r_TDATA    |  in |  512|     axis     |  in_V_data_V |    pointer   |
|in_r_TID      |  in |    8|     axis     |   in_V_id_V  |    pointer   |
|in_r_TDEST    |  in |    8|     axis     |  in_V_dest_V |    pointer   |
|in_r_TUSER    |  in |   16|     axis     |  in_V_user_V |    pointer   |
|in_r_TLAST    |  in |    1|     axis     |  in_V_last_V |    pointer   |
|in_r_TVALID   |  in |    1|     axis     |  in_V_last_V |    pointer   |
|in_r_TREADY   | out |    1|     axis     |  in_V_last_V |    pointer   |
|out_r_TDATA   | out |  512|     axis     | out_V_data_V |    pointer   |
|out_r_TID     | out |    8|     axis     |  out_V_id_V  |    pointer   |
|out_r_TDEST   | out |    8|     axis     | out_V_dest_V |    pointer   |
|out_r_TUSER   | out |   16|     axis     | out_V_user_V |    pointer   |
|out_r_TLAST   | out |    1|     axis     | out_V_last_V |    pointer   |
|out_r_TVALID  | out |    1|     axis     | out_V_last_V |    pointer   |
|out_r_TREADY  |  in |    1|     axis     | out_V_last_V |    pointer   |
|ap_clk        |  in |    1| ap_ctrl_none |    softmax   | return value |
|ap_rst_n      |  in |    1| ap_ctrl_none |    softmax   | return value |
+--------------+-----+-----+--------------+--------------+--------------+

