

================================================================
== Vivado HLS Report for 'AttentionMatmulReadA'
================================================================
* Date:           Fri Jan 13 09:12:39 2023

* Version:        2019.1 (Build 2552052 on Fri May 24 15:28:33 MDT 2019)
* Project:        hls_project
* Solution:       solution_1
* Product family: zynquplus
* Target device:  xczu19eg-ffvc1760-2-i


================================================================
== Performance Estimates
================================================================
+ Timing (ns): 
    * Summary: 
    +--------+-------+----------+------------+
    |  Clock | Target| Estimated| Uncertainty|
    +--------+-------+----------+------------+
    |ap_clk  |   5.00|     3.676|        0.62|
    +--------+-------+----------+------------+

+ Latency (clock cycles): 
    * Summary: 
    +-----+-----+-----+-----+---------+
    |  Latency  |  Interval | Pipeline|
    | min | max | min | max |   Type  |
    +-----+-----+-----+-----+---------+
    |    3|  130|    3|  130|   none  |
    +-----+-----+-----+-----+---------+

    + Detail: 
        * Instance: 
        N/A

        * Loop: 
        +----------+-----+-----+----------+-----------+-----------+---------+----------+
        |          |  Latency  | Iteration|  Initiation Interval  |   Trip  |          |
        | Loop Name| min | max |  Latency |  achieved |   target  |  Count  | Pipelined|
        +----------+-----+-----+----------+-----------+-----------+---------+----------+
        |- Loop 1  |    1|  128|         2|          1|          1| 1 ~ 128 |    yes   |
        +----------+-----+-----+----------+-----------+-----------+---------+----------+

============================================================
+ Verbose Summary: Synthesis Manager
============================================================
InlineROM: 1
ExposeGlobal: 0
============================================================
+ Verbose Summary: CDFG Model
============================================================
IsTopModel: 0
ResetActiveHigh: 1
IsCombinational: 2
IsDatapathOnly: 0
HasWiredReturn: 1
HasMFsm: 0
HasVarLatency: 1
IsPipeline: 0
IsRtlPipelined: 0
IsInstanceOverlapped: 0
IsDontTouch: 0
HasImplIP: 0
IsGatedGlobalClock: 0

+ Individual pipeline summary: 
  * Pipeline-0: initiation interval (II) = 1, depth = 2


============================================================
+ Verbose Summary: Schedule
============================================================
* Number of FSM states : 4
* Pipeline : 1
  Pipeline-0 : II = 1, D = 2, States = { 2 3 }
* Dataflow Pipeline: 0

* FSM state transitions: 
1 --> 2 
2 --> 4 3 
3 --> 2 
4 --> 

* FSM state operations: 

State 1 <SV = 0> <Delay = 3.67>
ST_1 : Operation 5 [1/1] (0.00ns)   --->   "call void (...)* @_ssdm_op_SpecInterface(i8* %out_63_V_V, [8 x i8]* @ap_fifo_str, i32 0, i32 0, [1 x i8]* @p_str890, i32 0, i32 0, [1 x i8]* @p_str891, [1 x i8]* @p_str892, [1 x i8]* @p_str893, i32 2, i32 2, i32 16, i32 16, [1 x i8]* @p_str894, [1 x i8]* @p_str895)"   --->   Operation 5 'specinterface' <Predicate = true> <Delay = 0.00>
ST_1 : Operation 6 [1/1] (0.00ns)   --->   "call void (...)* @_ssdm_op_SpecInterface(i8* %out_62_V_V, [8 x i8]* @ap_fifo_str, i32 0, i32 0, [1 x i8]* @p_str883, i32 0, i32 0, [1 x i8]* @p_str884, [1 x i8]* @p_str885, [1 x i8]* @p_str886, i32 2, i32 2, i32 16, i32 16, [1 x i8]* @p_str887, [1 x i8]* @p_str888)"   --->   Operation 6 'specinterface' <Predicate = true> <Delay = 0.00>
ST_1 : Operation 7 [1/1] (0.00ns)   --->   "call void (...)* @_ssdm_op_SpecInterface(i8* %out_61_V_V, [8 x i8]* @ap_fifo_str, i32 0, i32 0, [1 x i8]* @p_str876, i32 0, i32 0, [1 x i8]* @p_str877, [1 x i8]* @p_str878, [1 x i8]* @p_str879, i32 2, i32 2, i32 16, i32 16, [1 x i8]* @p_str880, [1 x i8]* @p_str881)"   --->   Operation 7 'specinterface' <Predicate = true> <Delay = 0.00>
ST_1 : Operation 8 [1/1] (0.00ns)   --->   "call void (...)* @_ssdm_op_SpecInterface(i8* %out_60_V_V, [8 x i8]* @ap_fifo_str, i32 0, i32 0, [1 x i8]* @p_str869, i32 0, i32 0, [1 x i8]* @p_str870, [1 x i8]* @p_str871, [1 x i8]* @p_str872, i32 2, i32 2, i32 16, i32 16, [1 x i8]* @p_str873, [1 x i8]* @p_str874)"   --->   Operation 8 'specinterface' <Predicate = true> <Delay = 0.00>
ST_1 : Operation 9 [1/1] (0.00ns)   --->   "call void (...)* @_ssdm_op_SpecInterface(i8* %out_59_V_V, [8 x i8]* @ap_fifo_str, i32 0, i32 0, [1 x i8]* @p_str862, i32 0, i32 0, [1 x i8]* @p_str863, [1 x i8]* @p_str864, [1 x i8]* @p_str865, i32 2, i32 2, i32 16, i32 16, [1 x i8]* @p_str866, [1 x i8]* @p_str867)"   --->   Operation 9 'specinterface' <Predicate = true> <Delay = 0.00>
ST_1 : Operation 10 [1/1] (0.00ns)   --->   "call void (...)* @_ssdm_op_SpecInterface(i8* %out_58_V_V, [8 x i8]* @ap_fifo_str, i32 0, i32 0, [1 x i8]* @p_str855, i32 0, i32 0, [1 x i8]* @p_str856, [1 x i8]* @p_str857, [1 x i8]* @p_str858, i32 2, i32 2, i32 16, i32 16, [1 x i8]* @p_str859, [1 x i8]* @p_str860)"   --->   Operation 10 'specinterface' <Predicate = true> <Delay = 0.00>
ST_1 : Operation 11 [1/1] (0.00ns)   --->   "call void (...)* @_ssdm_op_SpecInterface(i8* %out_57_V_V, [8 x i8]* @ap_fifo_str, i32 0, i32 0, [1 x i8]* @p_str848, i32 0, i32 0, [1 x i8]* @p_str849, [1 x i8]* @p_str850, [1 x i8]* @p_str851, i32 2, i32 2, i32 16, i32 16, [1 x i8]* @p_str852, [1 x i8]* @p_str853)"   --->   Operation 11 'specinterface' <Predicate = true> <Delay = 0.00>
ST_1 : Operation 12 [1/1] (0.00ns)   --->   "call void (...)* @_ssdm_op_SpecInterface(i8* %out_56_V_V, [8 x i8]* @ap_fifo_str, i32 0, i32 0, [1 x i8]* @p_str841, i32 0, i32 0, [1 x i8]* @p_str842, [1 x i8]* @p_str843, [1 x i8]* @p_str844, i32 2, i32 2, i32 16, i32 16, [1 x i8]* @p_str845, [1 x i8]* @p_str846)"   --->   Operation 12 'specinterface' <Predicate = true> <Delay = 0.00>
ST_1 : Operation 13 [1/1] (0.00ns)   --->   "call void (...)* @_ssdm_op_SpecInterface(i8* %out_55_V_V, [8 x i8]* @ap_fifo_str, i32 0, i32 0, [1 x i8]* @p_str834, i32 0, i32 0, [1 x i8]* @p_str835, [1 x i8]* @p_str836, [1 x i8]* @p_str837, i32 2, i32 2, i32 16, i32 16, [1 x i8]* @p_str838, [1 x i8]* @p_str839)"   --->   Operation 13 'specinterface' <Predicate = true> <Delay = 0.00>
ST_1 : Operation 14 [1/1] (0.00ns)   --->   "call void (...)* @_ssdm_op_SpecInterface(i8* %out_54_V_V, [8 x i8]* @ap_fifo_str, i32 0, i32 0, [1 x i8]* @p_str827, i32 0, i32 0, [1 x i8]* @p_str828, [1 x i8]* @p_str829, [1 x i8]* @p_str830, i32 2, i32 2, i32 16, i32 16, [1 x i8]* @p_str831, [1 x i8]* @p_str832)"   --->   Operation 14 'specinterface' <Predicate = true> <Delay = 0.00>
ST_1 : Operation 15 [1/1] (0.00ns)   --->   "call void (...)* @_ssdm_op_SpecInterface(i8* %out_53_V_V, [8 x i8]* @ap_fifo_str, i32 0, i32 0, [1 x i8]* @p_str820, i32 0, i32 0, [1 x i8]* @p_str821, [1 x i8]* @p_str822, [1 x i8]* @p_str823, i32 2, i32 2, i32 16, i32 16, [1 x i8]* @p_str824, [1 x i8]* @p_str825)"   --->   Operation 15 'specinterface' <Predicate = true> <Delay = 0.00>
ST_1 : Operation 16 [1/1] (0.00ns)   --->   "call void (...)* @_ssdm_op_SpecInterface(i8* %out_52_V_V, [8 x i8]* @ap_fifo_str, i32 0, i32 0, [1 x i8]* @p_str813, i32 0, i32 0, [1 x i8]* @p_str814, [1 x i8]* @p_str815, [1 x i8]* @p_str816, i32 2, i32 2, i32 16, i32 16, [1 x i8]* @p_str817, [1 x i8]* @p_str818)"   --->   Operation 16 'specinterface' <Predicate = true> <Delay = 0.00>
ST_1 : Operation 17 [1/1] (0.00ns)   --->   "call void (...)* @_ssdm_op_SpecInterface(i8* %out_51_V_V, [8 x i8]* @ap_fifo_str, i32 0, i32 0, [1 x i8]* @p_str806, i32 0, i32 0, [1 x i8]* @p_str807, [1 x i8]* @p_str808, [1 x i8]* @p_str809, i32 2, i32 2, i32 16, i32 16, [1 x i8]* @p_str810, [1 x i8]* @p_str811)"   --->   Operation 17 'specinterface' <Predicate = true> <Delay = 0.00>
ST_1 : Operation 18 [1/1] (0.00ns)   --->   "call void (...)* @_ssdm_op_SpecInterface(i8* %out_50_V_V, [8 x i8]* @ap_fifo_str, i32 0, i32 0, [1 x i8]* @p_str799, i32 0, i32 0, [1 x i8]* @p_str800, [1 x i8]* @p_str801, [1 x i8]* @p_str802, i32 2, i32 2, i32 16, i32 16, [1 x i8]* @p_str803, [1 x i8]* @p_str804)"   --->   Operation 18 'specinterface' <Predicate = true> <Delay = 0.00>
ST_1 : Operation 19 [1/1] (0.00ns)   --->   "call void (...)* @_ssdm_op_SpecInterface(i8* %out_49_V_V, [8 x i8]* @ap_fifo_str, i32 0, i32 0, [1 x i8]* @p_str792, i32 0, i32 0, [1 x i8]* @p_str793, [1 x i8]* @p_str794, [1 x i8]* @p_str795, i32 2, i32 2, i32 16, i32 16, [1 x i8]* @p_str796, [1 x i8]* @p_str797)"   --->   Operation 19 'specinterface' <Predicate = true> <Delay = 0.00>
ST_1 : Operation 20 [1/1] (0.00ns)   --->   "call void (...)* @_ssdm_op_SpecInterface(i8* %out_48_V_V, [8 x i8]* @ap_fifo_str, i32 0, i32 0, [1 x i8]* @p_str785, i32 0, i32 0, [1 x i8]* @p_str786, [1 x i8]* @p_str787, [1 x i8]* @p_str788, i32 2, i32 2, i32 16, i32 16, [1 x i8]* @p_str789, [1 x i8]* @p_str790)"   --->   Operation 20 'specinterface' <Predicate = true> <Delay = 0.00>
ST_1 : Operation 21 [1/1] (0.00ns)   --->   "call void (...)* @_ssdm_op_SpecInterface(i8* %out_47_V_V, [8 x i8]* @ap_fifo_str, i32 0, i32 0, [1 x i8]* @p_str778, i32 0, i32 0, [1 x i8]* @p_str779, [1 x i8]* @p_str780, [1 x i8]* @p_str781, i32 2, i32 2, i32 16, i32 16, [1 x i8]* @p_str782, [1 x i8]* @p_str783)"   --->   Operation 21 'specinterface' <Predicate = true> <Delay = 0.00>
ST_1 : Operation 22 [1/1] (0.00ns)   --->   "call void (...)* @_ssdm_op_SpecInterface(i8* %out_46_V_V, [8 x i8]* @ap_fifo_str, i32 0, i32 0, [1 x i8]* @p_str771, i32 0, i32 0, [1 x i8]* @p_str772, [1 x i8]* @p_str773, [1 x i8]* @p_str774, i32 2, i32 2, i32 16, i32 16, [1 x i8]* @p_str775, [1 x i8]* @p_str776)"   --->   Operation 22 'specinterface' <Predicate = true> <Delay = 0.00>
ST_1 : Operation 23 [1/1] (0.00ns)   --->   "call void (...)* @_ssdm_op_SpecInterface(i8* %out_45_V_V, [8 x i8]* @ap_fifo_str, i32 0, i32 0, [1 x i8]* @p_str764, i32 0, i32 0, [1 x i8]* @p_str765, [1 x i8]* @p_str766, [1 x i8]* @p_str767, i32 2, i32 2, i32 16, i32 16, [1 x i8]* @p_str768, [1 x i8]* @p_str769)"   --->   Operation 23 'specinterface' <Predicate = true> <Delay = 0.00>
ST_1 : Operation 24 [1/1] (0.00ns)   --->   "call void (...)* @_ssdm_op_SpecInterface(i8* %out_44_V_V, [8 x i8]* @ap_fifo_str, i32 0, i32 0, [1 x i8]* @p_str757, i32 0, i32 0, [1 x i8]* @p_str758, [1 x i8]* @p_str759, [1 x i8]* @p_str760, i32 2, i32 2, i32 16, i32 16, [1 x i8]* @p_str761, [1 x i8]* @p_str762)"   --->   Operation 24 'specinterface' <Predicate = true> <Delay = 0.00>
ST_1 : Operation 25 [1/1] (0.00ns)   --->   "call void (...)* @_ssdm_op_SpecInterface(i8* %out_43_V_V, [8 x i8]* @ap_fifo_str, i32 0, i32 0, [1 x i8]* @p_str750, i32 0, i32 0, [1 x i8]* @p_str751, [1 x i8]* @p_str752, [1 x i8]* @p_str753, i32 2, i32 2, i32 16, i32 16, [1 x i8]* @p_str754, [1 x i8]* @p_str755)"   --->   Operation 25 'specinterface' <Predicate = true> <Delay = 0.00>
ST_1 : Operation 26 [1/1] (0.00ns)   --->   "call void (...)* @_ssdm_op_SpecInterface(i8* %out_42_V_V, [8 x i8]* @ap_fifo_str, i32 0, i32 0, [1 x i8]* @p_str743, i32 0, i32 0, [1 x i8]* @p_str744, [1 x i8]* @p_str745, [1 x i8]* @p_str746, i32 2, i32 2, i32 16, i32 16, [1 x i8]* @p_str747, [1 x i8]* @p_str748)"   --->   Operation 26 'specinterface' <Predicate = true> <Delay = 0.00>
ST_1 : Operation 27 [1/1] (0.00ns)   --->   "call void (...)* @_ssdm_op_SpecInterface(i8* %out_41_V_V, [8 x i8]* @ap_fifo_str, i32 0, i32 0, [1 x i8]* @p_str736, i32 0, i32 0, [1 x i8]* @p_str737, [1 x i8]* @p_str738, [1 x i8]* @p_str739, i32 2, i32 2, i32 16, i32 16, [1 x i8]* @p_str740, [1 x i8]* @p_str741)"   --->   Operation 27 'specinterface' <Predicate = true> <Delay = 0.00>
ST_1 : Operation 28 [1/1] (0.00ns)   --->   "call void (...)* @_ssdm_op_SpecInterface(i8* %out_40_V_V, [8 x i8]* @ap_fifo_str, i32 0, i32 0, [1 x i8]* @p_str729, i32 0, i32 0, [1 x i8]* @p_str730, [1 x i8]* @p_str731, [1 x i8]* @p_str732, i32 2, i32 2, i32 16, i32 16, [1 x i8]* @p_str733, [1 x i8]* @p_str734)"   --->   Operation 28 'specinterface' <Predicate = true> <Delay = 0.00>
ST_1 : Operation 29 [1/1] (0.00ns)   --->   "call void (...)* @_ssdm_op_SpecInterface(i8* %out_39_V_V, [8 x i8]* @ap_fifo_str, i32 0, i32 0, [1 x i8]* @p_str722, i32 0, i32 0, [1 x i8]* @p_str723, [1 x i8]* @p_str724, [1 x i8]* @p_str725, i32 2, i32 2, i32 16, i32 16, [1 x i8]* @p_str726, [1 x i8]* @p_str727)"   --->   Operation 29 'specinterface' <Predicate = true> <Delay = 0.00>
ST_1 : Operation 30 [1/1] (0.00ns)   --->   "call void (...)* @_ssdm_op_SpecInterface(i8* %out_38_V_V, [8 x i8]* @ap_fifo_str, i32 0, i32 0, [1 x i8]* @p_str715, i32 0, i32 0, [1 x i8]* @p_str716, [1 x i8]* @p_str717, [1 x i8]* @p_str718, i32 2, i32 2, i32 16, i32 16, [1 x i8]* @p_str719, [1 x i8]* @p_str720)"   --->   Operation 30 'specinterface' <Predicate = true> <Delay = 0.00>
ST_1 : Operation 31 [1/1] (0.00ns)   --->   "call void (...)* @_ssdm_op_SpecInterface(i8* %out_37_V_V, [8 x i8]* @ap_fifo_str, i32 0, i32 0, [1 x i8]* @p_str708, i32 0, i32 0, [1 x i8]* @p_str709, [1 x i8]* @p_str710, [1 x i8]* @p_str711, i32 2, i32 2, i32 16, i32 16, [1 x i8]* @p_str712, [1 x i8]* @p_str713)"   --->   Operation 31 'specinterface' <Predicate = true> <Delay = 0.00>
ST_1 : Operation 32 [1/1] (0.00ns)   --->   "call void (...)* @_ssdm_op_SpecInterface(i8* %out_36_V_V, [8 x i8]* @ap_fifo_str, i32 0, i32 0, [1 x i8]* @p_str701, i32 0, i32 0, [1 x i8]* @p_str702, [1 x i8]* @p_str703, [1 x i8]* @p_str704, i32 2, i32 2, i32 16, i32 16, [1 x i8]* @p_str705, [1 x i8]* @p_str706)"   --->   Operation 32 'specinterface' <Predicate = true> <Delay = 0.00>
ST_1 : Operation 33 [1/1] (0.00ns)   --->   "call void (...)* @_ssdm_op_SpecInterface(i8* %out_35_V_V, [8 x i8]* @ap_fifo_str, i32 0, i32 0, [1 x i8]* @p_str694, i32 0, i32 0, [1 x i8]* @p_str695, [1 x i8]* @p_str696, [1 x i8]* @p_str697, i32 2, i32 2, i32 16, i32 16, [1 x i8]* @p_str698, [1 x i8]* @p_str699)"   --->   Operation 33 'specinterface' <Predicate = true> <Delay = 0.00>
ST_1 : Operation 34 [1/1] (0.00ns)   --->   "call void (...)* @_ssdm_op_SpecInterface(i8* %out_34_V_V, [8 x i8]* @ap_fifo_str, i32 0, i32 0, [1 x i8]* @p_str687, i32 0, i32 0, [1 x i8]* @p_str688, [1 x i8]* @p_str689, [1 x i8]* @p_str690, i32 2, i32 2, i32 16, i32 16, [1 x i8]* @p_str691, [1 x i8]* @p_str692)"   --->   Operation 34 'specinterface' <Predicate = true> <Delay = 0.00>
ST_1 : Operation 35 [1/1] (0.00ns)   --->   "call void (...)* @_ssdm_op_SpecInterface(i8* %out_33_V_V, [8 x i8]* @ap_fifo_str, i32 0, i32 0, [1 x i8]* @p_str680, i32 0, i32 0, [1 x i8]* @p_str681, [1 x i8]* @p_str682, [1 x i8]* @p_str683, i32 2, i32 2, i32 16, i32 16, [1 x i8]* @p_str684, [1 x i8]* @p_str685)"   --->   Operation 35 'specinterface' <Predicate = true> <Delay = 0.00>
ST_1 : Operation 36 [1/1] (0.00ns)   --->   "call void (...)* @_ssdm_op_SpecInterface(i8* %out_32_V_V, [8 x i8]* @ap_fifo_str, i32 0, i32 0, [1 x i8]* @p_str673, i32 0, i32 0, [1 x i8]* @p_str674, [1 x i8]* @p_str675, [1 x i8]* @p_str676, i32 2, i32 2, i32 16, i32 16, [1 x i8]* @p_str677, [1 x i8]* @p_str678)"   --->   Operation 36 'specinterface' <Predicate = true> <Delay = 0.00>
ST_1 : Operation 37 [1/1] (0.00ns)   --->   "call void (...)* @_ssdm_op_SpecInterface(i8* %out_31_V_V, [8 x i8]* @ap_fifo_str, i32 0, i32 0, [1 x i8]* @p_str666, i32 0, i32 0, [1 x i8]* @p_str667, [1 x i8]* @p_str668, [1 x i8]* @p_str669, i32 2, i32 2, i32 16, i32 16, [1 x i8]* @p_str670, [1 x i8]* @p_str671)"   --->   Operation 37 'specinterface' <Predicate = true> <Delay = 0.00>
ST_1 : Operation 38 [1/1] (0.00ns)   --->   "call void (...)* @_ssdm_op_SpecInterface(i8* %out_30_V_V, [8 x i8]* @ap_fifo_str, i32 0, i32 0, [1 x i8]* @p_str659, i32 0, i32 0, [1 x i8]* @p_str660, [1 x i8]* @p_str661, [1 x i8]* @p_str662, i32 2, i32 2, i32 16, i32 16, [1 x i8]* @p_str663, [1 x i8]* @p_str664)"   --->   Operation 38 'specinterface' <Predicate = true> <Delay = 0.00>
ST_1 : Operation 39 [1/1] (0.00ns)   --->   "call void (...)* @_ssdm_op_SpecInterface(i8* %out_29_V_V, [8 x i8]* @ap_fifo_str, i32 0, i32 0, [1 x i8]* @p_str652, i32 0, i32 0, [1 x i8]* @p_str653, [1 x i8]* @p_str654, [1 x i8]* @p_str655, i32 2, i32 2, i32 16, i32 16, [1 x i8]* @p_str656, [1 x i8]* @p_str657)"   --->   Operation 39 'specinterface' <Predicate = true> <Delay = 0.00>
ST_1 : Operation 40 [1/1] (0.00ns)   --->   "call void (...)* @_ssdm_op_SpecInterface(i8* %out_28_V_V, [8 x i8]* @ap_fifo_str, i32 0, i32 0, [1 x i8]* @p_str645, i32 0, i32 0, [1 x i8]* @p_str646, [1 x i8]* @p_str647, [1 x i8]* @p_str648, i32 2, i32 2, i32 16, i32 16, [1 x i8]* @p_str649, [1 x i8]* @p_str650)"   --->   Operation 40 'specinterface' <Predicate = true> <Delay = 0.00>
ST_1 : Operation 41 [1/1] (0.00ns)   --->   "call void (...)* @_ssdm_op_SpecInterface(i8* %out_27_V_V, [8 x i8]* @ap_fifo_str, i32 0, i32 0, [1 x i8]* @p_str638, i32 0, i32 0, [1 x i8]* @p_str639, [1 x i8]* @p_str640, [1 x i8]* @p_str641, i32 2, i32 2, i32 16, i32 16, [1 x i8]* @p_str642, [1 x i8]* @p_str643)"   --->   Operation 41 'specinterface' <Predicate = true> <Delay = 0.00>
ST_1 : Operation 42 [1/1] (0.00ns)   --->   "call void (...)* @_ssdm_op_SpecInterface(i8* %out_26_V_V, [8 x i8]* @ap_fifo_str, i32 0, i32 0, [1 x i8]* @p_str631, i32 0, i32 0, [1 x i8]* @p_str632, [1 x i8]* @p_str633, [1 x i8]* @p_str634, i32 2, i32 2, i32 16, i32 16, [1 x i8]* @p_str635, [1 x i8]* @p_str636)"   --->   Operation 42 'specinterface' <Predicate = true> <Delay = 0.00>
ST_1 : Operation 43 [1/1] (0.00ns)   --->   "call void (...)* @_ssdm_op_SpecInterface(i8* %out_25_V_V, [8 x i8]* @ap_fifo_str, i32 0, i32 0, [1 x i8]* @p_str624, i32 0, i32 0, [1 x i8]* @p_str625, [1 x i8]* @p_str626, [1 x i8]* @p_str627, i32 2, i32 2, i32 16, i32 16, [1 x i8]* @p_str628, [1 x i8]* @p_str629)"   --->   Operation 43 'specinterface' <Predicate = true> <Delay = 0.00>
ST_1 : Operation 44 [1/1] (0.00ns)   --->   "call void (...)* @_ssdm_op_SpecInterface(i8* %out_24_V_V, [8 x i8]* @ap_fifo_str, i32 0, i32 0, [1 x i8]* @p_str617, i32 0, i32 0, [1 x i8]* @p_str618, [1 x i8]* @p_str619, [1 x i8]* @p_str620, i32 2, i32 2, i32 16, i32 16, [1 x i8]* @p_str621, [1 x i8]* @p_str622)"   --->   Operation 44 'specinterface' <Predicate = true> <Delay = 0.00>
ST_1 : Operation 45 [1/1] (0.00ns)   --->   "call void (...)* @_ssdm_op_SpecInterface(i8* %out_23_V_V, [8 x i8]* @ap_fifo_str, i32 0, i32 0, [1 x i8]* @p_str610, i32 0, i32 0, [1 x i8]* @p_str611, [1 x i8]* @p_str612, [1 x i8]* @p_str613, i32 2, i32 2, i32 16, i32 16, [1 x i8]* @p_str614, [1 x i8]* @p_str615)"   --->   Operation 45 'specinterface' <Predicate = true> <Delay = 0.00>
ST_1 : Operation 46 [1/1] (0.00ns)   --->   "call void (...)* @_ssdm_op_SpecInterface(i8* %out_22_V_V, [8 x i8]* @ap_fifo_str, i32 0, i32 0, [1 x i8]* @p_str603, i32 0, i32 0, [1 x i8]* @p_str604, [1 x i8]* @p_str605, [1 x i8]* @p_str606, i32 2, i32 2, i32 16, i32 16, [1 x i8]* @p_str607, [1 x i8]* @p_str608)"   --->   Operation 46 'specinterface' <Predicate = true> <Delay = 0.00>
ST_1 : Operation 47 [1/1] (0.00ns)   --->   "call void (...)* @_ssdm_op_SpecInterface(i8* %out_21_V_V, [8 x i8]* @ap_fifo_str, i32 0, i32 0, [1 x i8]* @p_str596, i32 0, i32 0, [1 x i8]* @p_str597, [1 x i8]* @p_str598, [1 x i8]* @p_str599, i32 2, i32 2, i32 16, i32 16, [1 x i8]* @p_str600, [1 x i8]* @p_str601)"   --->   Operation 47 'specinterface' <Predicate = true> <Delay = 0.00>
ST_1 : Operation 48 [1/1] (0.00ns)   --->   "call void (...)* @_ssdm_op_SpecInterface(i8* %out_20_V_V, [8 x i8]* @ap_fifo_str, i32 0, i32 0, [1 x i8]* @p_str589, i32 0, i32 0, [1 x i8]* @p_str590, [1 x i8]* @p_str591, [1 x i8]* @p_str592, i32 2, i32 2, i32 16, i32 16, [1 x i8]* @p_str593, [1 x i8]* @p_str594)"   --->   Operation 48 'specinterface' <Predicate = true> <Delay = 0.00>
ST_1 : Operation 49 [1/1] (0.00ns)   --->   "call void (...)* @_ssdm_op_SpecInterface(i8* %out_19_V_V, [8 x i8]* @ap_fifo_str, i32 0, i32 0, [1 x i8]* @p_str582, i32 0, i32 0, [1 x i8]* @p_str583, [1 x i8]* @p_str584, [1 x i8]* @p_str585, i32 2, i32 2, i32 16, i32 16, [1 x i8]* @p_str586, [1 x i8]* @p_str587)"   --->   Operation 49 'specinterface' <Predicate = true> <Delay = 0.00>
ST_1 : Operation 50 [1/1] (0.00ns)   --->   "call void (...)* @_ssdm_op_SpecInterface(i8* %out_18_V_V, [8 x i8]* @ap_fifo_str, i32 0, i32 0, [1 x i8]* @p_str575, i32 0, i32 0, [1 x i8]* @p_str576, [1 x i8]* @p_str577, [1 x i8]* @p_str578, i32 2, i32 2, i32 16, i32 16, [1 x i8]* @p_str579, [1 x i8]* @p_str580)"   --->   Operation 50 'specinterface' <Predicate = true> <Delay = 0.00>
ST_1 : Operation 51 [1/1] (0.00ns)   --->   "call void (...)* @_ssdm_op_SpecInterface(i8* %out_17_V_V, [8 x i8]* @ap_fifo_str, i32 0, i32 0, [1 x i8]* @p_str568, i32 0, i32 0, [1 x i8]* @p_str569, [1 x i8]* @p_str570, [1 x i8]* @p_str571, i32 2, i32 2, i32 16, i32 16, [1 x i8]* @p_str572, [1 x i8]* @p_str573)"   --->   Operation 51 'specinterface' <Predicate = true> <Delay = 0.00>
ST_1 : Operation 52 [1/1] (0.00ns)   --->   "call void (...)* @_ssdm_op_SpecInterface(i8* %out_16_V_V, [8 x i8]* @ap_fifo_str, i32 0, i32 0, [1 x i8]* @p_str561, i32 0, i32 0, [1 x i8]* @p_str562, [1 x i8]* @p_str563, [1 x i8]* @p_str564, i32 2, i32 2, i32 16, i32 16, [1 x i8]* @p_str565, [1 x i8]* @p_str566)"   --->   Operation 52 'specinterface' <Predicate = true> <Delay = 0.00>
ST_1 : Operation 53 [1/1] (0.00ns)   --->   "call void (...)* @_ssdm_op_SpecInterface(i8* %out_15_V_V, [8 x i8]* @ap_fifo_str, i32 0, i32 0, [1 x i8]* @p_str554, i32 0, i32 0, [1 x i8]* @p_str555, [1 x i8]* @p_str556, [1 x i8]* @p_str557, i32 2, i32 2, i32 16, i32 16, [1 x i8]* @p_str558, [1 x i8]* @p_str559)"   --->   Operation 53 'specinterface' <Predicate = true> <Delay = 0.00>
ST_1 : Operation 54 [1/1] (0.00ns)   --->   "call void (...)* @_ssdm_op_SpecInterface(i8* %out_14_V_V, [8 x i8]* @ap_fifo_str, i32 0, i32 0, [1 x i8]* @p_str547, i32 0, i32 0, [1 x i8]* @p_str548, [1 x i8]* @p_str549, [1 x i8]* @p_str550, i32 2, i32 2, i32 16, i32 16, [1 x i8]* @p_str551, [1 x i8]* @p_str552)"   --->   Operation 54 'specinterface' <Predicate = true> <Delay = 0.00>
ST_1 : Operation 55 [1/1] (0.00ns)   --->   "call void (...)* @_ssdm_op_SpecInterface(i8* %out_13_V_V, [8 x i8]* @ap_fifo_str, i32 0, i32 0, [1 x i8]* @p_str540, i32 0, i32 0, [1 x i8]* @p_str541, [1 x i8]* @p_str542, [1 x i8]* @p_str543, i32 2, i32 2, i32 16, i32 16, [1 x i8]* @p_str544, [1 x i8]* @p_str545)"   --->   Operation 55 'specinterface' <Predicate = true> <Delay = 0.00>
ST_1 : Operation 56 [1/1] (0.00ns)   --->   "call void (...)* @_ssdm_op_SpecInterface(i8* %out_12_V_V, [8 x i8]* @ap_fifo_str, i32 0, i32 0, [1 x i8]* @p_str533, i32 0, i32 0, [1 x i8]* @p_str534, [1 x i8]* @p_str535, [1 x i8]* @p_str536, i32 2, i32 2, i32 16, i32 16, [1 x i8]* @p_str537, [1 x i8]* @p_str538)"   --->   Operation 56 'specinterface' <Predicate = true> <Delay = 0.00>
ST_1 : Operation 57 [1/1] (0.00ns)   --->   "call void (...)* @_ssdm_op_SpecInterface(i8* %out_11_V_V, [8 x i8]* @ap_fifo_str, i32 0, i32 0, [1 x i8]* @p_str526, i32 0, i32 0, [1 x i8]* @p_str527, [1 x i8]* @p_str528, [1 x i8]* @p_str529, i32 2, i32 2, i32 16, i32 16, [1 x i8]* @p_str530, [1 x i8]* @p_str531)"   --->   Operation 57 'specinterface' <Predicate = true> <Delay = 0.00>
ST_1 : Operation 58 [1/1] (0.00ns)   --->   "call void (...)* @_ssdm_op_SpecInterface(i8* %out_10_V_V, [8 x i8]* @ap_fifo_str, i32 0, i32 0, [1 x i8]* @p_str519, i32 0, i32 0, [1 x i8]* @p_str520, [1 x i8]* @p_str521, [1 x i8]* @p_str522, i32 2, i32 2, i32 16, i32 16, [1 x i8]* @p_str523, [1 x i8]* @p_str524)"   --->   Operation 58 'specinterface' <Predicate = true> <Delay = 0.00>
ST_1 : Operation 59 [1/1] (0.00ns)   --->   "call void (...)* @_ssdm_op_SpecInterface(i8* %out_9_V_V, [8 x i8]* @ap_fifo_str, i32 0, i32 0, [1 x i8]* @p_str512, i32 0, i32 0, [1 x i8]* @p_str513, [1 x i8]* @p_str514, [1 x i8]* @p_str515, i32 2, i32 2, i32 16, i32 16, [1 x i8]* @p_str516, [1 x i8]* @p_str517)"   --->   Operation 59 'specinterface' <Predicate = true> <Delay = 0.00>
ST_1 : Operation 60 [1/1] (0.00ns)   --->   "call void (...)* @_ssdm_op_SpecInterface(i8* %out_8_V_V, [8 x i8]* @ap_fifo_str, i32 0, i32 0, [1 x i8]* @p_str505, i32 0, i32 0, [1 x i8]* @p_str506, [1 x i8]* @p_str507, [1 x i8]* @p_str508, i32 2, i32 2, i32 16, i32 16, [1 x i8]* @p_str509, [1 x i8]* @p_str510)"   --->   Operation 60 'specinterface' <Predicate = true> <Delay = 0.00>
ST_1 : Operation 61 [1/1] (0.00ns)   --->   "call void (...)* @_ssdm_op_SpecInterface(i8* %out_7_V_V, [8 x i8]* @ap_fifo_str, i32 0, i32 0, [1 x i8]* @p_str498, i32 0, i32 0, [1 x i8]* @p_str499, [1 x i8]* @p_str500, [1 x i8]* @p_str501, i32 2, i32 2, i32 16, i32 16, [1 x i8]* @p_str502, [1 x i8]* @p_str503)"   --->   Operation 61 'specinterface' <Predicate = true> <Delay = 0.00>
ST_1 : Operation 62 [1/1] (0.00ns)   --->   "call void (...)* @_ssdm_op_SpecInterface(i8* %out_6_V_V, [8 x i8]* @ap_fifo_str, i32 0, i32 0, [1 x i8]* @p_str491, i32 0, i32 0, [1 x i8]* @p_str492, [1 x i8]* @p_str493, [1 x i8]* @p_str494, i32 2, i32 2, i32 16, i32 16, [1 x i8]* @p_str495, [1 x i8]* @p_str496)"   --->   Operation 62 'specinterface' <Predicate = true> <Delay = 0.00>
ST_1 : Operation 63 [1/1] (0.00ns)   --->   "call void (...)* @_ssdm_op_SpecInterface(i8* %out_5_V_V, [8 x i8]* @ap_fifo_str, i32 0, i32 0, [1 x i8]* @p_str484, i32 0, i32 0, [1 x i8]* @p_str485, [1 x i8]* @p_str486, [1 x i8]* @p_str487, i32 2, i32 2, i32 16, i32 16, [1 x i8]* @p_str488, [1 x i8]* @p_str489)"   --->   Operation 63 'specinterface' <Predicate = true> <Delay = 0.00>
ST_1 : Operation 64 [1/1] (0.00ns)   --->   "call void (...)* @_ssdm_op_SpecInterface(i8* %out_4_V_V, [8 x i8]* @ap_fifo_str, i32 0, i32 0, [1 x i8]* @p_str477, i32 0, i32 0, [1 x i8]* @p_str478, [1 x i8]* @p_str479, [1 x i8]* @p_str480, i32 2, i32 2, i32 16, i32 16, [1 x i8]* @p_str481, [1 x i8]* @p_str482)"   --->   Operation 64 'specinterface' <Predicate = true> <Delay = 0.00>
ST_1 : Operation 65 [1/1] (0.00ns)   --->   "call void (...)* @_ssdm_op_SpecInterface(i8* %out_3_V_V, [8 x i8]* @ap_fifo_str, i32 0, i32 0, [1 x i8]* @p_str470, i32 0, i32 0, [1 x i8]* @p_str471, [1 x i8]* @p_str472, [1 x i8]* @p_str473, i32 2, i32 2, i32 16, i32 16, [1 x i8]* @p_str474, [1 x i8]* @p_str475)"   --->   Operation 65 'specinterface' <Predicate = true> <Delay = 0.00>
ST_1 : Operation 66 [1/1] (0.00ns)   --->   "call void (...)* @_ssdm_op_SpecInterface(i8* %out_2_V_V, [8 x i8]* @ap_fifo_str, i32 0, i32 0, [1 x i8]* @p_str463, i32 0, i32 0, [1 x i8]* @p_str464, [1 x i8]* @p_str465, [1 x i8]* @p_str466, i32 2, i32 2, i32 16, i32 16, [1 x i8]* @p_str467, [1 x i8]* @p_str468)"   --->   Operation 66 'specinterface' <Predicate = true> <Delay = 0.00>
ST_1 : Operation 67 [1/1] (0.00ns)   --->   "call void (...)* @_ssdm_op_SpecInterface(i8* %out_1_V_V, [8 x i8]* @ap_fifo_str, i32 0, i32 0, [1 x i8]* @p_str456, i32 0, i32 0, [1 x i8]* @p_str457, [1 x i8]* @p_str458, [1 x i8]* @p_str459, i32 2, i32 2, i32 16, i32 16, [1 x i8]* @p_str460, [1 x i8]* @p_str461)"   --->   Operation 67 'specinterface' <Predicate = true> <Delay = 0.00>
ST_1 : Operation 68 [1/1] (0.00ns)   --->   "call void (...)* @_ssdm_op_SpecInterface(i8* %out_0_V_V, [8 x i8]* @ap_fifo_str, i32 0, i32 0, [1 x i8]* @p_str449, i32 0, i32 0, [1 x i8]* @p_str450, [1 x i8]* @p_str451, [1 x i8]* @p_str452, i32 2, i32 2, i32 16, i32 16, [1 x i8]* @p_str453, [1 x i8]* @p_str454)"   --->   Operation 68 'specinterface' <Predicate = true> <Delay = 0.00>
ST_1 : Operation 69 [1/1] (0.00ns)   --->   "call void (...)* @_ssdm_op_SpecInterface(i32* %out_write_n_r_V_V, [8 x i8]* @ap_fifo_str, i32 0, i32 0, [1 x i8]* @p_str435, i32 0, i32 0, [1 x i8]* @p_str436, [1 x i8]* @p_str437, [1 x i8]* @p_str438, i32 2, i32 2, i32 16, i32 16, [1 x i8]* @p_str439, [1 x i8]* @p_str440)"   --->   Operation 69 'specinterface' <Predicate = true> <Delay = 0.00>
ST_1 : Operation 70 [1/1] (0.00ns)   --->   "call void (...)* @_ssdm_op_SpecInterface(i32* %out_compute_n_r_0_V_V, [8 x i8]* @ap_fifo_str, i32 0, i32 0, [1 x i8]* @p_str421, i32 0, i32 0, [1 x i8]* @p_str422, [1 x i8]* @p_str423, [1 x i8]* @p_str424, i32 2, i32 2, i32 16, i32 16, [1 x i8]* @p_str425, [1 x i8]* @p_str426)"   --->   Operation 70 'specinterface' <Predicate = true> <Delay = 0.00>
ST_1 : Operation 71 [1/1] (0.00ns)   --->   "call void (...)* @_ssdm_op_SpecInterface(i32* %out_n_r_V_V, [8 x i8]* @ap_fifo_str, i32 0, i32 0, [1 x i8]* @p_str414, i32 0, i32 0, [1 x i8]* @p_str415, [1 x i8]* @p_str416, [1 x i8]* @p_str417, i32 2, i32 2, i32 16, i32 16, [1 x i8]* @p_str418, [1 x i8]* @p_str419)"   --->   Operation 71 'specinterface' <Predicate = true> <Delay = 0.00>
ST_1 : Operation 72 [1/1] (0.00ns)   --->   "call void (...)* @_ssdm_op_SpecInterface(i1* %in_0_V_last_V, [8 x i8]* @ap_fifo_str, i32 0, i32 0, [1 x i8]* @p_str330, i32 0, i32 0, [1 x i8]* @p_str331, [1 x i8]* @p_str332, [1 x i8]* @p_str333, i32 2, i32 2, i32 16, i32 16, [1 x i8]* @p_str334, [1 x i8]* @p_str335)"   --->   Operation 72 'specinterface' <Predicate = true> <Delay = 0.00>
ST_1 : Operation 73 [1/1] (0.00ns)   --->   "call void (...)* @_ssdm_op_SpecInterface(i16* %in_0_V_user_V, [8 x i8]* @ap_fifo_str, i32 0, i32 0, [1 x i8]* @p_str316, i32 0, i32 0, [1 x i8]* @p_str317, [1 x i8]* @p_str318, [1 x i8]* @p_str319, i32 2, i32 2, i32 16, i32 16, [1 x i8]* @p_str320, [1 x i8]* @p_str321)"   --->   Operation 73 'specinterface' <Predicate = true> <Delay = 0.00>
ST_1 : Operation 74 [1/1] (0.00ns)   --->   "call void (...)* @_ssdm_op_SpecInterface(i8* %in_0_V_dest_V, [8 x i8]* @ap_fifo_str, i32 0, i32 0, [1 x i8]* @p_str302, i32 0, i32 0, [1 x i8]* @p_str303, [1 x i8]* @p_str304, [1 x i8]* @p_str305, i32 2, i32 2, i32 16, i32 16, [1 x i8]* @p_str306, [1 x i8]* @p_str307)"   --->   Operation 74 'specinterface' <Predicate = true> <Delay = 0.00>
ST_1 : Operation 75 [1/1] (0.00ns)   --->   "call void (...)* @_ssdm_op_SpecInterface(i8* %in_0_V_id_V, [8 x i8]* @ap_fifo_str, i32 0, i32 0, [1 x i8]* @p_str288, i32 0, i32 0, [1 x i8]* @p_str289, [1 x i8]* @p_str290, [1 x i8]* @p_str291, i32 2, i32 2, i32 16, i32 16, [1 x i8]* @p_str292, [1 x i8]* @p_str293)"   --->   Operation 75 'specinterface' <Predicate = true> <Delay = 0.00>
ST_1 : Operation 76 [1/1] (0.00ns)   --->   "call void (...)* @_ssdm_op_SpecInterface(i512* %in_0_V_data_V, [8 x i8]* @ap_fifo_str, i32 0, i32 0, [1 x i8]* @p_str274, i32 0, i32 0, [1 x i8]* @p_str275, [1 x i8]* @p_str276, [1 x i8]* @p_str277, i32 2, i32 2, i32 16, i32 16, [1 x i8]* @p_str278, [1 x i8]* @p_str279)"   --->   Operation 76 'specinterface' <Predicate = true> <Delay = 0.00>
ST_1 : Operation 77 [1/1] (1.83ns)   --->   "%empty = call { i512, i8, i8, i16, i1 } @_ssdm_op_Read.ap_fifo.volatile.i512P.i8P.i8P.i16P.i1P(i512* %in_0_V_data_V, i8* %in_0_V_id_V, i8* %in_0_V_dest_V, i16* %in_0_V_user_V, i1* %in_0_V_last_V)" [src/modules.hpp:863]   --->   Operation 77 'read' 'empty' <Predicate = true> <Delay = 1.83> <Core = "FIFO_SRL">   --->   Core 36 'FIFO_SRL' <Latency = 0> <II = 1> <Delay = 1.83> <Storage> <Opcode : 'read' 'write' 'nbread' 'nbwrite'> <Ports = 0> <Width = 512> <Depth = 0> <FIFO>
ST_1 : Operation 78 [1/1] (0.00ns)   --->   "%tmp_data_V = extractvalue { i512, i8, i8, i16, i1 } %empty, 0" [src/modules.hpp:863]   --->   Operation 78 'extractvalue' 'tmp_data_V' <Predicate = true> <Delay = 0.00>
ST_1 : Operation 79 [1/1] (0.00ns)   --->   "%N_r = trunc i512 %tmp_data_V to i32" [src/modules.hpp:864]   --->   Operation 79 'trunc' 'N_r' <Predicate = true> <Delay = 0.00>
ST_1 : Operation 80 [1/1] (1.83ns)   --->   "call void @_ssdm_op_Write.ap_fifo.volatile.i32P(i32* %out_compute_n_r_0_V_V, i32 %N_r)" [src/modules.hpp:868]   --->   Operation 80 'write' <Predicate = true> <Delay = 1.83> <Core = "FIFO">   --->   Core 32 'FIFO' <Latency = 0> <II = 1> <Delay = 1.83> <Storage> <Opcode : 'read' 'write' 'nbread' 'nbwrite'> <Ports = 0> <Width = 32> <Depth = 2> <FIFO>
ST_1 : Operation 81 [1/1] (1.83ns)   --->   "call void @_ssdm_op_Write.ap_fifo.volatile.i32P(i32* %out_n_r_V_V, i32 %N_r)" [src/modules.hpp:871]   --->   Operation 81 'write' <Predicate = true> <Delay = 1.83> <Core = "FIFO">   --->   Core 32 'FIFO' <Latency = 0> <II = 1> <Delay = 1.83> <Storage> <Opcode : 'read' 'write' 'nbread' 'nbwrite'> <Ports = 0> <Width = 32> <Depth = 2> <FIFO>
ST_1 : Operation 82 [1/1] (1.83ns)   --->   "call void @_ssdm_op_Write.ap_fifo.volatile.i32P(i32* %out_write_n_r_V_V, i32 %N_r)" [src/modules.hpp:872]   --->   Operation 82 'write' <Predicate = true> <Delay = 1.83> <Core = "FIFO">   --->   Core 32 'FIFO' <Latency = 0> <II = 1> <Delay = 1.83> <Storage> <Opcode : 'read' 'write' 'nbread' 'nbwrite'> <Ports = 0> <Width = 32> <Depth = 2> <FIFO>
ST_1 : Operation 83 [1/1] (0.65ns)   --->   "br label %1" [src/modules.hpp:876]   --->   Operation 83 'br' <Predicate = true> <Delay = 0.65>

State 2 <SV = 1> <Delay = 1.01>
ST_2 : Operation 84 [1/1] (0.00ns)   --->   "%i1_0 = phi i32 [ 0, %0 ], [ %i, %hls_label_5_begin ]"   --->   Operation 84 'phi' 'i1_0' <Predicate = true> <Delay = 0.00>
ST_2 : Operation 85 [1/1] (0.99ns)   --->   "%icmp_ln876 = icmp eq i32 %i1_0, %N_r" [src/modules.hpp:876]   --->   Operation 85 'icmp' 'icmp_ln876' <Predicate = true> <Delay = 0.99> <Core = "Cmp">   --->   Core 25 'Cmp' <Latency = 0> <II = 1> <Delay = 0.99> <FuncUnit> <Opcode : 'icmp'> <InPorts = 2> <OutPorts = 1>
ST_2 : Operation 86 [1/1] (1.01ns)   --->   "%i = add nsw i32 %i1_0, 1" [src/modules.hpp:876]   --->   Operation 86 'add' 'i' <Predicate = true> <Delay = 1.01> <Core = "AddSub">   --->   Core 14 'AddSub' <Latency = 0> <II = 1> <Delay = 1.01> <FuncUnit> <Opcode : 'add' 'sub'> <InPorts = 2> <OutPorts = 1>
ST_2 : Operation 87 [1/1] (0.00ns)   --->   "br i1 %icmp_ln876, label %2, label %hls_label_5_begin" [src/modules.hpp:876]   --->   Operation 87 'br' <Predicate = true> <Delay = 0.00>

State 3 <SV = 2> <Delay = 3.67>
ST_3 : Operation 88 [1/1] (0.00ns)   --->   "%tmp = call i32 (...)* @_ssdm_op_SpecRegionBegin([12 x i8]* @p_str56)" [src/modules.hpp:876]   --->   Operation 88 'specregionbegin' 'tmp' <Predicate = (!icmp_ln876)> <Delay = 0.00>
ST_3 : Operation 89 [1/1] (0.00ns)   --->   "call void (...)* @_ssdm_op_SpecLoopTripCount(i32 1, i32 128, i32 0, [1 x i8]* @p_str1) nounwind" [src/modules.hpp:877]   --->   Operation 89 'speclooptripcount' <Predicate = (!icmp_ln876)> <Delay = 0.00>
ST_3 : Operation 90 [1/1] (0.00ns)   --->   "%tmp_s = call i32 (...)* @_ssdm_op_SpecRegionBegin([12 x i8]* @p_str57)" [src/modules.hpp:878]   --->   Operation 90 'specregionbegin' 'tmp_s' <Predicate = (!icmp_ln876)> <Delay = 0.00>
ST_3 : Operation 91 [1/1] (0.00ns)   --->   "call void (...)* @_ssdm_op_SpecPipeline(i32 1, i32 1, i32 1, i32 0, [1 x i8]* @p_str1) nounwind" [src/modules.hpp:879]   --->   Operation 91 'specpipeline' <Predicate = (!icmp_ln876)> <Delay = 0.00>
ST_3 : Operation 92 [1/1] (1.83ns)   --->   "%empty_334 = call { i512, i8, i8, i16, i1 } @_ssdm_op_Read.ap_fifo.volatile.i512P.i8P.i8P.i16P.i1P(i512* %in_0_V_data_V, i8* %in_0_V_id_V, i8* %in_0_V_dest_V, i16* %in_0_V_user_V, i1* %in_0_V_last_V)" [src/modules.hpp:880]   --->   Operation 92 'read' 'empty_334' <Predicate = (!icmp_ln876)> <Delay = 1.83> <Core = "FIFO_SRL">   --->   Core 36 'FIFO_SRL' <Latency = 0> <II = 1> <Delay = 1.83> <Storage> <Opcode : 'read' 'write' 'nbread' 'nbwrite'> <Ports = 0> <Width = 512> <Depth = 0> <FIFO>
ST_3 : Operation 93 [1/1] (0.00ns)   --->   "%tmp_data_V_7 = extractvalue { i512, i8, i8, i16, i1 } %empty_334, 0" [src/modules.hpp:880]   --->   Operation 93 'extractvalue' 'tmp_data_V_7' <Predicate = (!icmp_ln876)> <Delay = 0.00>
ST_3 : Operation 94 [1/1] (0.00ns)   --->   "%tmp_V_249 = trunc i512 %tmp_data_V_7 to i8" [src/modules.hpp:886]   --->   Operation 94 'trunc' 'tmp_V_249' <Predicate = (!icmp_ln876)> <Delay = 0.00>
ST_3 : Operation 95 [1/1] (1.83ns)   --->   "call void @_ssdm_op_Write.ap_fifo.volatile.i8P(i8* %out_0_V_V, i8 %tmp_V_249)" [src/modules.hpp:887]   --->   Operation 95 'write' <Predicate = (!icmp_ln876)> <Delay = 1.83> <Core = "FIFO">   --->   Core 32 'FIFO' <Latency = 0> <II = 1> <Delay = 1.83> <Storage> <Opcode : 'read' 'write' 'nbread' 'nbwrite'> <Ports = 0> <Width = 32> <Depth = 2> <FIFO>
ST_3 : Operation 96 [1/1] (0.00ns)   --->   "%tmp_V_250 = call i8 @_ssdm_op_PartSelect.i8.i512.i32.i32(i512 %tmp_data_V_7, i32 8, i32 15)" [src/modules.hpp:886]   --->   Operation 96 'partselect' 'tmp_V_250' <Predicate = (!icmp_ln876)> <Delay = 0.00>
ST_3 : Operation 97 [1/1] (1.83ns)   --->   "call void @_ssdm_op_Write.ap_fifo.volatile.i8P(i8* %out_1_V_V, i8 %tmp_V_250)" [src/modules.hpp:887]   --->   Operation 97 'write' <Predicate = (!icmp_ln876)> <Delay = 1.83> <Core = "FIFO">   --->   Core 32 'FIFO' <Latency = 0> <II = 1> <Delay = 1.83> <Storage> <Opcode : 'read' 'write' 'nbread' 'nbwrite'> <Ports = 0> <Width = 32> <Depth = 2> <FIFO>
ST_3 : Operation 98 [1/1] (0.00ns)   --->   "%tmp_V_251 = call i8 @_ssdm_op_PartSelect.i8.i512.i32.i32(i512 %tmp_data_V_7, i32 16, i32 23)" [src/modules.hpp:886]   --->   Operation 98 'partselect' 'tmp_V_251' <Predicate = (!icmp_ln876)> <Delay = 0.00>
ST_3 : Operation 99 [1/1] (1.83ns)   --->   "call void @_ssdm_op_Write.ap_fifo.volatile.i8P(i8* %out_2_V_V, i8 %tmp_V_251)" [src/modules.hpp:887]   --->   Operation 99 'write' <Predicate = (!icmp_ln876)> <Delay = 1.83> <Core = "FIFO">   --->   Core 32 'FIFO' <Latency = 0> <II = 1> <Delay = 1.83> <Storage> <Opcode : 'read' 'write' 'nbread' 'nbwrite'> <Ports = 0> <Width = 32> <Depth = 2> <FIFO>
ST_3 : Operation 100 [1/1] (0.00ns)   --->   "%tmp_V_252 = call i8 @_ssdm_op_PartSelect.i8.i512.i32.i32(i512 %tmp_data_V_7, i32 24, i32 31)" [src/modules.hpp:886]   --->   Operation 100 'partselect' 'tmp_V_252' <Predicate = (!icmp_ln876)> <Delay = 0.00>
ST_3 : Operation 101 [1/1] (1.83ns)   --->   "call void @_ssdm_op_Write.ap_fifo.volatile.i8P(i8* %out_3_V_V, i8 %tmp_V_252)" [src/modules.hpp:887]   --->   Operation 101 'write' <Predicate = (!icmp_ln876)> <Delay = 1.83> <Core = "FIFO">   --->   Core 32 'FIFO' <Latency = 0> <II = 1> <Delay = 1.83> <Storage> <Opcode : 'read' 'write' 'nbread' 'nbwrite'> <Ports = 0> <Width = 32> <Depth = 2> <FIFO>
ST_3 : Operation 102 [1/1] (0.00ns)   --->   "%tmp_V_253 = call i8 @_ssdm_op_PartSelect.i8.i512.i32.i32(i512 %tmp_data_V_7, i32 32, i32 39)" [src/modules.hpp:886]   --->   Operation 102 'partselect' 'tmp_V_253' <Predicate = (!icmp_ln876)> <Delay = 0.00>
ST_3 : Operation 103 [1/1] (1.83ns)   --->   "call void @_ssdm_op_Write.ap_fifo.volatile.i8P(i8* %out_4_V_V, i8 %tmp_V_253)" [src/modules.hpp:887]   --->   Operation 103 'write' <Predicate = (!icmp_ln876)> <Delay = 1.83> <Core = "FIFO">   --->   Core 32 'FIFO' <Latency = 0> <II = 1> <Delay = 1.83> <Storage> <Opcode : 'read' 'write' 'nbread' 'nbwrite'> <Ports = 0> <Width = 32> <Depth = 2> <FIFO>
ST_3 : Operation 104 [1/1] (0.00ns)   --->   "%tmp_V_254 = call i8 @_ssdm_op_PartSelect.i8.i512.i32.i32(i512 %tmp_data_V_7, i32 40, i32 47)" [src/modules.hpp:886]   --->   Operation 104 'partselect' 'tmp_V_254' <Predicate = (!icmp_ln876)> <Delay = 0.00>
ST_3 : Operation 105 [1/1] (1.83ns)   --->   "call void @_ssdm_op_Write.ap_fifo.volatile.i8P(i8* %out_5_V_V, i8 %tmp_V_254)" [src/modules.hpp:887]   --->   Operation 105 'write' <Predicate = (!icmp_ln876)> <Delay = 1.83> <Core = "FIFO">   --->   Core 32 'FIFO' <Latency = 0> <II = 1> <Delay = 1.83> <Storage> <Opcode : 'read' 'write' 'nbread' 'nbwrite'> <Ports = 0> <Width = 32> <Depth = 2> <FIFO>
ST_3 : Operation 106 [1/1] (0.00ns)   --->   "%tmp_V_255 = call i8 @_ssdm_op_PartSelect.i8.i512.i32.i32(i512 %tmp_data_V_7, i32 48, i32 55)" [src/modules.hpp:886]   --->   Operation 106 'partselect' 'tmp_V_255' <Predicate = (!icmp_ln876)> <Delay = 0.00>
ST_3 : Operation 107 [1/1] (1.83ns)   --->   "call void @_ssdm_op_Write.ap_fifo.volatile.i8P(i8* %out_6_V_V, i8 %tmp_V_255)" [src/modules.hpp:887]   --->   Operation 107 'write' <Predicate = (!icmp_ln876)> <Delay = 1.83> <Core = "FIFO">   --->   Core 32 'FIFO' <Latency = 0> <II = 1> <Delay = 1.83> <Storage> <Opcode : 'read' 'write' 'nbread' 'nbwrite'> <Ports = 0> <Width = 32> <Depth = 2> <FIFO>
ST_3 : Operation 108 [1/1] (0.00ns)   --->   "%tmp_V_256 = call i8 @_ssdm_op_PartSelect.i8.i512.i32.i32(i512 %tmp_data_V_7, i32 56, i32 63)" [src/modules.hpp:886]   --->   Operation 108 'partselect' 'tmp_V_256' <Predicate = (!icmp_ln876)> <Delay = 0.00>
ST_3 : Operation 109 [1/1] (1.83ns)   --->   "call void @_ssdm_op_Write.ap_fifo.volatile.i8P(i8* %out_7_V_V, i8 %tmp_V_256)" [src/modules.hpp:887]   --->   Operation 109 'write' <Predicate = (!icmp_ln876)> <Delay = 1.83> <Core = "FIFO">   --->   Core 32 'FIFO' <Latency = 0> <II = 1> <Delay = 1.83> <Storage> <Opcode : 'read' 'write' 'nbread' 'nbwrite'> <Ports = 0> <Width = 32> <Depth = 2> <FIFO>
ST_3 : Operation 110 [1/1] (0.00ns)   --->   "%tmp_V_257 = call i8 @_ssdm_op_PartSelect.i8.i512.i32.i32(i512 %tmp_data_V_7, i32 64, i32 71)" [src/modules.hpp:886]   --->   Operation 110 'partselect' 'tmp_V_257' <Predicate = (!icmp_ln876)> <Delay = 0.00>
ST_3 : Operation 111 [1/1] (1.83ns)   --->   "call void @_ssdm_op_Write.ap_fifo.volatile.i8P(i8* %out_8_V_V, i8 %tmp_V_257)" [src/modules.hpp:887]   --->   Operation 111 'write' <Predicate = (!icmp_ln876)> <Delay = 1.83> <Core = "FIFO">   --->   Core 32 'FIFO' <Latency = 0> <II = 1> <Delay = 1.83> <Storage> <Opcode : 'read' 'write' 'nbread' 'nbwrite'> <Ports = 0> <Width = 32> <Depth = 2> <FIFO>
ST_3 : Operation 112 [1/1] (0.00ns)   --->   "%tmp_V_258 = call i8 @_ssdm_op_PartSelect.i8.i512.i32.i32(i512 %tmp_data_V_7, i32 72, i32 79)" [src/modules.hpp:886]   --->   Operation 112 'partselect' 'tmp_V_258' <Predicate = (!icmp_ln876)> <Delay = 0.00>
ST_3 : Operation 113 [1/1] (1.83ns)   --->   "call void @_ssdm_op_Write.ap_fifo.volatile.i8P(i8* %out_9_V_V, i8 %tmp_V_258)" [src/modules.hpp:887]   --->   Operation 113 'write' <Predicate = (!icmp_ln876)> <Delay = 1.83> <Core = "FIFO">   --->   Core 32 'FIFO' <Latency = 0> <II = 1> <Delay = 1.83> <Storage> <Opcode : 'read' 'write' 'nbread' 'nbwrite'> <Ports = 0> <Width = 32> <Depth = 2> <FIFO>
ST_3 : Operation 114 [1/1] (0.00ns)   --->   "%tmp_V_259 = call i8 @_ssdm_op_PartSelect.i8.i512.i32.i32(i512 %tmp_data_V_7, i32 80, i32 87)" [src/modules.hpp:886]   --->   Operation 114 'partselect' 'tmp_V_259' <Predicate = (!icmp_ln876)> <Delay = 0.00>
ST_3 : Operation 115 [1/1] (1.83ns)   --->   "call void @_ssdm_op_Write.ap_fifo.volatile.i8P(i8* %out_10_V_V, i8 %tmp_V_259)" [src/modules.hpp:887]   --->   Operation 115 'write' <Predicate = (!icmp_ln876)> <Delay = 1.83> <Core = "FIFO">   --->   Core 32 'FIFO' <Latency = 0> <II = 1> <Delay = 1.83> <Storage> <Opcode : 'read' 'write' 'nbread' 'nbwrite'> <Ports = 0> <Width = 32> <Depth = 2> <FIFO>
ST_3 : Operation 116 [1/1] (0.00ns)   --->   "%tmp_V_260 = call i8 @_ssdm_op_PartSelect.i8.i512.i32.i32(i512 %tmp_data_V_7, i32 88, i32 95)" [src/modules.hpp:886]   --->   Operation 116 'partselect' 'tmp_V_260' <Predicate = (!icmp_ln876)> <Delay = 0.00>
ST_3 : Operation 117 [1/1] (1.83ns)   --->   "call void @_ssdm_op_Write.ap_fifo.volatile.i8P(i8* %out_11_V_V, i8 %tmp_V_260)" [src/modules.hpp:887]   --->   Operation 117 'write' <Predicate = (!icmp_ln876)> <Delay = 1.83> <Core = "FIFO">   --->   Core 32 'FIFO' <Latency = 0> <II = 1> <Delay = 1.83> <Storage> <Opcode : 'read' 'write' 'nbread' 'nbwrite'> <Ports = 0> <Width = 32> <Depth = 2> <FIFO>
ST_3 : Operation 118 [1/1] (0.00ns)   --->   "%tmp_V_261 = call i8 @_ssdm_op_PartSelect.i8.i512.i32.i32(i512 %tmp_data_V_7, i32 96, i32 103)" [src/modules.hpp:886]   --->   Operation 118 'partselect' 'tmp_V_261' <Predicate = (!icmp_ln876)> <Delay = 0.00>
ST_3 : Operation 119 [1/1] (1.83ns)   --->   "call void @_ssdm_op_Write.ap_fifo.volatile.i8P(i8* %out_12_V_V, i8 %tmp_V_261)" [src/modules.hpp:887]   --->   Operation 119 'write' <Predicate = (!icmp_ln876)> <Delay = 1.83> <Core = "FIFO">   --->   Core 32 'FIFO' <Latency = 0> <II = 1> <Delay = 1.83> <Storage> <Opcode : 'read' 'write' 'nbread' 'nbwrite'> <Ports = 0> <Width = 32> <Depth = 2> <FIFO>
ST_3 : Operation 120 [1/1] (0.00ns)   --->   "%tmp_V_262 = call i8 @_ssdm_op_PartSelect.i8.i512.i32.i32(i512 %tmp_data_V_7, i32 104, i32 111)" [src/modules.hpp:886]   --->   Operation 120 'partselect' 'tmp_V_262' <Predicate = (!icmp_ln876)> <Delay = 0.00>
ST_3 : Operation 121 [1/1] (1.83ns)   --->   "call void @_ssdm_op_Write.ap_fifo.volatile.i8P(i8* %out_13_V_V, i8 %tmp_V_262)" [src/modules.hpp:887]   --->   Operation 121 'write' <Predicate = (!icmp_ln876)> <Delay = 1.83> <Core = "FIFO">   --->   Core 32 'FIFO' <Latency = 0> <II = 1> <Delay = 1.83> <Storage> <Opcode : 'read' 'write' 'nbread' 'nbwrite'> <Ports = 0> <Width = 32> <Depth = 2> <FIFO>
ST_3 : Operation 122 [1/1] (0.00ns)   --->   "%tmp_V_263 = call i8 @_ssdm_op_PartSelect.i8.i512.i32.i32(i512 %tmp_data_V_7, i32 112, i32 119)" [src/modules.hpp:886]   --->   Operation 122 'partselect' 'tmp_V_263' <Predicate = (!icmp_ln876)> <Delay = 0.00>
ST_3 : Operation 123 [1/1] (1.83ns)   --->   "call void @_ssdm_op_Write.ap_fifo.volatile.i8P(i8* %out_14_V_V, i8 %tmp_V_263)" [src/modules.hpp:887]   --->   Operation 123 'write' <Predicate = (!icmp_ln876)> <Delay = 1.83> <Core = "FIFO">   --->   Core 32 'FIFO' <Latency = 0> <II = 1> <Delay = 1.83> <Storage> <Opcode : 'read' 'write' 'nbread' 'nbwrite'> <Ports = 0> <Width = 32> <Depth = 2> <FIFO>
ST_3 : Operation 124 [1/1] (0.00ns)   --->   "%tmp_V_264 = call i8 @_ssdm_op_PartSelect.i8.i512.i32.i32(i512 %tmp_data_V_7, i32 120, i32 127)" [src/modules.hpp:886]   --->   Operation 124 'partselect' 'tmp_V_264' <Predicate = (!icmp_ln876)> <Delay = 0.00>
ST_3 : Operation 125 [1/1] (1.83ns)   --->   "call void @_ssdm_op_Write.ap_fifo.volatile.i8P(i8* %out_15_V_V, i8 %tmp_V_264)" [src/modules.hpp:887]   --->   Operation 125 'write' <Predicate = (!icmp_ln876)> <Delay = 1.83> <Core = "FIFO">   --->   Core 32 'FIFO' <Latency = 0> <II = 1> <Delay = 1.83> <Storage> <Opcode : 'read' 'write' 'nbread' 'nbwrite'> <Ports = 0> <Width = 32> <Depth = 2> <FIFO>
ST_3 : Operation 126 [1/1] (0.00ns)   --->   "%tmp_V_265 = call i8 @_ssdm_op_PartSelect.i8.i512.i32.i32(i512 %tmp_data_V_7, i32 128, i32 135)" [src/modules.hpp:886]   --->   Operation 126 'partselect' 'tmp_V_265' <Predicate = (!icmp_ln876)> <Delay = 0.00>
ST_3 : Operation 127 [1/1] (1.83ns)   --->   "call void @_ssdm_op_Write.ap_fifo.volatile.i8P(i8* %out_16_V_V, i8 %tmp_V_265)" [src/modules.hpp:887]   --->   Operation 127 'write' <Predicate = (!icmp_ln876)> <Delay = 1.83> <Core = "FIFO">   --->   Core 32 'FIFO' <Latency = 0> <II = 1> <Delay = 1.83> <Storage> <Opcode : 'read' 'write' 'nbread' 'nbwrite'> <Ports = 0> <Width = 32> <Depth = 2> <FIFO>
ST_3 : Operation 128 [1/1] (0.00ns)   --->   "%tmp_V_266 = call i8 @_ssdm_op_PartSelect.i8.i512.i32.i32(i512 %tmp_data_V_7, i32 136, i32 143)" [src/modules.hpp:886]   --->   Operation 128 'partselect' 'tmp_V_266' <Predicate = (!icmp_ln876)> <Delay = 0.00>
ST_3 : Operation 129 [1/1] (1.83ns)   --->   "call void @_ssdm_op_Write.ap_fifo.volatile.i8P(i8* %out_17_V_V, i8 %tmp_V_266)" [src/modules.hpp:887]   --->   Operation 129 'write' <Predicate = (!icmp_ln876)> <Delay = 1.83> <Core = "FIFO">   --->   Core 32 'FIFO' <Latency = 0> <II = 1> <Delay = 1.83> <Storage> <Opcode : 'read' 'write' 'nbread' 'nbwrite'> <Ports = 0> <Width = 32> <Depth = 2> <FIFO>
ST_3 : Operation 130 [1/1] (0.00ns)   --->   "%tmp_V_267 = call i8 @_ssdm_op_PartSelect.i8.i512.i32.i32(i512 %tmp_data_V_7, i32 144, i32 151)" [src/modules.hpp:886]   --->   Operation 130 'partselect' 'tmp_V_267' <Predicate = (!icmp_ln876)> <Delay = 0.00>
ST_3 : Operation 131 [1/1] (1.83ns)   --->   "call void @_ssdm_op_Write.ap_fifo.volatile.i8P(i8* %out_18_V_V, i8 %tmp_V_267)" [src/modules.hpp:887]   --->   Operation 131 'write' <Predicate = (!icmp_ln876)> <Delay = 1.83> <Core = "FIFO">   --->   Core 32 'FIFO' <Latency = 0> <II = 1> <Delay = 1.83> <Storage> <Opcode : 'read' 'write' 'nbread' 'nbwrite'> <Ports = 0> <Width = 32> <Depth = 2> <FIFO>
ST_3 : Operation 132 [1/1] (0.00ns)   --->   "%tmp_V_268 = call i8 @_ssdm_op_PartSelect.i8.i512.i32.i32(i512 %tmp_data_V_7, i32 152, i32 159)" [src/modules.hpp:886]   --->   Operation 132 'partselect' 'tmp_V_268' <Predicate = (!icmp_ln876)> <Delay = 0.00>
ST_3 : Operation 133 [1/1] (1.83ns)   --->   "call void @_ssdm_op_Write.ap_fifo.volatile.i8P(i8* %out_19_V_V, i8 %tmp_V_268)" [src/modules.hpp:887]   --->   Operation 133 'write' <Predicate = (!icmp_ln876)> <Delay = 1.83> <Core = "FIFO">   --->   Core 32 'FIFO' <Latency = 0> <II = 1> <Delay = 1.83> <Storage> <Opcode : 'read' 'write' 'nbread' 'nbwrite'> <Ports = 0> <Width = 32> <Depth = 2> <FIFO>
ST_3 : Operation 134 [1/1] (0.00ns)   --->   "%tmp_V_269 = call i8 @_ssdm_op_PartSelect.i8.i512.i32.i32(i512 %tmp_data_V_7, i32 160, i32 167)" [src/modules.hpp:886]   --->   Operation 134 'partselect' 'tmp_V_269' <Predicate = (!icmp_ln876)> <Delay = 0.00>
ST_3 : Operation 135 [1/1] (1.83ns)   --->   "call void @_ssdm_op_Write.ap_fifo.volatile.i8P(i8* %out_20_V_V, i8 %tmp_V_269)" [src/modules.hpp:887]   --->   Operation 135 'write' <Predicate = (!icmp_ln876)> <Delay = 1.83> <Core = "FIFO">   --->   Core 32 'FIFO' <Latency = 0> <II = 1> <Delay = 1.83> <Storage> <Opcode : 'read' 'write' 'nbread' 'nbwrite'> <Ports = 0> <Width = 32> <Depth = 2> <FIFO>
ST_3 : Operation 136 [1/1] (0.00ns)   --->   "%tmp_V_270 = call i8 @_ssdm_op_PartSelect.i8.i512.i32.i32(i512 %tmp_data_V_7, i32 168, i32 175)" [src/modules.hpp:886]   --->   Operation 136 'partselect' 'tmp_V_270' <Predicate = (!icmp_ln876)> <Delay = 0.00>
ST_3 : Operation 137 [1/1] (1.83ns)   --->   "call void @_ssdm_op_Write.ap_fifo.volatile.i8P(i8* %out_21_V_V, i8 %tmp_V_270)" [src/modules.hpp:887]   --->   Operation 137 'write' <Predicate = (!icmp_ln876)> <Delay = 1.83> <Core = "FIFO">   --->   Core 32 'FIFO' <Latency = 0> <II = 1> <Delay = 1.83> <Storage> <Opcode : 'read' 'write' 'nbread' 'nbwrite'> <Ports = 0> <Width = 32> <Depth = 2> <FIFO>
ST_3 : Operation 138 [1/1] (0.00ns)   --->   "%tmp_V_271 = call i8 @_ssdm_op_PartSelect.i8.i512.i32.i32(i512 %tmp_data_V_7, i32 176, i32 183)" [src/modules.hpp:886]   --->   Operation 138 'partselect' 'tmp_V_271' <Predicate = (!icmp_ln876)> <Delay = 0.00>
ST_3 : Operation 139 [1/1] (1.83ns)   --->   "call void @_ssdm_op_Write.ap_fifo.volatile.i8P(i8* %out_22_V_V, i8 %tmp_V_271)" [src/modules.hpp:887]   --->   Operation 139 'write' <Predicate = (!icmp_ln876)> <Delay = 1.83> <Core = "FIFO">   --->   Core 32 'FIFO' <Latency = 0> <II = 1> <Delay = 1.83> <Storage> <Opcode : 'read' 'write' 'nbread' 'nbwrite'> <Ports = 0> <Width = 32> <Depth = 2> <FIFO>
ST_3 : Operation 140 [1/1] (0.00ns)   --->   "%tmp_V_272 = call i8 @_ssdm_op_PartSelect.i8.i512.i32.i32(i512 %tmp_data_V_7, i32 184, i32 191)" [src/modules.hpp:886]   --->   Operation 140 'partselect' 'tmp_V_272' <Predicate = (!icmp_ln876)> <Delay = 0.00>
ST_3 : Operation 141 [1/1] (1.83ns)   --->   "call void @_ssdm_op_Write.ap_fifo.volatile.i8P(i8* %out_23_V_V, i8 %tmp_V_272)" [src/modules.hpp:887]   --->   Operation 141 'write' <Predicate = (!icmp_ln876)> <Delay = 1.83> <Core = "FIFO">   --->   Core 32 'FIFO' <Latency = 0> <II = 1> <Delay = 1.83> <Storage> <Opcode : 'read' 'write' 'nbread' 'nbwrite'> <Ports = 0> <Width = 32> <Depth = 2> <FIFO>
ST_3 : Operation 142 [1/1] (0.00ns)   --->   "%tmp_V_273 = call i8 @_ssdm_op_PartSelect.i8.i512.i32.i32(i512 %tmp_data_V_7, i32 192, i32 199)" [src/modules.hpp:886]   --->   Operation 142 'partselect' 'tmp_V_273' <Predicate = (!icmp_ln876)> <Delay = 0.00>
ST_3 : Operation 143 [1/1] (1.83ns)   --->   "call void @_ssdm_op_Write.ap_fifo.volatile.i8P(i8* %out_24_V_V, i8 %tmp_V_273)" [src/modules.hpp:887]   --->   Operation 143 'write' <Predicate = (!icmp_ln876)> <Delay = 1.83> <Core = "FIFO">   --->   Core 32 'FIFO' <Latency = 0> <II = 1> <Delay = 1.83> <Storage> <Opcode : 'read' 'write' 'nbread' 'nbwrite'> <Ports = 0> <Width = 32> <Depth = 2> <FIFO>
ST_3 : Operation 144 [1/1] (0.00ns)   --->   "%tmp_V_274 = call i8 @_ssdm_op_PartSelect.i8.i512.i32.i32(i512 %tmp_data_V_7, i32 200, i32 207)" [src/modules.hpp:886]   --->   Operation 144 'partselect' 'tmp_V_274' <Predicate = (!icmp_ln876)> <Delay = 0.00>
ST_3 : Operation 145 [1/1] (1.83ns)   --->   "call void @_ssdm_op_Write.ap_fifo.volatile.i8P(i8* %out_25_V_V, i8 %tmp_V_274)" [src/modules.hpp:887]   --->   Operation 145 'write' <Predicate = (!icmp_ln876)> <Delay = 1.83> <Core = "FIFO">   --->   Core 32 'FIFO' <Latency = 0> <II = 1> <Delay = 1.83> <Storage> <Opcode : 'read' 'write' 'nbread' 'nbwrite'> <Ports = 0> <Width = 32> <Depth = 2> <FIFO>
ST_3 : Operation 146 [1/1] (0.00ns)   --->   "%tmp_V_275 = call i8 @_ssdm_op_PartSelect.i8.i512.i32.i32(i512 %tmp_data_V_7, i32 208, i32 215)" [src/modules.hpp:886]   --->   Operation 146 'partselect' 'tmp_V_275' <Predicate = (!icmp_ln876)> <Delay = 0.00>
ST_3 : Operation 147 [1/1] (1.83ns)   --->   "call void @_ssdm_op_Write.ap_fifo.volatile.i8P(i8* %out_26_V_V, i8 %tmp_V_275)" [src/modules.hpp:887]   --->   Operation 147 'write' <Predicate = (!icmp_ln876)> <Delay = 1.83> <Core = "FIFO">   --->   Core 32 'FIFO' <Latency = 0> <II = 1> <Delay = 1.83> <Storage> <Opcode : 'read' 'write' 'nbread' 'nbwrite'> <Ports = 0> <Width = 32> <Depth = 2> <FIFO>
ST_3 : Operation 148 [1/1] (0.00ns)   --->   "%tmp_V_276 = call i8 @_ssdm_op_PartSelect.i8.i512.i32.i32(i512 %tmp_data_V_7, i32 216, i32 223)" [src/modules.hpp:886]   --->   Operation 148 'partselect' 'tmp_V_276' <Predicate = (!icmp_ln876)> <Delay = 0.00>
ST_3 : Operation 149 [1/1] (1.83ns)   --->   "call void @_ssdm_op_Write.ap_fifo.volatile.i8P(i8* %out_27_V_V, i8 %tmp_V_276)" [src/modules.hpp:887]   --->   Operation 149 'write' <Predicate = (!icmp_ln876)> <Delay = 1.83> <Core = "FIFO">   --->   Core 32 'FIFO' <Latency = 0> <II = 1> <Delay = 1.83> <Storage> <Opcode : 'read' 'write' 'nbread' 'nbwrite'> <Ports = 0> <Width = 32> <Depth = 2> <FIFO>
ST_3 : Operation 150 [1/1] (0.00ns)   --->   "%tmp_V_277 = call i8 @_ssdm_op_PartSelect.i8.i512.i32.i32(i512 %tmp_data_V_7, i32 224, i32 231)" [src/modules.hpp:886]   --->   Operation 150 'partselect' 'tmp_V_277' <Predicate = (!icmp_ln876)> <Delay = 0.00>
ST_3 : Operation 151 [1/1] (1.83ns)   --->   "call void @_ssdm_op_Write.ap_fifo.volatile.i8P(i8* %out_28_V_V, i8 %tmp_V_277)" [src/modules.hpp:887]   --->   Operation 151 'write' <Predicate = (!icmp_ln876)> <Delay = 1.83> <Core = "FIFO">   --->   Core 32 'FIFO' <Latency = 0> <II = 1> <Delay = 1.83> <Storage> <Opcode : 'read' 'write' 'nbread' 'nbwrite'> <Ports = 0> <Width = 32> <Depth = 2> <FIFO>
ST_3 : Operation 152 [1/1] (0.00ns)   --->   "%tmp_V_278 = call i8 @_ssdm_op_PartSelect.i8.i512.i32.i32(i512 %tmp_data_V_7, i32 232, i32 239)" [src/modules.hpp:886]   --->   Operation 152 'partselect' 'tmp_V_278' <Predicate = (!icmp_ln876)> <Delay = 0.00>
ST_3 : Operation 153 [1/1] (1.83ns)   --->   "call void @_ssdm_op_Write.ap_fifo.volatile.i8P(i8* %out_29_V_V, i8 %tmp_V_278)" [src/modules.hpp:887]   --->   Operation 153 'write' <Predicate = (!icmp_ln876)> <Delay = 1.83> <Core = "FIFO">   --->   Core 32 'FIFO' <Latency = 0> <II = 1> <Delay = 1.83> <Storage> <Opcode : 'read' 'write' 'nbread' 'nbwrite'> <Ports = 0> <Width = 32> <Depth = 2> <FIFO>
ST_3 : Operation 154 [1/1] (0.00ns)   --->   "%tmp_V_279 = call i8 @_ssdm_op_PartSelect.i8.i512.i32.i32(i512 %tmp_data_V_7, i32 240, i32 247)" [src/modules.hpp:886]   --->   Operation 154 'partselect' 'tmp_V_279' <Predicate = (!icmp_ln876)> <Delay = 0.00>
ST_3 : Operation 155 [1/1] (1.83ns)   --->   "call void @_ssdm_op_Write.ap_fifo.volatile.i8P(i8* %out_30_V_V, i8 %tmp_V_279)" [src/modules.hpp:887]   --->   Operation 155 'write' <Predicate = (!icmp_ln876)> <Delay = 1.83> <Core = "FIFO">   --->   Core 32 'FIFO' <Latency = 0> <II = 1> <Delay = 1.83> <Storage> <Opcode : 'read' 'write' 'nbread' 'nbwrite'> <Ports = 0> <Width = 32> <Depth = 2> <FIFO>
ST_3 : Operation 156 [1/1] (0.00ns)   --->   "%tmp_V_280 = call i8 @_ssdm_op_PartSelect.i8.i512.i32.i32(i512 %tmp_data_V_7, i32 248, i32 255)" [src/modules.hpp:886]   --->   Operation 156 'partselect' 'tmp_V_280' <Predicate = (!icmp_ln876)> <Delay = 0.00>
ST_3 : Operation 157 [1/1] (1.83ns)   --->   "call void @_ssdm_op_Write.ap_fifo.volatile.i8P(i8* %out_31_V_V, i8 %tmp_V_280)" [src/modules.hpp:887]   --->   Operation 157 'write' <Predicate = (!icmp_ln876)> <Delay = 1.83> <Core = "FIFO">   --->   Core 32 'FIFO' <Latency = 0> <II = 1> <Delay = 1.83> <Storage> <Opcode : 'read' 'write' 'nbread' 'nbwrite'> <Ports = 0> <Width = 32> <Depth = 2> <FIFO>
ST_3 : Operation 158 [1/1] (0.00ns)   --->   "%tmp_V_281 = call i8 @_ssdm_op_PartSelect.i8.i512.i32.i32(i512 %tmp_data_V_7, i32 256, i32 263)" [src/modules.hpp:886]   --->   Operation 158 'partselect' 'tmp_V_281' <Predicate = (!icmp_ln876)> <Delay = 0.00>
ST_3 : Operation 159 [1/1] (1.83ns)   --->   "call void @_ssdm_op_Write.ap_fifo.volatile.i8P(i8* %out_32_V_V, i8 %tmp_V_281)" [src/modules.hpp:887]   --->   Operation 159 'write' <Predicate = (!icmp_ln876)> <Delay = 1.83> <Core = "FIFO">   --->   Core 32 'FIFO' <Latency = 0> <II = 1> <Delay = 1.83> <Storage> <Opcode : 'read' 'write' 'nbread' 'nbwrite'> <Ports = 0> <Width = 32> <Depth = 2> <FIFO>
ST_3 : Operation 160 [1/1] (0.00ns)   --->   "%tmp_V_282 = call i8 @_ssdm_op_PartSelect.i8.i512.i32.i32(i512 %tmp_data_V_7, i32 264, i32 271)" [src/modules.hpp:886]   --->   Operation 160 'partselect' 'tmp_V_282' <Predicate = (!icmp_ln876)> <Delay = 0.00>
ST_3 : Operation 161 [1/1] (1.83ns)   --->   "call void @_ssdm_op_Write.ap_fifo.volatile.i8P(i8* %out_33_V_V, i8 %tmp_V_282)" [src/modules.hpp:887]   --->   Operation 161 'write' <Predicate = (!icmp_ln876)> <Delay = 1.83> <Core = "FIFO">   --->   Core 32 'FIFO' <Latency = 0> <II = 1> <Delay = 1.83> <Storage> <Opcode : 'read' 'write' 'nbread' 'nbwrite'> <Ports = 0> <Width = 32> <Depth = 2> <FIFO>
ST_3 : Operation 162 [1/1] (0.00ns)   --->   "%tmp_V_283 = call i8 @_ssdm_op_PartSelect.i8.i512.i32.i32(i512 %tmp_data_V_7, i32 272, i32 279)" [src/modules.hpp:886]   --->   Operation 162 'partselect' 'tmp_V_283' <Predicate = (!icmp_ln876)> <Delay = 0.00>
ST_3 : Operation 163 [1/1] (1.83ns)   --->   "call void @_ssdm_op_Write.ap_fifo.volatile.i8P(i8* %out_34_V_V, i8 %tmp_V_283)" [src/modules.hpp:887]   --->   Operation 163 'write' <Predicate = (!icmp_ln876)> <Delay = 1.83> <Core = "FIFO">   --->   Core 32 'FIFO' <Latency = 0> <II = 1> <Delay = 1.83> <Storage> <Opcode : 'read' 'write' 'nbread' 'nbwrite'> <Ports = 0> <Width = 32> <Depth = 2> <FIFO>
ST_3 : Operation 164 [1/1] (0.00ns)   --->   "%tmp_V_284 = call i8 @_ssdm_op_PartSelect.i8.i512.i32.i32(i512 %tmp_data_V_7, i32 280, i32 287)" [src/modules.hpp:886]   --->   Operation 164 'partselect' 'tmp_V_284' <Predicate = (!icmp_ln876)> <Delay = 0.00>
ST_3 : Operation 165 [1/1] (1.83ns)   --->   "call void @_ssdm_op_Write.ap_fifo.volatile.i8P(i8* %out_35_V_V, i8 %tmp_V_284)" [src/modules.hpp:887]   --->   Operation 165 'write' <Predicate = (!icmp_ln876)> <Delay = 1.83> <Core = "FIFO">   --->   Core 32 'FIFO' <Latency = 0> <II = 1> <Delay = 1.83> <Storage> <Opcode : 'read' 'write' 'nbread' 'nbwrite'> <Ports = 0> <Width = 32> <Depth = 2> <FIFO>
ST_3 : Operation 166 [1/1] (0.00ns)   --->   "%tmp_V_285 = call i8 @_ssdm_op_PartSelect.i8.i512.i32.i32(i512 %tmp_data_V_7, i32 288, i32 295)" [src/modules.hpp:886]   --->   Operation 166 'partselect' 'tmp_V_285' <Predicate = (!icmp_ln876)> <Delay = 0.00>
ST_3 : Operation 167 [1/1] (1.83ns)   --->   "call void @_ssdm_op_Write.ap_fifo.volatile.i8P(i8* %out_36_V_V, i8 %tmp_V_285)" [src/modules.hpp:887]   --->   Operation 167 'write' <Predicate = (!icmp_ln876)> <Delay = 1.83> <Core = "FIFO">   --->   Core 32 'FIFO' <Latency = 0> <II = 1> <Delay = 1.83> <Storage> <Opcode : 'read' 'write' 'nbread' 'nbwrite'> <Ports = 0> <Width = 32> <Depth = 2> <FIFO>
ST_3 : Operation 168 [1/1] (0.00ns)   --->   "%tmp_V_286 = call i8 @_ssdm_op_PartSelect.i8.i512.i32.i32(i512 %tmp_data_V_7, i32 296, i32 303)" [src/modules.hpp:886]   --->   Operation 168 'partselect' 'tmp_V_286' <Predicate = (!icmp_ln876)> <Delay = 0.00>
ST_3 : Operation 169 [1/1] (1.83ns)   --->   "call void @_ssdm_op_Write.ap_fifo.volatile.i8P(i8* %out_37_V_V, i8 %tmp_V_286)" [src/modules.hpp:887]   --->   Operation 169 'write' <Predicate = (!icmp_ln876)> <Delay = 1.83> <Core = "FIFO">   --->   Core 32 'FIFO' <Latency = 0> <II = 1> <Delay = 1.83> <Storage> <Opcode : 'read' 'write' 'nbread' 'nbwrite'> <Ports = 0> <Width = 32> <Depth = 2> <FIFO>
ST_3 : Operation 170 [1/1] (0.00ns)   --->   "%tmp_V_287 = call i8 @_ssdm_op_PartSelect.i8.i512.i32.i32(i512 %tmp_data_V_7, i32 304, i32 311)" [src/modules.hpp:886]   --->   Operation 170 'partselect' 'tmp_V_287' <Predicate = (!icmp_ln876)> <Delay = 0.00>
ST_3 : Operation 171 [1/1] (1.83ns)   --->   "call void @_ssdm_op_Write.ap_fifo.volatile.i8P(i8* %out_38_V_V, i8 %tmp_V_287)" [src/modules.hpp:887]   --->   Operation 171 'write' <Predicate = (!icmp_ln876)> <Delay = 1.83> <Core = "FIFO">   --->   Core 32 'FIFO' <Latency = 0> <II = 1> <Delay = 1.83> <Storage> <Opcode : 'read' 'write' 'nbread' 'nbwrite'> <Ports = 0> <Width = 32> <Depth = 2> <FIFO>
ST_3 : Operation 172 [1/1] (0.00ns)   --->   "%tmp_V_288 = call i8 @_ssdm_op_PartSelect.i8.i512.i32.i32(i512 %tmp_data_V_7, i32 312, i32 319)" [src/modules.hpp:886]   --->   Operation 172 'partselect' 'tmp_V_288' <Predicate = (!icmp_ln876)> <Delay = 0.00>
ST_3 : Operation 173 [1/1] (1.83ns)   --->   "call void @_ssdm_op_Write.ap_fifo.volatile.i8P(i8* %out_39_V_V, i8 %tmp_V_288)" [src/modules.hpp:887]   --->   Operation 173 'write' <Predicate = (!icmp_ln876)> <Delay = 1.83> <Core = "FIFO">   --->   Core 32 'FIFO' <Latency = 0> <II = 1> <Delay = 1.83> <Storage> <Opcode : 'read' 'write' 'nbread' 'nbwrite'> <Ports = 0> <Width = 32> <Depth = 2> <FIFO>
ST_3 : Operation 174 [1/1] (0.00ns)   --->   "%tmp_V_289 = call i8 @_ssdm_op_PartSelect.i8.i512.i32.i32(i512 %tmp_data_V_7, i32 320, i32 327)" [src/modules.hpp:886]   --->   Operation 174 'partselect' 'tmp_V_289' <Predicate = (!icmp_ln876)> <Delay = 0.00>
ST_3 : Operation 175 [1/1] (1.83ns)   --->   "call void @_ssdm_op_Write.ap_fifo.volatile.i8P(i8* %out_40_V_V, i8 %tmp_V_289)" [src/modules.hpp:887]   --->   Operation 175 'write' <Predicate = (!icmp_ln876)> <Delay = 1.83> <Core = "FIFO">   --->   Core 32 'FIFO' <Latency = 0> <II = 1> <Delay = 1.83> <Storage> <Opcode : 'read' 'write' 'nbread' 'nbwrite'> <Ports = 0> <Width = 32> <Depth = 2> <FIFO>
ST_3 : Operation 176 [1/1] (0.00ns)   --->   "%tmp_V_290 = call i8 @_ssdm_op_PartSelect.i8.i512.i32.i32(i512 %tmp_data_V_7, i32 328, i32 335)" [src/modules.hpp:886]   --->   Operation 176 'partselect' 'tmp_V_290' <Predicate = (!icmp_ln876)> <Delay = 0.00>
ST_3 : Operation 177 [1/1] (1.83ns)   --->   "call void @_ssdm_op_Write.ap_fifo.volatile.i8P(i8* %out_41_V_V, i8 %tmp_V_290)" [src/modules.hpp:887]   --->   Operation 177 'write' <Predicate = (!icmp_ln876)> <Delay = 1.83> <Core = "FIFO">   --->   Core 32 'FIFO' <Latency = 0> <II = 1> <Delay = 1.83> <Storage> <Opcode : 'read' 'write' 'nbread' 'nbwrite'> <Ports = 0> <Width = 32> <Depth = 2> <FIFO>
ST_3 : Operation 178 [1/1] (0.00ns)   --->   "%tmp_V_291 = call i8 @_ssdm_op_PartSelect.i8.i512.i32.i32(i512 %tmp_data_V_7, i32 336, i32 343)" [src/modules.hpp:886]   --->   Operation 178 'partselect' 'tmp_V_291' <Predicate = (!icmp_ln876)> <Delay = 0.00>
ST_3 : Operation 179 [1/1] (1.83ns)   --->   "call void @_ssdm_op_Write.ap_fifo.volatile.i8P(i8* %out_42_V_V, i8 %tmp_V_291)" [src/modules.hpp:887]   --->   Operation 179 'write' <Predicate = (!icmp_ln876)> <Delay = 1.83> <Core = "FIFO">   --->   Core 32 'FIFO' <Latency = 0> <II = 1> <Delay = 1.83> <Storage> <Opcode : 'read' 'write' 'nbread' 'nbwrite'> <Ports = 0> <Width = 32> <Depth = 2> <FIFO>
ST_3 : Operation 180 [1/1] (0.00ns)   --->   "%tmp_V_292 = call i8 @_ssdm_op_PartSelect.i8.i512.i32.i32(i512 %tmp_data_V_7, i32 344, i32 351)" [src/modules.hpp:886]   --->   Operation 180 'partselect' 'tmp_V_292' <Predicate = (!icmp_ln876)> <Delay = 0.00>
ST_3 : Operation 181 [1/1] (1.83ns)   --->   "call void @_ssdm_op_Write.ap_fifo.volatile.i8P(i8* %out_43_V_V, i8 %tmp_V_292)" [src/modules.hpp:887]   --->   Operation 181 'write' <Predicate = (!icmp_ln876)> <Delay = 1.83> <Core = "FIFO">   --->   Core 32 'FIFO' <Latency = 0> <II = 1> <Delay = 1.83> <Storage> <Opcode : 'read' 'write' 'nbread' 'nbwrite'> <Ports = 0> <Width = 32> <Depth = 2> <FIFO>
ST_3 : Operation 182 [1/1] (0.00ns)   --->   "%tmp_V_293 = call i8 @_ssdm_op_PartSelect.i8.i512.i32.i32(i512 %tmp_data_V_7, i32 352, i32 359)" [src/modules.hpp:886]   --->   Operation 182 'partselect' 'tmp_V_293' <Predicate = (!icmp_ln876)> <Delay = 0.00>
ST_3 : Operation 183 [1/1] (1.83ns)   --->   "call void @_ssdm_op_Write.ap_fifo.volatile.i8P(i8* %out_44_V_V, i8 %tmp_V_293)" [src/modules.hpp:887]   --->   Operation 183 'write' <Predicate = (!icmp_ln876)> <Delay = 1.83> <Core = "FIFO">   --->   Core 32 'FIFO' <Latency = 0> <II = 1> <Delay = 1.83> <Storage> <Opcode : 'read' 'write' 'nbread' 'nbwrite'> <Ports = 0> <Width = 32> <Depth = 2> <FIFO>
ST_3 : Operation 184 [1/1] (0.00ns)   --->   "%tmp_V_294 = call i8 @_ssdm_op_PartSelect.i8.i512.i32.i32(i512 %tmp_data_V_7, i32 360, i32 367)" [src/modules.hpp:886]   --->   Operation 184 'partselect' 'tmp_V_294' <Predicate = (!icmp_ln876)> <Delay = 0.00>
ST_3 : Operation 185 [1/1] (1.83ns)   --->   "call void @_ssdm_op_Write.ap_fifo.volatile.i8P(i8* %out_45_V_V, i8 %tmp_V_294)" [src/modules.hpp:887]   --->   Operation 185 'write' <Predicate = (!icmp_ln876)> <Delay = 1.83> <Core = "FIFO">   --->   Core 32 'FIFO' <Latency = 0> <II = 1> <Delay = 1.83> <Storage> <Opcode : 'read' 'write' 'nbread' 'nbwrite'> <Ports = 0> <Width = 32> <Depth = 2> <FIFO>
ST_3 : Operation 186 [1/1] (0.00ns)   --->   "%tmp_V_295 = call i8 @_ssdm_op_PartSelect.i8.i512.i32.i32(i512 %tmp_data_V_7, i32 368, i32 375)" [src/modules.hpp:886]   --->   Operation 186 'partselect' 'tmp_V_295' <Predicate = (!icmp_ln876)> <Delay = 0.00>
ST_3 : Operation 187 [1/1] (1.83ns)   --->   "call void @_ssdm_op_Write.ap_fifo.volatile.i8P(i8* %out_46_V_V, i8 %tmp_V_295)" [src/modules.hpp:887]   --->   Operation 187 'write' <Predicate = (!icmp_ln876)> <Delay = 1.83> <Core = "FIFO">   --->   Core 32 'FIFO' <Latency = 0> <II = 1> <Delay = 1.83> <Storage> <Opcode : 'read' 'write' 'nbread' 'nbwrite'> <Ports = 0> <Width = 32> <Depth = 2> <FIFO>
ST_3 : Operation 188 [1/1] (0.00ns)   --->   "%tmp_V_296 = call i8 @_ssdm_op_PartSelect.i8.i512.i32.i32(i512 %tmp_data_V_7, i32 376, i32 383)" [src/modules.hpp:886]   --->   Operation 188 'partselect' 'tmp_V_296' <Predicate = (!icmp_ln876)> <Delay = 0.00>
ST_3 : Operation 189 [1/1] (1.83ns)   --->   "call void @_ssdm_op_Write.ap_fifo.volatile.i8P(i8* %out_47_V_V, i8 %tmp_V_296)" [src/modules.hpp:887]   --->   Operation 189 'write' <Predicate = (!icmp_ln876)> <Delay = 1.83> <Core = "FIFO">   --->   Core 32 'FIFO' <Latency = 0> <II = 1> <Delay = 1.83> <Storage> <Opcode : 'read' 'write' 'nbread' 'nbwrite'> <Ports = 0> <Width = 32> <Depth = 2> <FIFO>
ST_3 : Operation 190 [1/1] (0.00ns)   --->   "%tmp_V_297 = call i8 @_ssdm_op_PartSelect.i8.i512.i32.i32(i512 %tmp_data_V_7, i32 384, i32 391)" [src/modules.hpp:886]   --->   Operation 190 'partselect' 'tmp_V_297' <Predicate = (!icmp_ln876)> <Delay = 0.00>
ST_3 : Operation 191 [1/1] (1.83ns)   --->   "call void @_ssdm_op_Write.ap_fifo.volatile.i8P(i8* %out_48_V_V, i8 %tmp_V_297)" [src/modules.hpp:887]   --->   Operation 191 'write' <Predicate = (!icmp_ln876)> <Delay = 1.83> <Core = "FIFO">   --->   Core 32 'FIFO' <Latency = 0> <II = 1> <Delay = 1.83> <Storage> <Opcode : 'read' 'write' 'nbread' 'nbwrite'> <Ports = 0> <Width = 32> <Depth = 2> <FIFO>
ST_3 : Operation 192 [1/1] (0.00ns)   --->   "%tmp_V_298 = call i8 @_ssdm_op_PartSelect.i8.i512.i32.i32(i512 %tmp_data_V_7, i32 392, i32 399)" [src/modules.hpp:886]   --->   Operation 192 'partselect' 'tmp_V_298' <Predicate = (!icmp_ln876)> <Delay = 0.00>
ST_3 : Operation 193 [1/1] (1.83ns)   --->   "call void @_ssdm_op_Write.ap_fifo.volatile.i8P(i8* %out_49_V_V, i8 %tmp_V_298)" [src/modules.hpp:887]   --->   Operation 193 'write' <Predicate = (!icmp_ln876)> <Delay = 1.83> <Core = "FIFO">   --->   Core 32 'FIFO' <Latency = 0> <II = 1> <Delay = 1.83> <Storage> <Opcode : 'read' 'write' 'nbread' 'nbwrite'> <Ports = 0> <Width = 32> <Depth = 2> <FIFO>
ST_3 : Operation 194 [1/1] (0.00ns)   --->   "%tmp_V_299 = call i8 @_ssdm_op_PartSelect.i8.i512.i32.i32(i512 %tmp_data_V_7, i32 400, i32 407)" [src/modules.hpp:886]   --->   Operation 194 'partselect' 'tmp_V_299' <Predicate = (!icmp_ln876)> <Delay = 0.00>
ST_3 : Operation 195 [1/1] (1.83ns)   --->   "call void @_ssdm_op_Write.ap_fifo.volatile.i8P(i8* %out_50_V_V, i8 %tmp_V_299)" [src/modules.hpp:887]   --->   Operation 195 'write' <Predicate = (!icmp_ln876)> <Delay = 1.83> <Core = "FIFO">   --->   Core 32 'FIFO' <Latency = 0> <II = 1> <Delay = 1.83> <Storage> <Opcode : 'read' 'write' 'nbread' 'nbwrite'> <Ports = 0> <Width = 32> <Depth = 2> <FIFO>
ST_3 : Operation 196 [1/1] (0.00ns)   --->   "%tmp_V_300 = call i8 @_ssdm_op_PartSelect.i8.i512.i32.i32(i512 %tmp_data_V_7, i32 408, i32 415)" [src/modules.hpp:886]   --->   Operation 196 'partselect' 'tmp_V_300' <Predicate = (!icmp_ln876)> <Delay = 0.00>
ST_3 : Operation 197 [1/1] (1.83ns)   --->   "call void @_ssdm_op_Write.ap_fifo.volatile.i8P(i8* %out_51_V_V, i8 %tmp_V_300)" [src/modules.hpp:887]   --->   Operation 197 'write' <Predicate = (!icmp_ln876)> <Delay = 1.83> <Core = "FIFO">   --->   Core 32 'FIFO' <Latency = 0> <II = 1> <Delay = 1.83> <Storage> <Opcode : 'read' 'write' 'nbread' 'nbwrite'> <Ports = 0> <Width = 32> <Depth = 2> <FIFO>
ST_3 : Operation 198 [1/1] (0.00ns)   --->   "%tmp_V_301 = call i8 @_ssdm_op_PartSelect.i8.i512.i32.i32(i512 %tmp_data_V_7, i32 416, i32 423)" [src/modules.hpp:886]   --->   Operation 198 'partselect' 'tmp_V_301' <Predicate = (!icmp_ln876)> <Delay = 0.00>
ST_3 : Operation 199 [1/1] (1.83ns)   --->   "call void @_ssdm_op_Write.ap_fifo.volatile.i8P(i8* %out_52_V_V, i8 %tmp_V_301)" [src/modules.hpp:887]   --->   Operation 199 'write' <Predicate = (!icmp_ln876)> <Delay = 1.83> <Core = "FIFO">   --->   Core 32 'FIFO' <Latency = 0> <II = 1> <Delay = 1.83> <Storage> <Opcode : 'read' 'write' 'nbread' 'nbwrite'> <Ports = 0> <Width = 32> <Depth = 2> <FIFO>
ST_3 : Operation 200 [1/1] (0.00ns)   --->   "%tmp_V_302 = call i8 @_ssdm_op_PartSelect.i8.i512.i32.i32(i512 %tmp_data_V_7, i32 424, i32 431)" [src/modules.hpp:886]   --->   Operation 200 'partselect' 'tmp_V_302' <Predicate = (!icmp_ln876)> <Delay = 0.00>
ST_3 : Operation 201 [1/1] (1.83ns)   --->   "call void @_ssdm_op_Write.ap_fifo.volatile.i8P(i8* %out_53_V_V, i8 %tmp_V_302)" [src/modules.hpp:887]   --->   Operation 201 'write' <Predicate = (!icmp_ln876)> <Delay = 1.83> <Core = "FIFO">   --->   Core 32 'FIFO' <Latency = 0> <II = 1> <Delay = 1.83> <Storage> <Opcode : 'read' 'write' 'nbread' 'nbwrite'> <Ports = 0> <Width = 32> <Depth = 2> <FIFO>
ST_3 : Operation 202 [1/1] (0.00ns)   --->   "%tmp_V_303 = call i8 @_ssdm_op_PartSelect.i8.i512.i32.i32(i512 %tmp_data_V_7, i32 432, i32 439)" [src/modules.hpp:886]   --->   Operation 202 'partselect' 'tmp_V_303' <Predicate = (!icmp_ln876)> <Delay = 0.00>
ST_3 : Operation 203 [1/1] (1.83ns)   --->   "call void @_ssdm_op_Write.ap_fifo.volatile.i8P(i8* %out_54_V_V, i8 %tmp_V_303)" [src/modules.hpp:887]   --->   Operation 203 'write' <Predicate = (!icmp_ln876)> <Delay = 1.83> <Core = "FIFO">   --->   Core 32 'FIFO' <Latency = 0> <II = 1> <Delay = 1.83> <Storage> <Opcode : 'read' 'write' 'nbread' 'nbwrite'> <Ports = 0> <Width = 32> <Depth = 2> <FIFO>
ST_3 : Operation 204 [1/1] (0.00ns)   --->   "%tmp_V_304 = call i8 @_ssdm_op_PartSelect.i8.i512.i32.i32(i512 %tmp_data_V_7, i32 440, i32 447)" [src/modules.hpp:886]   --->   Operation 204 'partselect' 'tmp_V_304' <Predicate = (!icmp_ln876)> <Delay = 0.00>
ST_3 : Operation 205 [1/1] (1.83ns)   --->   "call void @_ssdm_op_Write.ap_fifo.volatile.i8P(i8* %out_55_V_V, i8 %tmp_V_304)" [src/modules.hpp:887]   --->   Operation 205 'write' <Predicate = (!icmp_ln876)> <Delay = 1.83> <Core = "FIFO">   --->   Core 32 'FIFO' <Latency = 0> <II = 1> <Delay = 1.83> <Storage> <Opcode : 'read' 'write' 'nbread' 'nbwrite'> <Ports = 0> <Width = 32> <Depth = 2> <FIFO>
ST_3 : Operation 206 [1/1] (0.00ns)   --->   "%tmp_V_305 = call i8 @_ssdm_op_PartSelect.i8.i512.i32.i32(i512 %tmp_data_V_7, i32 448, i32 455)" [src/modules.hpp:886]   --->   Operation 206 'partselect' 'tmp_V_305' <Predicate = (!icmp_ln876)> <Delay = 0.00>
ST_3 : Operation 207 [1/1] (1.83ns)   --->   "call void @_ssdm_op_Write.ap_fifo.volatile.i8P(i8* %out_56_V_V, i8 %tmp_V_305)" [src/modules.hpp:887]   --->   Operation 207 'write' <Predicate = (!icmp_ln876)> <Delay = 1.83> <Core = "FIFO">   --->   Core 32 'FIFO' <Latency = 0> <II = 1> <Delay = 1.83> <Storage> <Opcode : 'read' 'write' 'nbread' 'nbwrite'> <Ports = 0> <Width = 32> <Depth = 2> <FIFO>
ST_3 : Operation 208 [1/1] (0.00ns)   --->   "%tmp_V_306 = call i8 @_ssdm_op_PartSelect.i8.i512.i32.i32(i512 %tmp_data_V_7, i32 456, i32 463)" [src/modules.hpp:886]   --->   Operation 208 'partselect' 'tmp_V_306' <Predicate = (!icmp_ln876)> <Delay = 0.00>
ST_3 : Operation 209 [1/1] (1.83ns)   --->   "call void @_ssdm_op_Write.ap_fifo.volatile.i8P(i8* %out_57_V_V, i8 %tmp_V_306)" [src/modules.hpp:887]   --->   Operation 209 'write' <Predicate = (!icmp_ln876)> <Delay = 1.83> <Core = "FIFO">   --->   Core 32 'FIFO' <Latency = 0> <II = 1> <Delay = 1.83> <Storage> <Opcode : 'read' 'write' 'nbread' 'nbwrite'> <Ports = 0> <Width = 32> <Depth = 2> <FIFO>
ST_3 : Operation 210 [1/1] (0.00ns)   --->   "%tmp_V_307 = call i8 @_ssdm_op_PartSelect.i8.i512.i32.i32(i512 %tmp_data_V_7, i32 464, i32 471)" [src/modules.hpp:886]   --->   Operation 210 'partselect' 'tmp_V_307' <Predicate = (!icmp_ln876)> <Delay = 0.00>
ST_3 : Operation 211 [1/1] (1.83ns)   --->   "call void @_ssdm_op_Write.ap_fifo.volatile.i8P(i8* %out_58_V_V, i8 %tmp_V_307)" [src/modules.hpp:887]   --->   Operation 211 'write' <Predicate = (!icmp_ln876)> <Delay = 1.83> <Core = "FIFO">   --->   Core 32 'FIFO' <Latency = 0> <II = 1> <Delay = 1.83> <Storage> <Opcode : 'read' 'write' 'nbread' 'nbwrite'> <Ports = 0> <Width = 32> <Depth = 2> <FIFO>
ST_3 : Operation 212 [1/1] (0.00ns)   --->   "%tmp_V_308 = call i8 @_ssdm_op_PartSelect.i8.i512.i32.i32(i512 %tmp_data_V_7, i32 472, i32 479)" [src/modules.hpp:886]   --->   Operation 212 'partselect' 'tmp_V_308' <Predicate = (!icmp_ln876)> <Delay = 0.00>
ST_3 : Operation 213 [1/1] (1.83ns)   --->   "call void @_ssdm_op_Write.ap_fifo.volatile.i8P(i8* %out_59_V_V, i8 %tmp_V_308)" [src/modules.hpp:887]   --->   Operation 213 'write' <Predicate = (!icmp_ln876)> <Delay = 1.83> <Core = "FIFO">   --->   Core 32 'FIFO' <Latency = 0> <II = 1> <Delay = 1.83> <Storage> <Opcode : 'read' 'write' 'nbread' 'nbwrite'> <Ports = 0> <Width = 32> <Depth = 2> <FIFO>
ST_3 : Operation 214 [1/1] (0.00ns)   --->   "%tmp_V_309 = call i8 @_ssdm_op_PartSelect.i8.i512.i32.i32(i512 %tmp_data_V_7, i32 480, i32 487)" [src/modules.hpp:886]   --->   Operation 214 'partselect' 'tmp_V_309' <Predicate = (!icmp_ln876)> <Delay = 0.00>
ST_3 : Operation 215 [1/1] (1.83ns)   --->   "call void @_ssdm_op_Write.ap_fifo.volatile.i8P(i8* %out_60_V_V, i8 %tmp_V_309)" [src/modules.hpp:887]   --->   Operation 215 'write' <Predicate = (!icmp_ln876)> <Delay = 1.83> <Core = "FIFO">   --->   Core 32 'FIFO' <Latency = 0> <II = 1> <Delay = 1.83> <Storage> <Opcode : 'read' 'write' 'nbread' 'nbwrite'> <Ports = 0> <Width = 32> <Depth = 2> <FIFO>
ST_3 : Operation 216 [1/1] (0.00ns)   --->   "%tmp_V_310 = call i8 @_ssdm_op_PartSelect.i8.i512.i32.i32(i512 %tmp_data_V_7, i32 488, i32 495)" [src/modules.hpp:886]   --->   Operation 216 'partselect' 'tmp_V_310' <Predicate = (!icmp_ln876)> <Delay = 0.00>
ST_3 : Operation 217 [1/1] (1.83ns)   --->   "call void @_ssdm_op_Write.ap_fifo.volatile.i8P(i8* %out_61_V_V, i8 %tmp_V_310)" [src/modules.hpp:887]   --->   Operation 217 'write' <Predicate = (!icmp_ln876)> <Delay = 1.83> <Core = "FIFO">   --->   Core 32 'FIFO' <Latency = 0> <II = 1> <Delay = 1.83> <Storage> <Opcode : 'read' 'write' 'nbread' 'nbwrite'> <Ports = 0> <Width = 32> <Depth = 2> <FIFO>
ST_3 : Operation 218 [1/1] (0.00ns)   --->   "%tmp_V_311 = call i8 @_ssdm_op_PartSelect.i8.i512.i32.i32(i512 %tmp_data_V_7, i32 496, i32 503)" [src/modules.hpp:886]   --->   Operation 218 'partselect' 'tmp_V_311' <Predicate = (!icmp_ln876)> <Delay = 0.00>
ST_3 : Operation 219 [1/1] (1.83ns)   --->   "call void @_ssdm_op_Write.ap_fifo.volatile.i8P(i8* %out_62_V_V, i8 %tmp_V_311)" [src/modules.hpp:887]   --->   Operation 219 'write' <Predicate = (!icmp_ln876)> <Delay = 1.83> <Core = "FIFO">   --->   Core 32 'FIFO' <Latency = 0> <II = 1> <Delay = 1.83> <Storage> <Opcode : 'read' 'write' 'nbread' 'nbwrite'> <Ports = 0> <Width = 32> <Depth = 2> <FIFO>
ST_3 : Operation 220 [1/1] (0.00ns)   --->   "%tmp_V_312 = call i8 @_ssdm_op_PartSelect.i8.i512.i32.i32(i512 %tmp_data_V_7, i32 504, i32 511)" [src/modules.hpp:886]   --->   Operation 220 'partselect' 'tmp_V_312' <Predicate = (!icmp_ln876)> <Delay = 0.00>
ST_3 : Operation 221 [1/1] (1.83ns)   --->   "call void @_ssdm_op_Write.ap_fifo.volatile.i8P(i8* %out_63_V_V, i8 %tmp_V_312)" [src/modules.hpp:887]   --->   Operation 221 'write' <Predicate = (!icmp_ln876)> <Delay = 1.83> <Core = "FIFO">   --->   Core 32 'FIFO' <Latency = 0> <II = 1> <Delay = 1.83> <Storage> <Opcode : 'read' 'write' 'nbread' 'nbwrite'> <Ports = 0> <Width = 32> <Depth = 2> <FIFO>
ST_3 : Operation 222 [1/1] (0.00ns)   --->   "%empty_335 = call i32 (...)* @_ssdm_op_SpecRegionEnd([12 x i8]* @p_str57, i32 %tmp_s)" [src/modules.hpp:891]   --->   Operation 222 'specregionend' 'empty_335' <Predicate = (!icmp_ln876)> <Delay = 0.00>
ST_3 : Operation 223 [1/1] (0.00ns)   --->   "%empty_336 = call i32 (...)* @_ssdm_op_SpecRegionEnd([12 x i8]* @p_str56, i32 %tmp)" [src/modules.hpp:892]   --->   Operation 223 'specregionend' 'empty_336' <Predicate = (!icmp_ln876)> <Delay = 0.00>
ST_3 : Operation 224 [1/1] (0.00ns)   --->   "br label %1" [src/modules.hpp:876]   --->   Operation 224 'br' <Predicate = (!icmp_ln876)> <Delay = 0.00>

State 4 <SV = 2> <Delay = 0.00>
ST_4 : Operation 225 [1/1] (0.00ns)   --->   "ret void" [src/modules.hpp:893]   --->   Operation 225 'ret' <Predicate = true> <Delay = 0.00>


============================================================
+ Verbose Summary: Timing violations
============================================================
Target clock period: 5ns, clock uncertainty: 0.625ns.

 <State 1>: 3.68ns
The critical path consists of the following:
	fifo read on port 'in_0_V_data_V' (src/modules.hpp:863) [145]  (1.84 ns)
	fifo write on port 'out_compute_n_r_0_V_V' (src/modules.hpp:868) [148]  (1.84 ns)

 <State 2>: 1.02ns
The critical path consists of the following:
	'phi' operation ('i') with incoming values : ('i', src/modules.hpp:876) [153]  (0 ns)
	'add' operation ('i', src/modules.hpp:876) [155]  (1.02 ns)

 <State 3>: 3.68ns
The critical path consists of the following:
	fifo read on port 'in_0_V_data_V' (src/modules.hpp:880) [162]  (1.84 ns)
	fifo write on port 'out_0_V_V' (src/modules.hpp:887) [165]  (1.84 ns)

 <State 4>: 0ns
The critical path consists of the following:


============================================================
+ Verbose Summary: Binding
============================================================
N/A
* FSMD analyzer results:
  - Output states:
 - Input state : 
  - Chain level:
	State 1
	State 2
	State 3
	State 4


============================================================
+ Verbose Summary: Datapath Resource usage 
============================================================
N/A
