

================================================================
== Vivado HLS Report for 'kernel_4'
================================================================
* Date:           Fri Jan 13 09:14:03 2023

* Version:        2019.1 (Build 2552052 on Fri May 24 15:28:33 MDT 2019)
* Project:        hls_project
* Solution:       solution_1
* Product family: zynquplus
* Target device:  xczu19eg-ffvc1760-2-i


================================================================
== Performance Estimates
================================================================
+ Timing (ns): 
    * Summary: 
    +--------+-------+----------+------------+
    |  Clock | Target| Estimated| Uncertainty|
    +--------+-------+----------+------------+
    |ap_clk  |   5.00|     4.371|        0.62|
    +--------+-------+----------+------------+

+ Latency (clock cycles): 
    * Summary: 
    +-----+----------+-----+----------+----------+
    |     Latency    |    Interval    | Pipeline |
    | min |    max   | min |    max   |   Type   |
    +-----+----------+-----+----------+----------+
    |  272|  16776775|  133|  16776710| dataflow |
    +-----+----------+-----+----------+----------+

    + Detail: 
        * Instance: 
        N/A

        * Loop: 
        N/A

============================================================
+ Verbose Summary: Synthesis Manager
============================================================
InlineROM: 1
ExposeGlobal: 0
============================================================
+ Verbose Summary: CDFG Model
============================================================
IsTopModel: 1
ResetActiveHigh: 1
IsCombinational: 2
IsDatapathOnly: 0
HasWiredReturn: 1
HasMFsm: 0
HasVarLatency: 1
IsPipeline: 0
IsRtlPipelined: 0
IsInstanceOverlapped: 0
IsDontTouch: 0
HasImplIP: 0
IsGatedGlobalClock: 0


============================================================
+ Verbose Summary: Schedule
============================================================
* Number of FSM states : 6
* Pipeline : 0
* Dataflow Pipeline: 1
  DF-Pipeline-0: Size = 6, States = { 1 2 3 4 5 6 }

* FSM state transitions: 
1 --> 2 
2 --> 3 
3 --> 4 
4 --> 5 
5 --> 6 
6 --> 

* FSM state operations: 

State 1 <SV = 0> <Delay = 0.00>
ST_1 : Operation 7 [1/1] (0.00ns)   --->   "%pipe_1_V_data_V = alloca i512, align 8" [src/top.cpp:13]   --->   Operation 7 'alloca' 'pipe_1_V_data_V' <Predicate = true> <Delay = 0.00> <Core = "FIFO">   --->   Core 32 'FIFO' <Latency = 0> <II = 1> <Delay = 1.83> <Storage> <Opcode : 'read' 'write' 'nbread' 'nbwrite'> <Ports = 0> <Width = 32> <Depth = 2> <FIFO>
ST_1 : Operation 8 [1/1] (0.00ns)   --->   "%pipe_1_V_id_V = alloca i8, align 1" [src/top.cpp:13]   --->   Operation 8 'alloca' 'pipe_1_V_id_V' <Predicate = true> <Delay = 0.00> <Core = "FIFO">   --->   Core 32 'FIFO' <Latency = 0> <II = 1> <Delay = 1.83> <Storage> <Opcode : 'read' 'write' 'nbread' 'nbwrite'> <Ports = 0> <Width = 32> <Depth = 2> <FIFO>
ST_1 : Operation 9 [1/1] (0.00ns)   --->   "%pipe_1_V_dest_V = alloca i8, align 1" [src/top.cpp:13]   --->   Operation 9 'alloca' 'pipe_1_V_dest_V' <Predicate = true> <Delay = 0.00> <Core = "FIFO">   --->   Core 32 'FIFO' <Latency = 0> <II = 1> <Delay = 1.83> <Storage> <Opcode : 'read' 'write' 'nbread' 'nbwrite'> <Ports = 0> <Width = 32> <Depth = 2> <FIFO>
ST_1 : Operation 10 [1/1] (0.00ns)   --->   "%pipe_1_V_user_V = alloca i16, align 2" [src/top.cpp:13]   --->   Operation 10 'alloca' 'pipe_1_V_user_V' <Predicate = true> <Delay = 0.00> <Core = "FIFO">   --->   Core 32 'FIFO' <Latency = 0> <II = 1> <Delay = 1.83> <Storage> <Opcode : 'read' 'write' 'nbread' 'nbwrite'> <Ports = 0> <Width = 32> <Depth = 2> <FIFO>
ST_1 : Operation 11 [1/1] (0.00ns)   --->   "%pipe_1_V_last_V = alloca i1, align 1" [src/top.cpp:13]   --->   Operation 11 'alloca' 'pipe_1_V_last_V' <Predicate = true> <Delay = 0.00> <Core = "FIFO">   --->   Core 32 'FIFO' <Latency = 0> <II = 1> <Delay = 1.83> <Storage> <Opcode : 'read' 'write' 'nbread' 'nbwrite'> <Ports = 0> <Width = 32> <Depth = 2> <FIFO>

State 2 <SV = 1> <Delay = 0.00>
ST_2 : Operation 12 [2/2] (0.00ns)   --->   "call fastcc void @AttentionMatmul(i512* %in_V_data_V, i8* %in_V_id_V, i8* %in_V_dest_V, i16* %in_V_user_V, i1* %in_V_last_V, i512* %pipe_1_V_data_V, i8* %pipe_1_V_id_V, i8* %pipe_1_V_dest_V, i16* %pipe_1_V_user_V, i1* %pipe_1_V_last_V)" [src/top.cpp:14]   --->   Operation 12 'call' <Predicate = true> <Delay = 0.00> <CoreType = "Generic">   --->   Core 0 '' <Latency = 0> <II = 1> <Delay = 1.00> <Generic> <Opcode : >

State 3 <SV = 2> <Delay = 0.00>
ST_3 : Operation 13 [1/2] (0.00ns)   --->   "call fastcc void @AttentionMatmul(i512* %in_V_data_V, i8* %in_V_id_V, i8* %in_V_dest_V, i16* %in_V_user_V, i1* %in_V_last_V, i512* %pipe_1_V_data_V, i8* %pipe_1_V_id_V, i8* %pipe_1_V_dest_V, i16* %pipe_1_V_user_V, i1* %pipe_1_V_last_V)" [src/top.cpp:14]   --->   Operation 13 'call' <Predicate = true> <Delay = 0.00> <CoreType = "Generic">   --->   Core 0 '' <Latency = 0> <II = 1> <Delay = 1.00> <Generic> <Opcode : >

State 4 <SV = 3> <Delay = 0.00>
ST_4 : Operation 14 [2/2] (0.00ns)   --->   "call fastcc void @Softmax130(i512* %pipe_1_V_data_V, i8* %pipe_1_V_id_V, i8* %pipe_1_V_dest_V, i16* %pipe_1_V_user_V, i1* %pipe_1_V_last_V, i512* %out_V_data_V, i8* %out_V_id_V, i8* %out_V_dest_V, i16* %out_V_user_V, i1* %out_V_last_V)" [src/top.cpp:21]   --->   Operation 14 'call' <Predicate = true> <Delay = 0.00> <CoreType = "Generic">   --->   Core 0 '' <Latency = 0> <II = 1> <Delay = 1.00> <Generic> <Opcode : >

State 5 <SV = 4> <Delay = 0.00>
ST_5 : Operation 15 [1/2] (0.00ns)   --->   "call fastcc void @Softmax130(i512* %pipe_1_V_data_V, i8* %pipe_1_V_id_V, i8* %pipe_1_V_dest_V, i16* %pipe_1_V_user_V, i1* %pipe_1_V_last_V, i512* %out_V_data_V, i8* %out_V_id_V, i8* %out_V_dest_V, i16* %out_V_user_V, i1* %out_V_last_V)" [src/top.cpp:21]   --->   Operation 15 'call' <Predicate = true> <Delay = 0.00> <CoreType = "Generic">   --->   Core 0 '' <Latency = 0> <II = 1> <Delay = 1.00> <Generic> <Opcode : >

State 6 <SV = 5> <Delay = 0.00>
ST_6 : Operation 16 [1/1] (0.00ns)   --->   "call void (...)* @_ssdm_op_SpecDataflowPipeline(i32 -1, i32 0, [1 x i8]* @p_str1) nounwind" [src/top.cpp:12]   --->   Operation 16 'specdataflowpipeline' <Predicate = true> <Delay = 0.00>
ST_6 : Operation 17 [1/1] (0.00ns)   --->   "call void (...)* @_ssdm_op_SpecBitsMap(i512* %in_V_data_V), !map !314"   --->   Operation 17 'specbitsmap' <Predicate = true> <Delay = 0.00>
ST_6 : Operation 18 [1/1] (0.00ns)   --->   "call void (...)* @_ssdm_op_SpecBitsMap(i8* %in_V_id_V), !map !320"   --->   Operation 18 'specbitsmap' <Predicate = true> <Delay = 0.00>
ST_6 : Operation 19 [1/1] (0.00ns)   --->   "call void (...)* @_ssdm_op_SpecBitsMap(i8* %in_V_dest_V), !map !324"   --->   Operation 19 'specbitsmap' <Predicate = true> <Delay = 0.00>
ST_6 : Operation 20 [1/1] (0.00ns)   --->   "call void (...)* @_ssdm_op_SpecBitsMap(i16* %in_V_user_V), !map !328"   --->   Operation 20 'specbitsmap' <Predicate = true> <Delay = 0.00>
ST_6 : Operation 21 [1/1] (0.00ns)   --->   "call void (...)* @_ssdm_op_SpecBitsMap(i1* %in_V_last_V), !map !332"   --->   Operation 21 'specbitsmap' <Predicate = true> <Delay = 0.00>
ST_6 : Operation 22 [1/1] (0.00ns)   --->   "call void (...)* @_ssdm_op_SpecBitsMap(i512* %out_V_data_V), !map !336"   --->   Operation 22 'specbitsmap' <Predicate = true> <Delay = 0.00>
ST_6 : Operation 23 [1/1] (0.00ns)   --->   "call void (...)* @_ssdm_op_SpecBitsMap(i8* %out_V_id_V), !map !340"   --->   Operation 23 'specbitsmap' <Predicate = true> <Delay = 0.00>
ST_6 : Operation 24 [1/1] (0.00ns)   --->   "call void (...)* @_ssdm_op_SpecBitsMap(i8* %out_V_dest_V), !map !344"   --->   Operation 24 'specbitsmap' <Predicate = true> <Delay = 0.00>
ST_6 : Operation 25 [1/1] (0.00ns)   --->   "call void (...)* @_ssdm_op_SpecBitsMap(i16* %out_V_user_V), !map !348"   --->   Operation 25 'specbitsmap' <Predicate = true> <Delay = 0.00>
ST_6 : Operation 26 [1/1] (0.00ns)   --->   "call void (...)* @_ssdm_op_SpecBitsMap(i1* %out_V_last_V), !map !352"   --->   Operation 26 'specbitsmap' <Predicate = true> <Delay = 0.00>
ST_6 : Operation 27 [1/1] (0.00ns)   --->   "call void (...)* @_ssdm_op_SpecTopModule([9 x i8]* @kernel_4_str) nounwind"   --->   Operation 27 'spectopmodule' <Predicate = true> <Delay = 0.00>
ST_6 : Operation 28 [1/1] (0.00ns)   --->   "%empty = call i32 (...)* @_ssdm_op_SpecChannel([16 x i8]* @pipe_1_OC_V_OC_data_s, i32 1, [1 x i8]* @p_str154, [1 x i8]* @p_str154, i32 2, i32 2, i512* %pipe_1_V_data_V, i512* %pipe_1_V_data_V)"   --->   Operation 28 'specchannel' 'empty' <Predicate = true> <Delay = 0.00>
ST_6 : Operation 29 [1/1] (0.00ns)   --->   "call void (...)* @_ssdm_op_SpecInterface(i512* %pipe_1_V_data_V, [8 x i8]* @ap_fifo_str, i32 0, i32 0, [1 x i8]* @p_str155, i32 0, i32 0, [1 x i8]* @p_str156, [1 x i8]* @p_str157, [1 x i8]* @p_str158, i32 2, i32 2, i32 16, i32 16, [1 x i8]* @p_str159, [1 x i8]* @p_str160)"   --->   Operation 29 'specinterface' <Predicate = true> <Delay = 0.00>
ST_6 : Operation 30 [1/1] (0.00ns)   --->   "%empty_43 = call i32 (...)* @_ssdm_op_SpecChannel([14 x i8]* @pipe_1_OC_V_OC_id_OC, i32 1, [1 x i8]* @p_str161, [1 x i8]* @p_str161, i32 2, i32 2, i8* %pipe_1_V_id_V, i8* %pipe_1_V_id_V)"   --->   Operation 30 'specchannel' 'empty_43' <Predicate = true> <Delay = 0.00>
ST_6 : Operation 31 [1/1] (0.00ns)   --->   "call void (...)* @_ssdm_op_SpecInterface(i8* %pipe_1_V_id_V, [8 x i8]* @ap_fifo_str, i32 0, i32 0, [1 x i8]* @p_str162, i32 0, i32 0, [1 x i8]* @p_str163, [1 x i8]* @p_str164, [1 x i8]* @p_str165, i32 2, i32 2, i32 16, i32 16, [1 x i8]* @p_str166, [1 x i8]* @p_str167)"   --->   Operation 31 'specinterface' <Predicate = true> <Delay = 0.00>
ST_6 : Operation 32 [1/1] (0.00ns)   --->   "%empty_44 = call i32 (...)* @_ssdm_op_SpecChannel([16 x i8]* @pipe_1_OC_V_OC_dest_s, i32 1, [1 x i8]* @p_str168, [1 x i8]* @p_str168, i32 2, i32 2, i8* %pipe_1_V_dest_V, i8* %pipe_1_V_dest_V)"   --->   Operation 32 'specchannel' 'empty_44' <Predicate = true> <Delay = 0.00>
ST_6 : Operation 33 [1/1] (0.00ns)   --->   "call void (...)* @_ssdm_op_SpecInterface(i8* %pipe_1_V_dest_V, [8 x i8]* @ap_fifo_str, i32 0, i32 0, [1 x i8]* @p_str169, i32 0, i32 0, [1 x i8]* @p_str170, [1 x i8]* @p_str171, [1 x i8]* @p_str172, i32 2, i32 2, i32 16, i32 16, [1 x i8]* @p_str173, [1 x i8]* @p_str174)"   --->   Operation 33 'specinterface' <Predicate = true> <Delay = 0.00>
ST_6 : Operation 34 [1/1] (0.00ns)   --->   "%empty_45 = call i32 (...)* @_ssdm_op_SpecChannel([16 x i8]* @pipe_1_OC_V_OC_user_s, i32 1, [1 x i8]* @p_str175, [1 x i8]* @p_str175, i32 2, i32 2, i16* %pipe_1_V_user_V, i16* %pipe_1_V_user_V)"   --->   Operation 34 'specchannel' 'empty_45' <Predicate = true> <Delay = 0.00>
ST_6 : Operation 35 [1/1] (0.00ns)   --->   "call void (...)* @_ssdm_op_SpecInterface(i16* %pipe_1_V_user_V, [8 x i8]* @ap_fifo_str, i32 0, i32 0, [1 x i8]* @p_str176, i32 0, i32 0, [1 x i8]* @p_str177, [1 x i8]* @p_str178, [1 x i8]* @p_str179, i32 2, i32 2, i32 16, i32 16, [1 x i8]* @p_str180, [1 x i8]* @p_str181)"   --->   Operation 35 'specinterface' <Predicate = true> <Delay = 0.00>
ST_6 : Operation 36 [1/1] (0.00ns)   --->   "%empty_46 = call i32 (...)* @_ssdm_op_SpecChannel([16 x i8]* @pipe_1_OC_V_OC_last_s, i32 1, [1 x i8]* @p_str182, [1 x i8]* @p_str182, i32 2, i32 2, i1* %pipe_1_V_last_V, i1* %pipe_1_V_last_V)"   --->   Operation 36 'specchannel' 'empty_46' <Predicate = true> <Delay = 0.00>
ST_6 : Operation 37 [1/1] (0.00ns)   --->   "call void (...)* @_ssdm_op_SpecInterface(i1* %pipe_1_V_last_V, [8 x i8]* @ap_fifo_str, i32 0, i32 0, [1 x i8]* @p_str183, i32 0, i32 0, [1 x i8]* @p_str184, [1 x i8]* @p_str185, [1 x i8]* @p_str186, i32 2, i32 2, i32 16, i32 16, [1 x i8]* @p_str187, [1 x i8]* @p_str188)"   --->   Operation 37 'specinterface' <Predicate = true> <Delay = 0.00>
ST_6 : Operation 38 [1/1] (0.00ns)   --->   "call void (...)* @_ssdm_op_SpecInterface(i32 0, [13 x i8]* @p_str, i32 0, i32 0, [1 x i8]* @p_str1, i32 0, i32 0, [1 x i8]* @p_str1, [1 x i8]* @p_str1, [1 x i8]* @p_str1, i32 0, i32 0, i32 0, i32 0, [1 x i8]* @p_str1, [1 x i8]* @p_str1) nounwind" [src/top.cpp:9]   --->   Operation 38 'specinterface' <Predicate = true> <Delay = 0.00>
ST_6 : Operation 39 [1/1] (0.00ns)   --->   "call void (...)* @_ssdm_op_SpecInterface(i512* %in_V_data_V, i8* %in_V_id_V, i8* %in_V_dest_V, i16* %in_V_user_V, i1* %in_V_last_V, [5 x i8]* @p_str2, i32 1, i32 1, [5 x i8]* @p_str3, i32 0, i32 0, [1 x i8]* @p_str1, [1 x i8]* @p_str1, [1 x i8]* @p_str1, i32 0, i32 0, i32 0, i32 0, [1 x i8]* @p_str1, [1 x i8]* @p_str1) nounwind" [src/top.cpp:10]   --->   Operation 39 'specinterface' <Predicate = true> <Delay = 0.00>
ST_6 : Operation 40 [1/1] (0.00ns)   --->   "call void (...)* @_ssdm_op_SpecInterface(i512* %out_V_data_V, i8* %out_V_id_V, i8* %out_V_dest_V, i16* %out_V_user_V, i1* %out_V_last_V, [5 x i8]* @p_str2, i32 1, i32 1, [5 x i8]* @p_str3, i32 0, i32 0, [1 x i8]* @p_str1, [1 x i8]* @p_str1, [1 x i8]* @p_str1, i32 0, i32 0, i32 0, i32 0, [1 x i8]* @p_str1, [1 x i8]* @p_str1) nounwind" [src/top.cpp:11]   --->   Operation 40 'specinterface' <Predicate = true> <Delay = 0.00>
ST_6 : Operation 41 [1/1] (0.00ns)   --->   "ret void" [src/top.cpp:23]   --->   Operation 41 'ret' <Predicate = true> <Delay = 0.00>


============================================================
+ Verbose Summary: Timing violations
============================================================
Target clock period: 5ns, clock uncertainty: 0.625ns.

 <State 1>: 0ns
The critical path consists of the following:

 <State 2>: 0ns
The critical path consists of the following:

 <State 3>: 0ns
The critical path consists of the following:

 <State 4>: 0ns
The critical path consists of the following:

 <State 5>: 0ns
The critical path consists of the following:

 <State 6>: 0ns
The critical path consists of the following:


============================================================
+ Verbose Summary: Binding
============================================================
N/A
* FSMD analyzer results:
  - Output states:
 - Input state : 
  - Chain level:
	State 1
	State 2
	State 3
	State 4
	State 5
	State 6


============================================================
+ Verbose Summary: Datapath Resource usage 
============================================================
N/A
