

================================================================
== Vivado HLS Report for 'Softmax130'
================================================================
* Date:           Fri Jan 13 09:14:02 2023

* Version:        2019.1 (Build 2552052 on Fri May 24 15:28:33 MDT 2019)
* Project:        hls_project
* Solution:       solution_1
* Product family: zynquplus
* Target device:  xczu19eg-ffvc1760-2-i


================================================================
== Performance Estimates
================================================================
+ Timing (ns): 
    * Summary: 
    +--------+-------+----------+------------+
    |  Clock | Target| Estimated| Uncertainty|
    +--------+-------+----------+------------+
    |ap_clk  |   5.00|     4.320|        0.62|
    +--------+-------+----------+------------+

+ Latency (clock cycles): 
    * Summary: 
    +-----+----------+-----+----------+----------+
    |     Latency    |    Interval    | Pipeline |
    | min |    max   | min |    max   |   Type   |
    +-----+----------+-----+----------+----------+
    |   73|  16776763|   58|  16776710| dataflow |
    +-----+----------+-----+----------+----------+

    + Detail: 
        * Instance: 
        +---------------------------------+----------------------+-----+----------+-----+----------+---------+
        |                                 |                      |     Latency    |    Interval    | Pipeline|
        |             Instance            |        Module        | min |    max   | min |    max   |   Type  |
        +---------------------------------+----------------------+-----+----------+-----+----------+---------+
        |grp_softmax_process_2134_fu_356  |softmax_process_2134  |   57|     86017|   57|     86017|   none  |
        |grp_softmax_save_data131_fu_365  |softmax_save_data131  |   17|     40449|   17|     40449|   none  |
        |grp_softmax_write_out135_fu_383  |softmax_write_out135  |    3|  16776709|    3|  16776709|   none  |
        |grp_softmax_process_1132_fu_400  |softmax_process_1132  |   18|     32778|   18|     32778|   none  |
        |grp_softmax_QuantAct_1_c_fu_410  |softmax_QuantAct_1_c  |   14|     32774|   14|     32774|   none  |
        +---------------------------------+----------------------+-----+----------+-----+----------+---------+

        * Loop: 
        N/A

============================================================
+ Verbose Summary: Synthesis Manager
============================================================
InlineROM: 1
ExposeGlobal: 0
============================================================
+ Verbose Summary: CDFG Model
============================================================
IsTopModel: 0
ResetActiveHigh: 1
IsCombinational: 2
IsDatapathOnly: 0
HasWiredReturn: 1
HasMFsm: 0
HasVarLatency: 1
IsPipeline: 0
IsRtlPipelined: 0
IsInstanceOverlapped: 0
IsDontTouch: 0
HasImplIP: 0
IsGatedGlobalClock: 0


============================================================
+ Verbose Summary: Schedule
============================================================
* Number of FSM states : 11
* Pipeline : 0
* Dataflow Pipeline: 1
  DF-Pipeline-0: Size = 11, States = { 1 2 3 4 5 6 7 8 9 10 11 }

* FSM state transitions: 
1 --> 2 
2 --> 3 
3 --> 4 
4 --> 5 
5 --> 6 
6 --> 7 
7 --> 8 
8 --> 9 
9 --> 10 
10 --> 11 
11 --> 

* FSM state operations: 

State 1 <SV = 0> <Delay = 0.00>
ST_1 : Operation 12 [1/1] (0.00ns)   --->   "%in_write_n_V_V = alloca i96, align 8" [src/modules.hpp:2032]   --->   Operation 12 'alloca' 'in_write_n_V_V' <Predicate = true> <Delay = 0.00> <Core = "FIFO">   --->   Core 32 'FIFO' <Latency = 0> <II = 1> <Delay = 1.83> <Storage> <Opcode : 'read' 'write' 'nbread' 'nbwrite'> <Ports = 0> <Width = 32> <Depth = 2> <FIFO>
ST_1 : Operation 13 [1/1] (0.00ns)   --->   "%in_proc_1_iter_r_V_V = alloca i32, align 4" [src/modules.hpp:2033]   --->   Operation 13 'alloca' 'in_proc_1_iter_r_V_V' <Predicate = true> <Delay = 0.00> <Core = "FIFO">   --->   Core 32 'FIFO' <Latency = 0> <II = 1> <Delay = 1.83> <Storage> <Opcode : 'read' 'write' 'nbread' 'nbwrite'> <Ports = 0> <Width = 32> <Depth = 2> <FIFO>
ST_1 : Operation 14 [1/1] (0.00ns)   --->   "%in_proc_1_iter_c_V_V = alloca i32, align 4" [src/modules.hpp:2034]   --->   Operation 14 'alloca' 'in_proc_1_iter_c_V_V' <Predicate = true> <Delay = 0.00> <Core = "FIFO">   --->   Core 32 'FIFO' <Latency = 0> <II = 1> <Delay = 1.83> <Storage> <Opcode : 'read' 'write' 'nbread' 'nbwrite'> <Ports = 0> <Width = 32> <Depth = 2> <FIFO>
ST_1 : Operation 15 [1/1] (0.00ns)   --->   "%in_proc_1_V_V = alloca i64, align 8" [src/modules.hpp:2035]   --->   Operation 15 'alloca' 'in_proc_1_V_V' <Predicate = true> <Delay = 0.00> <Core = "FIFO">   --->   Core 32 'FIFO' <Latency = 0> <II = 1> <Delay = 1.83> <Storage> <Opcode : 'read' 'write' 'nbread' 'nbwrite'> <Ports = 0> <Width = 32> <Depth = 2> <FIFO>
ST_1 : Operation 16 [1/1] (0.00ns)   --->   "%in_quant_iter_r_V_V = alloca i32, align 4" [src/modules.hpp:2036]   --->   Operation 16 'alloca' 'in_quant_iter_r_V_V' <Predicate = true> <Delay = 0.00> <Core = "FIFO">   --->   Core 32 'FIFO' <Latency = 0> <II = 1> <Delay = 1.83> <Storage> <Opcode : 'read' 'write' 'nbread' 'nbwrite'> <Ports = 0> <Width = 32> <Depth = 2> <FIFO>
ST_1 : Operation 17 [1/1] (0.00ns)   --->   "%in_quant_iter_c_V_V = alloca i32, align 4" [src/modules.hpp:2037]   --->   Operation 17 'alloca' 'in_quant_iter_c_V_V' <Predicate = true> <Delay = 0.00> <Core = "FIFO">   --->   Core 32 'FIFO' <Latency = 0> <II = 1> <Delay = 1.83> <Storage> <Opcode : 'read' 'write' 'nbread' 'nbwrite'> <Ports = 0> <Width = 32> <Depth = 2> <FIFO>
ST_1 : Operation 18 [1/1] (0.00ns)   --->   "%in_quant_V_V = alloca i128, align 8" [src/modules.hpp:2038]   --->   Operation 18 'alloca' 'in_quant_V_V' <Predicate = true> <Delay = 0.00> <Core = "FIFO">   --->   Core 32 'FIFO' <Latency = 0> <II = 1> <Delay = 1.83> <Storage> <Opcode : 'read' 'write' 'nbread' 'nbwrite'> <Ports = 0> <Width = 32> <Depth = 2> <FIFO>
ST_1 : Operation 19 [1/1] (0.00ns)   --->   "%in_proc_2_iter_r_V_V = alloca i32, align 4" [src/modules.hpp:2039]   --->   Operation 19 'alloca' 'in_proc_2_iter_r_V_V' <Predicate = true> <Delay = 0.00> <Core = "FIFO">   --->   Core 32 'FIFO' <Latency = 0> <II = 1> <Delay = 1.83> <Storage> <Opcode : 'read' 'write' 'nbread' 'nbwrite'> <Ports = 0> <Width = 32> <Depth = 2> <FIFO>
ST_1 : Operation 20 [1/1] (0.00ns)   --->   "%in_proc_2_iter_c_V_V = alloca i32, align 4" [src/modules.hpp:2040]   --->   Operation 20 'alloca' 'in_proc_2_iter_c_V_V' <Predicate = true> <Delay = 0.00> <Core = "FIFO">   --->   Core 32 'FIFO' <Latency = 0> <II = 1> <Delay = 1.83> <Storage> <Opcode : 'read' 'write' 'nbread' 'nbwrite'> <Ports = 0> <Width = 32> <Depth = 2> <FIFO>
ST_1 : Operation 21 [1/1] (0.00ns)   --->   "%in_proc_2_V_V = alloca i32, align 4" [src/modules.hpp:2041]   --->   Operation 21 'alloca' 'in_proc_2_V_V' <Predicate = true> <Delay = 0.00> <Core = "FIFO">   --->   Core 32 'FIFO' <Latency = 0> <II = 1> <Delay = 1.83> <Storage> <Opcode : 'read' 'write' 'nbread' 'nbwrite'> <Ports = 0> <Width = 32> <Depth = 2> <FIFO>
ST_1 : Operation 22 [1/1] (0.00ns)   --->   "%in_write_2_iter_c_V_s = alloca i32, align 4" [src/modules.hpp:2042]   --->   Operation 22 'alloca' 'in_write_2_iter_c_V_s' <Predicate = true> <Delay = 0.00> <Core = "FIFO">   --->   Core 32 'FIFO' <Latency = 0> <II = 1> <Delay = 1.83> <Storage> <Opcode : 'read' 'write' 'nbread' 'nbwrite'> <Ports = 0> <Width = 32> <Depth = 2> <FIFO>
ST_1 : Operation 23 [1/1] (0.00ns)   --->   "%in_write_V_V = alloca i16, align 2" [src/modules.hpp:2043]   --->   Operation 23 'alloca' 'in_write_V_V' <Predicate = true> <Delay = 0.00> <Core = "FIFO">   --->   Core 32 'FIFO' <Latency = 0> <II = 1> <Delay = 1.83> <Storage> <Opcode : 'read' 'write' 'nbread' 'nbwrite'> <Ports = 0> <Width = 32> <Depth = 2> <FIFO>
ST_1 : Operation 24 [2/2] (0.00ns)   --->   "call fastcc void @softmax_save_data131(i512* %in_V_data_V, i8* %in_V_id_V, i8* %in_V_dest_V, i16* %in_V_user_V, i1* %in_V_last_V, i96* %in_write_n_V_V, i32* %in_proc_1_iter_r_V_V, i32* %in_proc_1_iter_c_V_V, i64* %in_proc_1_V_V)" [src/modules.hpp:2046]   --->   Operation 24 'call' <Predicate = true> <Delay = 0.00> <CoreType = "Generic">   --->   Core 0 '' <Latency = 0> <II = 1> <Delay = 1.00> <Generic> <Opcode : >

State 2 <SV = 1> <Delay = 0.00>
ST_2 : Operation 25 [1/2] (0.00ns)   --->   "call fastcc void @softmax_save_data131(i512* %in_V_data_V, i8* %in_V_id_V, i8* %in_V_dest_V, i16* %in_V_user_V, i1* %in_V_last_V, i96* %in_write_n_V_V, i32* %in_proc_1_iter_r_V_V, i32* %in_proc_1_iter_c_V_V, i64* %in_proc_1_V_V)" [src/modules.hpp:2046]   --->   Operation 25 'call' <Predicate = true> <Delay = 0.00> <CoreType = "Generic">   --->   Core 0 '' <Latency = 0> <II = 1> <Delay = 1.00> <Generic> <Opcode : >

State 3 <SV = 2> <Delay = 0.00>
ST_3 : Operation 26 [2/2] (0.00ns)   --->   "call fastcc void @softmax_process_1132(i32* %in_proc_1_iter_r_V_V, i32* %in_proc_1_iter_c_V_V, i64* %in_proc_1_V_V, i32* %in_quant_iter_r_V_V, i32* %in_quant_iter_c_V_V, i128* %in_quant_V_V)" [src/modules.hpp:2049]   --->   Operation 26 'call' <Predicate = true> <Delay = 0.00> <CoreType = "Generic">   --->   Core 0 '' <Latency = 0> <II = 1> <Delay = 1.00> <Generic> <Opcode : >

State 4 <SV = 3> <Delay = 0.00>
ST_4 : Operation 27 [1/2] (0.00ns)   --->   "call fastcc void @softmax_process_1132(i32* %in_proc_1_iter_r_V_V, i32* %in_proc_1_iter_c_V_V, i64* %in_proc_1_V_V, i32* %in_quant_iter_r_V_V, i32* %in_quant_iter_c_V_V, i128* %in_quant_V_V)" [src/modules.hpp:2049]   --->   Operation 27 'call' <Predicate = true> <Delay = 0.00> <CoreType = "Generic">   --->   Core 0 '' <Latency = 0> <II = 1> <Delay = 1.00> <Generic> <Opcode : >

State 5 <SV = 4> <Delay = 0.00>
ST_5 : Operation 28 [2/2] (0.00ns)   --->   "call fastcc void @softmax_QuantAct_1_c(i32* %in_quant_iter_r_V_V, i32* %in_quant_iter_c_V_V, i128* %in_quant_V_V, i32* %in_proc_2_iter_r_V_V, i32* %in_proc_2_iter_c_V_V, i32* %in_proc_2_V_V)" [src/modules.hpp:2052]   --->   Operation 28 'call' <Predicate = true> <Delay = 0.00> <CoreType = "Generic">   --->   Core 0 '' <Latency = 0> <II = 1> <Delay = 1.00> <Generic> <Opcode : >

State 6 <SV = 5> <Delay = 0.00>
ST_6 : Operation 29 [1/2] (0.00ns)   --->   "call fastcc void @softmax_QuantAct_1_c(i32* %in_quant_iter_r_V_V, i32* %in_quant_iter_c_V_V, i128* %in_quant_V_V, i32* %in_proc_2_iter_r_V_V, i32* %in_proc_2_iter_c_V_V, i32* %in_proc_2_V_V)" [src/modules.hpp:2052]   --->   Operation 29 'call' <Predicate = true> <Delay = 0.00> <CoreType = "Generic">   --->   Core 0 '' <Latency = 0> <II = 1> <Delay = 1.00> <Generic> <Opcode : >

State 7 <SV = 6> <Delay = 0.00>
ST_7 : Operation 30 [2/2] (0.00ns)   --->   "call fastcc void @softmax_process_2134(i32* %in_proc_2_iter_r_V_V, i32* %in_proc_2_iter_c_V_V, i32* %in_proc_2_V_V, i32* %in_write_2_iter_c_V_s, i16* %in_write_V_V)" [src/modules.hpp:2055]   --->   Operation 30 'call' <Predicate = true> <Delay = 0.00> <CoreType = "Generic">   --->   Core 0 '' <Latency = 0> <II = 1> <Delay = 1.00> <Generic> <Opcode : >

State 8 <SV = 7> <Delay = 0.00>
ST_8 : Operation 31 [1/2] (0.00ns)   --->   "call fastcc void @softmax_process_2134(i32* %in_proc_2_iter_r_V_V, i32* %in_proc_2_iter_c_V_V, i32* %in_proc_2_V_V, i32* %in_write_2_iter_c_V_s, i16* %in_write_V_V)" [src/modules.hpp:2055]   --->   Operation 31 'call' <Predicate = true> <Delay = 0.00> <CoreType = "Generic">   --->   Core 0 '' <Latency = 0> <II = 1> <Delay = 1.00> <Generic> <Opcode : >

State 9 <SV = 8> <Delay = 0.00>
ST_9 : Operation 32 [2/2] (0.00ns)   --->   "call fastcc void @softmax_write_out135(i96* %in_write_n_V_V, i32* %in_write_2_iter_c_V_s, i16* %in_write_V_V, i512* %out_V_data_V, i8* %out_V_id_V, i8* %out_V_dest_V, i16* %out_V_user_V, i1* %out_V_last_V)" [src/modules.hpp:2058]   --->   Operation 32 'call' <Predicate = true> <Delay = 0.00> <CoreType = "Generic">   --->   Core 0 '' <Latency = 0> <II = 1> <Delay = 1.00> <Generic> <Opcode : >

State 10 <SV = 9> <Delay = 0.00>
ST_10 : Operation 33 [1/2] (0.00ns)   --->   "call fastcc void @softmax_write_out135(i96* %in_write_n_V_V, i32* %in_write_2_iter_c_V_s, i16* %in_write_V_V, i512* %out_V_data_V, i8* %out_V_id_V, i8* %out_V_dest_V, i16* %out_V_user_V, i1* %out_V_last_V)" [src/modules.hpp:2058]   --->   Operation 33 'call' <Predicate = true> <Delay = 0.00> <CoreType = "Generic">   --->   Core 0 '' <Latency = 0> <II = 1> <Delay = 1.00> <Generic> <Opcode : >

State 11 <SV = 10> <Delay = 0.00>
ST_11 : Operation 34 [1/1] (0.00ns)   --->   "call void (...)* @_ssdm_op_SpecInterface(i1* %in_V_last_V, [8 x i8]* @ap_fifo_str, i32 0, i32 0, [1 x i8]* @p_str183, i32 0, i32 0, [1 x i8]* @p_str184, [1 x i8]* @p_str185, [1 x i8]* @p_str186, i32 2, i32 2, i32 16, i32 16, [1 x i8]* @p_str187, [1 x i8]* @p_str188)"   --->   Operation 34 'specinterface' <Predicate = true> <Delay = 0.00>
ST_11 : Operation 35 [1/1] (0.00ns)   --->   "call void (...)* @_ssdm_op_SpecInterface(i16* %in_V_user_V, [8 x i8]* @ap_fifo_str, i32 0, i32 0, [1 x i8]* @p_str176, i32 0, i32 0, [1 x i8]* @p_str177, [1 x i8]* @p_str178, [1 x i8]* @p_str179, i32 2, i32 2, i32 16, i32 16, [1 x i8]* @p_str180, [1 x i8]* @p_str181)"   --->   Operation 35 'specinterface' <Predicate = true> <Delay = 0.00>
ST_11 : Operation 36 [1/1] (0.00ns)   --->   "call void (...)* @_ssdm_op_SpecInterface(i8* %in_V_dest_V, [8 x i8]* @ap_fifo_str, i32 0, i32 0, [1 x i8]* @p_str169, i32 0, i32 0, [1 x i8]* @p_str170, [1 x i8]* @p_str171, [1 x i8]* @p_str172, i32 2, i32 2, i32 16, i32 16, [1 x i8]* @p_str173, [1 x i8]* @p_str174)"   --->   Operation 36 'specinterface' <Predicate = true> <Delay = 0.00>
ST_11 : Operation 37 [1/1] (0.00ns)   --->   "call void (...)* @_ssdm_op_SpecInterface(i8* %in_V_id_V, [8 x i8]* @ap_fifo_str, i32 0, i32 0, [1 x i8]* @p_str162, i32 0, i32 0, [1 x i8]* @p_str163, [1 x i8]* @p_str164, [1 x i8]* @p_str165, i32 2, i32 2, i32 16, i32 16, [1 x i8]* @p_str166, [1 x i8]* @p_str167)"   --->   Operation 37 'specinterface' <Predicate = true> <Delay = 0.00>
ST_11 : Operation 38 [1/1] (0.00ns)   --->   "call void (...)* @_ssdm_op_SpecInterface(i512* %in_V_data_V, [8 x i8]* @ap_fifo_str, i32 0, i32 0, [1 x i8]* @p_str155, i32 0, i32 0, [1 x i8]* @p_str156, [1 x i8]* @p_str157, [1 x i8]* @p_str158, i32 2, i32 2, i32 16, i32 16, [1 x i8]* @p_str159, [1 x i8]* @p_str160)"   --->   Operation 38 'specinterface' <Predicate = true> <Delay = 0.00>
ST_11 : Operation 39 [1/1] (0.00ns)   --->   "call void (...)* @_ssdm_op_SpecDataflowPipeline(i32 -1, i32 0, [1 x i8]* @p_str1) nounwind" [src/modules.hpp:2030]   --->   Operation 39 'specdataflowpipeline' <Predicate = true> <Delay = 0.00>
ST_11 : Operation 40 [1/1] (0.00ns)   --->   "call void (...)* @_ssdm_op_SpecInterface(i512* %out_V_data_V, i8* %out_V_id_V, i8* %out_V_dest_V, i16* %out_V_user_V, i1* %out_V_last_V, [5 x i8]* @p_str2, i32 1, i32 1, [5 x i8]* @p_str3, i32 0, i32 0, [1 x i8]* @p_str1, [1 x i8]* @p_str1, [1 x i8]* @p_str1, i32 0, i32 0, i32 0, i32 0, [1 x i8]* @p_str1, [1 x i8]* @p_str1) nounwind"   --->   Operation 40 'specinterface' <Predicate = true> <Delay = 0.00>
ST_11 : Operation 41 [1/1] (0.00ns)   --->   "%empty = call i32 (...)* @_ssdm_op_SpecChannel([15 x i8]* @in_write_n_OC_V_OC_V, i32 1, [1 x i8]* @p_str189, [1 x i8]* @p_str189, i32 2, i32 2, i96* %in_write_n_V_V, i96* %in_write_n_V_V)"   --->   Operation 41 'specchannel' 'empty' <Predicate = true> <Delay = 0.00>
ST_11 : Operation 42 [1/1] (0.00ns)   --->   "call void (...)* @_ssdm_op_SpecInterface(i96* %in_write_n_V_V, [8 x i8]* @ap_fifo_str, i32 0, i32 0, [1 x i8]* @p_str190, i32 0, i32 0, [1 x i8]* @p_str191, [1 x i8]* @p_str192, [1 x i8]* @p_str193, i32 2, i32 2, i32 16, i32 16, [1 x i8]* @p_str194, [1 x i8]* @p_str195)"   --->   Operation 42 'specinterface' <Predicate = true> <Delay = 0.00>
ST_11 : Operation 43 [1/1] (0.00ns)   --->   "%empty_316 = call i32 (...)* @_ssdm_op_SpecChannel([21 x i8]* @in_proc_1_iter_r_OC_s, i32 1, [1 x i8]* @p_str196, [1 x i8]* @p_str196, i32 2, i32 2, i32* %in_proc_1_iter_r_V_V, i32* %in_proc_1_iter_r_V_V)"   --->   Operation 43 'specchannel' 'empty_316' <Predicate = true> <Delay = 0.00>
ST_11 : Operation 44 [1/1] (0.00ns)   --->   "call void (...)* @_ssdm_op_SpecInterface(i32* %in_proc_1_iter_r_V_V, [8 x i8]* @ap_fifo_str, i32 0, i32 0, [1 x i8]* @p_str197, i32 0, i32 0, [1 x i8]* @p_str198, [1 x i8]* @p_str199, [1 x i8]* @p_str200, i32 2, i32 2, i32 16, i32 16, [1 x i8]* @p_str201, [1 x i8]* @p_str202)"   --->   Operation 44 'specinterface' <Predicate = true> <Delay = 0.00>
ST_11 : Operation 45 [1/1] (0.00ns)   --->   "%empty_317 = call i32 (...)* @_ssdm_op_SpecChannel([21 x i8]* @in_proc_1_iter_c_OC_s, i32 1, [1 x i8]* @p_str203, [1 x i8]* @p_str203, i32 2, i32 2, i32* %in_proc_1_iter_c_V_V, i32* %in_proc_1_iter_c_V_V)"   --->   Operation 45 'specchannel' 'empty_317' <Predicate = true> <Delay = 0.00>
ST_11 : Operation 46 [1/1] (0.00ns)   --->   "call void (...)* @_ssdm_op_SpecInterface(i32* %in_proc_1_iter_c_V_V, [8 x i8]* @ap_fifo_str, i32 0, i32 0, [1 x i8]* @p_str204, i32 0, i32 0, [1 x i8]* @p_str205, [1 x i8]* @p_str206, [1 x i8]* @p_str207, i32 2, i32 2, i32 16, i32 16, [1 x i8]* @p_str208, [1 x i8]* @p_str209)"   --->   Operation 46 'specinterface' <Predicate = true> <Delay = 0.00>
ST_11 : Operation 47 [1/1] (0.00ns)   --->   "%empty_318 = call i32 (...)* @_ssdm_op_SpecChannel([14 x i8]* @in_proc_1_OC_V_OC_V_s, i32 1, [1 x i8]* @p_str210, [1 x i8]* @p_str210, i32 2, i32 2, i64* %in_proc_1_V_V, i64* %in_proc_1_V_V)"   --->   Operation 47 'specchannel' 'empty_318' <Predicate = true> <Delay = 0.00>
ST_11 : Operation 48 [1/1] (0.00ns)   --->   "call void (...)* @_ssdm_op_SpecInterface(i64* %in_proc_1_V_V, [8 x i8]* @ap_fifo_str, i32 0, i32 0, [1 x i8]* @p_str211, i32 0, i32 0, [1 x i8]* @p_str212, [1 x i8]* @p_str213, [1 x i8]* @p_str214, i32 2, i32 2, i32 16, i32 16, [1 x i8]* @p_str215, [1 x i8]* @p_str216)"   --->   Operation 48 'specinterface' <Predicate = true> <Delay = 0.00>
ST_11 : Operation 49 [1/1] (0.00ns)   --->   "%empty_319 = call i32 (...)* @_ssdm_op_SpecChannel([20 x i8]* @in_quant_iter_r_OC_V, i32 1, [1 x i8]* @p_str217, [1 x i8]* @p_str217, i32 2, i32 2, i32* %in_quant_iter_r_V_V, i32* %in_quant_iter_r_V_V)"   --->   Operation 49 'specchannel' 'empty_319' <Predicate = true> <Delay = 0.00>
ST_11 : Operation 50 [1/1] (0.00ns)   --->   "call void (...)* @_ssdm_op_SpecInterface(i32* %in_quant_iter_r_V_V, [8 x i8]* @ap_fifo_str, i32 0, i32 0, [1 x i8]* @p_str218, i32 0, i32 0, [1 x i8]* @p_str219, [1 x i8]* @p_str220, [1 x i8]* @p_str221, i32 2, i32 2, i32 16, i32 16, [1 x i8]* @p_str222, [1 x i8]* @p_str223)"   --->   Operation 50 'specinterface' <Predicate = true> <Delay = 0.00>
ST_11 : Operation 51 [1/1] (0.00ns)   --->   "%empty_320 = call i32 (...)* @_ssdm_op_SpecChannel([20 x i8]* @in_quant_iter_c_OC_V, i32 1, [1 x i8]* @p_str224, [1 x i8]* @p_str224, i32 2, i32 2, i32* %in_quant_iter_c_V_V, i32* %in_quant_iter_c_V_V)"   --->   Operation 51 'specchannel' 'empty_320' <Predicate = true> <Delay = 0.00>
ST_11 : Operation 52 [1/1] (0.00ns)   --->   "call void (...)* @_ssdm_op_SpecInterface(i32* %in_quant_iter_c_V_V, [8 x i8]* @ap_fifo_str, i32 0, i32 0, [1 x i8]* @p_str225, i32 0, i32 0, [1 x i8]* @p_str226, [1 x i8]* @p_str227, [1 x i8]* @p_str228, i32 2, i32 2, i32 16, i32 16, [1 x i8]* @p_str229, [1 x i8]* @p_str230)"   --->   Operation 52 'specinterface' <Predicate = true> <Delay = 0.00>
ST_11 : Operation 53 [1/1] (0.00ns)   --->   "%empty_321 = call i32 (...)* @_ssdm_op_SpecChannel([13 x i8]* @in_quant_OC_V_OC_V_s, i32 1, [1 x i8]* @p_str231, [1 x i8]* @p_str231, i32 2, i32 2, i128* %in_quant_V_V, i128* %in_quant_V_V)"   --->   Operation 53 'specchannel' 'empty_321' <Predicate = true> <Delay = 0.00>
ST_11 : Operation 54 [1/1] (0.00ns)   --->   "call void (...)* @_ssdm_op_SpecInterface(i128* %in_quant_V_V, [8 x i8]* @ap_fifo_str, i32 0, i32 0, [1 x i8]* @p_str232, i32 0, i32 0, [1 x i8]* @p_str233, [1 x i8]* @p_str234, [1 x i8]* @p_str235, i32 2, i32 2, i32 16, i32 16, [1 x i8]* @p_str236, [1 x i8]* @p_str237)"   --->   Operation 54 'specinterface' <Predicate = true> <Delay = 0.00>
ST_11 : Operation 55 [1/1] (0.00ns)   --->   "%empty_322 = call i32 (...)* @_ssdm_op_SpecChannel([21 x i8]* @in_proc_2_iter_r_OC_s, i32 1, [1 x i8]* @p_str238, [1 x i8]* @p_str238, i32 2, i32 2, i32* %in_proc_2_iter_r_V_V, i32* %in_proc_2_iter_r_V_V)"   --->   Operation 55 'specchannel' 'empty_322' <Predicate = true> <Delay = 0.00>
ST_11 : Operation 56 [1/1] (0.00ns)   --->   "call void (...)* @_ssdm_op_SpecInterface(i32* %in_proc_2_iter_r_V_V, [8 x i8]* @ap_fifo_str, i32 0, i32 0, [1 x i8]* @p_str239, i32 0, i32 0, [1 x i8]* @p_str240, [1 x i8]* @p_str241, [1 x i8]* @p_str242, i32 2, i32 2, i32 16, i32 16, [1 x i8]* @p_str243, [1 x i8]* @p_str244)"   --->   Operation 56 'specinterface' <Predicate = true> <Delay = 0.00>
ST_11 : Operation 57 [1/1] (0.00ns)   --->   "%empty_323 = call i32 (...)* @_ssdm_op_SpecChannel([21 x i8]* @in_proc_2_iter_c_OC_s, i32 1, [1 x i8]* @p_str245, [1 x i8]* @p_str245, i32 2, i32 2, i32* %in_proc_2_iter_c_V_V, i32* %in_proc_2_iter_c_V_V)"   --->   Operation 57 'specchannel' 'empty_323' <Predicate = true> <Delay = 0.00>
ST_11 : Operation 58 [1/1] (0.00ns)   --->   "call void (...)* @_ssdm_op_SpecInterface(i32* %in_proc_2_iter_c_V_V, [8 x i8]* @ap_fifo_str, i32 0, i32 0, [1 x i8]* @p_str246, i32 0, i32 0, [1 x i8]* @p_str247, [1 x i8]* @p_str248, [1 x i8]* @p_str249, i32 2, i32 2, i32 16, i32 16, [1 x i8]* @p_str250, [1 x i8]* @p_str251)"   --->   Operation 58 'specinterface' <Predicate = true> <Delay = 0.00>
ST_11 : Operation 59 [1/1] (0.00ns)   --->   "%empty_324 = call i32 (...)* @_ssdm_op_SpecChannel([14 x i8]* @in_proc_2_OC_V_OC_V_s, i32 1, [1 x i8]* @p_str252, [1 x i8]* @p_str252, i32 2, i32 2, i32* %in_proc_2_V_V, i32* %in_proc_2_V_V)"   --->   Operation 59 'specchannel' 'empty_324' <Predicate = true> <Delay = 0.00>
ST_11 : Operation 60 [1/1] (0.00ns)   --->   "call void (...)* @_ssdm_op_SpecInterface(i32* %in_proc_2_V_V, [8 x i8]* @ap_fifo_str, i32 0, i32 0, [1 x i8]* @p_str253, i32 0, i32 0, [1 x i8]* @p_str254, [1 x i8]* @p_str255, [1 x i8]* @p_str256, i32 2, i32 2, i32 16, i32 16, [1 x i8]* @p_str257, [1 x i8]* @p_str258)"   --->   Operation 60 'specinterface' <Predicate = true> <Delay = 0.00>
ST_11 : Operation 61 [1/1] (0.00ns)   --->   "%empty_325 = call i32 (...)* @_ssdm_op_SpecChannel([22 x i8]* @in_write_2_iter_c_OC, i32 1, [1 x i8]* @p_str259, [1 x i8]* @p_str259, i32 2, i32 2, i32* %in_write_2_iter_c_V_s, i32* %in_write_2_iter_c_V_s)"   --->   Operation 61 'specchannel' 'empty_325' <Predicate = true> <Delay = 0.00>
ST_11 : Operation 62 [1/1] (0.00ns)   --->   "call void (...)* @_ssdm_op_SpecInterface(i32* %in_write_2_iter_c_V_s, [8 x i8]* @ap_fifo_str, i32 0, i32 0, [1 x i8]* @p_str260, i32 0, i32 0, [1 x i8]* @p_str261, [1 x i8]* @p_str262, [1 x i8]* @p_str263, i32 2, i32 2, i32 16, i32 16, [1 x i8]* @p_str264, [1 x i8]* @p_str265)"   --->   Operation 62 'specinterface' <Predicate = true> <Delay = 0.00>
ST_11 : Operation 63 [1/1] (0.00ns)   --->   "%empty_326 = call i32 (...)* @_ssdm_op_SpecChannel([13 x i8]* @in_write_OC_V_OC_V_s, i32 1, [1 x i8]* @p_str266, [1 x i8]* @p_str266, i32 2, i32 2, i16* %in_write_V_V, i16* %in_write_V_V)"   --->   Operation 63 'specchannel' 'empty_326' <Predicate = true> <Delay = 0.00>
ST_11 : Operation 64 [1/1] (0.00ns)   --->   "call void (...)* @_ssdm_op_SpecInterface(i16* %in_write_V_V, [8 x i8]* @ap_fifo_str, i32 0, i32 0, [1 x i8]* @p_str267, i32 0, i32 0, [1 x i8]* @p_str268, [1 x i8]* @p_str269, [1 x i8]* @p_str270, i32 2, i32 2, i32 16, i32 16, [1 x i8]* @p_str271, [1 x i8]* @p_str272)"   --->   Operation 64 'specinterface' <Predicate = true> <Delay = 0.00>
ST_11 : Operation 65 [1/1] (0.00ns)   --->   "ret void" [src/modules.hpp:2059]   --->   Operation 65 'ret' <Predicate = true> <Delay = 0.00>


============================================================
+ Verbose Summary: Binding
============================================================
STG Binding: 
---------------- STG Properties BEGIN ----------------
- Is combinational: 0
- Is one-state seq: 0
- Is datapath-only: 0
- Is pipelined: 0
- Is top level: 0
Port [ Return ] is wired: 1; IO mode=ap_ctrl_hs:ce=0
Port [ in_V_data_V]:  wired=1; compound=1; hidden=0; nouse=0; global=0; static=0; extern=0; dir=0; type=3; pingpong=0; private_global=0; IO mode=ap_fifo:ce=0
Port [ in_V_id_V]:  wired=1; compound=1; hidden=0; nouse=0; global=0; static=0; extern=0; dir=0; type=3; pingpong=0; private_global=0; IO mode=ap_fifo:ce=0
Port [ in_V_dest_V]:  wired=1; compound=1; hidden=0; nouse=0; global=0; static=0; extern=0; dir=0; type=3; pingpong=0; private_global=0; IO mode=ap_fifo:ce=0
Port [ in_V_user_V]:  wired=1; compound=1; hidden=0; nouse=0; global=0; static=0; extern=0; dir=0; type=3; pingpong=0; private_global=0; IO mode=ap_fifo:ce=0
Port [ in_V_last_V]:  wired=1; compound=1; hidden=0; nouse=0; global=0; static=0; extern=0; dir=0; type=3; pingpong=0; private_global=0; IO mode=ap_fifo:ce=0
Port [ out_V_data_V]:  wired=1; compound=1; hidden=0; nouse=0; global=0; static=0; extern=0; dir=1; type=0; pingpong=0; private_global=0; IO mode=axis:ce=0
Port [ out_V_id_V]:  wired=1; compound=1; hidden=0; nouse=0; global=0; static=0; extern=0; dir=1; type=0; pingpong=0; private_global=0; IO mode=axis:ce=0
Port [ out_V_dest_V]:  wired=1; compound=1; hidden=0; nouse=0; global=0; static=0; extern=0; dir=1; type=0; pingpong=0; private_global=0; IO mode=axis:ce=0
Port [ out_V_user_V]:  wired=1; compound=1; hidden=0; nouse=0; global=0; static=0; extern=0; dir=1; type=0; pingpong=0; private_global=0; IO mode=axis:ce=0
Port [ out_V_last_V]:  wired=1; compound=1; hidden=0; nouse=0; global=0; static=0; extern=0; dir=1; type=0; pingpong=0; private_global=0; IO mode=axis:ce=0
---------------- STG Properties END ------------------

---------------- Datapath Model BEGIN ----------------

<LifeTime>
<method=bitvector/>
in_write_n_V_V              (alloca              ) [ 011111111111]
in_proc_1_iter_r_V_V        (alloca              ) [ 011111111111]
in_proc_1_iter_c_V_V        (alloca              ) [ 011111111111]
in_proc_1_V_V               (alloca              ) [ 011111111111]
in_quant_iter_r_V_V         (alloca              ) [ 001111111111]
in_quant_iter_c_V_V         (alloca              ) [ 001111111111]
in_quant_V_V                (alloca              ) [ 001111111111]
in_proc_2_iter_r_V_V        (alloca              ) [ 001111111111]
in_proc_2_iter_c_V_V        (alloca              ) [ 001111111111]
in_proc_2_V_V               (alloca              ) [ 001111111111]
in_write_2_iter_c_V_s       (alloca              ) [ 001111111111]
in_write_V_V                (alloca              ) [ 001111111111]
call_ln2046                 (call                ) [ 000000000000]
call_ln2049                 (call                ) [ 000000000000]
call_ln2052                 (call                ) [ 000000000000]
call_ln2055                 (call                ) [ 000000000000]
call_ln2058                 (call                ) [ 000000000000]
specinterface_ln0           (specinterface       ) [ 000000000000]
specinterface_ln0           (specinterface       ) [ 000000000000]
specinterface_ln0           (specinterface       ) [ 000000000000]
specinterface_ln0           (specinterface       ) [ 000000000000]
specinterface_ln0           (specinterface       ) [ 000000000000]
specdataflowpipeline_ln2030 (specdataflowpipeline) [ 000000000000]
specinterface_ln0           (specinterface       ) [ 000000000000]
empty                       (specchannel         ) [ 000000000000]
specinterface_ln0           (specinterface       ) [ 000000000000]
empty_316                   (specchannel         ) [ 000000000000]
specinterface_ln0           (specinterface       ) [ 000000000000]
empty_317                   (specchannel         ) [ 000000000000]
specinterface_ln0           (specinterface       ) [ 000000000000]
empty_318                   (specchannel         ) [ 000000000000]
specinterface_ln0           (specinterface       ) [ 000000000000]
empty_319                   (specchannel         ) [ 000000000000]
specinterface_ln0           (specinterface       ) [ 000000000000]
empty_320                   (specchannel         ) [ 000000000000]
specinterface_ln0           (specinterface       ) [ 000000000000]
empty_321                   (specchannel         ) [ 000000000000]
specinterface_ln0           (specinterface       ) [ 000000000000]
empty_322                   (specchannel         ) [ 000000000000]
specinterface_ln0           (specinterface       ) [ 000000000000]
empty_323                   (specchannel         ) [ 000000000000]
specinterface_ln0           (specinterface       ) [ 000000000000]
empty_324                   (specchannel         ) [ 000000000000]
specinterface_ln0           (specinterface       ) [ 000000000000]
empty_325                   (specchannel         ) [ 000000000000]
specinterface_ln0           (specinterface       ) [ 000000000000]
empty_326                   (specchannel         ) [ 000000000000]
specinterface_ln0           (specinterface       ) [ 000000000000]
ret_ln2059                  (ret                 ) [ 000000000000]
</LifeTime>

<model>

<comp_list>
<comp id="0" class="1000" name="in_V_data_V">
<pin_list>
<pin id="1" dir="1" index="0" bw="1" slack="0"/>
</pin_list>
<bind>
<StgValue><ssdm name="in_V_data_V"/></StgValue>
</bind>
</comp>

<comp id="2" class="1000" name="in_V_id_V">
<pin_list>
<pin id="3" dir="1" index="0" bw="1" slack="0"/>
</pin_list>
<bind>
<StgValue><ssdm name="in_V_id_V"/></StgValue>
</bind>
</comp>

<comp id="4" class="1000" name="in_V_dest_V">
<pin_list>
<pin id="5" dir="1" index="0" bw="1" slack="0"/>
</pin_list>
<bind>
<StgValue><ssdm name="in_V_dest_V"/></StgValue>
</bind>
</comp>

<comp id="6" class="1000" name="in_V_user_V">
<pin_list>
<pin id="7" dir="1" index="0" bw="1" slack="0"/>
</pin_list>
<bind>
<StgValue><ssdm name="in_V_user_V"/></StgValue>
</bind>
</comp>

<comp id="8" class="1000" name="in_V_last_V">
<pin_list>
<pin id="9" dir="1" index="0" bw="1" slack="0"/>
</pin_list>
<bind>
<StgValue><ssdm name="in_V_last_V"/></StgValue>
</bind>
</comp>

<comp id="10" class="1000" name="out_V_data_V">
<pin_list>
<pin id="11" dir="1" index="0" bw="1" slack="0"/>
</pin_list>
<bind>
<StgValue><ssdm name="out_V_data_V"/></StgValue>
</bind>
</comp>

<comp id="12" class="1000" name="out_V_id_V">
<pin_list>
<pin id="13" dir="1" index="0" bw="1" slack="0"/>
</pin_list>
<bind>
<StgValue><ssdm name="out_V_id_V"/></StgValue>
</bind>
</comp>

<comp id="14" class="1000" name="out_V_dest_V">
<pin_list>
<pin id="15" dir="1" index="0" bw="1" slack="0"/>
</pin_list>
<bind>
<StgValue><ssdm name="out_V_dest_V"/></StgValue>
</bind>
</comp>

<comp id="16" class="1000" name="out_V_user_V">
<pin_list>
<pin id="17" dir="1" index="0" bw="1" slack="0"/>
</pin_list>
<bind>
<StgValue><ssdm name="out_V_user_V"/></StgValue>
</bind>
</comp>

<comp id="18" class="1000" name="out_V_last_V">
<pin_list>
<pin id="19" dir="1" index="0" bw="1" slack="0"/>
</pin_list>
<bind>
<StgValue><ssdm name="out_V_last_V"/></StgValue>
</bind>
</comp>

<comp id="20" class="1001" name="const_20">
<pin_list>
<pin id="21" dir="1" index="0" bw="1" slack="0"/>
</pin_list>
<bind>
<StgValue><ssdm name=""/></StgValue>
</bind>
</comp>

<comp id="22" class="1001" name="const_22">
<pin_list>
<pin id="23" dir="1" index="0" bw="1" slack="0"/>
</pin_list>
<bind>
<StgValue><ssdm name="softmax_save_data131"/></StgValue>
</bind>
</comp>

<comp id="24" class="1001" name="const_24">
<pin_list>
<pin id="25" dir="1" index="0" bw="1" slack="0"/>
</pin_list>
<bind>
<StgValue><ssdm name="softmax_process_1132"/></StgValue>
</bind>
</comp>

<comp id="26" class="1001" name="const_26">
<pin_list>
<pin id="27" dir="1" index="0" bw="1" slack="0"/>
</pin_list>
<bind>
<StgValue><ssdm name="softmax_QuantAct_1_c"/></StgValue>
</bind>
</comp>

<comp id="28" class="1001" name="const_28">
<pin_list>
<pin id="29" dir="1" index="0" bw="1" slack="0"/>
</pin_list>
<bind>
<StgValue><ssdm name="softmax_process_2134"/></StgValue>
</bind>
</comp>

<comp id="30" class="1001" name="const_30">
<pin_list>
<pin id="31" dir="1" index="0" bw="1" slack="0"/>
</pin_list>
<bind>
<StgValue><ssdm name="softmax_write_out135"/></StgValue>
</bind>
</comp>

<comp id="32" class="1001" name="const_32">
<pin_list>
<pin id="33" dir="1" index="0" bw="1" slack="2147483647"/>
</pin_list>
<bind>
<StgValue><ssdm name="_ssdm_op_SpecInterface"/></StgValue>
</bind>
</comp>

<comp id="34" class="1001" name="const_34">
<pin_list>
<pin id="35" dir="1" index="0" bw="1" slack="2147483647"/>
</pin_list>
<bind>
<StgValue><ssdm name="ap_fifo_str"/></StgValue>
</bind>
</comp>

<comp id="36" class="1001" name="const_36">
<pin_list>
<pin id="37" dir="1" index="0" bw="1" slack="2147483647"/>
</pin_list>
<bind>
<StgValue><ssdm name=""/></StgValue>
</bind>
</comp>

<comp id="38" class="1001" name="const_38">
<pin_list>
<pin id="39" dir="1" index="0" bw="1" slack="2147483647"/>
</pin_list>
<bind>
<StgValue><ssdm name="p_str183"/></StgValue>
</bind>
</comp>

<comp id="40" class="1001" name="const_40">
<pin_list>
<pin id="41" dir="1" index="0" bw="1" slack="2147483647"/>
</pin_list>
<bind>
<StgValue><ssdm name="p_str184"/></StgValue>
</bind>
</comp>

<comp id="42" class="1001" name="const_42">
<pin_list>
<pin id="43" dir="1" index="0" bw="1" slack="2147483647"/>
</pin_list>
<bind>
<StgValue><ssdm name="p_str185"/></StgValue>
</bind>
</comp>

<comp id="44" class="1001" name="const_44">
<pin_list>
<pin id="45" dir="1" index="0" bw="1" slack="2147483647"/>
</pin_list>
<bind>
<StgValue><ssdm name="p_str186"/></StgValue>
</bind>
</comp>

<comp id="46" class="1001" name="const_46">
<pin_list>
<pin id="47" dir="1" index="0" bw="1" slack="2147483647"/>
</pin_list>
<bind>
<StgValue><ssdm name=""/></StgValue>
</bind>
</comp>

<comp id="48" class="1001" name="const_48">
<pin_list>
<pin id="49" dir="1" index="0" bw="1" slack="2147483647"/>
</pin_list>
<bind>
<StgValue><ssdm name=""/></StgValue>
</bind>
</comp>

<comp id="50" class="1001" name="const_50">
<pin_list>
<pin id="51" dir="1" index="0" bw="1" slack="2147483647"/>
</pin_list>
<bind>
<StgValue><ssdm name="p_str187"/></StgValue>
</bind>
</comp>

<comp id="52" class="1001" name="const_52">
<pin_list>
<pin id="53" dir="1" index="0" bw="1" slack="2147483647"/>
</pin_list>
<bind>
<StgValue><ssdm name="p_str188"/></StgValue>
</bind>
</comp>

<comp id="54" class="1001" name="const_54">
<pin_list>
<pin id="55" dir="1" index="0" bw="1" slack="2147483647"/>
</pin_list>
<bind>
<StgValue><ssdm name="p_str176"/></StgValue>
</bind>
</comp>

<comp id="56" class="1001" name="const_56">
<pin_list>
<pin id="57" dir="1" index="0" bw="1" slack="2147483647"/>
</pin_list>
<bind>
<StgValue><ssdm name="p_str177"/></StgValue>
</bind>
</comp>

<comp id="58" class="1001" name="const_58">
<pin_list>
<pin id="59" dir="1" index="0" bw="1" slack="2147483647"/>
</pin_list>
<bind>
<StgValue><ssdm name="p_str178"/></StgValue>
</bind>
</comp>

<comp id="60" class="1001" name="const_60">
<pin_list>
<pin id="61" dir="1" index="0" bw="1" slack="2147483647"/>
</pin_list>
<bind>
<StgValue><ssdm name="p_str179"/></StgValue>
</bind>
</comp>

<comp id="62" class="1001" name="const_62">
<pin_list>
<pin id="63" dir="1" index="0" bw="1" slack="2147483647"/>
</pin_list>
<bind>
<StgValue><ssdm name="p_str180"/></StgValue>
</bind>
</comp>

<comp id="64" class="1001" name="const_64">
<pin_list>
<pin id="65" dir="1" index="0" bw="1" slack="2147483647"/>
</pin_list>
<bind>
<StgValue><ssdm name="p_str181"/></StgValue>
</bind>
</comp>

<comp id="66" class="1001" name="const_66">
<pin_list>
<pin id="67" dir="1" index="0" bw="1" slack="2147483647"/>
</pin_list>
<bind>
<StgValue><ssdm name="p_str169"/></StgValue>
</bind>
</comp>

<comp id="68" class="1001" name="const_68">
<pin_list>
<pin id="69" dir="1" index="0" bw="1" slack="2147483647"/>
</pin_list>
<bind>
<StgValue><ssdm name="p_str170"/></StgValue>
</bind>
</comp>

<comp id="70" class="1001" name="const_70">
<pin_list>
<pin id="71" dir="1" index="0" bw="1" slack="2147483647"/>
</pin_list>
<bind>
<StgValue><ssdm name="p_str171"/></StgValue>
</bind>
</comp>

<comp id="72" class="1001" name="const_72">
<pin_list>
<pin id="73" dir="1" index="0" bw="1" slack="2147483647"/>
</pin_list>
<bind>
<StgValue><ssdm name="p_str172"/></StgValue>
</bind>
</comp>

<comp id="74" class="1001" name="const_74">
<pin_list>
<pin id="75" dir="1" index="0" bw="1" slack="2147483647"/>
</pin_list>
<bind>
<StgValue><ssdm name="p_str173"/></StgValue>
</bind>
</comp>

<comp id="76" class="1001" name="const_76">
<pin_list>
<pin id="77" dir="1" index="0" bw="1" slack="2147483647"/>
</pin_list>
<bind>
<StgValue><ssdm name="p_str174"/></StgValue>
</bind>
</comp>

<comp id="78" class="1001" name="const_78">
<pin_list>
<pin id="79" dir="1" index="0" bw="1" slack="2147483647"/>
</pin_list>
<bind>
<StgValue><ssdm name="p_str162"/></StgValue>
</bind>
</comp>

<comp id="80" class="1001" name="const_80">
<pin_list>
<pin id="81" dir="1" index="0" bw="1" slack="2147483647"/>
</pin_list>
<bind>
<StgValue><ssdm name="p_str163"/></StgValue>
</bind>
</comp>

<comp id="82" class="1001" name="const_82">
<pin_list>
<pin id="83" dir="1" index="0" bw="1" slack="2147483647"/>
</pin_list>
<bind>
<StgValue><ssdm name="p_str164"/></StgValue>
</bind>
</comp>

<comp id="84" class="1001" name="const_84">
<pin_list>
<pin id="85" dir="1" index="0" bw="1" slack="2147483647"/>
</pin_list>
<bind>
<StgValue><ssdm name="p_str165"/></StgValue>
</bind>
</comp>

<comp id="86" class="1001" name="const_86">
<pin_list>
<pin id="87" dir="1" index="0" bw="1" slack="2147483647"/>
</pin_list>
<bind>
<StgValue><ssdm name="p_str166"/></StgValue>
</bind>
</comp>

<comp id="88" class="1001" name="const_88">
<pin_list>
<pin id="89" dir="1" index="0" bw="1" slack="2147483647"/>
</pin_list>
<bind>
<StgValue><ssdm name="p_str167"/></StgValue>
</bind>
</comp>

<comp id="90" class="1001" name="const_90">
<pin_list>
<pin id="91" dir="1" index="0" bw="1" slack="2147483647"/>
</pin_list>
<bind>
<StgValue><ssdm name="p_str155"/></StgValue>
</bind>
</comp>

<comp id="92" class="1001" name="const_92">
<pin_list>
<pin id="93" dir="1" index="0" bw="1" slack="2147483647"/>
</pin_list>
<bind>
<StgValue><ssdm name="p_str156"/></StgValue>
</bind>
</comp>

<comp id="94" class="1001" name="const_94">
<pin_list>
<pin id="95" dir="1" index="0" bw="1" slack="2147483647"/>
</pin_list>
<bind>
<StgValue><ssdm name="p_str157"/></StgValue>
</bind>
</comp>

<comp id="96" class="1001" name="const_96">
<pin_list>
<pin id="97" dir="1" index="0" bw="1" slack="2147483647"/>
</pin_list>
<bind>
<StgValue><ssdm name="p_str158"/></StgValue>
</bind>
</comp>

<comp id="98" class="1001" name="const_98">
<pin_list>
<pin id="99" dir="1" index="0" bw="1" slack="2147483647"/>
</pin_list>
<bind>
<StgValue><ssdm name="p_str159"/></StgValue>
</bind>
</comp>

<comp id="100" class="1001" name="const_100">
<pin_list>
<pin id="101" dir="1" index="0" bw="1" slack="2147483647"/>
</pin_list>
<bind>
<StgValue><ssdm name="p_str160"/></StgValue>
</bind>
</comp>

<comp id="102" class="1001" name="const_102">
<pin_list>
<pin id="103" dir="1" index="0" bw="1" slack="2147483647"/>
</pin_list>
<bind>
<StgValue><ssdm name="_ssdm_op_SpecDataflowPipeline"/></StgValue>
</bind>
</comp>

<comp id="104" class="1001" name="const_104">
<pin_list>
<pin id="105" dir="1" index="0" bw="1" slack="2147483647"/>
</pin_list>
<bind>
<StgValue><ssdm name=""/></StgValue>
</bind>
</comp>

<comp id="106" class="1001" name="const_106">
<pin_list>
<pin id="107" dir="1" index="0" bw="1" slack="2147483647"/>
</pin_list>
<bind>
<StgValue><ssdm name="p_str1"/></StgValue>
</bind>
</comp>

<comp id="108" class="1001" name="const_108">
<pin_list>
<pin id="109" dir="1" index="0" bw="1" slack="2147483647"/>
</pin_list>
<bind>
<StgValue><ssdm name="p_str2"/></StgValue>
</bind>
</comp>

<comp id="110" class="1001" name="const_110">
<pin_list>
<pin id="111" dir="1" index="0" bw="1" slack="2147483647"/>
</pin_list>
<bind>
<StgValue><ssdm name=""/></StgValue>
</bind>
</comp>

<comp id="112" class="1001" name="const_112">
<pin_list>
<pin id="113" dir="1" index="0" bw="1" slack="2147483647"/>
</pin_list>
<bind>
<StgValue><ssdm name="p_str3"/></StgValue>
</bind>
</comp>

<comp id="114" class="1001" name="const_114">
<pin_list>
<pin id="115" dir="1" index="0" bw="1" slack="2147483647"/>
</pin_list>
<bind>
<StgValue><ssdm name="_ssdm_op_SpecChannel"/></StgValue>
</bind>
</comp>

<comp id="116" class="1001" name="const_116">
<pin_list>
<pin id="117" dir="1" index="0" bw="1" slack="2147483647"/>
</pin_list>
<bind>
<StgValue><ssdm name="in_write_n_OC_V_OC_V"/></StgValue>
</bind>
</comp>

<comp id="118" class="1001" name="const_118">
<pin_list>
<pin id="119" dir="1" index="0" bw="1" slack="2147483647"/>
</pin_list>
<bind>
<StgValue><ssdm name="p_str189"/></StgValue>
</bind>
</comp>

<comp id="120" class="1001" name="const_120">
<pin_list>
<pin id="121" dir="1" index="0" bw="1" slack="2147483647"/>
</pin_list>
<bind>
<StgValue><ssdm name="p_str190"/></StgValue>
</bind>
</comp>

<comp id="122" class="1001" name="const_122">
<pin_list>
<pin id="123" dir="1" index="0" bw="1" slack="2147483647"/>
</pin_list>
<bind>
<StgValue><ssdm name="p_str191"/></StgValue>
</bind>
</comp>

<comp id="124" class="1001" name="const_124">
<pin_list>
<pin id="125" dir="1" index="0" bw="1" slack="2147483647"/>
</pin_list>
<bind>
<StgValue><ssdm name="p_str192"/></StgValue>
</bind>
</comp>

<comp id="126" class="1001" name="const_126">
<pin_list>
<pin id="127" dir="1" index="0" bw="1" slack="2147483647"/>
</pin_list>
<bind>
<StgValue><ssdm name="p_str193"/></StgValue>
</bind>
</comp>

<comp id="128" class="1001" name="const_128">
<pin_list>
<pin id="129" dir="1" index="0" bw="1" slack="2147483647"/>
</pin_list>
<bind>
<StgValue><ssdm name="p_str194"/></StgValue>
</bind>
</comp>

<comp id="130" class="1001" name="const_130">
<pin_list>
<pin id="131" dir="1" index="0" bw="1" slack="2147483647"/>
</pin_list>
<bind>
<StgValue><ssdm name="p_str195"/></StgValue>
</bind>
</comp>

<comp id="132" class="1001" name="const_132">
<pin_list>
<pin id="133" dir="1" index="0" bw="1" slack="2147483647"/>
</pin_list>
<bind>
<StgValue><ssdm name="in_proc_1_iter_r_OC_s"/></StgValue>
</bind>
</comp>

<comp id="134" class="1001" name="const_134">
<pin_list>
<pin id="135" dir="1" index="0" bw="1" slack="2147483647"/>
</pin_list>
<bind>
<StgValue><ssdm name="p_str196"/></StgValue>
</bind>
</comp>

<comp id="136" class="1001" name="const_136">
<pin_list>
<pin id="137" dir="1" index="0" bw="1" slack="2147483647"/>
</pin_list>
<bind>
<StgValue><ssdm name="p_str197"/></StgValue>
</bind>
</comp>

<comp id="138" class="1001" name="const_138">
<pin_list>
<pin id="139" dir="1" index="0" bw="1" slack="2147483647"/>
</pin_list>
<bind>
<StgValue><ssdm name="p_str198"/></StgValue>
</bind>
</comp>

<comp id="140" class="1001" name="const_140">
<pin_list>
<pin id="141" dir="1" index="0" bw="1" slack="2147483647"/>
</pin_list>
<bind>
<StgValue><ssdm name="p_str199"/></StgValue>
</bind>
</comp>

<comp id="142" class="1001" name="const_142">
<pin_list>
<pin id="143" dir="1" index="0" bw="1" slack="2147483647"/>
</pin_list>
<bind>
<StgValue><ssdm name="p_str200"/></StgValue>
</bind>
</comp>

<comp id="144" class="1001" name="const_144">
<pin_list>
<pin id="145" dir="1" index="0" bw="1" slack="2147483647"/>
</pin_list>
<bind>
<StgValue><ssdm name="p_str201"/></StgValue>
</bind>
</comp>

<comp id="146" class="1001" name="const_146">
<pin_list>
<pin id="147" dir="1" index="0" bw="1" slack="2147483647"/>
</pin_list>
<bind>
<StgValue><ssdm name="p_str202"/></StgValue>
</bind>
</comp>

<comp id="148" class="1001" name="const_148">
<pin_list>
<pin id="149" dir="1" index="0" bw="1" slack="2147483647"/>
</pin_list>
<bind>
<StgValue><ssdm name="in_proc_1_iter_c_OC_s"/></StgValue>
</bind>
</comp>

<comp id="150" class="1001" name="const_150">
<pin_list>
<pin id="151" dir="1" index="0" bw="1" slack="2147483647"/>
</pin_list>
<bind>
<StgValue><ssdm name="p_str203"/></StgValue>
</bind>
</comp>

<comp id="152" class="1001" name="const_152">
<pin_list>
<pin id="153" dir="1" index="0" bw="1" slack="2147483647"/>
</pin_list>
<bind>
<StgValue><ssdm name="p_str204"/></StgValue>
</bind>
</comp>

<comp id="154" class="1001" name="const_154">
<pin_list>
<pin id="155" dir="1" index="0" bw="1" slack="2147483647"/>
</pin_list>
<bind>
<StgValue><ssdm name="p_str205"/></StgValue>
</bind>
</comp>

<comp id="156" class="1001" name="const_156">
<pin_list>
<pin id="157" dir="1" index="0" bw="1" slack="2147483647"/>
</pin_list>
<bind>
<StgValue><ssdm name="p_str206"/></StgValue>
</bind>
</comp>

<comp id="158" class="1001" name="const_158">
<pin_list>
<pin id="159" dir="1" index="0" bw="1" slack="2147483647"/>
</pin_list>
<bind>
<StgValue><ssdm name="p_str207"/></StgValue>
</bind>
</comp>

<comp id="160" class="1001" name="const_160">
<pin_list>
<pin id="161" dir="1" index="0" bw="1" slack="2147483647"/>
</pin_list>
<bind>
<StgValue><ssdm name="p_str208"/></StgValue>
</bind>
</comp>

<comp id="162" class="1001" name="const_162">
<pin_list>
<pin id="163" dir="1" index="0" bw="1" slack="2147483647"/>
</pin_list>
<bind>
<StgValue><ssdm name="p_str209"/></StgValue>
</bind>
</comp>

<comp id="164" class="1001" name="const_164">
<pin_list>
<pin id="165" dir="1" index="0" bw="1" slack="2147483647"/>
</pin_list>
<bind>
<StgValue><ssdm name="in_proc_1_OC_V_OC_V_s"/></StgValue>
</bind>
</comp>

<comp id="166" class="1001" name="const_166">
<pin_list>
<pin id="167" dir="1" index="0" bw="1" slack="2147483647"/>
</pin_list>
<bind>
<StgValue><ssdm name="p_str210"/></StgValue>
</bind>
</comp>

<comp id="168" class="1001" name="const_168">
<pin_list>
<pin id="169" dir="1" index="0" bw="1" slack="2147483647"/>
</pin_list>
<bind>
<StgValue><ssdm name="p_str211"/></StgValue>
</bind>
</comp>

<comp id="170" class="1001" name="const_170">
<pin_list>
<pin id="171" dir="1" index="0" bw="1" slack="2147483647"/>
</pin_list>
<bind>
<StgValue><ssdm name="p_str212"/></StgValue>
</bind>
</comp>

<comp id="172" class="1001" name="const_172">
<pin_list>
<pin id="173" dir="1" index="0" bw="1" slack="2147483647"/>
</pin_list>
<bind>
<StgValue><ssdm name="p_str213"/></StgValue>
</bind>
</comp>

<comp id="174" class="1001" name="const_174">
<pin_list>
<pin id="175" dir="1" index="0" bw="1" slack="2147483647"/>
</pin_list>
<bind>
<StgValue><ssdm name="p_str214"/></StgValue>
</bind>
</comp>

<comp id="176" class="1001" name="const_176">
<pin_list>
<pin id="177" dir="1" index="0" bw="1" slack="2147483647"/>
</pin_list>
<bind>
<StgValue><ssdm name="p_str215"/></StgValue>
</bind>
</comp>

<comp id="178" class="1001" name="const_178">
<pin_list>
<pin id="179" dir="1" index="0" bw="1" slack="2147483647"/>
</pin_list>
<bind>
<StgValue><ssdm name="p_str216"/></StgValue>
</bind>
</comp>

<comp id="180" class="1001" name="const_180">
<pin_list>
<pin id="181" dir="1" index="0" bw="1" slack="2147483647"/>
</pin_list>
<bind>
<StgValue><ssdm name="in_quant_iter_r_OC_V"/></StgValue>
</bind>
</comp>

<comp id="182" class="1001" name="const_182">
<pin_list>
<pin id="183" dir="1" index="0" bw="1" slack="2147483647"/>
</pin_list>
<bind>
<StgValue><ssdm name="p_str217"/></StgValue>
</bind>
</comp>

<comp id="184" class="1001" name="const_184">
<pin_list>
<pin id="185" dir="1" index="0" bw="1" slack="2147483647"/>
</pin_list>
<bind>
<StgValue><ssdm name="p_str218"/></StgValue>
</bind>
</comp>

<comp id="186" class="1001" name="const_186">
<pin_list>
<pin id="187" dir="1" index="0" bw="1" slack="2147483647"/>
</pin_list>
<bind>
<StgValue><ssdm name="p_str219"/></StgValue>
</bind>
</comp>

<comp id="188" class="1001" name="const_188">
<pin_list>
<pin id="189" dir="1" index="0" bw="1" slack="2147483647"/>
</pin_list>
<bind>
<StgValue><ssdm name="p_str220"/></StgValue>
</bind>
</comp>

<comp id="190" class="1001" name="const_190">
<pin_list>
<pin id="191" dir="1" index="0" bw="1" slack="2147483647"/>
</pin_list>
<bind>
<StgValue><ssdm name="p_str221"/></StgValue>
</bind>
</comp>

<comp id="192" class="1001" name="const_192">
<pin_list>
<pin id="193" dir="1" index="0" bw="1" slack="2147483647"/>
</pin_list>
<bind>
<StgValue><ssdm name="p_str222"/></StgValue>
</bind>
</comp>

<comp id="194" class="1001" name="const_194">
<pin_list>
<pin id="195" dir="1" index="0" bw="1" slack="2147483647"/>
</pin_list>
<bind>
<StgValue><ssdm name="p_str223"/></StgValue>
</bind>
</comp>

<comp id="196" class="1001" name="const_196">
<pin_list>
<pin id="197" dir="1" index="0" bw="1" slack="2147483647"/>
</pin_list>
<bind>
<StgValue><ssdm name="in_quant_iter_c_OC_V"/></StgValue>
</bind>
</comp>

<comp id="198" class="1001" name="const_198">
<pin_list>
<pin id="199" dir="1" index="0" bw="1" slack="2147483647"/>
</pin_list>
<bind>
<StgValue><ssdm name="p_str224"/></StgValue>
</bind>
</comp>

<comp id="200" class="1001" name="const_200">
<pin_list>
<pin id="201" dir="1" index="0" bw="1" slack="2147483647"/>
</pin_list>
<bind>
<StgValue><ssdm name="p_str225"/></StgValue>
</bind>
</comp>

<comp id="202" class="1001" name="const_202">
<pin_list>
<pin id="203" dir="1" index="0" bw="1" slack="2147483647"/>
</pin_list>
<bind>
<StgValue><ssdm name="p_str226"/></StgValue>
</bind>
</comp>

<comp id="204" class="1001" name="const_204">
<pin_list>
<pin id="205" dir="1" index="0" bw="1" slack="2147483647"/>
</pin_list>
<bind>
<StgValue><ssdm name="p_str227"/></StgValue>
</bind>
</comp>

<comp id="206" class="1001" name="const_206">
<pin_list>
<pin id="207" dir="1" index="0" bw="1" slack="2147483647"/>
</pin_list>
<bind>
<StgValue><ssdm name="p_str228"/></StgValue>
</bind>
</comp>

<comp id="208" class="1001" name="const_208">
<pin_list>
<pin id="209" dir="1" index="0" bw="1" slack="2147483647"/>
</pin_list>
<bind>
<StgValue><ssdm name="p_str229"/></StgValue>
</bind>
</comp>

<comp id="210" class="1001" name="const_210">
<pin_list>
<pin id="211" dir="1" index="0" bw="1" slack="2147483647"/>
</pin_list>
<bind>
<StgValue><ssdm name="p_str230"/></StgValue>
</bind>
</comp>

<comp id="212" class="1001" name="const_212">
<pin_list>
<pin id="213" dir="1" index="0" bw="1" slack="2147483647"/>
</pin_list>
<bind>
<StgValue><ssdm name="in_quant_OC_V_OC_V_s"/></StgValue>
</bind>
</comp>

<comp id="214" class="1001" name="const_214">
<pin_list>
<pin id="215" dir="1" index="0" bw="1" slack="2147483647"/>
</pin_list>
<bind>
<StgValue><ssdm name="p_str231"/></StgValue>
</bind>
</comp>

<comp id="216" class="1001" name="const_216">
<pin_list>
<pin id="217" dir="1" index="0" bw="1" slack="2147483647"/>
</pin_list>
<bind>
<StgValue><ssdm name="p_str232"/></StgValue>
</bind>
</comp>

<comp id="218" class="1001" name="const_218">
<pin_list>
<pin id="219" dir="1" index="0" bw="1" slack="2147483647"/>
</pin_list>
<bind>
<StgValue><ssdm name="p_str233"/></StgValue>
</bind>
</comp>

<comp id="220" class="1001" name="const_220">
<pin_list>
<pin id="221" dir="1" index="0" bw="1" slack="2147483647"/>
</pin_list>
<bind>
<StgValue><ssdm name="p_str234"/></StgValue>
</bind>
</comp>

<comp id="222" class="1001" name="const_222">
<pin_list>
<pin id="223" dir="1" index="0" bw="1" slack="2147483647"/>
</pin_list>
<bind>
<StgValue><ssdm name="p_str235"/></StgValue>
</bind>
</comp>

<comp id="224" class="1001" name="const_224">
<pin_list>
<pin id="225" dir="1" index="0" bw="1" slack="2147483647"/>
</pin_list>
<bind>
<StgValue><ssdm name="p_str236"/></StgValue>
</bind>
</comp>

<comp id="226" class="1001" name="const_226">
<pin_list>
<pin id="227" dir="1" index="0" bw="1" slack="2147483647"/>
</pin_list>
<bind>
<StgValue><ssdm name="p_str237"/></StgValue>
</bind>
</comp>

<comp id="228" class="1001" name="const_228">
<pin_list>
<pin id="229" dir="1" index="0" bw="1" slack="2147483647"/>
</pin_list>
<bind>
<StgValue><ssdm name="in_proc_2_iter_r_OC_s"/></StgValue>
</bind>
</comp>

<comp id="230" class="1001" name="const_230">
<pin_list>
<pin id="231" dir="1" index="0" bw="1" slack="2147483647"/>
</pin_list>
<bind>
<StgValue><ssdm name="p_str238"/></StgValue>
</bind>
</comp>

<comp id="232" class="1001" name="const_232">
<pin_list>
<pin id="233" dir="1" index="0" bw="1" slack="2147483647"/>
</pin_list>
<bind>
<StgValue><ssdm name="p_str239"/></StgValue>
</bind>
</comp>

<comp id="234" class="1001" name="const_234">
<pin_list>
<pin id="235" dir="1" index="0" bw="1" slack="2147483647"/>
</pin_list>
<bind>
<StgValue><ssdm name="p_str240"/></StgValue>
</bind>
</comp>

<comp id="236" class="1001" name="const_236">
<pin_list>
<pin id="237" dir="1" index="0" bw="1" slack="2147483647"/>
</pin_list>
<bind>
<StgValue><ssdm name="p_str241"/></StgValue>
</bind>
</comp>

<comp id="238" class="1001" name="const_238">
<pin_list>
<pin id="239" dir="1" index="0" bw="1" slack="2147483647"/>
</pin_list>
<bind>
<StgValue><ssdm name="p_str242"/></StgValue>
</bind>
</comp>

<comp id="240" class="1001" name="const_240">
<pin_list>
<pin id="241" dir="1" index="0" bw="1" slack="2147483647"/>
</pin_list>
<bind>
<StgValue><ssdm name="p_str243"/></StgValue>
</bind>
</comp>

<comp id="242" class="1001" name="const_242">
<pin_list>
<pin id="243" dir="1" index="0" bw="1" slack="2147483647"/>
</pin_list>
<bind>
<StgValue><ssdm name="p_str244"/></StgValue>
</bind>
</comp>

<comp id="244" class="1001" name="const_244">
<pin_list>
<pin id="245" dir="1" index="0" bw="1" slack="2147483647"/>
</pin_list>
<bind>
<StgValue><ssdm name="in_proc_2_iter_c_OC_s"/></StgValue>
</bind>
</comp>

<comp id="246" class="1001" name="const_246">
<pin_list>
<pin id="247" dir="1" index="0" bw="1" slack="2147483647"/>
</pin_list>
<bind>
<StgValue><ssdm name="p_str245"/></StgValue>
</bind>
</comp>

<comp id="248" class="1001" name="const_248">
<pin_list>
<pin id="249" dir="1" index="0" bw="1" slack="2147483647"/>
</pin_list>
<bind>
<StgValue><ssdm name="p_str246"/></StgValue>
</bind>
</comp>

<comp id="250" class="1001" name="const_250">
<pin_list>
<pin id="251" dir="1" index="0" bw="1" slack="2147483647"/>
</pin_list>
<bind>
<StgValue><ssdm name="p_str247"/></StgValue>
</bind>
</comp>

<comp id="252" class="1001" name="const_252">
<pin_list>
<pin id="253" dir="1" index="0" bw="1" slack="2147483647"/>
</pin_list>
<bind>
<StgValue><ssdm name="p_str248"/></StgValue>
</bind>
</comp>

<comp id="254" class="1001" name="const_254">
<pin_list>
<pin id="255" dir="1" index="0" bw="1" slack="2147483647"/>
</pin_list>
<bind>
<StgValue><ssdm name="p_str249"/></StgValue>
</bind>
</comp>

<comp id="256" class="1001" name="const_256">
<pin_list>
<pin id="257" dir="1" index="0" bw="1" slack="2147483647"/>
</pin_list>
<bind>
<StgValue><ssdm name="p_str250"/></StgValue>
</bind>
</comp>

<comp id="258" class="1001" name="const_258">
<pin_list>
<pin id="259" dir="1" index="0" bw="1" slack="2147483647"/>
</pin_list>
<bind>
<StgValue><ssdm name="p_str251"/></StgValue>
</bind>
</comp>

<comp id="260" class="1001" name="const_260">
<pin_list>
<pin id="261" dir="1" index="0" bw="1" slack="2147483647"/>
</pin_list>
<bind>
<StgValue><ssdm name="in_proc_2_OC_V_OC_V_s"/></StgValue>
</bind>
</comp>

<comp id="262" class="1001" name="const_262">
<pin_list>
<pin id="263" dir="1" index="0" bw="1" slack="2147483647"/>
</pin_list>
<bind>
<StgValue><ssdm name="p_str252"/></StgValue>
</bind>
</comp>

<comp id="264" class="1001" name="const_264">
<pin_list>
<pin id="265" dir="1" index="0" bw="1" slack="2147483647"/>
</pin_list>
<bind>
<StgValue><ssdm name="p_str253"/></StgValue>
</bind>
</comp>

<comp id="266" class="1001" name="const_266">
<pin_list>
<pin id="267" dir="1" index="0" bw="1" slack="2147483647"/>
</pin_list>
<bind>
<StgValue><ssdm name="p_str254"/></StgValue>
</bind>
</comp>

<comp id="268" class="1001" name="const_268">
<pin_list>
<pin id="269" dir="1" index="0" bw="1" slack="2147483647"/>
</pin_list>
<bind>
<StgValue><ssdm name="p_str255"/></StgValue>
</bind>
</comp>

<comp id="270" class="1001" name="const_270">
<pin_list>
<pin id="271" dir="1" index="0" bw="1" slack="2147483647"/>
</pin_list>
<bind>
<StgValue><ssdm name="p_str256"/></StgValue>
</bind>
</comp>

<comp id="272" class="1001" name="const_272">
<pin_list>
<pin id="273" dir="1" index="0" bw="1" slack="2147483647"/>
</pin_list>
<bind>
<StgValue><ssdm name="p_str257"/></StgValue>
</bind>
</comp>

<comp id="274" class="1001" name="const_274">
<pin_list>
<pin id="275" dir="1" index="0" bw="1" slack="2147483647"/>
</pin_list>
<bind>
<StgValue><ssdm name="p_str258"/></StgValue>
</bind>
</comp>

<comp id="276" class="1001" name="const_276">
<pin_list>
<pin id="277" dir="1" index="0" bw="1" slack="2147483647"/>
</pin_list>
<bind>
<StgValue><ssdm name="in_write_2_iter_c_OC"/></StgValue>
</bind>
</comp>

<comp id="278" class="1001" name="const_278">
<pin_list>
<pin id="279" dir="1" index="0" bw="1" slack="2147483647"/>
</pin_list>
<bind>
<StgValue><ssdm name="p_str259"/></StgValue>
</bind>
</comp>

<comp id="280" class="1001" name="const_280">
<pin_list>
<pin id="281" dir="1" index="0" bw="1" slack="2147483647"/>
</pin_list>
<bind>
<StgValue><ssdm name="p_str260"/></StgValue>
</bind>
</comp>

<comp id="282" class="1001" name="const_282">
<pin_list>
<pin id="283" dir="1" index="0" bw="1" slack="2147483647"/>
</pin_list>
<bind>
<StgValue><ssdm name="p_str261"/></StgValue>
</bind>
</comp>

<comp id="284" class="1001" name="const_284">
<pin_list>
<pin id="285" dir="1" index="0" bw="1" slack="2147483647"/>
</pin_list>
<bind>
<StgValue><ssdm name="p_str262"/></StgValue>
</bind>
</comp>

<comp id="286" class="1001" name="const_286">
<pin_list>
<pin id="287" dir="1" index="0" bw="1" slack="2147483647"/>
</pin_list>
<bind>
<StgValue><ssdm name="p_str263"/></StgValue>
</bind>
</comp>

<comp id="288" class="1001" name="const_288">
<pin_list>
<pin id="289" dir="1" index="0" bw="1" slack="2147483647"/>
</pin_list>
<bind>
<StgValue><ssdm name="p_str264"/></StgValue>
</bind>
</comp>

<comp id="290" class="1001" name="const_290">
<pin_list>
<pin id="291" dir="1" index="0" bw="1" slack="2147483647"/>
</pin_list>
<bind>
<StgValue><ssdm name="p_str265"/></StgValue>
</bind>
</comp>

<comp id="292" class="1001" name="const_292">
<pin_list>
<pin id="293" dir="1" index="0" bw="1" slack="2147483647"/>
</pin_list>
<bind>
<StgValue><ssdm name="in_write_OC_V_OC_V_s"/></StgValue>
</bind>
</comp>

<comp id="294" class="1001" name="const_294">
<pin_list>
<pin id="295" dir="1" index="0" bw="1" slack="2147483647"/>
</pin_list>
<bind>
<StgValue><ssdm name="p_str266"/></StgValue>
</bind>
</comp>

<comp id="296" class="1001" name="const_296">
<pin_list>
<pin id="297" dir="1" index="0" bw="1" slack="2147483647"/>
</pin_list>
<bind>
<StgValue><ssdm name="p_str267"/></StgValue>
</bind>
</comp>

<comp id="298" class="1001" name="const_298">
<pin_list>
<pin id="299" dir="1" index="0" bw="1" slack="2147483647"/>
</pin_list>
<bind>
<StgValue><ssdm name="p_str268"/></StgValue>
</bind>
</comp>

<comp id="300" class="1001" name="const_300">
<pin_list>
<pin id="301" dir="1" index="0" bw="1" slack="2147483647"/>
</pin_list>
<bind>
<StgValue><ssdm name="p_str269"/></StgValue>
</bind>
</comp>

<comp id="302" class="1001" name="const_302">
<pin_list>
<pin id="303" dir="1" index="0" bw="1" slack="2147483647"/>
</pin_list>
<bind>
<StgValue><ssdm name="p_str270"/></StgValue>
</bind>
</comp>

<comp id="304" class="1001" name="const_304">
<pin_list>
<pin id="305" dir="1" index="0" bw="1" slack="2147483647"/>
</pin_list>
<bind>
<StgValue><ssdm name="p_str271"/></StgValue>
</bind>
</comp>

<comp id="306" class="1001" name="const_306">
<pin_list>
<pin id="307" dir="1" index="0" bw="1" slack="2147483647"/>
</pin_list>
<bind>
<StgValue><ssdm name="p_str272"/></StgValue>
</bind>
</comp>

<comp id="308" class="1004" name="in_write_n_V_V_fu_308">
<pin_list>
<pin id="309" dir="0" index="0" bw="1" slack="0"/>
<pin id="310" dir="1" index="1" bw="96" slack="0"/>
</pin_list>
<bind>
<opcode="alloca(26) " fcode="alloca"/>
<opset="in_write_n_V_V/1 "/>
</bind>
</comp>

<comp id="312" class="1004" name="in_proc_1_iter_r_V_V_fu_312">
<pin_list>
<pin id="313" dir="0" index="0" bw="1" slack="0"/>
<pin id="314" dir="1" index="1" bw="32" slack="0"/>
</pin_list>
<bind>
<opcode="alloca(26) " fcode="alloca"/>
<opset="in_proc_1_iter_r_V_V/1 "/>
</bind>
</comp>

<comp id="316" class="1004" name="in_proc_1_iter_c_V_V_fu_316">
<pin_list>
<pin id="317" dir="0" index="0" bw="1" slack="0"/>
<pin id="318" dir="1" index="1" bw="32" slack="0"/>
</pin_list>
<bind>
<opcode="alloca(26) " fcode="alloca"/>
<opset="in_proc_1_iter_c_V_V/1 "/>
</bind>
</comp>

<comp id="320" class="1004" name="in_proc_1_V_V_fu_320">
<pin_list>
<pin id="321" dir="0" index="0" bw="1" slack="0"/>
<pin id="322" dir="1" index="1" bw="64" slack="0"/>
</pin_list>
<bind>
<opcode="alloca(26) " fcode="alloca"/>
<opset="in_proc_1_V_V/1 "/>
</bind>
</comp>

<comp id="324" class="1004" name="in_quant_iter_r_V_V_fu_324">
<pin_list>
<pin id="325" dir="0" index="0" bw="1" slack="0"/>
<pin id="326" dir="1" index="1" bw="32" slack="2"/>
</pin_list>
<bind>
<opcode="alloca(26) " fcode="alloca"/>
<opset="in_quant_iter_r_V_V/1 "/>
</bind>
</comp>

<comp id="328" class="1004" name="in_quant_iter_c_V_V_fu_328">
<pin_list>
<pin id="329" dir="0" index="0" bw="1" slack="0"/>
<pin id="330" dir="1" index="1" bw="32" slack="2"/>
</pin_list>
<bind>
<opcode="alloca(26) " fcode="alloca"/>
<opset="in_quant_iter_c_V_V/1 "/>
</bind>
</comp>

<comp id="332" class="1004" name="in_quant_V_V_fu_332">
<pin_list>
<pin id="333" dir="0" index="0" bw="1" slack="0"/>
<pin id="334" dir="1" index="1" bw="128" slack="2"/>
</pin_list>
<bind>
<opcode="alloca(26) " fcode="alloca"/>
<opset="in_quant_V_V/1 "/>
</bind>
</comp>

<comp id="336" class="1004" name="in_proc_2_iter_r_V_V_fu_336">
<pin_list>
<pin id="337" dir="0" index="0" bw="1" slack="0"/>
<pin id="338" dir="1" index="1" bw="32" slack="4"/>
</pin_list>
<bind>
<opcode="alloca(26) " fcode="alloca"/>
<opset="in_proc_2_iter_r_V_V/1 "/>
</bind>
</comp>

<comp id="340" class="1004" name="in_proc_2_iter_c_V_V_fu_340">
<pin_list>
<pin id="341" dir="0" index="0" bw="1" slack="0"/>
<pin id="342" dir="1" index="1" bw="32" slack="4"/>
</pin_list>
<bind>
<opcode="alloca(26) " fcode="alloca"/>
<opset="in_proc_2_iter_c_V_V/1 "/>
</bind>
</comp>

<comp id="344" class="1004" name="in_proc_2_V_V_fu_344">
<pin_list>
<pin id="345" dir="0" index="0" bw="1" slack="0"/>
<pin id="346" dir="1" index="1" bw="32" slack="4"/>
</pin_list>
<bind>
<opcode="alloca(26) " fcode="alloca"/>
<opset="in_proc_2_V_V/1 "/>
</bind>
</comp>

<comp id="348" class="1004" name="in_write_2_iter_c_V_s_fu_348">
<pin_list>
<pin id="349" dir="0" index="0" bw="1" slack="0"/>
<pin id="350" dir="1" index="1" bw="32" slack="6"/>
</pin_list>
<bind>
<opcode="alloca(26) " fcode="alloca"/>
<opset="in_write_2_iter_c_V_s/1 "/>
</bind>
</comp>

<comp id="352" class="1004" name="in_write_V_V_fu_352">
<pin_list>
<pin id="353" dir="0" index="0" bw="1" slack="0"/>
<pin id="354" dir="1" index="1" bw="16" slack="6"/>
</pin_list>
<bind>
<opcode="alloca(26) " fcode="alloca"/>
<opset="in_write_V_V/1 "/>
</bind>
</comp>

<comp id="356" class="1004" name="grp_softmax_process_2134_fu_356">
<pin_list>
<pin id="357" dir="0" index="0" bw="0" slack="0"/>
<pin id="358" dir="0" index="1" bw="32" slack="6"/>
<pin id="359" dir="0" index="2" bw="32" slack="6"/>
<pin id="360" dir="0" index="3" bw="32" slack="6"/>
<pin id="361" dir="0" index="4" bw="32" slack="6"/>
<pin id="362" dir="0" index="5" bw="16" slack="6"/>
<pin id="363" dir="1" index="6" bw="0" slack="2147483647"/>
</pin_list>
<bind>
<opcode="call(48) " fcode="call"/>
<opset="call_ln2055/7 "/>
</bind>
</comp>

<comp id="365" class="1004" name="grp_softmax_save_data131_fu_365">
<pin_list>
<pin id="366" dir="0" index="0" bw="0" slack="0"/>
<pin id="367" dir="0" index="1" bw="512" slack="0"/>
<pin id="368" dir="0" index="2" bw="8" slack="0"/>
<pin id="369" dir="0" index="3" bw="8" slack="0"/>
<pin id="370" dir="0" index="4" bw="16" slack="0"/>
<pin id="371" dir="0" index="5" bw="1" slack="0"/>
<pin id="372" dir="0" index="6" bw="96" slack="0"/>
<pin id="373" dir="0" index="7" bw="32" slack="0"/>
<pin id="374" dir="0" index="8" bw="32" slack="0"/>
<pin id="375" dir="0" index="9" bw="64" slack="0"/>
<pin id="376" dir="1" index="10" bw="0" slack="2147483647"/>
</pin_list>
<bind>
<opcode="call(48) " fcode="call"/>
<opset="call_ln2046/1 "/>
</bind>
</comp>

<comp id="383" class="1004" name="grp_softmax_write_out135_fu_383">
<pin_list>
<pin id="384" dir="0" index="0" bw="0" slack="0"/>
<pin id="385" dir="0" index="1" bw="96" slack="8"/>
<pin id="386" dir="0" index="2" bw="32" slack="8"/>
<pin id="387" dir="0" index="3" bw="16" slack="8"/>
<pin id="388" dir="0" index="4" bw="512" slack="0"/>
<pin id="389" dir="0" index="5" bw="8" slack="0"/>
<pin id="390" dir="0" index="6" bw="8" slack="0"/>
<pin id="391" dir="0" index="7" bw="16" slack="0"/>
<pin id="392" dir="0" index="8" bw="1" slack="0"/>
<pin id="393" dir="1" index="9" bw="0" slack="2147483647"/>
</pin_list>
<bind>
<opcode="call(48) " fcode="call"/>
<opset="call_ln2058/9 "/>
</bind>
</comp>

<comp id="400" class="1004" name="grp_softmax_process_1132_fu_400">
<pin_list>
<pin id="401" dir="0" index="0" bw="0" slack="0"/>
<pin id="402" dir="0" index="1" bw="32" slack="2"/>
<pin id="403" dir="0" index="2" bw="32" slack="2"/>
<pin id="404" dir="0" index="3" bw="64" slack="2"/>
<pin id="405" dir="0" index="4" bw="32" slack="2"/>
<pin id="406" dir="0" index="5" bw="32" slack="2"/>
<pin id="407" dir="0" index="6" bw="128" slack="2"/>
<pin id="408" dir="1" index="7" bw="0" slack="2147483647"/>
</pin_list>
<bind>
<opcode="call(48) " fcode="call"/>
<opset="call_ln2049/3 "/>
</bind>
</comp>

<comp id="410" class="1004" name="grp_softmax_QuantAct_1_c_fu_410">
<pin_list>
<pin id="411" dir="0" index="0" bw="0" slack="0"/>
<pin id="412" dir="0" index="1" bw="32" slack="4"/>
<pin id="413" dir="0" index="2" bw="32" slack="4"/>
<pin id="414" dir="0" index="3" bw="128" slack="4"/>
<pin id="415" dir="0" index="4" bw="32" slack="4"/>
<pin id="416" dir="0" index="5" bw="32" slack="4"/>
<pin id="417" dir="0" index="6" bw="32" slack="4"/>
<pin id="418" dir="1" index="7" bw="0" slack="2147483647"/>
</pin_list>
<bind>
<opcode="call(48) " fcode="call"/>
<opset="call_ln2052/5 "/>
</bind>
</comp>

<comp id="420" class="1005" name="in_write_n_V_V_reg_420">
<pin_list>
<pin id="421" dir="0" index="0" bw="96" slack="0"/>
<pin id="422" dir="1" index="1" bw="96" slack="0"/>
</pin_list>
<bind>
<opset="in_write_n_V_V "/>
</bind>
</comp>

<comp id="426" class="1005" name="in_proc_1_iter_r_V_V_reg_426">
<pin_list>
<pin id="427" dir="0" index="0" bw="32" slack="0"/>
<pin id="428" dir="1" index="1" bw="32" slack="0"/>
</pin_list>
<bind>
<opset="in_proc_1_iter_r_V_V "/>
</bind>
</comp>

<comp id="432" class="1005" name="in_proc_1_iter_c_V_V_reg_432">
<pin_list>
<pin id="433" dir="0" index="0" bw="32" slack="0"/>
<pin id="434" dir="1" index="1" bw="32" slack="0"/>
</pin_list>
<bind>
<opset="in_proc_1_iter_c_V_V "/>
</bind>
</comp>

<comp id="438" class="1005" name="in_proc_1_V_V_reg_438">
<pin_list>
<pin id="439" dir="0" index="0" bw="64" slack="0"/>
<pin id="440" dir="1" index="1" bw="64" slack="0"/>
</pin_list>
<bind>
<opset="in_proc_1_V_V "/>
</bind>
</comp>

<comp id="444" class="1005" name="in_quant_iter_r_V_V_reg_444">
<pin_list>
<pin id="445" dir="0" index="0" bw="32" slack="2"/>
<pin id="446" dir="1" index="1" bw="32" slack="2"/>
</pin_list>
<bind>
<opset="in_quant_iter_r_V_V "/>
</bind>
</comp>

<comp id="450" class="1005" name="in_quant_iter_c_V_V_reg_450">
<pin_list>
<pin id="451" dir="0" index="0" bw="32" slack="2"/>
<pin id="452" dir="1" index="1" bw="32" slack="2"/>
</pin_list>
<bind>
<opset="in_quant_iter_c_V_V "/>
</bind>
</comp>

<comp id="456" class="1005" name="in_quant_V_V_reg_456">
<pin_list>
<pin id="457" dir="0" index="0" bw="128" slack="2"/>
<pin id="458" dir="1" index="1" bw="128" slack="2"/>
</pin_list>
<bind>
<opset="in_quant_V_V "/>
</bind>
</comp>

<comp id="462" class="1005" name="in_proc_2_iter_r_V_V_reg_462">
<pin_list>
<pin id="463" dir="0" index="0" bw="32" slack="4"/>
<pin id="464" dir="1" index="1" bw="32" slack="4"/>
</pin_list>
<bind>
<opset="in_proc_2_iter_r_V_V "/>
</bind>
</comp>

<comp id="468" class="1005" name="in_proc_2_iter_c_V_V_reg_468">
<pin_list>
<pin id="469" dir="0" index="0" bw="32" slack="4"/>
<pin id="470" dir="1" index="1" bw="32" slack="4"/>
</pin_list>
<bind>
<opset="in_proc_2_iter_c_V_V "/>
</bind>
</comp>

<comp id="474" class="1005" name="in_proc_2_V_V_reg_474">
<pin_list>
<pin id="475" dir="0" index="0" bw="32" slack="4"/>
<pin id="476" dir="1" index="1" bw="32" slack="4"/>
</pin_list>
<bind>
<opset="in_proc_2_V_V "/>
</bind>
</comp>

<comp id="480" class="1005" name="in_write_2_iter_c_V_s_reg_480">
<pin_list>
<pin id="481" dir="0" index="0" bw="32" slack="6"/>
<pin id="482" dir="1" index="1" bw="32" slack="6"/>
</pin_list>
<bind>
<opset="in_write_2_iter_c_V_s "/>
</bind>
</comp>

<comp id="486" class="1005" name="in_write_V_V_reg_486">
<pin_list>
<pin id="487" dir="0" index="0" bw="16" slack="6"/>
<pin id="488" dir="1" index="1" bw="16" slack="6"/>
</pin_list>
<bind>
<opset="in_write_V_V "/>
</bind>
</comp>

</comp_list>

<net_list>
<net id="311"><net_src comp="20" pin="0"/><net_sink comp="308" pin=0"/></net>

<net id="315"><net_src comp="20" pin="0"/><net_sink comp="312" pin=0"/></net>

<net id="319"><net_src comp="20" pin="0"/><net_sink comp="316" pin=0"/></net>

<net id="323"><net_src comp="20" pin="0"/><net_sink comp="320" pin=0"/></net>

<net id="327"><net_src comp="20" pin="0"/><net_sink comp="324" pin=0"/></net>

<net id="331"><net_src comp="20" pin="0"/><net_sink comp="328" pin=0"/></net>

<net id="335"><net_src comp="20" pin="0"/><net_sink comp="332" pin=0"/></net>

<net id="339"><net_src comp="20" pin="0"/><net_sink comp="336" pin=0"/></net>

<net id="343"><net_src comp="20" pin="0"/><net_sink comp="340" pin=0"/></net>

<net id="347"><net_src comp="20" pin="0"/><net_sink comp="344" pin=0"/></net>

<net id="351"><net_src comp="20" pin="0"/><net_sink comp="348" pin=0"/></net>

<net id="355"><net_src comp="20" pin="0"/><net_sink comp="352" pin=0"/></net>

<net id="364"><net_src comp="28" pin="0"/><net_sink comp="356" pin=0"/></net>

<net id="377"><net_src comp="22" pin="0"/><net_sink comp="365" pin=0"/></net>

<net id="378"><net_src comp="0" pin="0"/><net_sink comp="365" pin=1"/></net>

<net id="379"><net_src comp="2" pin="0"/><net_sink comp="365" pin=2"/></net>

<net id="380"><net_src comp="4" pin="0"/><net_sink comp="365" pin=3"/></net>

<net id="381"><net_src comp="6" pin="0"/><net_sink comp="365" pin=4"/></net>

<net id="382"><net_src comp="8" pin="0"/><net_sink comp="365" pin=5"/></net>

<net id="394"><net_src comp="30" pin="0"/><net_sink comp="383" pin=0"/></net>

<net id="395"><net_src comp="10" pin="0"/><net_sink comp="383" pin=4"/></net>

<net id="396"><net_src comp="12" pin="0"/><net_sink comp="383" pin=5"/></net>

<net id="397"><net_src comp="14" pin="0"/><net_sink comp="383" pin=6"/></net>

<net id="398"><net_src comp="16" pin="0"/><net_sink comp="383" pin=7"/></net>

<net id="399"><net_src comp="18" pin="0"/><net_sink comp="383" pin=8"/></net>

<net id="409"><net_src comp="24" pin="0"/><net_sink comp="400" pin=0"/></net>

<net id="419"><net_src comp="26" pin="0"/><net_sink comp="410" pin=0"/></net>

<net id="423"><net_src comp="308" pin="1"/><net_sink comp="420" pin=0"/></net>

<net id="424"><net_src comp="420" pin="1"/><net_sink comp="365" pin=6"/></net>

<net id="425"><net_src comp="420" pin="1"/><net_sink comp="383" pin=1"/></net>

<net id="429"><net_src comp="312" pin="1"/><net_sink comp="426" pin=0"/></net>

<net id="430"><net_src comp="426" pin="1"/><net_sink comp="365" pin=7"/></net>

<net id="431"><net_src comp="426" pin="1"/><net_sink comp="400" pin=1"/></net>

<net id="435"><net_src comp="316" pin="1"/><net_sink comp="432" pin=0"/></net>

<net id="436"><net_src comp="432" pin="1"/><net_sink comp="365" pin=8"/></net>

<net id="437"><net_src comp="432" pin="1"/><net_sink comp="400" pin=2"/></net>

<net id="441"><net_src comp="320" pin="1"/><net_sink comp="438" pin=0"/></net>

<net id="442"><net_src comp="438" pin="1"/><net_sink comp="365" pin=9"/></net>

<net id="443"><net_src comp="438" pin="1"/><net_sink comp="400" pin=3"/></net>

<net id="447"><net_src comp="324" pin="1"/><net_sink comp="444" pin=0"/></net>

<net id="448"><net_src comp="444" pin="1"/><net_sink comp="400" pin=4"/></net>

<net id="449"><net_src comp="444" pin="1"/><net_sink comp="410" pin=1"/></net>

<net id="453"><net_src comp="328" pin="1"/><net_sink comp="450" pin=0"/></net>

<net id="454"><net_src comp="450" pin="1"/><net_sink comp="400" pin=5"/></net>

<net id="455"><net_src comp="450" pin="1"/><net_sink comp="410" pin=2"/></net>

<net id="459"><net_src comp="332" pin="1"/><net_sink comp="456" pin=0"/></net>

<net id="460"><net_src comp="456" pin="1"/><net_sink comp="400" pin=6"/></net>

<net id="461"><net_src comp="456" pin="1"/><net_sink comp="410" pin=3"/></net>

<net id="465"><net_src comp="336" pin="1"/><net_sink comp="462" pin=0"/></net>

<net id="466"><net_src comp="462" pin="1"/><net_sink comp="410" pin=4"/></net>

<net id="467"><net_src comp="462" pin="1"/><net_sink comp="356" pin=1"/></net>

<net id="471"><net_src comp="340" pin="1"/><net_sink comp="468" pin=0"/></net>

<net id="472"><net_src comp="468" pin="1"/><net_sink comp="410" pin=5"/></net>

<net id="473"><net_src comp="468" pin="1"/><net_sink comp="356" pin=2"/></net>

<net id="477"><net_src comp="344" pin="1"/><net_sink comp="474" pin=0"/></net>

<net id="478"><net_src comp="474" pin="1"/><net_sink comp="410" pin=6"/></net>

<net id="479"><net_src comp="474" pin="1"/><net_sink comp="356" pin=3"/></net>

<net id="483"><net_src comp="348" pin="1"/><net_sink comp="480" pin=0"/></net>

<net id="484"><net_src comp="480" pin="1"/><net_sink comp="356" pin=4"/></net>

<net id="485"><net_src comp="480" pin="1"/><net_sink comp="383" pin=2"/></net>

<net id="489"><net_src comp="352" pin="1"/><net_sink comp="486" pin=0"/></net>

<net id="490"><net_src comp="486" pin="1"/><net_sink comp="356" pin=5"/></net>

<net id="491"><net_src comp="486" pin="1"/><net_sink comp="383" pin=3"/></net>

</net_list>

</model> 
---------------- Datapath Model END ------------------

* FSMD analyzer results:
  - Output states:
	Port: out_V_data_V | {9 10 }
	Port: out_V_id_V | {9 10 }
	Port: out_V_dest_V | {9 10 }
	Port: out_V_user_V | {9 10 }
	Port: out_V_last_V | {9 10 }
 - Input state : 
	Port: Softmax130 : in_V_data_V | {1 2 }
	Port: Softmax130 : in_V_id_V | {1 2 }
	Port: Softmax130 : in_V_dest_V | {1 2 }
	Port: Softmax130 : in_V_user_V | {1 2 }
	Port: Softmax130 : in_V_last_V | {1 2 }
  - Chain level:
	State 1
		call_ln2046 : 1
	State 2
	State 3
	State 4
	State 5
	State 6
	State 7
	State 8
	State 9
	State 10
	State 11


============================================================
+ Verbose Summary: Datapath Resource usage 
============================================================

* Functional unit list:
|----------|---------------------------------|---------|---------|---------|---------|
| Operation|         Functional Unit         |  DSP48E |  Delay  |    FF   |   LUT   |
|----------|---------------------------------|---------|---------|---------|---------|
|          | grp_softmax_process_2134_fu_356 |    0    |  2.624  |  11209  |   4391  |
|          | grp_softmax_save_data131_fu_365 |    0    |    0    |   7710  |   2739  |
|   call   | grp_softmax_write_out135_fu_383 |    1    | 2.02425 |   1856  |   1036  |
|          | grp_softmax_process_1132_fu_400 |    22   |    0    |   1015  |   1560  |
|          | grp_softmax_QuantAct_1_c_fu_410 |    20   |  1.312  |   1331  |   572   |
|----------|---------------------------------|---------|---------|---------|---------|
|   Total  |                                 |    43   | 5.96025 |  23121  |  10298  |
|----------|---------------------------------|---------|---------|---------|---------|

Memories:
N/A

* Register list:
+-----------------------------+--------+
|                             |   FF   |
+-----------------------------+--------+
|    in_proc_1_V_V_reg_438    |   64   |
| in_proc_1_iter_c_V_V_reg_432|   32   |
| in_proc_1_iter_r_V_V_reg_426|   32   |
|    in_proc_2_V_V_reg_474    |   32   |
| in_proc_2_iter_c_V_V_reg_468|   32   |
| in_proc_2_iter_r_V_V_reg_462|   32   |
|     in_quant_V_V_reg_456    |   128  |
| in_quant_iter_c_V_V_reg_450 |   32   |
| in_quant_iter_r_V_V_reg_444 |   32   |
|in_write_2_iter_c_V_s_reg_480|   32   |
|     in_write_V_V_reg_486    |   16   |
|    in_write_n_V_V_reg_420   |   96   |
+-----------------------------+--------+
|            Total            |   560  |
+-----------------------------+--------+

* Multiplexer (MUX) list: 
|--------|------|------|------|--------|
|  Comp  |  Pin | Size |  BW  | S x BW |
|--------|------|------|------|--------|
|  Total |      |      |      |    0   |
|--------|------|------|------|--------|



* Summary:
+-----------+--------+--------+--------+--------+
|           | DSP48E |  Delay |   FF   |   LUT  |
+-----------+--------+--------+--------+--------+
|  Function |   43   |    5   |  23121 |  10298 |
|   Memory  |    -   |    -   |    -   |    -   |
|Multiplexer|    -   |    -   |    -   |    -   |
|  Register |    -   |    -   |   560  |    -   |
+-----------+--------+--------+--------+--------+
|   Total   |   43   |    5   |  23681 |  10298 |
+-----------+--------+--------+--------+--------+
