

================================================================
== Vivado HLS Report for 'kernel_4'
================================================================
* Date:           Tue Feb  7 00:13:43 2023

* Version:        2018.3 (Build 2405991 on Thu Dec 06 23:56:15 MST 2018)
* Project:        kern_4
* Solution:       solution1
* Product family: zynquplus
* Target device:  xczu19eg-ffvc1760-2-i


================================================================
== Performance Estimates
================================================================
+ Timing (ns): 
    * Summary: 
    +--------+-------+----------+------------+
    |  Clock | Target| Estimated| Uncertainty|
    +--------+-------+----------+------------+
    |ap_clk  |   5.00|     4.371|        0.62|
    +--------+-------+----------+------------+

+ Latency (clock cycles): 
    * Summary: 
    +-----+-----+-----+-----+----------+
    |  Latency  |  Interval | Pipeline |
    | min | max | min | max |   Type   |
    +-----+-----+-----+-----+----------+
    |    ?|    ?|    ?|    ?| dataflow |
    +-----+-----+-----+-----+----------+

    + Detail: 
        * Instance: 
        +---------------------------+------------------------+-----+-------+-----+-------+---------+
        |                           |                        |   Latency   |   Interval  | Pipeline|
        |          Instance         |         Module         | min |  max  | min |  max  |   Type  |
        +---------------------------+------------------------+-----+-------+-----+-------+---------+
        |AttentionMatmulReadB_U0    |AttentionMatmulReadB    |   20|   2164|   20|   2164|   none  |
        |AttentionMatmulSoftm_U0    |AttentionMatmulSoftm    |    6|   1029|    6|   1029|   none  |
        |AttentionMatmulCompu_3_U0  |AttentionMatmulCompu_3  |    8|   2054|    8|   2054|   none  |
        |AttentionMatmulCompu_2_U0  |AttentionMatmulCompu_2  |    8|   2054|    8|   2054|   none  |
        |AttentionMatmulCompu_1_U0  |AttentionMatmulCompu_1  |    8|   2054|    8|   2054|   none  |
        |AttentionMatmulCompu_U0    |AttentionMatmulCompu    |    8|   2054|    8|   2054|   none  |
        |softmax_divide_preci_U0    |softmax_divide_preci    |    ?|      ?|    ?|      ?|   none  |
        |softmax_write_out_U0       |softmax_write_out       |    ?|      ?|    ?|      ?|   none  |
        |softmax_read_data_U0       |softmax_read_data       |    ?|      ?|    ?|      ?|   none  |
        |softmax_QuantAct_1_c_U0    |softmax_QuantAct_1_c    |   23|  65543|   23|  65543|   none  |
        |AttentionMatmulWrite_U0    |AttentionMatmulWrite    |   35|   2051|   35|   2051|   none  |
        |softmax_process_1178_U0    |softmax_process_1178    |   26|  65546|   26|  65546|   none  |
        |AttentionMatmulQuant_U0    |AttentionMatmulQuant    |   11|    131|   11|    131|   none  |
        |AttentionMatmulArbit_U0    |AttentionMatmulArbit    |    9|    263|    9|    263|   none  |
        |softmax_subtract_max_U0    |softmax_subtract_max    |    ?|      ?|    ?|      ?|   none  |
        |AttentionMatmulReadA_U0    |AttentionMatmulReadA    |    3|    130|    3|    130|   none  |
        +---------------------------+------------------------+-----+-------+-----+-------+---------+

        * Loop: 
        N/A



================================================================
== Utilization Estimates
================================================================
* Summary: 
+-----------------+---------+-------+---------+--------+-----+
|       Name      | BRAM_18K| DSP48E|    FF   |   LUT  | URAM|
+-----------------+---------+-------+---------+--------+-----+
|DSP              |        -|      -|        -|       -|    -|
|Expression       |        -|      -|        0|       6|    -|
|FIFO             |      154|      -|     7522|   20445|    -|
|Instance         |        0|    300|    40248|   67634|    -|
|Memory           |        -|      -|        -|       -|    -|
|Multiplexer      |        -|      -|        -|       -|    -|
|Register         |        -|      -|        -|       -|    -|
+-----------------+---------+-------+---------+--------+-----+
|Total            |      154|    300|    47770|   88085|    0|
+-----------------+---------+-------+---------+--------+-----+
|Available        |     1968|   1968|  1045440|  522720|  128|
+-----------------+---------+-------+---------+--------+-----+
|Utilization (%)  |        7|     15|        4|      16|    0|
+-----------------+---------+-------+---------+--------+-----+

+ Detail: 
    * Instance: 
    +---------------------------+------------------------+---------+-------+------+-------+
    |          Instance         |         Module         | BRAM_18K| DSP48E|  FF  |  LUT  |
    +---------------------------+------------------------+---------+-------+------+-------+
    |AttentionMatmulArbit_U0    |AttentionMatmulArbit    |        0|      0|  1732|    606|
    |AttentionMatmulCompu_U0    |AttentionMatmulCompu    |        0|     65|  3750|   8055|
    |AttentionMatmulCompu_1_U0  |AttentionMatmulCompu_1  |        0|     65|  3750|   8055|
    |AttentionMatmulCompu_2_U0  |AttentionMatmulCompu_2  |        0|     65|  3750|   8055|
    |AttentionMatmulCompu_3_U0  |AttentionMatmulCompu_3  |        0|     65|  3750|   8055|
    |AttentionMatmulQuant_U0    |AttentionMatmulQuant    |        0|      0|   685|    493|
    |AttentionMatmulReadA_U0    |AttentionMatmulReadA    |        0|      0|    72|   2537|
    |AttentionMatmulReadB_U0    |AttentionMatmulReadB    |        0|      1|  8897|  21372|
    |AttentionMatmulSoftm_U0    |AttentionMatmulSoftm    |        0|      1|  5671|   1498|
    |AttentionMatmulWrite_U0    |AttentionMatmulWrite    |        0|      1|   706|   1009|
    |softmax_QuantAct_1_c_U0    |softmax_QuantAct_1_c    |        0|     11|   953|    832|
    |softmax_divide_preci_U0    |softmax_divide_preci    |        0|      4|  2651|   2169|
    |softmax_process_1178_U0    |softmax_process_1178    |        0|     13|   779|   1064|
    |softmax_read_data_U0       |softmax_read_data       |        0|      4|   987|   1584|
    |softmax_subtract_max_U0    |softmax_subtract_max    |        0|      4|   300|    483|
    |softmax_write_out_U0       |softmax_write_out       |        0|      1|  1815|   1767|
    +---------------------------+------------------------+---------+-------+------+-------+
    |Total                      |                        |        0|    300| 40248|  67634|
    +---------------------------+------------------------+---------+-------+------+-------+

    * DSP48: 
    N/A

    * Memory: 
    N/A

    * FIFO: 
    +-------------------------+---------+-----+-----+------+-----+---------+
    |           Name          | BRAM_18K|  FF | LUT | Depth| Bits| Size:D*B|
    +-------------------------+---------+-----+-----+------+-----+---------+
    |b1_V_data_V_U            |       29|  522|  510|     2|  512|     1024|
    |b1_V_dest_V_U            |        0|    5|   20|     2|    8|       16|
    |b1_V_id_V_U              |        0|    5|   20|     2|    8|       16|
    |b1_V_last_V_U            |        0|    5|   16|     2|    1|        2|
    |b1_V_user_V_U            |        0|    5|   28|     2|   16|       32|
    |c1_V_data_V_U            |       29|  522|  510|     2|  512|     1024|
    |c1_V_dest_V_U            |        0|    5|   20|     2|    8|       16|
    |c1_V_id_V_U              |        0|    5|   20|     2|    8|       16|
    |c1_V_last_V_U            |        0|    5|   16|     2|    1|        2|
    |c1_V_user_V_U            |        0|    5|   28|     2|   16|       32|
    |in_compute_a_0_0_V_U     |        0|    5|   20|     2|    8|       16|
    |in_compute_a_0_10_s_U    |        0|    5|   20|     2|    8|       16|
    |in_compute_a_0_11_s_U    |        0|    5|   20|     2|    8|       16|
    |in_compute_a_0_12_s_U    |        0|    5|   20|     2|    8|       16|
    |in_compute_a_0_13_s_U    |        0|    5|   20|     2|    8|       16|
    |in_compute_a_0_14_s_U    |        0|    5|   20|     2|    8|       16|
    |in_compute_a_0_15_s_U    |        0|    5|   20|     2|    8|       16|
    |in_compute_a_0_16_s_U    |        0|    5|   20|     2|    8|       16|
    |in_compute_a_0_17_s_U    |        0|    5|   20|     2|    8|       16|
    |in_compute_a_0_18_s_U    |        0|    5|   20|     2|    8|       16|
    |in_compute_a_0_19_s_U    |        0|    5|   20|     2|    8|       16|
    |in_compute_a_0_1_V_U     |        0|    5|   20|     2|    8|       16|
    |in_compute_a_0_20_s_U    |        0|    5|   20|     2|    8|       16|
    |in_compute_a_0_21_s_U    |        0|    5|   20|     2|    8|       16|
    |in_compute_a_0_22_s_U    |        0|    5|   20|     2|    8|       16|
    |in_compute_a_0_23_s_U    |        0|    5|   20|     2|    8|       16|
    |in_compute_a_0_24_s_U    |        0|    5|   20|     2|    8|       16|
    |in_compute_a_0_25_s_U    |        0|    5|   20|     2|    8|       16|
    |in_compute_a_0_26_s_U    |        0|    5|   20|     2|    8|       16|
    |in_compute_a_0_27_s_U    |        0|    5|   20|     2|    8|       16|
    |in_compute_a_0_28_s_U    |        0|    5|   20|     2|    8|       16|
    |in_compute_a_0_29_s_U    |        0|    5|   20|     2|    8|       16|
    |in_compute_a_0_2_V_U     |        0|    5|   20|     2|    8|       16|
    |in_compute_a_0_30_s_U    |        0|    5|   20|     2|    8|       16|
    |in_compute_a_0_31_s_U    |        0|    5|   20|     2|    8|       16|
    |in_compute_a_0_32_s_U    |        0|    5|   20|     2|    8|       16|
    |in_compute_a_0_33_s_U    |        0|    5|   20|     2|    8|       16|
    |in_compute_a_0_34_s_U    |        0|    5|   20|     2|    8|       16|
    |in_compute_a_0_35_s_U    |        0|    5|   20|     2|    8|       16|
    |in_compute_a_0_36_s_U    |        0|    5|   20|     2|    8|       16|
    |in_compute_a_0_37_s_U    |        0|    5|   20|     2|    8|       16|
    |in_compute_a_0_38_s_U    |        0|    5|   20|     2|    8|       16|
    |in_compute_a_0_39_s_U    |        0|    5|   20|     2|    8|       16|
    |in_compute_a_0_3_V_U     |        0|    5|   20|     2|    8|       16|
    |in_compute_a_0_40_s_U    |        0|    5|   20|     2|    8|       16|
    |in_compute_a_0_41_s_U    |        0|    5|   20|     2|    8|       16|
    |in_compute_a_0_42_s_U    |        0|    5|   20|     2|    8|       16|
    |in_compute_a_0_43_s_U    |        0|    5|   20|     2|    8|       16|
    |in_compute_a_0_44_s_U    |        0|    5|   20|     2|    8|       16|
    |in_compute_a_0_45_s_U    |        0|    5|   20|     2|    8|       16|
    |in_compute_a_0_46_s_U    |        0|    5|   20|     2|    8|       16|
    |in_compute_a_0_47_s_U    |        0|    5|   20|     2|    8|       16|
    |in_compute_a_0_48_s_U    |        0|    5|   20|     2|    8|       16|
    |in_compute_a_0_49_s_U    |        0|    5|   20|     2|    8|       16|
    |in_compute_a_0_4_V_U     |        0|    5|   20|     2|    8|       16|
    |in_compute_a_0_50_s_U    |        0|    5|   20|     2|    8|       16|
    |in_compute_a_0_51_s_U    |        0|    5|   20|     2|    8|       16|
    |in_compute_a_0_52_s_U    |        0|    5|   20|     2|    8|       16|
    |in_compute_a_0_53_s_U    |        0|    5|   20|     2|    8|       16|
    |in_compute_a_0_54_s_U    |        0|    5|   20|     2|    8|       16|
    |in_compute_a_0_55_s_U    |        0|    5|   20|     2|    8|       16|
    |in_compute_a_0_56_s_U    |        0|    5|   20|     2|    8|       16|
    |in_compute_a_0_57_s_U    |        0|    5|   20|     2|    8|       16|
    |in_compute_a_0_58_s_U    |        0|    5|   20|     2|    8|       16|
    |in_compute_a_0_59_s_U    |        0|    5|   20|     2|    8|       16|
    |in_compute_a_0_5_V_U     |        0|    5|   20|     2|    8|       16|
    |in_compute_a_0_60_s_U    |        0|    5|   20|     2|    8|       16|
    |in_compute_a_0_61_s_U    |        0|    5|   20|     2|    8|       16|
    |in_compute_a_0_62_s_U    |        0|    5|   20|     2|    8|       16|
    |in_compute_a_0_63_s_U    |        0|    5|   20|     2|    8|       16|
    |in_compute_a_0_6_V_U     |        0|    5|   20|     2|    8|       16|
    |in_compute_a_0_7_V_U     |        0|    5|   20|     2|    8|       16|
    |in_compute_a_0_8_V_U     |        0|    5|   20|     2|    8|       16|
    |in_compute_a_0_9_V_U     |        0|    5|   20|     2|    8|       16|
    |in_compute_a_1_0_V_U     |        0|    5|   20|     2|    8|       16|
    |in_compute_a_1_10_s_U    |        0|    5|   20|     2|    8|       16|
    |in_compute_a_1_11_s_U    |        0|    5|   20|     2|    8|       16|
    |in_compute_a_1_12_s_U    |        0|    5|   20|     2|    8|       16|
    |in_compute_a_1_13_s_U    |        0|    5|   20|     2|    8|       16|
    |in_compute_a_1_14_s_U    |        0|    5|   20|     2|    8|       16|
    |in_compute_a_1_15_s_U    |        0|    5|   20|     2|    8|       16|
    |in_compute_a_1_16_s_U    |        0|    5|   20|     2|    8|       16|
    |in_compute_a_1_17_s_U    |        0|    5|   20|     2|    8|       16|
    |in_compute_a_1_18_s_U    |        0|    5|   20|     2|    8|       16|
    |in_compute_a_1_19_s_U    |        0|    5|   20|     2|    8|       16|
    |in_compute_a_1_1_V_U     |        0|    5|   20|     2|    8|       16|
    |in_compute_a_1_20_s_U    |        0|    5|   20|     2|    8|       16|
    |in_compute_a_1_21_s_U    |        0|    5|   20|     2|    8|       16|
    |in_compute_a_1_22_s_U    |        0|    5|   20|     2|    8|       16|
    |in_compute_a_1_23_s_U    |        0|    5|   20|     2|    8|       16|
    |in_compute_a_1_24_s_U    |        0|    5|   20|     2|    8|       16|
    |in_compute_a_1_25_s_U    |        0|    5|   20|     2|    8|       16|
    |in_compute_a_1_26_s_U    |        0|    5|   20|     2|    8|       16|
    |in_compute_a_1_27_s_U    |        0|    5|   20|     2|    8|       16|
    |in_compute_a_1_28_s_U    |        0|    5|   20|     2|    8|       16|
    |in_compute_a_1_29_s_U    |        0|    5|   20|     2|    8|       16|
    |in_compute_a_1_2_V_U     |        0|    5|   20|     2|    8|       16|
    |in_compute_a_1_30_s_U    |        0|    5|   20|     2|    8|       16|
    |in_compute_a_1_31_s_U    |        0|    5|   20|     2|    8|       16|
    |in_compute_a_1_32_s_U    |        0|    5|   20|     2|    8|       16|
    |in_compute_a_1_33_s_U    |        0|    5|   20|     2|    8|       16|
    |in_compute_a_1_34_s_U    |        0|    5|   20|     2|    8|       16|
    |in_compute_a_1_35_s_U    |        0|    5|   20|     2|    8|       16|
    |in_compute_a_1_36_s_U    |        0|    5|   20|     2|    8|       16|
    |in_compute_a_1_37_s_U    |        0|    5|   20|     2|    8|       16|
    |in_compute_a_1_38_s_U    |        0|    5|   20|     2|    8|       16|
    |in_compute_a_1_39_s_U    |        0|    5|   20|     2|    8|       16|
    |in_compute_a_1_3_V_U     |        0|    5|   20|     2|    8|       16|
    |in_compute_a_1_40_s_U    |        0|    5|   20|     2|    8|       16|
    |in_compute_a_1_41_s_U    |        0|    5|   20|     2|    8|       16|
    |in_compute_a_1_42_s_U    |        0|    5|   20|     2|    8|       16|
    |in_compute_a_1_43_s_U    |        0|    5|   20|     2|    8|       16|
    |in_compute_a_1_44_s_U    |        0|    5|   20|     2|    8|       16|
    |in_compute_a_1_45_s_U    |        0|    5|   20|     2|    8|       16|
    |in_compute_a_1_46_s_U    |        0|    5|   20|     2|    8|       16|
    |in_compute_a_1_47_s_U    |        0|    5|   20|     2|    8|       16|
    |in_compute_a_1_48_s_U    |        0|    5|   20|     2|    8|       16|
    |in_compute_a_1_49_s_U    |        0|    5|   20|     2|    8|       16|
    |in_compute_a_1_4_V_U     |        0|    5|   20|     2|    8|       16|
    |in_compute_a_1_50_s_U    |        0|    5|   20|     2|    8|       16|
    |in_compute_a_1_51_s_U    |        0|    5|   20|     2|    8|       16|
    |in_compute_a_1_52_s_U    |        0|    5|   20|     2|    8|       16|
    |in_compute_a_1_53_s_U    |        0|    5|   20|     2|    8|       16|
    |in_compute_a_1_54_s_U    |        0|    5|   20|     2|    8|       16|
    |in_compute_a_1_55_s_U    |        0|    5|   20|     2|    8|       16|
    |in_compute_a_1_56_s_U    |        0|    5|   20|     2|    8|       16|
    |in_compute_a_1_57_s_U    |        0|    5|   20|     2|    8|       16|
    |in_compute_a_1_58_s_U    |        0|    5|   20|     2|    8|       16|
    |in_compute_a_1_59_s_U    |        0|    5|   20|     2|    8|       16|
    |in_compute_a_1_5_V_U     |        0|    5|   20|     2|    8|       16|
    |in_compute_a_1_60_s_U    |        0|    5|   20|     2|    8|       16|
    |in_compute_a_1_61_s_U    |        0|    5|   20|     2|    8|       16|
    |in_compute_a_1_62_s_U    |        0|    5|   20|     2|    8|       16|
    |in_compute_a_1_63_s_U    |        0|    5|   20|     2|    8|       16|
    |in_compute_a_1_6_V_U     |        0|    5|   20|     2|    8|       16|
    |in_compute_a_1_7_V_U     |        0|    5|   20|     2|    8|       16|
    |in_compute_a_1_8_V_U     |        0|    5|   20|     2|    8|       16|
    |in_compute_a_1_9_V_U     |        0|    5|   20|     2|    8|       16|
    |in_compute_a_2_0_V_U     |        0|    5|   20|     2|    8|       16|
    |in_compute_a_2_10_s_U    |        0|    5|   20|     2|    8|       16|
    |in_compute_a_2_11_s_U    |        0|    5|   20|     2|    8|       16|
    |in_compute_a_2_12_s_U    |        0|    5|   20|     2|    8|       16|
    |in_compute_a_2_13_s_U    |        0|    5|   20|     2|    8|       16|
    |in_compute_a_2_14_s_U    |        0|    5|   20|     2|    8|       16|
    |in_compute_a_2_15_s_U    |        0|    5|   20|     2|    8|       16|
    |in_compute_a_2_16_s_U    |        0|    5|   20|     2|    8|       16|
    |in_compute_a_2_17_s_U    |        0|    5|   20|     2|    8|       16|
    |in_compute_a_2_18_s_U    |        0|    5|   20|     2|    8|       16|
    |in_compute_a_2_19_s_U    |        0|    5|   20|     2|    8|       16|
    |in_compute_a_2_1_V_U     |        0|    5|   20|     2|    8|       16|
    |in_compute_a_2_20_s_U    |        0|    5|   20|     2|    8|       16|
    |in_compute_a_2_21_s_U    |        0|    5|   20|     2|    8|       16|
    |in_compute_a_2_22_s_U    |        0|    5|   20|     2|    8|       16|
    |in_compute_a_2_23_s_U    |        0|    5|   20|     2|    8|       16|
    |in_compute_a_2_24_s_U    |        0|    5|   20|     2|    8|       16|
    |in_compute_a_2_25_s_U    |        0|    5|   20|     2|    8|       16|
    |in_compute_a_2_26_s_U    |        0|    5|   20|     2|    8|       16|
    |in_compute_a_2_27_s_U    |        0|    5|   20|     2|    8|       16|
    |in_compute_a_2_28_s_U    |        0|    5|   20|     2|    8|       16|
    |in_compute_a_2_29_s_U    |        0|    5|   20|     2|    8|       16|
    |in_compute_a_2_2_V_U     |        0|    5|   20|     2|    8|       16|
    |in_compute_a_2_30_s_U    |        0|    5|   20|     2|    8|       16|
    |in_compute_a_2_31_s_U    |        0|    5|   20|     2|    8|       16|
    |in_compute_a_2_32_s_U    |        0|    5|   20|     2|    8|       16|
    |in_compute_a_2_33_s_U    |        0|    5|   20|     2|    8|       16|
    |in_compute_a_2_34_s_U    |        0|    5|   20|     2|    8|       16|
    |in_compute_a_2_35_s_U    |        0|    5|   20|     2|    8|       16|
    |in_compute_a_2_36_s_U    |        0|    5|   20|     2|    8|       16|
    |in_compute_a_2_37_s_U    |        0|    5|   20|     2|    8|       16|
    |in_compute_a_2_38_s_U    |        0|    5|   20|     2|    8|       16|
    |in_compute_a_2_39_s_U    |        0|    5|   20|     2|    8|       16|
    |in_compute_a_2_3_V_U     |        0|    5|   20|     2|    8|       16|
    |in_compute_a_2_40_s_U    |        0|    5|   20|     2|    8|       16|
    |in_compute_a_2_41_s_U    |        0|    5|   20|     2|    8|       16|
    |in_compute_a_2_42_s_U    |        0|    5|   20|     2|    8|       16|
    |in_compute_a_2_43_s_U    |        0|    5|   20|     2|    8|       16|
    |in_compute_a_2_44_s_U    |        0|    5|   20|     2|    8|       16|
    |in_compute_a_2_45_s_U    |        0|    5|   20|     2|    8|       16|
    |in_compute_a_2_46_s_U    |        0|    5|   20|     2|    8|       16|
    |in_compute_a_2_47_s_U    |        0|    5|   20|     2|    8|       16|
    |in_compute_a_2_48_s_U    |        0|    5|   20|     2|    8|       16|
    |in_compute_a_2_49_s_U    |        0|    5|   20|     2|    8|       16|
    |in_compute_a_2_4_V_U     |        0|    5|   20|     2|    8|       16|
    |in_compute_a_2_50_s_U    |        0|    5|   20|     2|    8|       16|
    |in_compute_a_2_51_s_U    |        0|    5|   20|     2|    8|       16|
    |in_compute_a_2_52_s_U    |        0|    5|   20|     2|    8|       16|
    |in_compute_a_2_53_s_U    |        0|    5|   20|     2|    8|       16|
    |in_compute_a_2_54_s_U    |        0|    5|   20|     2|    8|       16|
    |in_compute_a_2_55_s_U    |        0|    5|   20|     2|    8|       16|
    |in_compute_a_2_56_s_U    |        0|    5|   20|     2|    8|       16|
    |in_compute_a_2_57_s_U    |        0|    5|   20|     2|    8|       16|
    |in_compute_a_2_58_s_U    |        0|    5|   20|     2|    8|       16|
    |in_compute_a_2_59_s_U    |        0|    5|   20|     2|    8|       16|
    |in_compute_a_2_5_V_U     |        0|    5|   20|     2|    8|       16|
    |in_compute_a_2_60_s_U    |        0|    5|   20|     2|    8|       16|
    |in_compute_a_2_61_s_U    |        0|    5|   20|     2|    8|       16|
    |in_compute_a_2_62_s_U    |        0|    5|   20|     2|    8|       16|
    |in_compute_a_2_63_s_U    |        0|    5|   20|     2|    8|       16|
    |in_compute_a_2_6_V_U     |        0|    5|   20|     2|    8|       16|
    |in_compute_a_2_7_V_U     |        0|    5|   20|     2|    8|       16|
    |in_compute_a_2_8_V_U     |        0|    5|   20|     2|    8|       16|
    |in_compute_a_2_9_V_U     |        0|    5|   20|     2|    8|       16|
    |in_compute_a_3_0_V_U     |        0|    5|   20|     2|    8|       16|
    |in_compute_a_3_10_s_U    |        0|    5|   20|     2|    8|       16|
    |in_compute_a_3_11_s_U    |        0|    5|   20|     2|    8|       16|
    |in_compute_a_3_12_s_U    |        0|    5|   20|     2|    8|       16|
    |in_compute_a_3_13_s_U    |        0|    5|   20|     2|    8|       16|
    |in_compute_a_3_14_s_U    |        0|    5|   20|     2|    8|       16|
    |in_compute_a_3_15_s_U    |        0|    5|   20|     2|    8|       16|
    |in_compute_a_3_16_s_U    |        0|    5|   20|     2|    8|       16|
    |in_compute_a_3_17_s_U    |        0|    5|   20|     2|    8|       16|
    |in_compute_a_3_18_s_U    |        0|    5|   20|     2|    8|       16|
    |in_compute_a_3_19_s_U    |        0|    5|   20|     2|    8|       16|
    |in_compute_a_3_1_V_U     |        0|    5|   20|     2|    8|       16|
    |in_compute_a_3_20_s_U    |        0|    5|   20|     2|    8|       16|
    |in_compute_a_3_21_s_U    |        0|    5|   20|     2|    8|       16|
    |in_compute_a_3_22_s_U    |        0|    5|   20|     2|    8|       16|
    |in_compute_a_3_23_s_U    |        0|    5|   20|     2|    8|       16|
    |in_compute_a_3_24_s_U    |        0|    5|   20|     2|    8|       16|
    |in_compute_a_3_25_s_U    |        0|    5|   20|     2|    8|       16|
    |in_compute_a_3_26_s_U    |        0|    5|   20|     2|    8|       16|
    |in_compute_a_3_27_s_U    |        0|    5|   20|     2|    8|       16|
    |in_compute_a_3_28_s_U    |        0|    5|   20|     2|    8|       16|
    |in_compute_a_3_29_s_U    |        0|    5|   20|     2|    8|       16|
    |in_compute_a_3_2_V_U     |        0|    5|   20|     2|    8|       16|
    |in_compute_a_3_30_s_U    |        0|    5|   20|     2|    8|       16|
    |in_compute_a_3_31_s_U    |        0|    5|   20|     2|    8|       16|
    |in_compute_a_3_32_s_U    |        0|    5|   20|     2|    8|       16|
    |in_compute_a_3_33_s_U    |        0|    5|   20|     2|    8|       16|
    |in_compute_a_3_34_s_U    |        0|    5|   20|     2|    8|       16|
    |in_compute_a_3_35_s_U    |        0|    5|   20|     2|    8|       16|
    |in_compute_a_3_36_s_U    |        0|    5|   20|     2|    8|       16|
    |in_compute_a_3_37_s_U    |        0|    5|   20|     2|    8|       16|
    |in_compute_a_3_38_s_U    |        0|    5|   20|     2|    8|       16|
    |in_compute_a_3_39_s_U    |        0|    5|   20|     2|    8|       16|
    |in_compute_a_3_3_V_U     |        0|    5|   20|     2|    8|       16|
    |in_compute_a_3_40_s_U    |        0|    5|   20|     2|    8|       16|
    |in_compute_a_3_41_s_U    |        0|    5|   20|     2|    8|       16|
    |in_compute_a_3_42_s_U    |        0|    5|   20|     2|    8|       16|
    |in_compute_a_3_43_s_U    |        0|    5|   20|     2|    8|       16|
    |in_compute_a_3_44_s_U    |        0|    5|   20|     2|    8|       16|
    |in_compute_a_3_45_s_U    |        0|    5|   20|     2|    8|       16|
    |in_compute_a_3_46_s_U    |        0|    5|   20|     2|    8|       16|
    |in_compute_a_3_47_s_U    |        0|    5|   20|     2|    8|       16|
    |in_compute_a_3_48_s_U    |        0|    5|   20|     2|    8|       16|
    |in_compute_a_3_49_s_U    |        0|    5|   20|     2|    8|       16|
    |in_compute_a_3_4_V_U     |        0|    5|   20|     2|    8|       16|
    |in_compute_a_3_50_s_U    |        0|    5|   20|     2|    8|       16|
    |in_compute_a_3_51_s_U    |        0|    5|   20|     2|    8|       16|
    |in_compute_a_3_52_s_U    |        0|    5|   20|     2|    8|       16|
    |in_compute_a_3_53_s_U    |        0|    5|   20|     2|    8|       16|
    |in_compute_a_3_54_s_U    |        0|    5|   20|     2|    8|       16|
    |in_compute_a_3_55_s_U    |        0|    5|   20|     2|    8|       16|
    |in_compute_a_3_56_s_U    |        0|    5|   20|     2|    8|       16|
    |in_compute_a_3_57_s_U    |        0|    5|   20|     2|    8|       16|
    |in_compute_a_3_58_s_U    |        0|    5|   20|     2|    8|       16|
    |in_compute_a_3_59_s_U    |        0|    5|   20|     2|    8|       16|
    |in_compute_a_3_5_V_U     |        0|    5|   20|     2|    8|       16|
    |in_compute_a_3_60_s_U    |        0|    5|   20|     2|    8|       16|
    |in_compute_a_3_61_s_U    |        0|    5|   20|     2|    8|       16|
    |in_compute_a_3_62_s_U    |        0|    5|   20|     2|    8|       16|
    |in_compute_a_3_63_s_U    |        0|    5|   20|     2|    8|       16|
    |in_compute_a_3_6_V_U     |        0|    5|   20|     2|    8|       16|
    |in_compute_a_3_7_V_U     |        0|    5|   20|     2|    8|       16|
    |in_compute_a_3_8_V_U     |        0|    5|   20|     2|    8|       16|
    |in_compute_a_3_9_V_U     |        0|    5|   20|     2|    8|       16|
    |in_compute_b_0_0_0_U     |        0|    5|   20|     2|    8|       16|
    |in_compute_b_0_0_1_10_U  |        0|    5|   20|     2|    8|       16|
    |in_compute_b_0_0_1_1_U   |        0|    5|   20|     2|    8|       16|
    |in_compute_b_0_0_1_2_U   |        0|    5|   20|     2|    8|       16|
    |in_compute_b_0_0_1_3_U   |        0|    5|   20|     2|    8|       16|
    |in_compute_b_0_0_1_4_U   |        0|    5|   20|     2|    8|       16|
    |in_compute_b_0_0_1_5_U   |        0|    5|   20|     2|    8|       16|
    |in_compute_b_0_0_1_6_U   |        0|    5|   20|     2|    8|       16|
    |in_compute_b_0_0_1_7_U   |        0|    5|   20|     2|    8|       16|
    |in_compute_b_0_0_1_8_U   |        0|    5|   20|     2|    8|       16|
    |in_compute_b_0_0_1_9_U   |        0|    5|   20|     2|    8|       16|
    |in_compute_b_0_0_1_U     |        0|    5|   20|     2|    8|       16|
    |in_compute_b_0_0_2_10_U  |        0|    5|   20|     2|    8|       16|
    |in_compute_b_0_0_2_1_U   |        0|    5|   20|     2|    8|       16|
    |in_compute_b_0_0_2_2_U   |        0|    5|   20|     2|    8|       16|
    |in_compute_b_0_0_2_3_U   |        0|    5|   20|     2|    8|       16|
    |in_compute_b_0_0_2_4_U   |        0|    5|   20|     2|    8|       16|
    |in_compute_b_0_0_2_5_U   |        0|    5|   20|     2|    8|       16|
    |in_compute_b_0_0_2_6_U   |        0|    5|   20|     2|    8|       16|
    |in_compute_b_0_0_2_7_U   |        0|    5|   20|     2|    8|       16|
    |in_compute_b_0_0_2_8_U   |        0|    5|   20|     2|    8|       16|
    |in_compute_b_0_0_2_9_U   |        0|    5|   20|     2|    8|       16|
    |in_compute_b_0_0_2_U     |        0|    5|   20|     2|    8|       16|
    |in_compute_b_0_0_3_10_U  |        0|    5|   20|     2|    8|       16|
    |in_compute_b_0_0_3_1_U   |        0|    5|   20|     2|    8|       16|
    |in_compute_b_0_0_3_2_U   |        0|    5|   20|     2|    8|       16|
    |in_compute_b_0_0_3_3_U   |        0|    5|   20|     2|    8|       16|
    |in_compute_b_0_0_3_4_U   |        0|    5|   20|     2|    8|       16|
    |in_compute_b_0_0_3_5_U   |        0|    5|   20|     2|    8|       16|
    |in_compute_b_0_0_3_6_U   |        0|    5|   20|     2|    8|       16|
    |in_compute_b_0_0_3_7_U   |        0|    5|   20|     2|    8|       16|
    |in_compute_b_0_0_3_8_U   |        0|    5|   20|     2|    8|       16|
    |in_compute_b_0_0_3_9_U   |        0|    5|   20|     2|    8|       16|
    |in_compute_b_0_0_3_U     |        0|    5|   20|     2|    8|       16|
    |in_compute_b_0_0_4_10_U  |        0|    5|   20|     2|    8|       16|
    |in_compute_b_0_0_4_1_U   |        0|    5|   20|     2|    8|       16|
    |in_compute_b_0_0_4_2_U   |        0|    5|   20|     2|    8|       16|
    |in_compute_b_0_0_4_3_U   |        0|    5|   20|     2|    8|       16|
    |in_compute_b_0_0_4_4_U   |        0|    5|   20|     2|    8|       16|
    |in_compute_b_0_0_4_5_U   |        0|    5|   20|     2|    8|       16|
    |in_compute_b_0_0_4_6_U   |        0|    5|   20|     2|    8|       16|
    |in_compute_b_0_0_4_7_U   |        0|    5|   20|     2|    8|       16|
    |in_compute_b_0_0_4_8_U   |        0|    5|   20|     2|    8|       16|
    |in_compute_b_0_0_4_9_U   |        0|    5|   20|     2|    8|       16|
    |in_compute_b_0_0_4_U     |        0|    5|   20|     2|    8|       16|
    |in_compute_b_0_0_5_10_U  |        0|    5|   20|     2|    8|       16|
    |in_compute_b_0_0_5_1_U   |        0|    5|   20|     2|    8|       16|
    |in_compute_b_0_0_5_2_U   |        0|    5|   20|     2|    8|       16|
    |in_compute_b_0_0_5_3_U   |        0|    5|   20|     2|    8|       16|
    |in_compute_b_0_0_5_4_U   |        0|    5|   20|     2|    8|       16|
    |in_compute_b_0_0_5_5_U   |        0|    5|   20|     2|    8|       16|
    |in_compute_b_0_0_5_6_U   |        0|    5|   20|     2|    8|       16|
    |in_compute_b_0_0_5_7_U   |        0|    5|   20|     2|    8|       16|
    |in_compute_b_0_0_5_8_U   |        0|    5|   20|     2|    8|       16|
    |in_compute_b_0_0_5_9_U   |        0|    5|   20|     2|    8|       16|
    |in_compute_b_0_0_5_U     |        0|    5|   20|     2|    8|       16|
    |in_compute_b_0_0_6_1_U   |        0|    5|   20|     2|    8|       16|
    |in_compute_b_0_0_6_2_U   |        0|    5|   20|     2|    8|       16|
    |in_compute_b_0_0_6_3_U   |        0|    5|   20|     2|    8|       16|
    |in_compute_b_0_0_6_4_U   |        0|    5|   20|     2|    8|       16|
    |in_compute_b_0_0_6_U     |        0|    5|   20|     2|    8|       16|
    |in_compute_b_0_0_7_U     |        0|    5|   20|     2|    8|       16|
    |in_compute_b_0_0_8_U     |        0|    5|   20|     2|    8|       16|
    |in_compute_b_0_0_9_U     |        0|    5|   20|     2|    8|       16|
    |in_compute_b_0_1_0_U     |        0|    5|   20|     2|    8|       16|
    |in_compute_b_0_1_1_10_U  |        0|    5|   20|     2|    8|       16|
    |in_compute_b_0_1_1_1_U   |        0|    5|   20|     2|    8|       16|
    |in_compute_b_0_1_1_2_U   |        0|    5|   20|     2|    8|       16|
    |in_compute_b_0_1_1_3_U   |        0|    5|   20|     2|    8|       16|
    |in_compute_b_0_1_1_4_U   |        0|    5|   20|     2|    8|       16|
    |in_compute_b_0_1_1_5_U   |        0|    5|   20|     2|    8|       16|
    |in_compute_b_0_1_1_6_U   |        0|    5|   20|     2|    8|       16|
    |in_compute_b_0_1_1_7_U   |        0|    5|   20|     2|    8|       16|
    |in_compute_b_0_1_1_8_U   |        0|    5|   20|     2|    8|       16|
    |in_compute_b_0_1_1_9_U   |        0|    5|   20|     2|    8|       16|
    |in_compute_b_0_1_1_U     |        0|    5|   20|     2|    8|       16|
    |in_compute_b_0_1_2_10_U  |        0|    5|   20|     2|    8|       16|
    |in_compute_b_0_1_2_1_U   |        0|    5|   20|     2|    8|       16|
    |in_compute_b_0_1_2_2_U   |        0|    5|   20|     2|    8|       16|
    |in_compute_b_0_1_2_3_U   |        0|    5|   20|     2|    8|       16|
    |in_compute_b_0_1_2_4_U   |        0|    5|   20|     2|    8|       16|
    |in_compute_b_0_1_2_5_U   |        0|    5|   20|     2|    8|       16|
    |in_compute_b_0_1_2_6_U   |        0|    5|   20|     2|    8|       16|
    |in_compute_b_0_1_2_7_U   |        0|    5|   20|     2|    8|       16|
    |in_compute_b_0_1_2_8_U   |        0|    5|   20|     2|    8|       16|
    |in_compute_b_0_1_2_9_U   |        0|    5|   20|     2|    8|       16|
    |in_compute_b_0_1_2_U     |        0|    5|   20|     2|    8|       16|
    |in_compute_b_0_1_3_10_U  |        0|    5|   20|     2|    8|       16|
    |in_compute_b_0_1_3_1_U   |        0|    5|   20|     2|    8|       16|
    |in_compute_b_0_1_3_2_U   |        0|    5|   20|     2|    8|       16|
    |in_compute_b_0_1_3_3_U   |        0|    5|   20|     2|    8|       16|
    |in_compute_b_0_1_3_4_U   |        0|    5|   20|     2|    8|       16|
    |in_compute_b_0_1_3_5_U   |        0|    5|   20|     2|    8|       16|
    |in_compute_b_0_1_3_6_U   |        0|    5|   20|     2|    8|       16|
    |in_compute_b_0_1_3_7_U   |        0|    5|   20|     2|    8|       16|
    |in_compute_b_0_1_3_8_U   |        0|    5|   20|     2|    8|       16|
    |in_compute_b_0_1_3_9_U   |        0|    5|   20|     2|    8|       16|
    |in_compute_b_0_1_3_U     |        0|    5|   20|     2|    8|       16|
    |in_compute_b_0_1_4_10_U  |        0|    5|   20|     2|    8|       16|
    |in_compute_b_0_1_4_1_U   |        0|    5|   20|     2|    8|       16|
    |in_compute_b_0_1_4_2_U   |        0|    5|   20|     2|    8|       16|
    |in_compute_b_0_1_4_3_U   |        0|    5|   20|     2|    8|       16|
    |in_compute_b_0_1_4_4_U   |        0|    5|   20|     2|    8|       16|
    |in_compute_b_0_1_4_5_U   |        0|    5|   20|     2|    8|       16|
    |in_compute_b_0_1_4_6_U   |        0|    5|   20|     2|    8|       16|
    |in_compute_b_0_1_4_7_U   |        0|    5|   20|     2|    8|       16|
    |in_compute_b_0_1_4_8_U   |        0|    5|   20|     2|    8|       16|
    |in_compute_b_0_1_4_9_U   |        0|    5|   20|     2|    8|       16|
    |in_compute_b_0_1_4_U     |        0|    5|   20|     2|    8|       16|
    |in_compute_b_0_1_5_10_U  |        0|    5|   20|     2|    8|       16|
    |in_compute_b_0_1_5_1_U   |        0|    5|   20|     2|    8|       16|
    |in_compute_b_0_1_5_2_U   |        0|    5|   20|     2|    8|       16|
    |in_compute_b_0_1_5_3_U   |        0|    5|   20|     2|    8|       16|
    |in_compute_b_0_1_5_4_U   |        0|    5|   20|     2|    8|       16|
    |in_compute_b_0_1_5_5_U   |        0|    5|   20|     2|    8|       16|
    |in_compute_b_0_1_5_6_U   |        0|    5|   20|     2|    8|       16|
    |in_compute_b_0_1_5_7_U   |        0|    5|   20|     2|    8|       16|
    |in_compute_b_0_1_5_8_U   |        0|    5|   20|     2|    8|       16|
    |in_compute_b_0_1_5_9_U   |        0|    5|   20|     2|    8|       16|
    |in_compute_b_0_1_5_U     |        0|    5|   20|     2|    8|       16|
    |in_compute_b_0_1_6_1_U   |        0|    5|   20|     2|    8|       16|
    |in_compute_b_0_1_6_2_U   |        0|    5|   20|     2|    8|       16|
    |in_compute_b_0_1_6_3_U   |        0|    5|   20|     2|    8|       16|
    |in_compute_b_0_1_6_4_U   |        0|    5|   20|     2|    8|       16|
    |in_compute_b_0_1_6_U     |        0|    5|   20|     2|    8|       16|
    |in_compute_b_0_1_7_U     |        0|    5|   20|     2|    8|       16|
    |in_compute_b_0_1_8_U     |        0|    5|   20|     2|    8|       16|
    |in_compute_b_0_1_9_U     |        0|    5|   20|     2|    8|       16|
    |in_compute_b_1_0_0_U     |        0|    5|   20|     2|    8|       16|
    |in_compute_b_1_0_1_10_U  |        0|    5|   20|     2|    8|       16|
    |in_compute_b_1_0_1_1_U   |        0|    5|   20|     2|    8|       16|
    |in_compute_b_1_0_1_2_U   |        0|    5|   20|     2|    8|       16|
    |in_compute_b_1_0_1_3_U   |        0|    5|   20|     2|    8|       16|
    |in_compute_b_1_0_1_4_U   |        0|    5|   20|     2|    8|       16|
    |in_compute_b_1_0_1_5_U   |        0|    5|   20|     2|    8|       16|
    |in_compute_b_1_0_1_6_U   |        0|    5|   20|     2|    8|       16|
    |in_compute_b_1_0_1_7_U   |        0|    5|   20|     2|    8|       16|
    |in_compute_b_1_0_1_8_U   |        0|    5|   20|     2|    8|       16|
    |in_compute_b_1_0_1_9_U   |        0|    5|   20|     2|    8|       16|
    |in_compute_b_1_0_1_U     |        0|    5|   20|     2|    8|       16|
    |in_compute_b_1_0_2_10_U  |        0|    5|   20|     2|    8|       16|
    |in_compute_b_1_0_2_1_U   |        0|    5|   20|     2|    8|       16|
    |in_compute_b_1_0_2_2_U   |        0|    5|   20|     2|    8|       16|
    |in_compute_b_1_0_2_3_U   |        0|    5|   20|     2|    8|       16|
    |in_compute_b_1_0_2_4_U   |        0|    5|   20|     2|    8|       16|
    |in_compute_b_1_0_2_5_U   |        0|    5|   20|     2|    8|       16|
    |in_compute_b_1_0_2_6_U   |        0|    5|   20|     2|    8|       16|
    |in_compute_b_1_0_2_7_U   |        0|    5|   20|     2|    8|       16|
    |in_compute_b_1_0_2_8_U   |        0|    5|   20|     2|    8|       16|
    |in_compute_b_1_0_2_9_U   |        0|    5|   20|     2|    8|       16|
    |in_compute_b_1_0_2_U     |        0|    5|   20|     2|    8|       16|
    |in_compute_b_1_0_3_10_U  |        0|    5|   20|     2|    8|       16|
    |in_compute_b_1_0_3_1_U   |        0|    5|   20|     2|    8|       16|
    |in_compute_b_1_0_3_2_U   |        0|    5|   20|     2|    8|       16|
    |in_compute_b_1_0_3_3_U   |        0|    5|   20|     2|    8|       16|
    |in_compute_b_1_0_3_4_U   |        0|    5|   20|     2|    8|       16|
    |in_compute_b_1_0_3_5_U   |        0|    5|   20|     2|    8|       16|
    |in_compute_b_1_0_3_6_U   |        0|    5|   20|     2|    8|       16|
    |in_compute_b_1_0_3_7_U   |        0|    5|   20|     2|    8|       16|
    |in_compute_b_1_0_3_8_U   |        0|    5|   20|     2|    8|       16|
    |in_compute_b_1_0_3_9_U   |        0|    5|   20|     2|    8|       16|
    |in_compute_b_1_0_3_U     |        0|    5|   20|     2|    8|       16|
    |in_compute_b_1_0_4_10_U  |        0|    5|   20|     2|    8|       16|
    |in_compute_b_1_0_4_1_U   |        0|    5|   20|     2|    8|       16|
    |in_compute_b_1_0_4_2_U   |        0|    5|   20|     2|    8|       16|
    |in_compute_b_1_0_4_3_U   |        0|    5|   20|     2|    8|       16|
    |in_compute_b_1_0_4_4_U   |        0|    5|   20|     2|    8|       16|
    |in_compute_b_1_0_4_5_U   |        0|    5|   20|     2|    8|       16|
    |in_compute_b_1_0_4_6_U   |        0|    5|   20|     2|    8|       16|
    |in_compute_b_1_0_4_7_U   |        0|    5|   20|     2|    8|       16|
    |in_compute_b_1_0_4_8_U   |        0|    5|   20|     2|    8|       16|
    |in_compute_b_1_0_4_9_U   |        0|    5|   20|     2|    8|       16|
    |in_compute_b_1_0_4_U     |        0|    5|   20|     2|    8|       16|
    |in_compute_b_1_0_5_10_U  |        0|    5|   20|     2|    8|       16|
    |in_compute_b_1_0_5_1_U   |        0|    5|   20|     2|    8|       16|
    |in_compute_b_1_0_5_2_U   |        0|    5|   20|     2|    8|       16|
    |in_compute_b_1_0_5_3_U   |        0|    5|   20|     2|    8|       16|
    |in_compute_b_1_0_5_4_U   |        0|    5|   20|     2|    8|       16|
    |in_compute_b_1_0_5_5_U   |        0|    5|   20|     2|    8|       16|
    |in_compute_b_1_0_5_6_U   |        0|    5|   20|     2|    8|       16|
    |in_compute_b_1_0_5_7_U   |        0|    5|   20|     2|    8|       16|
    |in_compute_b_1_0_5_8_U   |        0|    5|   20|     2|    8|       16|
    |in_compute_b_1_0_5_9_U   |        0|    5|   20|     2|    8|       16|
    |in_compute_b_1_0_5_U     |        0|    5|   20|     2|    8|       16|
    |in_compute_b_1_0_6_1_U   |        0|    5|   20|     2|    8|       16|
    |in_compute_b_1_0_6_2_U   |        0|    5|   20|     2|    8|       16|
    |in_compute_b_1_0_6_3_U   |        0|    5|   20|     2|    8|       16|
    |in_compute_b_1_0_6_4_U   |        0|    5|   20|     2|    8|       16|
    |in_compute_b_1_0_6_U     |        0|    5|   20|     2|    8|       16|
    |in_compute_b_1_0_7_U     |        0|    5|   20|     2|    8|       16|
    |in_compute_b_1_0_8_U     |        0|    5|   20|     2|    8|       16|
    |in_compute_b_1_0_9_U     |        0|    5|   20|     2|    8|       16|
    |in_compute_b_1_1_0_U     |        0|    5|   20|     2|    8|       16|
    |in_compute_b_1_1_1_10_U  |        0|    5|   20|     2|    8|       16|
    |in_compute_b_1_1_1_1_U   |        0|    5|   20|     2|    8|       16|
    |in_compute_b_1_1_1_2_U   |        0|    5|   20|     2|    8|       16|
    |in_compute_b_1_1_1_3_U   |        0|    5|   20|     2|    8|       16|
    |in_compute_b_1_1_1_4_U   |        0|    5|   20|     2|    8|       16|
    |in_compute_b_1_1_1_5_U   |        0|    5|   20|     2|    8|       16|
    |in_compute_b_1_1_1_6_U   |        0|    5|   20|     2|    8|       16|
    |in_compute_b_1_1_1_7_U   |        0|    5|   20|     2|    8|       16|
    |in_compute_b_1_1_1_8_U   |        0|    5|   20|     2|    8|       16|
    |in_compute_b_1_1_1_9_U   |        0|    5|   20|     2|    8|       16|
    |in_compute_b_1_1_1_U     |        0|    5|   20|     2|    8|       16|
    |in_compute_b_1_1_2_10_U  |        0|    5|   20|     2|    8|       16|
    |in_compute_b_1_1_2_1_U   |        0|    5|   20|     2|    8|       16|
    |in_compute_b_1_1_2_2_U   |        0|    5|   20|     2|    8|       16|
    |in_compute_b_1_1_2_3_U   |        0|    5|   20|     2|    8|       16|
    |in_compute_b_1_1_2_4_U   |        0|    5|   20|     2|    8|       16|
    |in_compute_b_1_1_2_5_U   |        0|    5|   20|     2|    8|       16|
    |in_compute_b_1_1_2_6_U   |        0|    5|   20|     2|    8|       16|
    |in_compute_b_1_1_2_7_U   |        0|    5|   20|     2|    8|       16|
    |in_compute_b_1_1_2_8_U   |        0|    5|   20|     2|    8|       16|
    |in_compute_b_1_1_2_9_U   |        0|    5|   20|     2|    8|       16|
    |in_compute_b_1_1_2_U     |        0|    5|   20|     2|    8|       16|
    |in_compute_b_1_1_3_10_U  |        0|    5|   20|     2|    8|       16|
    |in_compute_b_1_1_3_1_U   |        0|    5|   20|     2|    8|       16|
    |in_compute_b_1_1_3_2_U   |        0|    5|   20|     2|    8|       16|
    |in_compute_b_1_1_3_3_U   |        0|    5|   20|     2|    8|       16|
    |in_compute_b_1_1_3_4_U   |        0|    5|   20|     2|    8|       16|
    |in_compute_b_1_1_3_5_U   |        0|    5|   20|     2|    8|       16|
    |in_compute_b_1_1_3_6_U   |        0|    5|   20|     2|    8|       16|
    |in_compute_b_1_1_3_7_U   |        0|    5|   20|     2|    8|       16|
    |in_compute_b_1_1_3_8_U   |        0|    5|   20|     2|    8|       16|
    |in_compute_b_1_1_3_9_U   |        0|    5|   20|     2|    8|       16|
    |in_compute_b_1_1_3_U     |        0|    5|   20|     2|    8|       16|
    |in_compute_b_1_1_4_10_U  |        0|    5|   20|     2|    8|       16|
    |in_compute_b_1_1_4_1_U   |        0|    5|   20|     2|    8|       16|
    |in_compute_b_1_1_4_2_U   |        0|    5|   20|     2|    8|       16|
    |in_compute_b_1_1_4_3_U   |        0|    5|   20|     2|    8|       16|
    |in_compute_b_1_1_4_4_U   |        0|    5|   20|     2|    8|       16|
    |in_compute_b_1_1_4_5_U   |        0|    5|   20|     2|    8|       16|
    |in_compute_b_1_1_4_6_U   |        0|    5|   20|     2|    8|       16|
    |in_compute_b_1_1_4_7_U   |        0|    5|   20|     2|    8|       16|
    |in_compute_b_1_1_4_8_U   |        0|    5|   20|     2|    8|       16|
    |in_compute_b_1_1_4_9_U   |        0|    5|   20|     2|    8|       16|
    |in_compute_b_1_1_4_U     |        0|    5|   20|     2|    8|       16|
    |in_compute_b_1_1_5_10_U  |        0|    5|   20|     2|    8|       16|
    |in_compute_b_1_1_5_1_U   |        0|    5|   20|     2|    8|       16|
    |in_compute_b_1_1_5_2_U   |        0|    5|   20|     2|    8|       16|
    |in_compute_b_1_1_5_3_U   |        0|    5|   20|     2|    8|       16|
    |in_compute_b_1_1_5_4_U   |        0|    5|   20|     2|    8|       16|
    |in_compute_b_1_1_5_5_U   |        0|    5|   20|     2|    8|       16|
    |in_compute_b_1_1_5_6_U   |        0|    5|   20|     2|    8|       16|
    |in_compute_b_1_1_5_7_U   |        0|    5|   20|     2|    8|       16|
    |in_compute_b_1_1_5_8_U   |        0|    5|   20|     2|    8|       16|
    |in_compute_b_1_1_5_9_U   |        0|    5|   20|     2|    8|       16|
    |in_compute_b_1_1_5_U     |        0|    5|   20|     2|    8|       16|
    |in_compute_b_1_1_6_1_U   |        0|    5|   20|     2|    8|       16|
    |in_compute_b_1_1_6_2_U   |        0|    5|   20|     2|    8|       16|
    |in_compute_b_1_1_6_3_U   |        0|    5|   20|     2|    8|       16|
    |in_compute_b_1_1_6_4_U   |        0|    5|   20|     2|    8|       16|
    |in_compute_b_1_1_6_U     |        0|    5|   20|     2|    8|       16|
    |in_compute_b_1_1_7_U     |        0|    5|   20|     2|    8|       16|
    |in_compute_b_1_1_8_U     |        0|    5|   20|     2|    8|       16|
    |in_compute_b_1_1_9_U     |        0|    5|   20|     2|    8|       16|
    |in_compute_b_2_0_0_U     |        0|    5|   20|     2|    8|       16|
    |in_compute_b_2_0_1_10_U  |        0|    5|   20|     2|    8|       16|
    |in_compute_b_2_0_1_1_U   |        0|    5|   20|     2|    8|       16|
    |in_compute_b_2_0_1_2_U   |        0|    5|   20|     2|    8|       16|
    |in_compute_b_2_0_1_3_U   |        0|    5|   20|     2|    8|       16|
    |in_compute_b_2_0_1_4_U   |        0|    5|   20|     2|    8|       16|
    |in_compute_b_2_0_1_5_U   |        0|    5|   20|     2|    8|       16|
    |in_compute_b_2_0_1_6_U   |        0|    5|   20|     2|    8|       16|
    |in_compute_b_2_0_1_7_U   |        0|    5|   20|     2|    8|       16|
    |in_compute_b_2_0_1_8_U   |        0|    5|   20|     2|    8|       16|
    |in_compute_b_2_0_1_9_U   |        0|    5|   20|     2|    8|       16|
    |in_compute_b_2_0_1_U     |        0|    5|   20|     2|    8|       16|
    |in_compute_b_2_0_2_10_U  |        0|    5|   20|     2|    8|       16|
    |in_compute_b_2_0_2_1_U   |        0|    5|   20|     2|    8|       16|
    |in_compute_b_2_0_2_2_U   |        0|    5|   20|     2|    8|       16|
    |in_compute_b_2_0_2_3_U   |        0|    5|   20|     2|    8|       16|
    |in_compute_b_2_0_2_4_U   |        0|    5|   20|     2|    8|       16|
    |in_compute_b_2_0_2_5_U   |        0|    5|   20|     2|    8|       16|
    |in_compute_b_2_0_2_6_U   |        0|    5|   20|     2|    8|       16|
    |in_compute_b_2_0_2_7_U   |        0|    5|   20|     2|    8|       16|
    |in_compute_b_2_0_2_8_U   |        0|    5|   20|     2|    8|       16|
    |in_compute_b_2_0_2_9_U   |        0|    5|   20|     2|    8|       16|
    |in_compute_b_2_0_2_U     |        0|    5|   20|     2|    8|       16|
    |in_compute_b_2_0_3_10_U  |        0|    5|   20|     2|    8|       16|
    |in_compute_b_2_0_3_1_U   |        0|    5|   20|     2|    8|       16|
    |in_compute_b_2_0_3_2_U   |        0|    5|   20|     2|    8|       16|
    |in_compute_b_2_0_3_3_U   |        0|    5|   20|     2|    8|       16|
    |in_compute_b_2_0_3_4_U   |        0|    5|   20|     2|    8|       16|
    |in_compute_b_2_0_3_5_U   |        0|    5|   20|     2|    8|       16|
    |in_compute_b_2_0_3_6_U   |        0|    5|   20|     2|    8|       16|
    |in_compute_b_2_0_3_7_U   |        0|    5|   20|     2|    8|       16|
    |in_compute_b_2_0_3_8_U   |        0|    5|   20|     2|    8|       16|
    |in_compute_b_2_0_3_9_U   |        0|    5|   20|     2|    8|       16|
    |in_compute_b_2_0_3_U     |        0|    5|   20|     2|    8|       16|
    |in_compute_b_2_0_4_10_U  |        0|    5|   20|     2|    8|       16|
    |in_compute_b_2_0_4_1_U   |        0|    5|   20|     2|    8|       16|
    |in_compute_b_2_0_4_2_U   |        0|    5|   20|     2|    8|       16|
    |in_compute_b_2_0_4_3_U   |        0|    5|   20|     2|    8|       16|
    |in_compute_b_2_0_4_4_U   |        0|    5|   20|     2|    8|       16|
    |in_compute_b_2_0_4_5_U   |        0|    5|   20|     2|    8|       16|
    |in_compute_b_2_0_4_6_U   |        0|    5|   20|     2|    8|       16|
    |in_compute_b_2_0_4_7_U   |        0|    5|   20|     2|    8|       16|
    |in_compute_b_2_0_4_8_U   |        0|    5|   20|     2|    8|       16|
    |in_compute_b_2_0_4_9_U   |        0|    5|   20|     2|    8|       16|
    |in_compute_b_2_0_4_U     |        0|    5|   20|     2|    8|       16|
    |in_compute_b_2_0_5_10_U  |        0|    5|   20|     2|    8|       16|
    |in_compute_b_2_0_5_1_U   |        0|    5|   20|     2|    8|       16|
    |in_compute_b_2_0_5_2_U   |        0|    5|   20|     2|    8|       16|
    |in_compute_b_2_0_5_3_U   |        0|    5|   20|     2|    8|       16|
    |in_compute_b_2_0_5_4_U   |        0|    5|   20|     2|    8|       16|
    |in_compute_b_2_0_5_5_U   |        0|    5|   20|     2|    8|       16|
    |in_compute_b_2_0_5_6_U   |        0|    5|   20|     2|    8|       16|
    |in_compute_b_2_0_5_7_U   |        0|    5|   20|     2|    8|       16|
    |in_compute_b_2_0_5_8_U   |        0|    5|   20|     2|    8|       16|
    |in_compute_b_2_0_5_9_U   |        0|    5|   20|     2|    8|       16|
    |in_compute_b_2_0_5_U     |        0|    5|   20|     2|    8|       16|
    |in_compute_b_2_0_6_1_U   |        0|    5|   20|     2|    8|       16|
    |in_compute_b_2_0_6_2_U   |        0|    5|   20|     2|    8|       16|
    |in_compute_b_2_0_6_3_U   |        0|    5|   20|     2|    8|       16|
    |in_compute_b_2_0_6_4_U   |        0|    5|   20|     2|    8|       16|
    |in_compute_b_2_0_6_U     |        0|    5|   20|     2|    8|       16|
    |in_compute_b_2_0_7_U     |        0|    5|   20|     2|    8|       16|
    |in_compute_b_2_0_8_U     |        0|    5|   20|     2|    8|       16|
    |in_compute_b_2_0_9_U     |        0|    5|   20|     2|    8|       16|
    |in_compute_b_2_1_0_U     |        0|    5|   20|     2|    8|       16|
    |in_compute_b_2_1_1_10_U  |        0|    5|   20|     2|    8|       16|
    |in_compute_b_2_1_1_1_U   |        0|    5|   20|     2|    8|       16|
    |in_compute_b_2_1_1_2_U   |        0|    5|   20|     2|    8|       16|
    |in_compute_b_2_1_1_3_U   |        0|    5|   20|     2|    8|       16|
    |in_compute_b_2_1_1_4_U   |        0|    5|   20|     2|    8|       16|
    |in_compute_b_2_1_1_5_U   |        0|    5|   20|     2|    8|       16|
    |in_compute_b_2_1_1_6_U   |        0|    5|   20|     2|    8|       16|
    |in_compute_b_2_1_1_7_U   |        0|    5|   20|     2|    8|       16|
    |in_compute_b_2_1_1_8_U   |        0|    5|   20|     2|    8|       16|
    |in_compute_b_2_1_1_9_U   |        0|    5|   20|     2|    8|       16|
    |in_compute_b_2_1_1_U     |        0|    5|   20|     2|    8|       16|
    |in_compute_b_2_1_2_10_U  |        0|    5|   20|     2|    8|       16|
    |in_compute_b_2_1_2_1_U   |        0|    5|   20|     2|    8|       16|
    |in_compute_b_2_1_2_2_U   |        0|    5|   20|     2|    8|       16|
    |in_compute_b_2_1_2_3_U   |        0|    5|   20|     2|    8|       16|
    |in_compute_b_2_1_2_4_U   |        0|    5|   20|     2|    8|       16|
    |in_compute_b_2_1_2_5_U   |        0|    5|   20|     2|    8|       16|
    |in_compute_b_2_1_2_6_U   |        0|    5|   20|     2|    8|       16|
    |in_compute_b_2_1_2_7_U   |        0|    5|   20|     2|    8|       16|
    |in_compute_b_2_1_2_8_U   |        0|    5|   20|     2|    8|       16|
    |in_compute_b_2_1_2_9_U   |        0|    5|   20|     2|    8|       16|
    |in_compute_b_2_1_2_U     |        0|    5|   20|     2|    8|       16|
    |in_compute_b_2_1_3_10_U  |        0|    5|   20|     2|    8|       16|
    |in_compute_b_2_1_3_1_U   |        0|    5|   20|     2|    8|       16|
    |in_compute_b_2_1_3_2_U   |        0|    5|   20|     2|    8|       16|
    |in_compute_b_2_1_3_3_U   |        0|    5|   20|     2|    8|       16|
    |in_compute_b_2_1_3_4_U   |        0|    5|   20|     2|    8|       16|
    |in_compute_b_2_1_3_5_U   |        0|    5|   20|     2|    8|       16|
    |in_compute_b_2_1_3_6_U   |        0|    5|   20|     2|    8|       16|
    |in_compute_b_2_1_3_7_U   |        0|    5|   20|     2|    8|       16|
    |in_compute_b_2_1_3_8_U   |        0|    5|   20|     2|    8|       16|
    |in_compute_b_2_1_3_9_U   |        0|    5|   20|     2|    8|       16|
    |in_compute_b_2_1_3_U     |        0|    5|   20|     2|    8|       16|
    |in_compute_b_2_1_4_10_U  |        0|    5|   20|     2|    8|       16|
    |in_compute_b_2_1_4_1_U   |        0|    5|   20|     2|    8|       16|
    |in_compute_b_2_1_4_2_U   |        0|    5|   20|     2|    8|       16|
    |in_compute_b_2_1_4_3_U   |        0|    5|   20|     2|    8|       16|
    |in_compute_b_2_1_4_4_U   |        0|    5|   20|     2|    8|       16|
    |in_compute_b_2_1_4_5_U   |        0|    5|   20|     2|    8|       16|
    |in_compute_b_2_1_4_6_U   |        0|    5|   20|     2|    8|       16|
    |in_compute_b_2_1_4_7_U   |        0|    5|   20|     2|    8|       16|
    |in_compute_b_2_1_4_8_U   |        0|    5|   20|     2|    8|       16|
    |in_compute_b_2_1_4_9_U   |        0|    5|   20|     2|    8|       16|
    |in_compute_b_2_1_4_U     |        0|    5|   20|     2|    8|       16|
    |in_compute_b_2_1_5_10_U  |        0|    5|   20|     2|    8|       16|
    |in_compute_b_2_1_5_1_U   |        0|    5|   20|     2|    8|       16|
    |in_compute_b_2_1_5_2_U   |        0|    5|   20|     2|    8|       16|
    |in_compute_b_2_1_5_3_U   |        0|    5|   20|     2|    8|       16|
    |in_compute_b_2_1_5_4_U   |        0|    5|   20|     2|    8|       16|
    |in_compute_b_2_1_5_5_U   |        0|    5|   20|     2|    8|       16|
    |in_compute_b_2_1_5_6_U   |        0|    5|   20|     2|    8|       16|
    |in_compute_b_2_1_5_7_U   |        0|    5|   20|     2|    8|       16|
    |in_compute_b_2_1_5_8_U   |        0|    5|   20|     2|    8|       16|
    |in_compute_b_2_1_5_9_U   |        0|    5|   20|     2|    8|       16|
    |in_compute_b_2_1_5_U     |        0|    5|   20|     2|    8|       16|
    |in_compute_b_2_1_6_1_U   |        0|    5|   20|     2|    8|       16|
    |in_compute_b_2_1_6_2_U   |        0|    5|   20|     2|    8|       16|
    |in_compute_b_2_1_6_3_U   |        0|    5|   20|     2|    8|       16|
    |in_compute_b_2_1_6_4_U   |        0|    5|   20|     2|    8|       16|
    |in_compute_b_2_1_6_U     |        0|    5|   20|     2|    8|       16|
    |in_compute_b_2_1_7_U     |        0|    5|   20|     2|    8|       16|
    |in_compute_b_2_1_8_U     |        0|    5|   20|     2|    8|       16|
    |in_compute_b_2_1_9_U     |        0|    5|   20|     2|    8|       16|
    |in_compute_b_3_0_0_U     |        0|    5|   20|     2|    8|       16|
    |in_compute_b_3_0_1_10_U  |        0|    5|   20|     2|    8|       16|
    |in_compute_b_3_0_1_1_U   |        0|    5|   20|     2|    8|       16|
    |in_compute_b_3_0_1_2_U   |        0|    5|   20|     2|    8|       16|
    |in_compute_b_3_0_1_3_U   |        0|    5|   20|     2|    8|       16|
    |in_compute_b_3_0_1_4_U   |        0|    5|   20|     2|    8|       16|
    |in_compute_b_3_0_1_5_U   |        0|    5|   20|     2|    8|       16|
    |in_compute_b_3_0_1_6_U   |        0|    5|   20|     2|    8|       16|
    |in_compute_b_3_0_1_7_U   |        0|    5|   20|     2|    8|       16|
    |in_compute_b_3_0_1_8_U   |        0|    5|   20|     2|    8|       16|
    |in_compute_b_3_0_1_9_U   |        0|    5|   20|     2|    8|       16|
    |in_compute_b_3_0_1_U     |        0|    5|   20|     2|    8|       16|
    |in_compute_b_3_0_2_10_U  |        0|    5|   20|     2|    8|       16|
    |in_compute_b_3_0_2_1_U   |        0|    5|   20|     2|    8|       16|
    |in_compute_b_3_0_2_2_U   |        0|    5|   20|     2|    8|       16|
    |in_compute_b_3_0_2_3_U   |        0|    5|   20|     2|    8|       16|
    |in_compute_b_3_0_2_4_U   |        0|    5|   20|     2|    8|       16|
    |in_compute_b_3_0_2_5_U   |        0|    5|   20|     2|    8|       16|
    |in_compute_b_3_0_2_6_U   |        0|    5|   20|     2|    8|       16|
    |in_compute_b_3_0_2_7_U   |        0|    5|   20|     2|    8|       16|
    |in_compute_b_3_0_2_8_U   |        0|    5|   20|     2|    8|       16|
    |in_compute_b_3_0_2_9_U   |        0|    5|   20|     2|    8|       16|
    |in_compute_b_3_0_2_U     |        0|    5|   20|     2|    8|       16|
    |in_compute_b_3_0_3_10_U  |        0|    5|   20|     2|    8|       16|
    |in_compute_b_3_0_3_1_U   |        0|    5|   20|     2|    8|       16|
    |in_compute_b_3_0_3_2_U   |        0|    5|   20|     2|    8|       16|
    |in_compute_b_3_0_3_3_U   |        0|    5|   20|     2|    8|       16|
    |in_compute_b_3_0_3_4_U   |        0|    5|   20|     2|    8|       16|
    |in_compute_b_3_0_3_5_U   |        0|    5|   20|     2|    8|       16|
    |in_compute_b_3_0_3_6_U   |        0|    5|   20|     2|    8|       16|
    |in_compute_b_3_0_3_7_U   |        0|    5|   20|     2|    8|       16|
    |in_compute_b_3_0_3_8_U   |        0|    5|   20|     2|    8|       16|
    |in_compute_b_3_0_3_9_U   |        0|    5|   20|     2|    8|       16|
    |in_compute_b_3_0_3_U     |        0|    5|   20|     2|    8|       16|
    |in_compute_b_3_0_4_10_U  |        0|    5|   20|     2|    8|       16|
    |in_compute_b_3_0_4_1_U   |        0|    5|   20|     2|    8|       16|
    |in_compute_b_3_0_4_2_U   |        0|    5|   20|     2|    8|       16|
    |in_compute_b_3_0_4_3_U   |        0|    5|   20|     2|    8|       16|
    |in_compute_b_3_0_4_4_U   |        0|    5|   20|     2|    8|       16|
    |in_compute_b_3_0_4_5_U   |        0|    5|   20|     2|    8|       16|
    |in_compute_b_3_0_4_6_U   |        0|    5|   20|     2|    8|       16|
    |in_compute_b_3_0_4_7_U   |        0|    5|   20|     2|    8|       16|
    |in_compute_b_3_0_4_8_U   |        0|    5|   20|     2|    8|       16|
    |in_compute_b_3_0_4_9_U   |        0|    5|   20|     2|    8|       16|
    |in_compute_b_3_0_4_U     |        0|    5|   20|     2|    8|       16|
    |in_compute_b_3_0_5_10_U  |        0|    5|   20|     2|    8|       16|
    |in_compute_b_3_0_5_1_U   |        0|    5|   20|     2|    8|       16|
    |in_compute_b_3_0_5_2_U   |        0|    5|   20|     2|    8|       16|
    |in_compute_b_3_0_5_3_U   |        0|    5|   20|     2|    8|       16|
    |in_compute_b_3_0_5_4_U   |        0|    5|   20|     2|    8|       16|
    |in_compute_b_3_0_5_5_U   |        0|    5|   20|     2|    8|       16|
    |in_compute_b_3_0_5_6_U   |        0|    5|   20|     2|    8|       16|
    |in_compute_b_3_0_5_7_U   |        0|    5|   20|     2|    8|       16|
    |in_compute_b_3_0_5_8_U   |        0|    5|   20|     2|    8|       16|
    |in_compute_b_3_0_5_9_U   |        0|    5|   20|     2|    8|       16|
    |in_compute_b_3_0_5_U     |        0|    5|   20|     2|    8|       16|
    |in_compute_b_3_0_6_1_U   |        0|    5|   20|     2|    8|       16|
    |in_compute_b_3_0_6_2_U   |        0|    5|   20|     2|    8|       16|
    |in_compute_b_3_0_6_3_U   |        0|    5|   20|     2|    8|       16|
    |in_compute_b_3_0_6_4_U   |        0|    5|   20|     2|    8|       16|
    |in_compute_b_3_0_6_U     |        0|    5|   20|     2|    8|       16|
    |in_compute_b_3_0_7_U     |        0|    5|   20|     2|    8|       16|
    |in_compute_b_3_0_8_U     |        0|    5|   20|     2|    8|       16|
    |in_compute_b_3_0_9_U     |        0|    5|   20|     2|    8|       16|
    |in_compute_b_3_1_0_U     |        0|    5|   20|     2|    8|       16|
    |in_compute_b_3_1_1_10_U  |        0|    5|   20|     2|    8|       16|
    |in_compute_b_3_1_1_1_U   |        0|    5|   20|     2|    8|       16|
    |in_compute_b_3_1_1_2_U   |        0|    5|   20|     2|    8|       16|
    |in_compute_b_3_1_1_3_U   |        0|    5|   20|     2|    8|       16|
    |in_compute_b_3_1_1_4_U   |        0|    5|   20|     2|    8|       16|
    |in_compute_b_3_1_1_5_U   |        0|    5|   20|     2|    8|       16|
    |in_compute_b_3_1_1_6_U   |        0|    5|   20|     2|    8|       16|
    |in_compute_b_3_1_1_7_U   |        0|    5|   20|     2|    8|       16|
    |in_compute_b_3_1_1_8_U   |        0|    5|   20|     2|    8|       16|
    |in_compute_b_3_1_1_9_U   |        0|    5|   20|     2|    8|       16|
    |in_compute_b_3_1_1_U     |        0|    5|   20|     2|    8|       16|
    |in_compute_b_3_1_2_10_U  |        0|    5|   20|     2|    8|       16|
    |in_compute_b_3_1_2_1_U   |        0|    5|   20|     2|    8|       16|
    |in_compute_b_3_1_2_2_U   |        0|    5|   20|     2|    8|       16|
    |in_compute_b_3_1_2_3_U   |        0|    5|   20|     2|    8|       16|
    |in_compute_b_3_1_2_4_U   |        0|    5|   20|     2|    8|       16|
    |in_compute_b_3_1_2_5_U   |        0|    5|   20|     2|    8|       16|
    |in_compute_b_3_1_2_6_U   |        0|    5|   20|     2|    8|       16|
    |in_compute_b_3_1_2_7_U   |        0|    5|   20|     2|    8|       16|
    |in_compute_b_3_1_2_8_U   |        0|    5|   20|     2|    8|       16|
    |in_compute_b_3_1_2_9_U   |        0|    5|   20|     2|    8|       16|
    |in_compute_b_3_1_2_U     |        0|    5|   20|     2|    8|       16|
    |in_compute_b_3_1_3_10_U  |        0|    5|   20|     2|    8|       16|
    |in_compute_b_3_1_3_1_U   |        0|    5|   20|     2|    8|       16|
    |in_compute_b_3_1_3_2_U   |        0|    5|   20|     2|    8|       16|
    |in_compute_b_3_1_3_3_U   |        0|    5|   20|     2|    8|       16|
    |in_compute_b_3_1_3_4_U   |        0|    5|   20|     2|    8|       16|
    |in_compute_b_3_1_3_5_U   |        0|    5|   20|     2|    8|       16|
    |in_compute_b_3_1_3_6_U   |        0|    5|   20|     2|    8|       16|
    |in_compute_b_3_1_3_7_U   |        0|    5|   20|     2|    8|       16|
    |in_compute_b_3_1_3_8_U   |        0|    5|   20|     2|    8|       16|
    |in_compute_b_3_1_3_9_U   |        0|    5|   20|     2|    8|       16|
    |in_compute_b_3_1_3_U     |        0|    5|   20|     2|    8|       16|
    |in_compute_b_3_1_4_10_U  |        0|    5|   20|     2|    8|       16|
    |in_compute_b_3_1_4_1_U   |        0|    5|   20|     2|    8|       16|
    |in_compute_b_3_1_4_2_U   |        0|    5|   20|     2|    8|       16|
    |in_compute_b_3_1_4_3_U   |        0|    5|   20|     2|    8|       16|
    |in_compute_b_3_1_4_4_U   |        0|    5|   20|     2|    8|       16|
    |in_compute_b_3_1_4_5_U   |        0|    5|   20|     2|    8|       16|
    |in_compute_b_3_1_4_6_U   |        0|    5|   20|     2|    8|       16|
    |in_compute_b_3_1_4_7_U   |        0|    5|   20|     2|    8|       16|
    |in_compute_b_3_1_4_8_U   |        0|    5|   20|     2|    8|       16|
    |in_compute_b_3_1_4_9_U   |        0|    5|   20|     2|    8|       16|
    |in_compute_b_3_1_4_U     |        0|    5|   20|     2|    8|       16|
    |in_compute_b_3_1_5_10_U  |        0|    5|   20|     2|    8|       16|
    |in_compute_b_3_1_5_1_U   |        0|    5|   20|     2|    8|       16|
    |in_compute_b_3_1_5_2_U   |        0|    5|   20|     2|    8|       16|
    |in_compute_b_3_1_5_3_U   |        0|    5|   20|     2|    8|       16|
    |in_compute_b_3_1_5_4_U   |        0|    5|   20|     2|    8|       16|
    |in_compute_b_3_1_5_5_U   |        0|    5|   20|     2|    8|       16|
    |in_compute_b_3_1_5_6_U   |        0|    5|   20|     2|    8|       16|
    |in_compute_b_3_1_5_7_U   |        0|    5|   20|     2|    8|       16|
    |in_compute_b_3_1_5_8_U   |        0|    5|   20|     2|    8|       16|
    |in_compute_b_3_1_5_9_U   |        0|    5|   20|     2|    8|       16|
    |in_compute_b_3_1_5_U     |        0|    5|   20|     2|    8|       16|
    |in_compute_b_3_1_6_1_U   |        0|    5|   20|     2|    8|       16|
    |in_compute_b_3_1_6_2_U   |        0|    5|   20|     2|    8|       16|
    |in_compute_b_3_1_6_3_U   |        0|    5|   20|     2|    8|       16|
    |in_compute_b_3_1_6_4_U   |        0|    5|   20|     2|    8|       16|
    |in_compute_b_3_1_6_U     |        0|    5|   20|     2|    8|       16|
    |in_compute_b_3_1_7_U     |        0|    5|   20|     2|    8|       16|
    |in_compute_b_3_1_8_U     |        0|    5|   20|     2|    8|       16|
    |in_compute_b_3_1_9_U     |        0|    5|   20|     2|    8|       16|
    |in_compute_n_c_0_V_s_U   |        0|    5|   44|     2|   32|       64|
    |in_compute_n_c_1_V_s_U   |        0|    5|   44|     2|   32|       64|
    |in_compute_n_c_2_V_s_U   |        0|    5|   44|     2|   32|       64|
    |in_compute_n_c_3_V_s_U   |        0|    5|   44|     2|   32|       64|
    |in_compute_n_r_0_V_s_U   |        0|    5|   44|     2|   32|       64|
    |in_compute_n_r_1_V_s_U   |        0|    5|   44|     2|   32|       64|
    |in_compute_n_r_2_V_s_U   |        0|    5|   44|     2|   32|       64|
    |in_compute_n_r_3_V_s_U   |        0|    5|   44|     2|   32|       64|
    |in_n_r_V_V_U             |        0|    5|   44|     2|   32|       64|
    |in_proc_1_V_V_U          |        0|    5|   44|     2|   32|       64|
    |in_proc_1_iter_c_V_V_U   |        0|    5|   44|     2|   32|       64|
    |in_proc_1_iter_r_V_V_U   |        0|    5|   44|     2|   32|       64|
    |in_proc_2_V_V_U          |        1|   37|   43|   129|   16|     2064|
    |in_proc_2_iter_c_V_V_U   |        0|    5|   44|     2|   32|       64|
    |in_proc_2_iter_r_V_V_U   |        0|    5|   44|     2|   32|       64|
    |in_quant_V_V_U           |        0|    5|   76|     2|   64|      128|
    |in_quant_iter_c_V_V_U    |        0|    5|   44|     2|   32|       64|
    |in_quant_iter_r_V_V_U    |        0|    5|   44|     2|   32|       64|
    |in_sub_max_V_V_U         |        2|   53|   60|   129|   32|     4128|
    |in_sub_max_c_V_V_U       |        0|    5|   44|     2|   32|       64|
    |in_sub_max_r_V_V_U       |        0|    5|   44|     2|   32|       64|
    |in_write_2_iter_c_V_s_U  |        0|    5|   44|     2|   32|       64|
    |in_write_V_V_U           |        0|    5|   20|     2|    8|       16|
    |in_write_n_V_V_U         |        0|    5|  108|     2|   96|      192|
    |in_write_n_c_V_V_U       |        0|    5|   44|     2|   32|       64|
    |in_write_n_r_V_V_U       |        0|    5|   44|     2|   32|       64|
    |max_input_V_V_U          |        0|    5|   44|     2|   32|       64|
    |out_arb_0_V_data_V_U     |       29|  538|  490|   128|  512|    65536|
    |out_arb_0_V_dest_V_U     |        1|   29|   35|   128|    8|     1024|
    |out_arb_0_V_id_V_U       |        1|   29|   35|   128|    8|     1024|
    |out_arb_0_V_last_V_U     |        0|  265|  213|   128|    1|      128|
    |out_arb_0_V_user_V_U     |        1|   37|   43|   128|   16|     2048|
    |out_arb_1_V_data_V_U     |       29|  538|  490|   128|  512|    65536|
    |out_arb_1_V_dest_V_U     |        1|   29|   35|   128|    8|     1024|
    |out_arb_1_V_id_V_U       |        1|   29|   35|   128|    8|     1024|
    |out_arb_1_V_last_V_U     |        0|  265|  213|   128|    1|      128|
    |out_arb_1_V_user_V_U     |        1|   37|   43|   128|   16|     2048|
    |out_compute_0_0_V_s_U    |        0|    5|   44|     2|   32|       64|
    |out_compute_0_1_V_s_U    |        0|    5|   44|     2|   32|       64|
    |out_compute_1_0_V_s_U    |        0|    5|   44|     2|   32|       64|
    |out_compute_1_1_V_s_U    |        0|    5|   44|     2|   32|       64|
    |out_compute_2_0_V_s_U    |        0|    5|   44|     2|   32|       64|
    |out_compute_2_1_V_s_U    |        0|    5|   44|     2|   32|       64|
    |out_compute_3_0_V_s_U    |        0|    5|   44|     2|   32|       64|
    |out_compute_3_1_V_s_U    |        0|    5|   44|     2|   32|       64|
    |pipe_1_V_data_V_U        |       29|  522|  510|     2|  512|     1024|
    |pipe_1_V_dest_V_U        |        0|    5|   20|     2|    8|       16|
    |pipe_1_V_id_V_U          |        0|    5|   20|     2|    8|       16|
    |pipe_1_V_last_V_U        |        0|    5|   16|     2|    1|        2|
    |pipe_1_V_user_V_U        |        0|    5|   28|     2|   16|       32|
    |sum_V_V_U                |        0|    5|   44|     2|   32|       64|
    +-------------------------+---------+-----+-----+------+-----+---------+
    |Total                    |      154| 7522|20445|  3172|10077|   163590|
    +-------------------------+---------+-----+-----+------+-----+---------+

    * Expression: 
    +--------------------------------------+----------+-------+---+----+------------+------------+
    |             Variable Name            | Operation| DSP48E| FF| LUT| Bitwidth P0| Bitwidth P1|
    +--------------------------------------+----------+-------+---+----+------------+------------+
    |AttentionMatmulArbit_U0_start_full_n  |    and   |      0|  0|   2|           1|           1|
    |AttentionMatmulReadA_U0_start_full_n  |    and   |      0|  0|   2|           1|           1|
    |softmax_read_data_U0_start_full_n     |    and   |      0|  0|   2|           1|           1|
    +--------------------------------------+----------+-------+---+----+------------+------------+
    |Total                                 |          |      0|  0|   6|           3|           3|
    +--------------------------------------+----------+-------+---+----+------------+------------+

    * Multiplexer: 
    N/A

    * Register: 
    N/A



================================================================
== Interface
================================================================
* Summary: 
+--------------+-----+-----+--------------+--------------+--------------+
|   RTL Ports  | Dir | Bits|   Protocol   | Source Object|    C Type    |
+--------------+-----+-----+--------------+--------------+--------------+
|in_r_TDATA    |  in |  512|     axis     |  in_V_data_V |    pointer   |
|in_r_TID      |  in |    8|     axis     |   in_V_id_V  |    pointer   |
|in_r_TDEST    |  in |    8|     axis     |  in_V_dest_V |    pointer   |
|in_r_TUSER    |  in |   16|     axis     |  in_V_user_V |    pointer   |
|in_r_TLAST    |  in |    1|     axis     |  in_V_last_V |    pointer   |
|in_r_TVALID   |  in |    1|     axis     |  in_V_last_V |    pointer   |
|in_r_TREADY   | out |    1|     axis     |  in_V_last_V |    pointer   |
|out_r_TDATA   | out |  512|     axis     | out_V_data_V |    pointer   |
|out_r_TID     | out |    8|     axis     |  out_V_id_V  |    pointer   |
|out_r_TDEST   | out |    8|     axis     | out_V_dest_V |    pointer   |
|out_r_TUSER   | out |   16|     axis     | out_V_user_V |    pointer   |
|out_r_TLAST   | out |    1|     axis     | out_V_last_V |    pointer   |
|out_r_TVALID  | out |    1|     axis     | out_V_last_V |    pointer   |
|out_r_TREADY  |  in |    1|     axis     | out_V_last_V |    pointer   |
|ap_clk        |  in |    1| ap_ctrl_none |   kernel_4   | return value |
|ap_rst_n      |  in |    1| ap_ctrl_none |   kernel_4   | return value |
+--------------+-----+-----+--------------+--------------+--------------+

