

================================================================
== Vivado HLS Report for 'softmax_write_out'
================================================================
* Date:           Tue Feb  7 00:12:54 2023

* Version:        2018.3 (Build 2405991 on Thu Dec 06 23:56:15 MST 2018)
* Project:        kern_4
* Solution:       solution1
* Product family: zynquplus
* Target device:  xczu19eg-ffvc1760-2-i


================================================================
== Performance Estimates
================================================================
+ Timing (ns): 
    * Summary: 
    +--------+-------+----------+------------+
    |  Clock | Target| Estimated| Uncertainty|
    +--------+-------+----------+------------+
    |ap_clk  |   5.00|     4.173|        0.62|
    +--------+-------+----------+------------+

+ Latency (clock cycles): 
    * Summary: 
    +-----+-----+-----+-----+---------+
    |  Latency  |  Interval | Pipeline|
    | min | max | min | max |   Type  |
    +-----+-----+-----+-----+---------+
    |    ?|    ?|    ?|    ?|   none  |
    +-----+-----+-----+-----+---------+

    + Detail: 
        * Instance: 
        N/A

        * Loop: 
        +----------+-----+-----+----------+-----------+-----------+------+----------+
        |          |  Latency  | Iteration|  Initiation Interval  | Trip |          |
        | Loop Name| min | max |  Latency |  achieved |   target  | Count| Pipelined|
        +----------+-----+-----+----------+-----------+-----------+------+----------+
        |- Loop 1  |    ?|    ?|         4|          1|          1|     ?|    yes   |
        +----------+-----+-----+----------+-----------+-----------+------+----------+



================================================================
== Utilization Estimates
================================================================
* Summary: 
+-----------------+---------+-------+---------+--------+-----+
|       Name      | BRAM_18K| DSP48E|    FF   |   LUT  | URAM|
+-----------------+---------+-------+---------+--------+-----+
|DSP              |        -|      1|        -|       -|    -|
|Expression       |        -|      -|        0|     936|    -|
|FIFO             |        -|      -|        -|       -|    -|
|Instance         |        -|      -|        -|       -|    -|
|Memory           |        -|      -|        -|       -|    -|
|Multiplexer      |        -|      -|        -|     831|    -|
|Register         |        -|      -|     1815|       -|    -|
+-----------------+---------+-------+---------+--------+-----+
|Total            |        0|      1|     1815|    1767|    0|
+-----------------+---------+-------+---------+--------+-----+
|Available        |     1968|   1968|  1045440|  522720|  128|
+-----------------+---------+-------+---------+--------+-----+
|Utilization (%)  |        0|   ~0  |    ~0   |   ~0   |    0|
+-----------------+---------+-------+---------+--------+-----+

+ Detail: 
    * Instance: 
    N/A

    * DSP48: 
    +-----------------------------------------+-----------------------------------+-----------+
    |                 Instance                |               Module              | Expression|
    +-----------------------------------------+-----------------------------------+-----------+
    |kernel_4_mul_mul_16ns_16ns_32_1_1_U1934  |kernel_4_mul_mul_16ns_16ns_32_1_1  |  i0 * i1  |
    +-----------------------------------------+-----------------------------------+-----------+

    * Memory: 
    N/A

    * FIFO: 
    N/A

    * Expression: 
    +----------------------------------+----------+-------+---+----+------------+------------+
    |           Variable Name          | Operation| DSP48E| FF| LUT| Bitwidth P0| Bitwidth P1|
    +----------------------------------+----------+-------+---+----+------------+------------+
    |i_V_fu_1023_p2                    |     +    |      0|  0|  23|          16|           1|
    |indvar_flatten_next_fu_1000_p2    |     +    |      0|  0|  39|          32|           1|
    |op2_assign_fu_984_p2              |     +    |      0|  0|  39|           2|          32|
    |out_data_user_V_fu_963_p2         |     +    |      0|  0|  23|           1|          16|
    |tmp_3_i_fu_890_p2                 |     +    |      0|  0|  39|           7|          32|
    |ap_block_pp0_stage0_01001         |    and   |      0|  0|   2|           1|           1|
    |ap_block_state4_pp0_stage0_iter1  |    and   |      0|  0|   2|           1|           1|
    |ap_block_state5_io                |    and   |      0|  0|   2|           1|           1|
    |ap_block_state6_io                |    and   |      0|  0|   2|           1|           1|
    |or_cond_i_fu_2132_p2              |    and   |      0|  0|   2|           1|           1|
    |out_V_data_V_1_load_A             |    and   |      0|  0|   2|           1|           1|
    |out_V_data_V_1_load_B             |    and   |      0|  0|   2|           1|           1|
    |out_V_last_V_1_load_A             |    and   |      0|  0|   2|           1|           1|
    |out_V_last_V_1_load_B             |    and   |      0|  0|   2|           1|           1|
    |out_V_user_V_1_load_A             |    and   |      0|  0|   2|           1|           1|
    |out_V_user_V_1_load_B             |    and   |      0|  0|   2|           1|           1|
    |sel_tmp2_fu_928_p2                |    and   |      0|  0|   2|           1|           1|
    |exitcond_flatten_fu_995_p2        |   icmp   |      0|  0|  20|          32|          32|
    |exitcond_i2_fu_1006_p2            |   icmp   |      0|  0|  13|          16|          16|
    |icmp_fu_878_p2                    |   icmp   |      0|  0|  20|          26|           1|
    |out_V_data_V_1_state_cmp_full     |   icmp   |      0|  0|   8|           2|           1|
    |out_V_last_V_1_state_cmp_full     |   icmp   |      0|  0|   8|           2|           1|
    |out_V_user_V_1_state_cmp_full     |   icmp   |      0|  0|   8|           2|           1|
    |out_data_last_V_fu_2141_p2        |   icmp   |      0|  0|  20|          32|          32|
    |tmp_10_i_fu_2122_p2               |   icmp   |      0|  0|  13|          16|           1|
    |tmp_11_i_fu_2127_p2               |   icmp   |      0|  0|  11|           6|           2|
    |tmp_2_i_fu_884_p2                 |   icmp   |      0|  0|  11|           6|           1|
    |tmp_i_fu_1221_p2                  |   icmp   |      0|  0|  11|           6|           1|
    |ap_block_pp0_stage0_11001         |    or    |      0|  0|   2|           1|           1|
    |ap_block_state1                   |    or    |      0|  0|   2|           1|           1|
    |ap_block_state7                   |    or    |      0|  0|   2|           1|           1|
    |or_cond1_i_fu_2146_p2             |    or    |      0|  0|   2|           1|           1|
    |p_temp_V_0_1_i_fu_1793_p3         |  select  |      0|  0|   8|           1|           1|
    |p_temp_V_10_1_i_fu_1703_p3        |  select  |      0|  0|   8|           1|           1|
    |p_temp_V_11_1_i_fu_1694_p3        |  select  |      0|  0|   8|           1|           1|
    |p_temp_V_12_1_i_fu_1685_p3        |  select  |      0|  0|   8|           1|           1|
    |p_temp_V_13_1_i_fu_1676_p3        |  select  |      0|  0|   8|           1|           1|
    |p_temp_V_14_1_i_fu_1667_p3        |  select  |      0|  0|   8|           1|           1|
    |p_temp_V_15_1_i_fu_1658_p3        |  select  |      0|  0|   8|           1|           1|
    |p_temp_V_16_1_i_fu_1649_p3        |  select  |      0|  0|   8|           1|           1|
    |p_temp_V_17_1_i_fu_1640_p3        |  select  |      0|  0|   8|           1|           1|
    |p_temp_V_18_1_i_fu_1631_p3        |  select  |      0|  0|   8|           1|           1|
    |p_temp_V_19_1_i_fu_1622_p3        |  select  |      0|  0|   8|           1|           1|
    |p_temp_V_1_1_i_fu_1784_p3         |  select  |      0|  0|   8|           1|           1|
    |p_temp_V_20_1_i_fu_1613_p3        |  select  |      0|  0|   8|           1|           1|
    |p_temp_V_21_1_i_fu_1604_p3        |  select  |      0|  0|   8|           1|           1|
    |p_temp_V_22_1_i_fu_1595_p3        |  select  |      0|  0|   8|           1|           1|
    |p_temp_V_23_1_i_fu_1586_p3        |  select  |      0|  0|   8|           1|           1|
    |p_temp_V_24_1_i_fu_1577_p3        |  select  |      0|  0|   8|           1|           1|
    |p_temp_V_25_1_i_fu_1568_p3        |  select  |      0|  0|   8|           1|           1|
    |p_temp_V_26_1_i_fu_1559_p3        |  select  |      0|  0|   8|           1|           1|
    |p_temp_V_27_1_i_fu_1550_p3        |  select  |      0|  0|   8|           1|           1|
    |p_temp_V_28_1_i_fu_1541_p3        |  select  |      0|  0|   8|           1|           1|
    |p_temp_V_29_1_i_fu_1532_p3        |  select  |      0|  0|   8|           1|           1|
    |p_temp_V_2_1_i_fu_1775_p3         |  select  |      0|  0|   8|           1|           1|
    |p_temp_V_30_1_i_fu_1523_p3        |  select  |      0|  0|   8|           1|           1|
    |p_temp_V_31_1_i_fu_1514_p3        |  select  |      0|  0|   8|           1|           1|
    |p_temp_V_32_1_i_fu_1505_p3        |  select  |      0|  0|   8|           1|           1|
    |p_temp_V_33_1_i_fu_1496_p3        |  select  |      0|  0|   8|           1|           1|
    |p_temp_V_34_1_i_fu_1487_p3        |  select  |      0|  0|   8|           1|           1|
    |p_temp_V_35_1_i_fu_1478_p3        |  select  |      0|  0|   8|           1|           1|
    |p_temp_V_36_1_i_fu_1469_p3        |  select  |      0|  0|   8|           1|           1|
    |p_temp_V_37_1_i_fu_1460_p3        |  select  |      0|  0|   8|           1|           1|
    |p_temp_V_38_1_i_fu_1451_p3        |  select  |      0|  0|   8|           1|           1|
    |p_temp_V_39_1_i_fu_1442_p3        |  select  |      0|  0|   8|           1|           1|
    |p_temp_V_3_1_i_fu_1766_p3         |  select  |      0|  0|   8|           1|           1|
    |p_temp_V_40_1_i_fu_1433_p3        |  select  |      0|  0|   8|           1|           1|
    |p_temp_V_41_1_i_fu_1424_p3        |  select  |      0|  0|   8|           1|           1|
    |p_temp_V_42_1_i_fu_1415_p3        |  select  |      0|  0|   8|           1|           1|
    |p_temp_V_43_1_i_fu_1406_p3        |  select  |      0|  0|   8|           1|           1|
    |p_temp_V_44_1_i_fu_1397_p3        |  select  |      0|  0|   8|           1|           1|
    |p_temp_V_45_1_i_fu_1388_p3        |  select  |      0|  0|   8|           1|           1|
    |p_temp_V_46_1_i_fu_1379_p3        |  select  |      0|  0|   8|           1|           1|
    |p_temp_V_47_1_i_fu_1370_p3        |  select  |      0|  0|   8|           1|           1|
    |p_temp_V_48_1_i_fu_1361_p3        |  select  |      0|  0|   8|           1|           1|
    |p_temp_V_49_1_i_fu_1352_p3        |  select  |      0|  0|   8|           1|           1|
    |p_temp_V_4_1_i_fu_1757_p3         |  select  |      0|  0|   8|           1|           1|
    |p_temp_V_50_1_i_fu_1343_p3        |  select  |      0|  0|   8|           1|           1|
    |p_temp_V_51_1_i_fu_1334_p3        |  select  |      0|  0|   8|           1|           1|
    |p_temp_V_52_1_i_fu_1325_p3        |  select  |      0|  0|   8|           1|           1|
    |p_temp_V_53_1_i_fu_1316_p3        |  select  |      0|  0|   8|           1|           1|
    |p_temp_V_54_1_i_fu_1307_p3        |  select  |      0|  0|   8|           1|           1|
    |p_temp_V_55_1_i_fu_1298_p3        |  select  |      0|  0|   8|           1|           1|
    |p_temp_V_56_1_i_fu_1289_p3        |  select  |      0|  0|   8|           1|           1|
    |p_temp_V_57_1_i_fu_1280_p3        |  select  |      0|  0|   8|           1|           1|
    |p_temp_V_58_1_i_fu_1271_p3        |  select  |      0|  0|   8|           1|           1|
    |p_temp_V_59_1_i_fu_1262_p3        |  select  |      0|  0|   8|           1|           1|
    |p_temp_V_5_1_i_fu_1748_p3         |  select  |      0|  0|   8|           1|           1|
    |p_temp_V_60_1_i_fu_1253_p3        |  select  |      0|  0|   8|           1|           1|
    |p_temp_V_61_1_i_fu_1244_p3        |  select  |      0|  0|   8|           1|           1|
    |p_temp_V_62_1_i_fu_1235_p3        |  select  |      0|  0|   8|           1|           1|
    |p_temp_V_63_1_i_fu_1226_p3        |  select  |      0|  0|   8|           1|           1|
    |p_temp_V_6_1_i_fu_1739_p3         |  select  |      0|  0|   8|           1|           1|
    |p_temp_V_7_1_i_fu_1730_p3         |  select  |      0|  0|   8|           1|           1|
    |p_temp_V_8_1_i_fu_1721_p3         |  select  |      0|  0|   8|           1|           1|
    |p_temp_V_9_1_i_fu_1712_p3         |  select  |      0|  0|   8|           1|           1|
    |sel_tmp_fu_914_p3                 |  select  |      0|  0|  32|           1|           7|
    |t_V_1_mid2_fu_1011_p3             |  select  |      0|  0|  16|           1|           1|
    |val_assign_fu_934_p3              |  select  |      0|  0|  32|           1|          32|
    |ap_enable_pp0                     |    xor   |      0|  0|   2|           1|           2|
    |ap_enable_reg_pp0_iter1           |    xor   |      0|  0|   2|           2|           1|
    |sel_tmp1_fu_922_p2                |    xor   |      0|  0|   2|           1|           2|
    +----------------------------------+----------+-------+---+----+------------+------------+
    |Total                             |          |      0|  0| 936|         291|         296|
    +----------------------------------+----------+-------+---+----+------------+------------+

    * Multiplexer: 
    +-----------------------------+----+-----------+-----+-----------+
    |             Name            | LUT| Input Size| Bits| Total Bits|
    +-----------------------------+----+-----------+-----+-----------+
    |ap_NS_fsm                    |  27|          5|    1|          5|
    |ap_done                      |   9|          2|    1|          2|
    |ap_enable_reg_pp0_iter1      |   9|          2|    1|          2|
    |ap_enable_reg_pp0_iter3      |   9|          2|    1|          2|
    |in_write_2_iter_c_V_s_blk_n  |   9|          2|    1|          2|
    |in_write_V_V_blk_n           |   9|          2|    1|          2|
    |in_write_n_V_V_blk_n         |   9|          2|    1|          2|
    |indvar_flatten_reg_566       |   9|          2|   32|         64|
    |out_V_data_V_1_data_in       |  15|          3|  512|       1536|
    |out_V_data_V_1_data_out      |   9|          2|  512|       1024|
    |out_V_data_V_1_state         |  15|          3|    2|          6|
    |out_V_dest_V_1_state         |  15|          3|    2|          6|
    |out_V_id_V_1_state           |  15|          3|    2|          6|
    |out_V_last_V_1_data_in       |  15|          3|    1|          3|
    |out_V_last_V_1_data_out      |   9|          2|    1|          2|
    |out_V_last_V_1_state         |  15|          3|    2|          6|
    |out_V_user_V_1_data_in       |  15|          3|   16|         48|
    |out_V_user_V_1_data_out      |   9|          2|   16|         32|
    |out_V_user_V_1_state         |  15|          3|    2|          6|
    |out_r_TDATA_blk_n            |   9|          2|    1|          2|
    |t_V_reg_577                  |   9|          2|   16|         32|
    |tmp_V_10_fu_310              |   9|          2|    8|         16|
    |tmp_V_11_fu_314              |   9|          2|    8|         16|
    |tmp_V_12_fu_318              |   9|          2|    8|         16|
    |tmp_V_13_fu_322              |   9|          2|    8|         16|
    |tmp_V_14_fu_326              |   9|          2|    8|         16|
    |tmp_V_15_fu_330              |   9|          2|    8|         16|
    |tmp_V_16_fu_334              |   9|          2|    8|         16|
    |tmp_V_17_fu_338              |   9|          2|    8|         16|
    |tmp_V_18_fu_342              |   9|          2|    8|         16|
    |tmp_V_19_fu_346              |   9|          2|    8|         16|
    |tmp_V_1_fu_274               |   9|          2|    8|         16|
    |tmp_V_20_fu_350              |   9|          2|    8|         16|
    |tmp_V_21_fu_354              |   9|          2|    8|         16|
    |tmp_V_22_fu_358              |   9|          2|    8|         16|
    |tmp_V_23_fu_362              |   9|          2|    8|         16|
    |tmp_V_24_fu_366              |   9|          2|    8|         16|
    |tmp_V_25_fu_370              |   9|          2|    8|         16|
    |tmp_V_26_fu_374              |   9|          2|    8|         16|
    |tmp_V_27_fu_378              |   9|          2|    8|         16|
    |tmp_V_28_fu_382              |   9|          2|    8|         16|
    |tmp_V_29_fu_386              |   9|          2|    8|         16|
    |tmp_V_2_fu_278               |   9|          2|    8|         16|
    |tmp_V_30_fu_390              |   9|          2|    8|         16|
    |tmp_V_31_fu_394              |   9|          2|    8|         16|
    |tmp_V_32_fu_398              |   9|          2|    8|         16|
    |tmp_V_33_fu_402              |   9|          2|    8|         16|
    |tmp_V_34_fu_406              |   9|          2|    8|         16|
    |tmp_V_35_fu_410              |   9|          2|    8|         16|
    |tmp_V_36_fu_414              |   9|          2|    8|         16|
    |tmp_V_37_fu_418              |   9|          2|    8|         16|
    |tmp_V_38_fu_422              |   9|          2|    8|         16|
    |tmp_V_39_fu_426              |   9|          2|    8|         16|
    |tmp_V_3_fu_282               |   9|          2|    8|         16|
    |tmp_V_40_fu_430              |   9|          2|    8|         16|
    |tmp_V_41_fu_434              |   9|          2|    8|         16|
    |tmp_V_42_fu_438              |   9|          2|    8|         16|
    |tmp_V_43_fu_442              |   9|          2|    8|         16|
    |tmp_V_44_fu_446              |   9|          2|    8|         16|
    |tmp_V_45_fu_450              |   9|          2|    8|         16|
    |tmp_V_46_fu_454              |   9|          2|    8|         16|
    |tmp_V_47_fu_458              |   9|          2|    8|         16|
    |tmp_V_48_fu_462              |   9|          2|    8|         16|
    |tmp_V_49_fu_466              |   9|          2|    8|         16|
    |tmp_V_4_fu_286               |   9|          2|    8|         16|
    |tmp_V_50_fu_470              |   9|          2|    8|         16|
    |tmp_V_51_fu_474              |   9|          2|    8|         16|
    |tmp_V_52_fu_478              |   9|          2|    8|         16|
    |tmp_V_53_fu_482              |   9|          2|    8|         16|
    |tmp_V_54_fu_486              |   9|          2|    8|         16|
    |tmp_V_55_fu_490              |   9|          2|    8|         16|
    |tmp_V_56_fu_494              |   9|          2|    8|         16|
    |tmp_V_57_fu_498              |   9|          2|    8|         16|
    |tmp_V_58_fu_502              |   9|          2|    8|         16|
    |tmp_V_59_fu_506              |   9|          2|    8|         16|
    |tmp_V_5_fu_290               |   9|          2|    8|         16|
    |tmp_V_60_fu_510              |   9|          2|    8|         16|
    |tmp_V_61_fu_514              |   9|          2|    8|         16|
    |tmp_V_62_fu_518              |   9|          2|    8|         16|
    |tmp_V_63_fu_522              |   9|          2|    8|         16|
    |tmp_V_6_fu_294               |   9|          2|    8|         16|
    |tmp_V_7_fu_298               |   9|          2|    8|         16|
    |tmp_V_8_fu_302               |   9|          2|    8|         16|
    |tmp_V_9_fu_306               |   9|          2|    8|         16|
    |tmp_V_fu_270                 |   9|          2|    8|         16|
    +-----------------------------+----+-----------+-----+-----------+
    |Total                        | 831|        181| 1636|       3814|
    +-----------------------------+----+-----------+-----+-----------+

    * Register: 
    +-----------------------------------+-----+----+-----+-----------+
    |                Name               |  FF | LUT| Bits| Const Bits|
    +-----------------------------------+-----+----+-----+-----------+
    |NN_c_2_reg_2995                    |   32|   0|   32|          0|
    |ap_CS_fsm                          |    4|   0|    4|          0|
    |ap_done_reg                        |    1|   0|    1|          0|
    |ap_enable_reg_pp0_iter0            |    1|   0|    1|          0|
    |ap_enable_reg_pp0_iter1            |    1|   0|    1|          0|
    |ap_enable_reg_pp0_iter2            |    1|   0|    1|          0|
    |ap_enable_reg_pp0_iter3            |    1|   0|    1|          0|
    |bound_reg_3026                     |   32|   0|   32|          0|
    |exitcond_flatten_reg_3031          |    1|   0|    1|          0|
    |indvar_flatten_reg_566             |   32|   0|   32|          0|
    |op2_assign_reg_3021                |   32|   0|   32|          0|
    |or_cond1_i_reg_3062                |    1|   0|    1|          0|
    |or_cond1_i_reg_3062_pp0_iter2_reg  |    1|   0|    1|          0|
    |out_V_data_V_1_payload_A           |  512|   0|  512|          0|
    |out_V_data_V_1_payload_B           |  512|   0|  512|          0|
    |out_V_data_V_1_sel_rd              |    1|   0|    1|          0|
    |out_V_data_V_1_sel_wr              |    1|   0|    1|          0|
    |out_V_data_V_1_state               |    2|   0|    2|          0|
    |out_V_dest_V_1_sel_rd              |    1|   0|    1|          0|
    |out_V_dest_V_1_state               |    2|   0|    2|          0|
    |out_V_id_V_1_sel_rd                |    1|   0|    1|          0|
    |out_V_id_V_1_state                 |    2|   0|    2|          0|
    |out_V_last_V_1_payload_A           |    1|   0|    1|          0|
    |out_V_last_V_1_payload_B           |    1|   0|    1|          0|
    |out_V_last_V_1_sel_rd              |    1|   0|    1|          0|
    |out_V_last_V_1_sel_wr              |    1|   0|    1|          0|
    |out_V_last_V_1_state               |    2|   0|    2|          0|
    |out_V_user_V_1_payload_A           |   16|   0|   16|          0|
    |out_V_user_V_1_payload_B           |   16|   0|   16|          0|
    |out_V_user_V_1_sel_rd              |    1|   0|    1|          0|
    |out_V_user_V_1_sel_wr              |    1|   0|    1|          0|
    |out_V_user_V_1_state               |    2|   0|    2|          0|
    |out_data_last_V_reg_3057           |    1|   0|    1|          0|
    |out_data_user_V_reg_3005           |   16|   0|   16|          0|
    |ret_V_reg_3046                     |    6|   0|    6|          0|
    |t_V_1_mid2_reg_3040                |   16|   0|   16|          0|
    |t_V_reg_577                        |   16|   0|   16|          0|
    |tmp_3_reg_3016                     |   16|   0|   16|          0|
    |tmp_8_i_reg_3010                   |   16|   0|   16|          0|
    |tmp_V_10_fu_310                    |    8|   0|    8|          0|
    |tmp_V_11_fu_314                    |    8|   0|    8|          0|
    |tmp_V_12_fu_318                    |    8|   0|    8|          0|
    |tmp_V_13_fu_322                    |    8|   0|    8|          0|
    |tmp_V_14_fu_326                    |    8|   0|    8|          0|
    |tmp_V_15_fu_330                    |    8|   0|    8|          0|
    |tmp_V_16_fu_334                    |    8|   0|    8|          0|
    |tmp_V_17_fu_338                    |    8|   0|    8|          0|
    |tmp_V_18_fu_342                    |    8|   0|    8|          0|
    |tmp_V_19_fu_346                    |    8|   0|    8|          0|
    |tmp_V_1_fu_274                     |    8|   0|    8|          0|
    |tmp_V_20_fu_350                    |    8|   0|    8|          0|
    |tmp_V_21_fu_354                    |    8|   0|    8|          0|
    |tmp_V_22_fu_358                    |    8|   0|    8|          0|
    |tmp_V_23_fu_362                    |    8|   0|    8|          0|
    |tmp_V_24_fu_366                    |    8|   0|    8|          0|
    |tmp_V_25_fu_370                    |    8|   0|    8|          0|
    |tmp_V_26_fu_374                    |    8|   0|    8|          0|
    |tmp_V_27_fu_378                    |    8|   0|    8|          0|
    |tmp_V_28_fu_382                    |    8|   0|    8|          0|
    |tmp_V_29_fu_386                    |    8|   0|    8|          0|
    |tmp_V_2_fu_278                     |    8|   0|    8|          0|
    |tmp_V_30_fu_390                    |    8|   0|    8|          0|
    |tmp_V_31_fu_394                    |    8|   0|    8|          0|
    |tmp_V_32_fu_398                    |    8|   0|    8|          0|
    |tmp_V_33_fu_402                    |    8|   0|    8|          0|
    |tmp_V_34_fu_406                    |    8|   0|    8|          0|
    |tmp_V_35_fu_410                    |    8|   0|    8|          0|
    |tmp_V_36_fu_414                    |    8|   0|    8|          0|
    |tmp_V_37_fu_418                    |    8|   0|    8|          0|
    |tmp_V_38_fu_422                    |    8|   0|    8|          0|
    |tmp_V_39_fu_426                    |    8|   0|    8|          0|
    |tmp_V_3_fu_282                     |    8|   0|    8|          0|
    |tmp_V_40_fu_430                    |    8|   0|    8|          0|
    |tmp_V_41_fu_434                    |    8|   0|    8|          0|
    |tmp_V_42_fu_438                    |    8|   0|    8|          0|
    |tmp_V_43_fu_442                    |    8|   0|    8|          0|
    |tmp_V_44_fu_446                    |    8|   0|    8|          0|
    |tmp_V_45_fu_450                    |    8|   0|    8|          0|
    |tmp_V_46_fu_454                    |    8|   0|    8|          0|
    |tmp_V_47_fu_458                    |    8|   0|    8|          0|
    |tmp_V_48_fu_462                    |    8|   0|    8|          0|
    |tmp_V_49_fu_466                    |    8|   0|    8|          0|
    |tmp_V_4_fu_286                     |    8|   0|    8|          0|
    |tmp_V_50_fu_470                    |    8|   0|    8|          0|
    |tmp_V_51_fu_474                    |    8|   0|    8|          0|
    |tmp_V_52_fu_478                    |    8|   0|    8|          0|
    |tmp_V_53_fu_482                    |    8|   0|    8|          0|
    |tmp_V_54_fu_486                    |    8|   0|    8|          0|
    |tmp_V_55_fu_490                    |    8|   0|    8|          0|
    |tmp_V_56_fu_494                    |    8|   0|    8|          0|
    |tmp_V_57_fu_498                    |    8|   0|    8|          0|
    |tmp_V_58_fu_502                    |    8|   0|    8|          0|
    |tmp_V_59_fu_506                    |    8|   0|    8|          0|
    |tmp_V_5_fu_290                     |    8|   0|    8|          0|
    |tmp_V_60_fu_510                    |    8|   0|    8|          0|
    |tmp_V_61_fu_514                    |    8|   0|    8|          0|
    |tmp_V_62_fu_518                    |    8|   0|    8|          0|
    |tmp_V_63_fu_522                    |    8|   0|    8|          0|
    |tmp_V_6_fu_294                     |    8|   0|    8|          0|
    |tmp_V_7_fu_298                     |    8|   0|    8|          0|
    |tmp_V_8_fu_302                     |    8|   0|    8|          0|
    |tmp_V_9_fu_306                     |    8|   0|    8|          0|
    |tmp_V_fu_270                       |    8|   0|    8|          0|
    +-----------------------------------+-----+----+-----+-----------+
    |Total                              | 1815|   0| 1815|          0|
    +-----------------------------------+-----+----+-----+-----------+



================================================================
== Interface
================================================================
* Summary: 
+-------------------------------+-----+-----+------------+-----------------------+--------------+
|           RTL Ports           | Dir | Bits|  Protocol  |     Source Object     |    C Type    |
+-------------------------------+-----+-----+------------+-----------------------+--------------+
|ap_clk                         |  in |    1| ap_ctrl_hs |   softmax_write_out   | return value |
|ap_rst                         |  in |    1| ap_ctrl_hs |   softmax_write_out   | return value |
|ap_start                       |  in |    1| ap_ctrl_hs |   softmax_write_out   | return value |
|ap_done                        | out |    1| ap_ctrl_hs |   softmax_write_out   | return value |
|ap_continue                    |  in |    1| ap_ctrl_hs |   softmax_write_out   | return value |
|ap_idle                        | out |    1| ap_ctrl_hs |   softmax_write_out   | return value |
|ap_ready                       | out |    1| ap_ctrl_hs |   softmax_write_out   | return value |
|out_r_TDATA                    | out |  512|    axis    |      out_V_data_V     |    pointer   |
|out_r_TREADY                   |  in |    1|    axis    |      out_V_data_V     |    pointer   |
|out_r_TVALID                   | out |    1|    axis    |      out_V_last_V     |    pointer   |
|out_r_TLAST                    | out |    1|    axis    |      out_V_last_V     |    pointer   |
|out_r_TID                      | out |    8|    axis    |       out_V_id_V      |    pointer   |
|out_r_TDEST                    | out |    8|    axis    |      out_V_dest_V     |    pointer   |
|out_r_TUSER                    | out |   16|    axis    |      out_V_user_V     |    pointer   |
|in_write_n_V_V_dout            |  in |   96|   ap_fifo  |     in_write_n_V_V    |    pointer   |
|in_write_n_V_V_empty_n         |  in |    1|   ap_fifo  |     in_write_n_V_V    |    pointer   |
|in_write_n_V_V_read            | out |    1|   ap_fifo  |     in_write_n_V_V    |    pointer   |
|in_write_2_iter_c_V_s_dout     |  in |   32|   ap_fifo  | in_write_2_iter_c_V_s |    pointer   |
|in_write_2_iter_c_V_s_empty_n  |  in |    1|   ap_fifo  | in_write_2_iter_c_V_s |    pointer   |
|in_write_2_iter_c_V_s_read     | out |    1|   ap_fifo  | in_write_2_iter_c_V_s |    pointer   |
|in_write_V_V_dout              |  in |    8|   ap_fifo  |      in_write_V_V     |    pointer   |
|in_write_V_V_empty_n           |  in |    1|   ap_fifo  |      in_write_V_V     |    pointer   |
|in_write_V_V_read              | out |    1|   ap_fifo  |      in_write_V_V     |    pointer   |
+-------------------------------+-----+-----+------------+-----------------------+--------------+

