

================================================================
== Vivado HLS Report for 'softmax_divide_preci'
================================================================
* Date:           Tue Feb  7 00:09:37 2023

* Version:        2018.3 (Build 2405991 on Thu Dec 06 23:56:15 MST 2018)
* Project:        kern_4
* Solution:       solution1
* Product family: zynquplus
* Target device:  xczu19eg-ffvc1760-2-i


================================================================
== Performance Estimates
================================================================
+ Timing (ns): 
    * Summary: 
    +--------+-------+----------+------------+
    |  Clock | Target| Estimated| Uncertainty|
    +--------+-------+----------+------------+
    |ap_clk  |   5.00|     3.676|        0.62|
    +--------+-------+----------+------------+

+ Latency (clock cycles): 
    * Summary: 
    +-----+-----+-----+-----+---------+
    |  Latency  |  Interval | Pipeline|
    | min | max | min | max |   Type  |
    +-----+-----+-----+-----+---------+
    |    ?|    ?|    ?|    ?|   none  |
    +-----+-----+-----+-----+---------+

    + Detail: 
        * Instance: 
        N/A

        * Loop: 
        +----------+-----+-----+----------+-----------+-----------+------+----------+
        |          |  Latency  | Iteration|  Initiation Interval  | Trip |          |
        | Loop Name| min | max |  Latency |  achieved |   target  | Count| Pipelined|
        +----------+-----+-----+----------+-----------+-----------+------+----------+
        |- Loop 1  |    ?|    ?|        33|          1|          1|     ?|    yes   |
        +----------+-----+-----+----------+-----------+-----------+------+----------+

============================================================
+ Verbose Summary: Synthesis Manager
============================================================
InlineROM: 1
ExposeGlobal: 0
============================================================
+ Verbose Summary: CDFG Model
============================================================
IsTopModel: 0
ResetActiveHigh: 1
IsCombinational: 2
IsDatapathOnly: 0
HasWiredReturn: 1
HasMFsm: 0
HasVarLatency: 1
IsPipeline: 0
IsRtlPipelined: 0
IsInstanceOverlapped: 0
IsDontTouch: 0
HasImplIP: 0
IsGatedGlobalClock: 0

+ Individual pipeline summary: 
  * Pipeline-0: initiation interval (II) = 1, depth = 33


============================================================
+ Verbose Summary: Schedule
============================================================
* Number of FSM states : 36
* Pipeline : 1
  Pipeline-0 : II = 1, D = 33, States = { 3 4 5 6 7 8 9 10 11 12 13 14 15 16 17 18 19 20 21 22 23 24 25 26 27 28 29 30 31 32 33 34 35 }
* Dataflow Pipeline: 0

* FSM state transitions: 
1 --> 
	2  / true
2 --> 
	3  / true
3 --> 
	36  / (exitcond_flatten)
	4  / (!exitcond_flatten)
4 --> 
	5  / true
5 --> 
	6  / true
6 --> 
	7  / true
7 --> 
	8  / true
8 --> 
	9  / true
9 --> 
	10  / true
10 --> 
	11  / true
11 --> 
	12  / true
12 --> 
	13  / true
13 --> 
	14  / true
14 --> 
	15  / true
15 --> 
	16  / true
16 --> 
	17  / true
17 --> 
	18  / true
18 --> 
	19  / true
19 --> 
	20  / true
20 --> 
	21  / true
21 --> 
	22  / true
22 --> 
	23  / true
23 --> 
	24  / true
24 --> 
	25  / true
25 --> 
	26  / true
26 --> 
	27  / true
27 --> 
	28  / true
28 --> 
	29  / true
29 --> 
	30  / true
30 --> 
	31  / true
31 --> 
	32  / true
32 --> 
	33  / true
33 --> 
	34  / true
34 --> 
	35  / true
35 --> 
	3  / true
36 --> 

* FSM state operations: 

State 1 <SV = 0> <Delay = 3.67>
ST_1 : Operation 37 [1/1] (0.00ns)   --->   "%tmp_V = alloca i32"   --->   Operation 37 'alloca' 'tmp_V' <Predicate = true> <Delay = 0.00>
ST_1 : Operation 38 [1/1] (1.83ns)   --->   "%tmp_V_101 = call i32 @_ssdm_op_Read.ap_fifo.volatile.i32P(i32* @in_proc_2_iter_c_V_V) nounwind" [src/modules.hpp:2013]   --->   Operation 38 'read' 'tmp_V_101' <Predicate = true> <Delay = 1.83> <Core = "FIFO">   --->   Core 32 'FIFO' <Latency = 0> <II = 1> <Delay = 1.83> <Storage> <Opcode : 'read' 'write' 'nbread' 'nbwrite'> <Ports = 0> <Width = 32> <Depth = 2> <FIFO>
ST_1 : Operation 39 [1/1] (1.83ns)   --->   "%tmp_V_105 = call i32 @_ssdm_op_Read.ap_fifo.volatile.i32P(i32* @in_proc_2_iter_r_V_V) nounwind" [src/modules.hpp:2014]   --->   Operation 39 'read' 'tmp_V_105' <Predicate = true> <Delay = 1.83> <Core = "FIFO">   --->   Core 32 'FIFO' <Latency = 0> <II = 1> <Delay = 1.83> <Storage> <Opcode : 'read' 'write' 'nbread' 'nbwrite'> <Ports = 0> <Width = 32> <Depth = 2> <FIFO>
ST_1 : Operation 40 [1/1] (1.83ns)   --->   "call void @_ssdm_op_Write.ap_fifo.volatile.i32P(i32* @in_write_2_iter_c_V_s, i32 %tmp_V_101) nounwind" [src/modules.hpp:2015]   --->   Operation 40 'write' <Predicate = true> <Delay = 1.83> <Core = "FIFO">   --->   Core 32 'FIFO' <Latency = 0> <II = 1> <Delay = 1.83> <Storage> <Opcode : 'read' 'write' 'nbread' 'nbwrite'> <Ports = 0> <Width = 32> <Depth = 2> <FIFO>

State 2 <SV = 1> <Delay = 3.42>
ST_2 : Operation 41 [1/1] (0.00ns)   --->   "call void (...)* @_ssdm_op_SpecInterface(i16* @in_proc_2_V_V, [8 x i8]* @ap_fifo_str, i32 0, i32 0, [1 x i8]* @p_str5989, i32 0, i32 0, [1 x i8]* @p_str5990, [1 x i8]* @p_str5991, [1 x i8]* @p_str5992, i32 2, i32 2, i32 16, i32 16, [1 x i8]* @p_str5993, [1 x i8]* @p_str5994)"   --->   Operation 41 'specinterface' <Predicate = true> <Delay = 0.00>
ST_2 : Operation 42 [1/1] (0.00ns)   --->   "call void (...)* @_ssdm_op_SpecInterface(i32* @in_proc_2_iter_c_V_V, [8 x i8]* @ap_fifo_str, i32 0, i32 0, [1 x i8]* @p_str5982, i32 0, i32 0, [1 x i8]* @p_str5983, [1 x i8]* @p_str5984, [1 x i8]* @p_str5985, i32 2, i32 2, i32 16, i32 16, [1 x i8]* @p_str5986, [1 x i8]* @p_str5987)"   --->   Operation 42 'specinterface' <Predicate = true> <Delay = 0.00>
ST_2 : Operation 43 [1/1] (0.00ns)   --->   "call void (...)* @_ssdm_op_SpecInterface(i32* @in_proc_2_iter_r_V_V, [8 x i8]* @ap_fifo_str, i32 0, i32 0, [1 x i8]* @p_str5975, i32 0, i32 0, [1 x i8]* @p_str5976, [1 x i8]* @p_str5977, [1 x i8]* @p_str5978, i32 2, i32 2, i32 16, i32 16, [1 x i8]* @p_str5979, [1 x i8]* @p_str5980)"   --->   Operation 43 'specinterface' <Predicate = true> <Delay = 0.00>
ST_2 : Operation 44 [1/1] (0.00ns)   --->   "call void (...)* @_ssdm_op_SpecInterface(i8* @in_write_V_V, [8 x i8]* @ap_fifo_str, i32 0, i32 0, [1 x i8]* @p_str5926, i32 0, i32 0, [1 x i8]* @p_str5927, [1 x i8]* @p_str5928, [1 x i8]* @p_str5929, i32 2, i32 2, i32 16, i32 16, [1 x i8]* @p_str5930, [1 x i8]* @p_str5931)"   --->   Operation 44 'specinterface' <Predicate = true> <Delay = 0.00>
ST_2 : Operation 45 [1/1] (0.00ns)   --->   "call void (...)* @_ssdm_op_SpecInterface(i32* @in_write_2_iter_c_V_s, [8 x i8]* @ap_fifo_str, i32 0, i32 0, [1 x i8]* @p_str5919, i32 0, i32 0, [1 x i8]* @p_str5920, [1 x i8]* @p_str5921, [1 x i8]* @p_str5922, i32 2, i32 2, i32 16, i32 16, [1 x i8]* @p_str5923, [1 x i8]* @p_str5924)"   --->   Operation 45 'specinterface' <Predicate = true> <Delay = 0.00>
ST_2 : Operation 46 [1/1] (0.00ns)   --->   "call void (...)* @_ssdm_op_SpecInterface(i32* @sum_V_V, [8 x i8]* @ap_fifo_str, i32 0, i32 0, [1 x i8]* @p_str5898, i32 0, i32 0, [1 x i8]* @p_str5899, [1 x i8]* @p_str5900, [1 x i8]* @p_str5901, i32 2, i32 2, i32 16, i32 16, [1 x i8]* @p_str5902, [1 x i8]* @p_str5903)"   --->   Operation 46 'specinterface' <Predicate = true> <Delay = 0.00>
ST_2 : Operation 47 [1/1] (0.00ns)   --->   "%cast = zext i32 %tmp_V_105 to i64" [src/modules.hpp:2014]   --->   Operation 47 'zext' 'cast' <Predicate = true> <Delay = 0.00>
ST_2 : Operation 48 [1/1] (0.00ns)   --->   "%cast1 = zext i32 %tmp_V_101 to i64" [src/modules.hpp:2013]   --->   Operation 48 'zext' 'cast1' <Predicate = true> <Delay = 0.00>
ST_2 : Operation 49 [1/1] (3.42ns)   --->   "%bound = mul i64 %cast1, %cast" [src/modules.hpp:2013]   --->   Operation 49 'mul' 'bound' <Predicate = true> <Delay = 3.42> <Core = "Mul">   --->   Core 16 'Mul' <Latency = 0> <II = 1> <Delay = 3.42> <FuncUnit> <Opcode : 'mul'> <InPorts = 2> <OutPorts = 1>
ST_2 : Operation 50 [1/1] (0.65ns)   --->   "br label %0" [src/modules.hpp:2018]   --->   Operation 50 'br' <Predicate = true> <Delay = 0.65>

State 3 <SV = 2> <Delay = 2.45>
ST_3 : Operation 51 [1/1] (0.00ns)   --->   "%indvar_flatten = phi i64 [ 0, %entry ], [ %indvar_flatten_next, %._crit_edge.i ]"   --->   Operation 51 'phi' 'indvar_flatten' <Predicate = true> <Delay = 0.00>
ST_3 : Operation 52 [1/1] (0.00ns)   --->   "%iter_i = phi i32 [ 0, %entry ], [ %iter, %._crit_edge.i ]"   --->   Operation 52 'phi' 'iter_i' <Predicate = true> <Delay = 0.00>
ST_3 : Operation 53 [1/1] (1.13ns)   --->   "%exitcond_flatten = icmp eq i64 %indvar_flatten, %bound" [src/modules.hpp:2013]   --->   Operation 53 'icmp' 'exitcond_flatten' <Predicate = true> <Delay = 1.13> <Core = "Cmp">   --->   Core 25 'Cmp' <Latency = 0> <II = 1> <Delay = 1.04> <FuncUnit> <Opcode : 'icmp'> <InPorts = 2> <OutPorts = 1>
ST_3 : Operation 54 [1/1] (1.08ns)   --->   "%indvar_flatten_next = add i64 %indvar_flatten, 1"   --->   Operation 54 'add' 'indvar_flatten_next' <Predicate = true> <Delay = 1.08> <Core = "AddSub">   --->   Core 14 'AddSub' <Latency = 0> <II = 1> <Delay = 1.01> <FuncUnit> <Opcode : 'add' 'sub'> <InPorts = 2> <OutPorts = 1>
ST_3 : Operation 55 [1/1] (0.00ns)   --->   "br i1 %exitcond_flatten, label %"softmax_divide_precise<config_t_softmax_4>.exit", label %.reset" [src/modules.hpp:2013]   --->   Operation 55 'br' <Predicate = true> <Delay = 0.00>
ST_3 : Operation 56 [1/1] (0.99ns)   --->   "%exitcond_i2 = icmp eq i32 %iter_i, %tmp_V_101" [src/modules.hpp:2021]   --->   Operation 56 'icmp' 'exitcond_i2' <Predicate = (!exitcond_flatten)> <Delay = 0.99> <Core = "Cmp">   --->   Core 25 'Cmp' <Latency = 0> <II = 1> <Delay = 1.04> <FuncUnit> <Opcode : 'icmp'> <InPorts = 2> <OutPorts = 1>
ST_3 : Operation 57 [1/1] (0.44ns)   --->   "%iter_i_mid2 = select i1 %exitcond_i2, i32 0, i32 %iter_i" [src/modules.hpp:2021]   --->   Operation 57 'select' 'iter_i_mid2' <Predicate = (!exitcond_flatten)> <Delay = 0.44> <Core = "Sel">   --->   Core 26 'Sel' <Latency = 0> <II = 1> <Delay = 0.39> <FuncUnit> <Opcode : 'select'> <InPorts = 3> <OutPorts = 1>
ST_3 : Operation 58 [1/1] (0.99ns)   --->   "%tmp_i = icmp eq i32 %iter_i_mid2, 0" [src/modules.hpp:2024]   --->   Operation 58 'icmp' 'tmp_i' <Predicate = (!exitcond_flatten)> <Delay = 0.99> <Core = "Cmp">   --->   Core 25 'Cmp' <Latency = 0> <II = 1> <Delay = 1.04> <FuncUnit> <Opcode : 'icmp'> <InPorts = 2> <OutPorts = 1>
ST_3 : Operation 59 [1/1] (0.00ns)   --->   "br i1 %tmp_i, label %1, label %._crit_edge.i" [src/modules.hpp:2024]   --->   Operation 59 'br' <Predicate = (!exitcond_flatten)> <Delay = 0.00>
ST_3 : Operation 60 [1/1] (1.01ns)   --->   "%iter = add nsw i32 1, %iter_i_mid2" [src/modules.hpp:2021]   --->   Operation 60 'add' 'iter' <Predicate = (!exitcond_flatten)> <Delay = 1.01> <Core = "AddSub">   --->   Core 14 'AddSub' <Latency = 0> <II = 1> <Delay = 1.01> <FuncUnit> <Opcode : 'add' 'sub'> <InPorts = 2> <OutPorts = 1>

State 4 <SV = 3> <Delay = 1.83>
ST_4 : Operation 61 [1/1] (1.83ns)   --->   "%tmp_V_106 = call i32 @_ssdm_op_Read.ap_fifo.volatile.i32P(i32* @sum_V_V) nounwind" [src/modules.hpp:2025]   --->   Operation 61 'read' 'tmp_V_106' <Predicate = (tmp_i)> <Delay = 1.83> <Core = "FIFO">   --->   Core 32 'FIFO' <Latency = 0> <II = 1> <Delay = 1.83> <Storage> <Opcode : 'read' 'write' 'nbread' 'nbwrite'> <Ports = 0> <Width = 32> <Depth = 2> <FIFO>
ST_4 : Operation 62 [1/1] (0.00ns)   --->   "store i32 %tmp_V_106, i32* %tmp_V" [src/modules.hpp:2025]   --->   Operation 62 'store' <Predicate = (tmp_i)> <Delay = 0.00>

State 5 <SV = 4> <Delay = 3.29>
ST_5 : Operation 63 [1/1] (0.00ns)   --->   "%tmp_V_load = load i32* %tmp_V" [src/modules.hpp:2035]   --->   Operation 63 'load' 'tmp_V_load' <Predicate = (!exitcond_flatten)> <Delay = 0.00>
ST_5 : Operation 64 [1/1] (1.83ns)   --->   "%tmp_V_103 = call i16 @_ssdm_op_Read.ap_fifo.volatile.i16P(i16* @in_proc_2_V_V) nounwind" [src/modules.hpp:2029]   --->   Operation 64 'read' 'tmp_V_103' <Predicate = (!exitcond_flatten)> <Delay = 1.83> <Core = "FIFO">   --->   Core 32 'FIFO' <Latency = 0> <II = 1> <Delay = 1.83> <Storage> <Opcode : 'read' 'write' 'nbread' 'nbwrite'> <Ports = 0> <Width = 32> <Depth = 2> <FIFO>
ST_5 : Operation 65 [1/1] (0.00ns)   --->   "%p_2_i = call i24 @_ssdm_op_BitConcatenate.i24.i16.i8(i16 %tmp_V_103, i8 0)" [src/modules.hpp:2034]   --->   Operation 65 'bitconcatenate' 'p_2_i' <Predicate = (!exitcond_flatten)> <Delay = 0.00>
ST_5 : Operation 66 [1/1] (0.00ns)   --->   "%p_2_cast_i = zext i24 %p_2_i to i32" [src/modules.hpp:2034]   --->   Operation 66 'zext' 'p_2_cast_i' <Predicate = (!exitcond_flatten)> <Delay = 0.00>
ST_5 : Operation 67 [30/30] (1.45ns)   --->   "%tmp_40_i = sdiv i32 %p_2_cast_i, %tmp_V_load" [src/modules.hpp:2035]   --->   Operation 67 'sdiv' 'tmp_40_i' <Predicate = (!exitcond_flatten)> <Delay = 1.45> <Core = "DivnS">   --->   Core 23 'DivnS' <Latency = 29> <II = 1> <Delay = 1.45> <FuncUnit> <Opcode : 'sdiv' 'srem' 'udiv' 'urem'> <InPorts = 2> <OutPorts = 1>

State 6 <SV = 5> <Delay = 1.45>
ST_6 : Operation 68 [29/30] (1.45ns)   --->   "%tmp_40_i = sdiv i32 %p_2_cast_i, %tmp_V_load" [src/modules.hpp:2035]   --->   Operation 68 'sdiv' 'tmp_40_i' <Predicate = (!exitcond_flatten)> <Delay = 1.45> <Core = "DivnS">   --->   Core 23 'DivnS' <Latency = 29> <II = 1> <Delay = 1.45> <FuncUnit> <Opcode : 'sdiv' 'srem' 'udiv' 'urem'> <InPorts = 2> <OutPorts = 1>

State 7 <SV = 6> <Delay = 1.45>
ST_7 : Operation 69 [28/30] (1.45ns)   --->   "%tmp_40_i = sdiv i32 %p_2_cast_i, %tmp_V_load" [src/modules.hpp:2035]   --->   Operation 69 'sdiv' 'tmp_40_i' <Predicate = (!exitcond_flatten)> <Delay = 1.45> <Core = "DivnS">   --->   Core 23 'DivnS' <Latency = 29> <II = 1> <Delay = 1.45> <FuncUnit> <Opcode : 'sdiv' 'srem' 'udiv' 'urem'> <InPorts = 2> <OutPorts = 1>

State 8 <SV = 7> <Delay = 1.45>
ST_8 : Operation 70 [27/30] (1.45ns)   --->   "%tmp_40_i = sdiv i32 %p_2_cast_i, %tmp_V_load" [src/modules.hpp:2035]   --->   Operation 70 'sdiv' 'tmp_40_i' <Predicate = (!exitcond_flatten)> <Delay = 1.45> <Core = "DivnS">   --->   Core 23 'DivnS' <Latency = 29> <II = 1> <Delay = 1.45> <FuncUnit> <Opcode : 'sdiv' 'srem' 'udiv' 'urem'> <InPorts = 2> <OutPorts = 1>

State 9 <SV = 8> <Delay = 1.45>
ST_9 : Operation 71 [26/30] (1.45ns)   --->   "%tmp_40_i = sdiv i32 %p_2_cast_i, %tmp_V_load" [src/modules.hpp:2035]   --->   Operation 71 'sdiv' 'tmp_40_i' <Predicate = (!exitcond_flatten)> <Delay = 1.45> <Core = "DivnS">   --->   Core 23 'DivnS' <Latency = 29> <II = 1> <Delay = 1.45> <FuncUnit> <Opcode : 'sdiv' 'srem' 'udiv' 'urem'> <InPorts = 2> <OutPorts = 1>

State 10 <SV = 9> <Delay = 1.45>
ST_10 : Operation 72 [25/30] (1.45ns)   --->   "%tmp_40_i = sdiv i32 %p_2_cast_i, %tmp_V_load" [src/modules.hpp:2035]   --->   Operation 72 'sdiv' 'tmp_40_i' <Predicate = (!exitcond_flatten)> <Delay = 1.45> <Core = "DivnS">   --->   Core 23 'DivnS' <Latency = 29> <II = 1> <Delay = 1.45> <FuncUnit> <Opcode : 'sdiv' 'srem' 'udiv' 'urem'> <InPorts = 2> <OutPorts = 1>

State 11 <SV = 10> <Delay = 1.45>
ST_11 : Operation 73 [24/30] (1.45ns)   --->   "%tmp_40_i = sdiv i32 %p_2_cast_i, %tmp_V_load" [src/modules.hpp:2035]   --->   Operation 73 'sdiv' 'tmp_40_i' <Predicate = (!exitcond_flatten)> <Delay = 1.45> <Core = "DivnS">   --->   Core 23 'DivnS' <Latency = 29> <II = 1> <Delay = 1.45> <FuncUnit> <Opcode : 'sdiv' 'srem' 'udiv' 'urem'> <InPorts = 2> <OutPorts = 1>

State 12 <SV = 11> <Delay = 1.45>
ST_12 : Operation 74 [23/30] (1.45ns)   --->   "%tmp_40_i = sdiv i32 %p_2_cast_i, %tmp_V_load" [src/modules.hpp:2035]   --->   Operation 74 'sdiv' 'tmp_40_i' <Predicate = (!exitcond_flatten)> <Delay = 1.45> <Core = "DivnS">   --->   Core 23 'DivnS' <Latency = 29> <II = 1> <Delay = 1.45> <FuncUnit> <Opcode : 'sdiv' 'srem' 'udiv' 'urem'> <InPorts = 2> <OutPorts = 1>

State 13 <SV = 12> <Delay = 1.45>
ST_13 : Operation 75 [22/30] (1.45ns)   --->   "%tmp_40_i = sdiv i32 %p_2_cast_i, %tmp_V_load" [src/modules.hpp:2035]   --->   Operation 75 'sdiv' 'tmp_40_i' <Predicate = (!exitcond_flatten)> <Delay = 1.45> <Core = "DivnS">   --->   Core 23 'DivnS' <Latency = 29> <II = 1> <Delay = 1.45> <FuncUnit> <Opcode : 'sdiv' 'srem' 'udiv' 'urem'> <InPorts = 2> <OutPorts = 1>

State 14 <SV = 13> <Delay = 1.45>
ST_14 : Operation 76 [21/30] (1.45ns)   --->   "%tmp_40_i = sdiv i32 %p_2_cast_i, %tmp_V_load" [src/modules.hpp:2035]   --->   Operation 76 'sdiv' 'tmp_40_i' <Predicate = (!exitcond_flatten)> <Delay = 1.45> <Core = "DivnS">   --->   Core 23 'DivnS' <Latency = 29> <II = 1> <Delay = 1.45> <FuncUnit> <Opcode : 'sdiv' 'srem' 'udiv' 'urem'> <InPorts = 2> <OutPorts = 1>

State 15 <SV = 14> <Delay = 1.45>
ST_15 : Operation 77 [20/30] (1.45ns)   --->   "%tmp_40_i = sdiv i32 %p_2_cast_i, %tmp_V_load" [src/modules.hpp:2035]   --->   Operation 77 'sdiv' 'tmp_40_i' <Predicate = (!exitcond_flatten)> <Delay = 1.45> <Core = "DivnS">   --->   Core 23 'DivnS' <Latency = 29> <II = 1> <Delay = 1.45> <FuncUnit> <Opcode : 'sdiv' 'srem' 'udiv' 'urem'> <InPorts = 2> <OutPorts = 1>

State 16 <SV = 15> <Delay = 1.45>
ST_16 : Operation 78 [19/30] (1.45ns)   --->   "%tmp_40_i = sdiv i32 %p_2_cast_i, %tmp_V_load" [src/modules.hpp:2035]   --->   Operation 78 'sdiv' 'tmp_40_i' <Predicate = (!exitcond_flatten)> <Delay = 1.45> <Core = "DivnS">   --->   Core 23 'DivnS' <Latency = 29> <II = 1> <Delay = 1.45> <FuncUnit> <Opcode : 'sdiv' 'srem' 'udiv' 'urem'> <InPorts = 2> <OutPorts = 1>

State 17 <SV = 16> <Delay = 1.45>
ST_17 : Operation 79 [18/30] (1.45ns)   --->   "%tmp_40_i = sdiv i32 %p_2_cast_i, %tmp_V_load" [src/modules.hpp:2035]   --->   Operation 79 'sdiv' 'tmp_40_i' <Predicate = (!exitcond_flatten)> <Delay = 1.45> <Core = "DivnS">   --->   Core 23 'DivnS' <Latency = 29> <II = 1> <Delay = 1.45> <FuncUnit> <Opcode : 'sdiv' 'srem' 'udiv' 'urem'> <InPorts = 2> <OutPorts = 1>

State 18 <SV = 17> <Delay = 1.45>
ST_18 : Operation 80 [17/30] (1.45ns)   --->   "%tmp_40_i = sdiv i32 %p_2_cast_i, %tmp_V_load" [src/modules.hpp:2035]   --->   Operation 80 'sdiv' 'tmp_40_i' <Predicate = (!exitcond_flatten)> <Delay = 1.45> <Core = "DivnS">   --->   Core 23 'DivnS' <Latency = 29> <II = 1> <Delay = 1.45> <FuncUnit> <Opcode : 'sdiv' 'srem' 'udiv' 'urem'> <InPorts = 2> <OutPorts = 1>

State 19 <SV = 18> <Delay = 1.45>
ST_19 : Operation 81 [16/30] (1.45ns)   --->   "%tmp_40_i = sdiv i32 %p_2_cast_i, %tmp_V_load" [src/modules.hpp:2035]   --->   Operation 81 'sdiv' 'tmp_40_i' <Predicate = (!exitcond_flatten)> <Delay = 1.45> <Core = "DivnS">   --->   Core 23 'DivnS' <Latency = 29> <II = 1> <Delay = 1.45> <FuncUnit> <Opcode : 'sdiv' 'srem' 'udiv' 'urem'> <InPorts = 2> <OutPorts = 1>

State 20 <SV = 19> <Delay = 1.45>
ST_20 : Operation 82 [15/30] (1.45ns)   --->   "%tmp_40_i = sdiv i32 %p_2_cast_i, %tmp_V_load" [src/modules.hpp:2035]   --->   Operation 82 'sdiv' 'tmp_40_i' <Predicate = (!exitcond_flatten)> <Delay = 1.45> <Core = "DivnS">   --->   Core 23 'DivnS' <Latency = 29> <II = 1> <Delay = 1.45> <FuncUnit> <Opcode : 'sdiv' 'srem' 'udiv' 'urem'> <InPorts = 2> <OutPorts = 1>

State 21 <SV = 20> <Delay = 1.45>
ST_21 : Operation 83 [14/30] (1.45ns)   --->   "%tmp_40_i = sdiv i32 %p_2_cast_i, %tmp_V_load" [src/modules.hpp:2035]   --->   Operation 83 'sdiv' 'tmp_40_i' <Predicate = (!exitcond_flatten)> <Delay = 1.45> <Core = "DivnS">   --->   Core 23 'DivnS' <Latency = 29> <II = 1> <Delay = 1.45> <FuncUnit> <Opcode : 'sdiv' 'srem' 'udiv' 'urem'> <InPorts = 2> <OutPorts = 1>

State 22 <SV = 21> <Delay = 1.45>
ST_22 : Operation 84 [13/30] (1.45ns)   --->   "%tmp_40_i = sdiv i32 %p_2_cast_i, %tmp_V_load" [src/modules.hpp:2035]   --->   Operation 84 'sdiv' 'tmp_40_i' <Predicate = (!exitcond_flatten)> <Delay = 1.45> <Core = "DivnS">   --->   Core 23 'DivnS' <Latency = 29> <II = 1> <Delay = 1.45> <FuncUnit> <Opcode : 'sdiv' 'srem' 'udiv' 'urem'> <InPorts = 2> <OutPorts = 1>

State 23 <SV = 22> <Delay = 1.45>
ST_23 : Operation 85 [12/30] (1.45ns)   --->   "%tmp_40_i = sdiv i32 %p_2_cast_i, %tmp_V_load" [src/modules.hpp:2035]   --->   Operation 85 'sdiv' 'tmp_40_i' <Predicate = (!exitcond_flatten)> <Delay = 1.45> <Core = "DivnS">   --->   Core 23 'DivnS' <Latency = 29> <II = 1> <Delay = 1.45> <FuncUnit> <Opcode : 'sdiv' 'srem' 'udiv' 'urem'> <InPorts = 2> <OutPorts = 1>

State 24 <SV = 23> <Delay = 1.45>
ST_24 : Operation 86 [11/30] (1.45ns)   --->   "%tmp_40_i = sdiv i32 %p_2_cast_i, %tmp_V_load" [src/modules.hpp:2035]   --->   Operation 86 'sdiv' 'tmp_40_i' <Predicate = (!exitcond_flatten)> <Delay = 1.45> <Core = "DivnS">   --->   Core 23 'DivnS' <Latency = 29> <II = 1> <Delay = 1.45> <FuncUnit> <Opcode : 'sdiv' 'srem' 'udiv' 'urem'> <InPorts = 2> <OutPorts = 1>

State 25 <SV = 24> <Delay = 1.45>
ST_25 : Operation 87 [10/30] (1.45ns)   --->   "%tmp_40_i = sdiv i32 %p_2_cast_i, %tmp_V_load" [src/modules.hpp:2035]   --->   Operation 87 'sdiv' 'tmp_40_i' <Predicate = (!exitcond_flatten)> <Delay = 1.45> <Core = "DivnS">   --->   Core 23 'DivnS' <Latency = 29> <II = 1> <Delay = 1.45> <FuncUnit> <Opcode : 'sdiv' 'srem' 'udiv' 'urem'> <InPorts = 2> <OutPorts = 1>

State 26 <SV = 25> <Delay = 1.45>
ST_26 : Operation 88 [9/30] (1.45ns)   --->   "%tmp_40_i = sdiv i32 %p_2_cast_i, %tmp_V_load" [src/modules.hpp:2035]   --->   Operation 88 'sdiv' 'tmp_40_i' <Predicate = (!exitcond_flatten)> <Delay = 1.45> <Core = "DivnS">   --->   Core 23 'DivnS' <Latency = 29> <II = 1> <Delay = 1.45> <FuncUnit> <Opcode : 'sdiv' 'srem' 'udiv' 'urem'> <InPorts = 2> <OutPorts = 1>

State 27 <SV = 26> <Delay = 1.45>
ST_27 : Operation 89 [8/30] (1.45ns)   --->   "%tmp_40_i = sdiv i32 %p_2_cast_i, %tmp_V_load" [src/modules.hpp:2035]   --->   Operation 89 'sdiv' 'tmp_40_i' <Predicate = (!exitcond_flatten)> <Delay = 1.45> <Core = "DivnS">   --->   Core 23 'DivnS' <Latency = 29> <II = 1> <Delay = 1.45> <FuncUnit> <Opcode : 'sdiv' 'srem' 'udiv' 'urem'> <InPorts = 2> <OutPorts = 1>

State 28 <SV = 27> <Delay = 1.45>
ST_28 : Operation 90 [7/30] (1.45ns)   --->   "%tmp_40_i = sdiv i32 %p_2_cast_i, %tmp_V_load" [src/modules.hpp:2035]   --->   Operation 90 'sdiv' 'tmp_40_i' <Predicate = (!exitcond_flatten)> <Delay = 1.45> <Core = "DivnS">   --->   Core 23 'DivnS' <Latency = 29> <II = 1> <Delay = 1.45> <FuncUnit> <Opcode : 'sdiv' 'srem' 'udiv' 'urem'> <InPorts = 2> <OutPorts = 1>

State 29 <SV = 28> <Delay = 1.45>
ST_29 : Operation 91 [6/30] (1.45ns)   --->   "%tmp_40_i = sdiv i32 %p_2_cast_i, %tmp_V_load" [src/modules.hpp:2035]   --->   Operation 91 'sdiv' 'tmp_40_i' <Predicate = (!exitcond_flatten)> <Delay = 1.45> <Core = "DivnS">   --->   Core 23 'DivnS' <Latency = 29> <II = 1> <Delay = 1.45> <FuncUnit> <Opcode : 'sdiv' 'srem' 'udiv' 'urem'> <InPorts = 2> <OutPorts = 1>

State 30 <SV = 29> <Delay = 1.45>
ST_30 : Operation 92 [5/30] (1.45ns)   --->   "%tmp_40_i = sdiv i32 %p_2_cast_i, %tmp_V_load" [src/modules.hpp:2035]   --->   Operation 92 'sdiv' 'tmp_40_i' <Predicate = (!exitcond_flatten)> <Delay = 1.45> <Core = "DivnS">   --->   Core 23 'DivnS' <Latency = 29> <II = 1> <Delay = 1.45> <FuncUnit> <Opcode : 'sdiv' 'srem' 'udiv' 'urem'> <InPorts = 2> <OutPorts = 1>

State 31 <SV = 30> <Delay = 1.45>
ST_31 : Operation 93 [4/30] (1.45ns)   --->   "%tmp_40_i = sdiv i32 %p_2_cast_i, %tmp_V_load" [src/modules.hpp:2035]   --->   Operation 93 'sdiv' 'tmp_40_i' <Predicate = (!exitcond_flatten)> <Delay = 1.45> <Core = "DivnS">   --->   Core 23 'DivnS' <Latency = 29> <II = 1> <Delay = 1.45> <FuncUnit> <Opcode : 'sdiv' 'srem' 'udiv' 'urem'> <InPorts = 2> <OutPorts = 1>

State 32 <SV = 31> <Delay = 1.45>
ST_32 : Operation 94 [3/30] (1.45ns)   --->   "%tmp_40_i = sdiv i32 %p_2_cast_i, %tmp_V_load" [src/modules.hpp:2035]   --->   Operation 94 'sdiv' 'tmp_40_i' <Predicate = (!exitcond_flatten)> <Delay = 1.45> <Core = "DivnS">   --->   Core 23 'DivnS' <Latency = 29> <II = 1> <Delay = 1.45> <FuncUnit> <Opcode : 'sdiv' 'srem' 'udiv' 'urem'> <InPorts = 2> <OutPorts = 1>

State 33 <SV = 32> <Delay = 1.45>
ST_33 : Operation 95 [2/30] (1.45ns)   --->   "%tmp_40_i = sdiv i32 %p_2_cast_i, %tmp_V_load" [src/modules.hpp:2035]   --->   Operation 95 'sdiv' 'tmp_40_i' <Predicate = (!exitcond_flatten)> <Delay = 1.45> <Core = "DivnS">   --->   Core 23 'DivnS' <Latency = 29> <II = 1> <Delay = 1.45> <FuncUnit> <Opcode : 'sdiv' 'srem' 'udiv' 'urem'> <InPorts = 2> <OutPorts = 1>

State 34 <SV = 33> <Delay = 2.89>
ST_34 : Operation 96 [1/30] (1.45ns)   --->   "%tmp_40_i = sdiv i32 %p_2_cast_i, %tmp_V_load" [src/modules.hpp:2035]   --->   Operation 96 'sdiv' 'tmp_40_i' <Predicate = (!exitcond_flatten)> <Delay = 1.45> <Core = "DivnS">   --->   Core 23 'DivnS' <Latency = 29> <II = 1> <Delay = 1.45> <FuncUnit> <Opcode : 'sdiv' 'srem' 'udiv' 'urem'> <InPorts = 2> <OutPorts = 1>
ST_34 : Operation 97 [1/1] (0.00ns)   --->   "%p_3_i = call i24 @_ssdm_op_PartSelect.i24.i32.i32.i32(i32 %tmp_40_i, i32 8, i32 31) nounwind" [src/modules.hpp:2036]   --->   Operation 97 'partselect' 'p_3_i' <Predicate = (!exitcond_flatten)> <Delay = 0.00>
ST_34 : Operation 98 [1/1] (1.04ns)   --->   "%tmp_41_i = icmp eq i24 %p_3_i, 0" [src/modules.hpp:2036]   --->   Operation 98 'icmp' 'tmp_41_i' <Predicate = (!exitcond_flatten)> <Delay = 1.04> <Core = "Cmp">   --->   Core 25 'Cmp' <Latency = 0> <II = 1> <Delay = 1.04> <FuncUnit> <Opcode : 'icmp'> <InPorts = 2> <OutPorts = 1>
ST_34 : Operation 99 [1/1] (0.00ns)   --->   "%tmp = trunc i32 %tmp_40_i to i8" [src/modules.hpp:2040]   --->   Operation 99 'trunc' 'tmp' <Predicate = (!exitcond_flatten)> <Delay = 0.00>
ST_34 : Operation 100 [1/1] (0.39ns)   --->   "%tmp_V_104 = select i1 %tmp_41_i, i8 %tmp, i8 -1" [src/modules.hpp:2040]   --->   Operation 100 'select' 'tmp_V_104' <Predicate = (!exitcond_flatten)> <Delay = 0.39> <Core = "Sel">   --->   Core 26 'Sel' <Latency = 0> <II = 1> <Delay = 0.39> <FuncUnit> <Opcode : 'select'> <InPorts = 3> <OutPorts = 1>

State 35 <SV = 34> <Delay = 1.83>
ST_35 : Operation 101 [1/1] (0.00ns)   --->   "%tmp_11_i = call i32 (...)* @_ssdm_op_SpecRegionBegin([13 x i8]* @p_str10) nounwind" [src/modules.hpp:2021]   --->   Operation 101 'specregionbegin' 'tmp_11_i' <Predicate = (!exitcond_flatten)> <Delay = 0.00>
ST_35 : Operation 102 [1/1] (0.00ns)   --->   "call void (...)* @_ssdm_op_SpecPipeline(i32 1, i32 1, i32 1, i32 0, [1 x i8]* @p_str1) nounwind" [src/modules.hpp:2022]   --->   Operation 102 'specpipeline' <Predicate = (!exitcond_flatten)> <Delay = 0.00>
ST_35 : Operation 103 [1/1] (0.00ns)   --->   "br label %._crit_edge.i" [src/modules.hpp:2026]   --->   Operation 103 'br' <Predicate = (tmp_i)> <Delay = 0.00>
ST_35 : Operation 104 [1/1] (1.83ns)   --->   "call void @_ssdm_op_Write.ap_fifo.volatile.i8P(i8* @in_write_V_V, i8 %tmp_V_104) nounwind" [src/modules.hpp:2043]   --->   Operation 104 'write' <Predicate = (!exitcond_flatten)> <Delay = 1.83> <Core = "FIFO">   --->   Core 32 'FIFO' <Latency = 0> <II = 1> <Delay = 1.83> <Storage> <Opcode : 'read' 'write' 'nbread' 'nbwrite'> <Ports = 0> <Width = 32> <Depth = 2> <FIFO>
ST_35 : Operation 105 [1/1] (0.00ns)   --->   "%empty = call i32 (...)* @_ssdm_op_SpecRegionEnd([13 x i8]* @p_str10, i32 %tmp_11_i) nounwind" [src/modules.hpp:2044]   --->   Operation 105 'specregionend' 'empty' <Predicate = (!exitcond_flatten)> <Delay = 0.00>
ST_35 : Operation 106 [1/1] (0.00ns)   --->   "br label %0" [src/modules.hpp:2021]   --->   Operation 106 'br' <Predicate = (!exitcond_flatten)> <Delay = 0.00>

State 36 <SV = 3> <Delay = 0.00>
ST_36 : Operation 107 [1/1] (0.00ns)   --->   "ret void"   --->   Operation 107 'ret' <Predicate = true> <Delay = 0.00>


============================================================
+ Verbose Summary: Binding
============================================================
STG Binding: 
---------------- STG Properties BEGIN ----------------
- Is combinational: 0
- Is one-state seq: 0
- Is datapath-only: 0
- Is pipelined: 0
- Is top level: 0
Port [ Return ] is wired: 1; IO mode=ap_ctrl_hs:ce=0
Port [ in_proc_2_iter_c_V_V]:  wired=1; compound=1; hidden=0; nouse=0; global=1; static=1; extern=0; dir=0; type=3; pingpong=0; private_global=0; linkage=7; visibility=0; IO mode=ap_fifo:ce=0
Port [ in_proc_2_iter_r_V_V]:  wired=1; compound=1; hidden=0; nouse=0; global=1; static=1; extern=0; dir=0; type=3; pingpong=0; private_global=0; linkage=7; visibility=0; IO mode=ap_fifo:ce=0
Port [ in_write_2_iter_c_V_s]:  wired=1; compound=1; hidden=0; nouse=0; global=1; static=1; extern=0; dir=1; type=3; pingpong=0; private_global=0; linkage=7; visibility=0; IO mode=ap_fifo:ce=0
Port [ sum_V_V]:  wired=1; compound=1; hidden=0; nouse=0; global=1; static=1; extern=0; dir=0; type=3; pingpong=0; private_global=0; linkage=7; visibility=0; IO mode=ap_fifo:ce=0
Port [ in_proc_2_V_V]:  wired=1; compound=1; hidden=0; nouse=0; global=1; static=1; extern=0; dir=0; type=3; pingpong=0; private_global=0; linkage=7; visibility=0; IO mode=ap_fifo:ce=0
Port [ in_write_V_V]:  wired=1; compound=1; hidden=0; nouse=0; global=1; static=1; extern=0; dir=1; type=3; pingpong=0; private_global=0; linkage=7; visibility=0; IO mode=ap_fifo:ce=0
---------------- STG Properties END ------------------

---------------- Datapath Model BEGIN ----------------

<LifeTime>
<method=bitvector/>
tmp_V               (alloca         ) [ 0011111111111111111111111111111111110]
tmp_V_101           (read           ) [ 0011111111111111111111111111111111110]
tmp_V_105           (read           ) [ 0010000000000000000000000000000000000]
StgValue_40         (write          ) [ 0000000000000000000000000000000000000]
StgValue_41         (specinterface  ) [ 0000000000000000000000000000000000000]
StgValue_42         (specinterface  ) [ 0000000000000000000000000000000000000]
StgValue_43         (specinterface  ) [ 0000000000000000000000000000000000000]
StgValue_44         (specinterface  ) [ 0000000000000000000000000000000000000]
StgValue_45         (specinterface  ) [ 0000000000000000000000000000000000000]
StgValue_46         (specinterface  ) [ 0000000000000000000000000000000000000]
cast                (zext           ) [ 0000000000000000000000000000000000000]
cast1               (zext           ) [ 0000000000000000000000000000000000000]
bound               (mul            ) [ 0001111111111111111111111111111111110]
StgValue_50         (br             ) [ 0011111111111111111111111111111111110]
indvar_flatten      (phi            ) [ 0001000000000000000000000000000000000]
iter_i              (phi            ) [ 0001000000000000000000000000000000000]
exitcond_flatten    (icmp           ) [ 0001111111111111111111111111111111110]
indvar_flatten_next (add            ) [ 0011111111111111111111111111111111110]
StgValue_55         (br             ) [ 0000000000000000000000000000000000000]
exitcond_i2         (icmp           ) [ 0000000000000000000000000000000000000]
iter_i_mid2         (select         ) [ 0000000000000000000000000000000000000]
tmp_i               (icmp           ) [ 0001111111111111111111111111111111110]
StgValue_59         (br             ) [ 0000000000000000000000000000000000000]
iter                (add            ) [ 0011111111111111111111111111111111110]
tmp_V_106           (read           ) [ 0000000000000000000000000000000000000]
StgValue_62         (store          ) [ 0000000000000000000000000000000000000]
tmp_V_load          (load           ) [ 0001001111111111111111111111111111100]
tmp_V_103           (read           ) [ 0000000000000000000000000000000000000]
p_2_i               (bitconcatenate ) [ 0000000000000000000000000000000000000]
p_2_cast_i          (zext           ) [ 0001001111111111111111111111111111100]
tmp_40_i            (sdiv           ) [ 0000000000000000000000000000000000000]
p_3_i               (partselect     ) [ 0000000000000000000000000000000000000]
tmp_41_i            (icmp           ) [ 0000000000000000000000000000000000000]
tmp                 (trunc          ) [ 0000000000000000000000000000000000000]
tmp_V_104           (select         ) [ 0001000000000000000000000000000000010]
tmp_11_i            (specregionbegin) [ 0000000000000000000000000000000000000]
StgValue_102        (specpipeline   ) [ 0000000000000000000000000000000000000]
StgValue_103        (br             ) [ 0000000000000000000000000000000000000]
StgValue_104        (write          ) [ 0000000000000000000000000000000000000]
empty               (specregionend  ) [ 0000000000000000000000000000000000000]
StgValue_106        (br             ) [ 0011111111111111111111111111111111110]
StgValue_107        (ret            ) [ 0000000000000000000000000000000000000]
</LifeTime>

<model>

<comp_list>
<comp id="0" class="1000" name="in_proc_2_iter_c_V_V">
<pin_list>
<pin id="1" dir="1" index="0" bw="1" slack="0"/>
</pin_list>
<bind>
<StgValue><ssdm name="in_proc_2_iter_c_V_V"/></StgValue>
</bind>
</comp>

<comp id="2" class="1000" name="in_proc_2_iter_r_V_V">
<pin_list>
<pin id="3" dir="1" index="0" bw="1" slack="0"/>
</pin_list>
<bind>
<StgValue><ssdm name="in_proc_2_iter_r_V_V"/></StgValue>
</bind>
</comp>

<comp id="4" class="1000" name="in_write_2_iter_c_V_s">
<pin_list>
<pin id="5" dir="1" index="0" bw="1" slack="0"/>
</pin_list>
<bind>
<StgValue><ssdm name="in_write_2_iter_c_V_s"/></StgValue>
</bind>
</comp>

<comp id="6" class="1000" name="sum_V_V">
<pin_list>
<pin id="7" dir="1" index="0" bw="1" slack="0"/>
</pin_list>
<bind>
<StgValue><ssdm name="sum_V_V"/></StgValue>
</bind>
</comp>

<comp id="8" class="1000" name="in_proc_2_V_V">
<pin_list>
<pin id="9" dir="1" index="0" bw="1" slack="0"/>
</pin_list>
<bind>
<StgValue><ssdm name="in_proc_2_V_V"/></StgValue>
</bind>
</comp>

<comp id="10" class="1000" name="in_write_V_V">
<pin_list>
<pin id="11" dir="1" index="0" bw="1" slack="0"/>
</pin_list>
<bind>
<StgValue><ssdm name="in_write_V_V"/></StgValue>
</bind>
</comp>

<comp id="12" class="1001" name="const_12">
<pin_list>
<pin id="13" dir="1" index="0" bw="1" slack="0"/>
</pin_list>
<bind>
<StgValue><ssdm name=""/></StgValue>
</bind>
</comp>

<comp id="14" class="1001" name="const_14">
<pin_list>
<pin id="15" dir="1" index="0" bw="1" slack="0"/>
</pin_list>
<bind>
<StgValue><ssdm name="_ssdm_op_Read.ap_fifo.volatile.i32P"/></StgValue>
</bind>
</comp>

<comp id="16" class="1001" name="const_16">
<pin_list>
<pin id="17" dir="1" index="0" bw="1" slack="0"/>
</pin_list>
<bind>
<StgValue><ssdm name="_ssdm_op_Write.ap_fifo.volatile.i32P"/></StgValue>
</bind>
</comp>

<comp id="18" class="1001" name="const_18">
<pin_list>
<pin id="19" dir="1" index="0" bw="1" slack="2147483647"/>
</pin_list>
<bind>
<StgValue><ssdm name="_ssdm_op_SpecInterface"/></StgValue>
</bind>
</comp>

<comp id="20" class="1001" name="const_20">
<pin_list>
<pin id="21" dir="1" index="0" bw="1" slack="2147483647"/>
</pin_list>
<bind>
<StgValue><ssdm name="ap_fifo_str"/></StgValue>
</bind>
</comp>

<comp id="22" class="1001" name="const_22">
<pin_list>
<pin id="23" dir="1" index="0" bw="1" slack="0"/>
</pin_list>
<bind>
<StgValue><ssdm name=""/></StgValue>
</bind>
</comp>

<comp id="24" class="1001" name="const_24">
<pin_list>
<pin id="25" dir="1" index="0" bw="1" slack="2147483647"/>
</pin_list>
<bind>
<StgValue><ssdm name="p_str5989"/></StgValue>
</bind>
</comp>

<comp id="26" class="1001" name="const_26">
<pin_list>
<pin id="27" dir="1" index="0" bw="1" slack="2147483647"/>
</pin_list>
<bind>
<StgValue><ssdm name="p_str5990"/></StgValue>
</bind>
</comp>

<comp id="28" class="1001" name="const_28">
<pin_list>
<pin id="29" dir="1" index="0" bw="1" slack="2147483647"/>
</pin_list>
<bind>
<StgValue><ssdm name="p_str5991"/></StgValue>
</bind>
</comp>

<comp id="30" class="1001" name="const_30">
<pin_list>
<pin id="31" dir="1" index="0" bw="1" slack="2147483647"/>
</pin_list>
<bind>
<StgValue><ssdm name="p_str5992"/></StgValue>
</bind>
</comp>

<comp id="32" class="1001" name="const_32">
<pin_list>
<pin id="33" dir="1" index="0" bw="1" slack="2147483647"/>
</pin_list>
<bind>
<StgValue><ssdm name=""/></StgValue>
</bind>
</comp>

<comp id="34" class="1001" name="const_34">
<pin_list>
<pin id="35" dir="1" index="0" bw="1" slack="2147483647"/>
</pin_list>
<bind>
<StgValue><ssdm name=""/></StgValue>
</bind>
</comp>

<comp id="36" class="1001" name="const_36">
<pin_list>
<pin id="37" dir="1" index="0" bw="1" slack="2147483647"/>
</pin_list>
<bind>
<StgValue><ssdm name="p_str5993"/></StgValue>
</bind>
</comp>

<comp id="38" class="1001" name="const_38">
<pin_list>
<pin id="39" dir="1" index="0" bw="1" slack="2147483647"/>
</pin_list>
<bind>
<StgValue><ssdm name="p_str5994"/></StgValue>
</bind>
</comp>

<comp id="40" class="1001" name="const_40">
<pin_list>
<pin id="41" dir="1" index="0" bw="1" slack="2147483647"/>
</pin_list>
<bind>
<StgValue><ssdm name="p_str5982"/></StgValue>
</bind>
</comp>

<comp id="42" class="1001" name="const_42">
<pin_list>
<pin id="43" dir="1" index="0" bw="1" slack="2147483647"/>
</pin_list>
<bind>
<StgValue><ssdm name="p_str5983"/></StgValue>
</bind>
</comp>

<comp id="44" class="1001" name="const_44">
<pin_list>
<pin id="45" dir="1" index="0" bw="1" slack="2147483647"/>
</pin_list>
<bind>
<StgValue><ssdm name="p_str5984"/></StgValue>
</bind>
</comp>

<comp id="46" class="1001" name="const_46">
<pin_list>
<pin id="47" dir="1" index="0" bw="1" slack="2147483647"/>
</pin_list>
<bind>
<StgValue><ssdm name="p_str5985"/></StgValue>
</bind>
</comp>

<comp id="48" class="1001" name="const_48">
<pin_list>
<pin id="49" dir="1" index="0" bw="1" slack="2147483647"/>
</pin_list>
<bind>
<StgValue><ssdm name="p_str5986"/></StgValue>
</bind>
</comp>

<comp id="50" class="1001" name="const_50">
<pin_list>
<pin id="51" dir="1" index="0" bw="1" slack="2147483647"/>
</pin_list>
<bind>
<StgValue><ssdm name="p_str5987"/></StgValue>
</bind>
</comp>

<comp id="52" class="1001" name="const_52">
<pin_list>
<pin id="53" dir="1" index="0" bw="1" slack="2147483647"/>
</pin_list>
<bind>
<StgValue><ssdm name="p_str5975"/></StgValue>
</bind>
</comp>

<comp id="54" class="1001" name="const_54">
<pin_list>
<pin id="55" dir="1" index="0" bw="1" slack="2147483647"/>
</pin_list>
<bind>
<StgValue><ssdm name="p_str5976"/></StgValue>
</bind>
</comp>

<comp id="56" class="1001" name="const_56">
<pin_list>
<pin id="57" dir="1" index="0" bw="1" slack="2147483647"/>
</pin_list>
<bind>
<StgValue><ssdm name="p_str5977"/></StgValue>
</bind>
</comp>

<comp id="58" class="1001" name="const_58">
<pin_list>
<pin id="59" dir="1" index="0" bw="1" slack="2147483647"/>
</pin_list>
<bind>
<StgValue><ssdm name="p_str5978"/></StgValue>
</bind>
</comp>

<comp id="60" class="1001" name="const_60">
<pin_list>
<pin id="61" dir="1" index="0" bw="1" slack="2147483647"/>
</pin_list>
<bind>
<StgValue><ssdm name="p_str5979"/></StgValue>
</bind>
</comp>

<comp id="62" class="1001" name="const_62">
<pin_list>
<pin id="63" dir="1" index="0" bw="1" slack="2147483647"/>
</pin_list>
<bind>
<StgValue><ssdm name="p_str5980"/></StgValue>
</bind>
</comp>

<comp id="64" class="1001" name="const_64">
<pin_list>
<pin id="65" dir="1" index="0" bw="1" slack="2147483647"/>
</pin_list>
<bind>
<StgValue><ssdm name="p_str5926"/></StgValue>
</bind>
</comp>

<comp id="66" class="1001" name="const_66">
<pin_list>
<pin id="67" dir="1" index="0" bw="1" slack="2147483647"/>
</pin_list>
<bind>
<StgValue><ssdm name="p_str5927"/></StgValue>
</bind>
</comp>

<comp id="68" class="1001" name="const_68">
<pin_list>
<pin id="69" dir="1" index="0" bw="1" slack="2147483647"/>
</pin_list>
<bind>
<StgValue><ssdm name="p_str5928"/></StgValue>
</bind>
</comp>

<comp id="70" class="1001" name="const_70">
<pin_list>
<pin id="71" dir="1" index="0" bw="1" slack="2147483647"/>
</pin_list>
<bind>
<StgValue><ssdm name="p_str5929"/></StgValue>
</bind>
</comp>

<comp id="72" class="1001" name="const_72">
<pin_list>
<pin id="73" dir="1" index="0" bw="1" slack="2147483647"/>
</pin_list>
<bind>
<StgValue><ssdm name="p_str5930"/></StgValue>
</bind>
</comp>

<comp id="74" class="1001" name="const_74">
<pin_list>
<pin id="75" dir="1" index="0" bw="1" slack="2147483647"/>
</pin_list>
<bind>
<StgValue><ssdm name="p_str5931"/></StgValue>
</bind>
</comp>

<comp id="76" class="1001" name="const_76">
<pin_list>
<pin id="77" dir="1" index="0" bw="1" slack="2147483647"/>
</pin_list>
<bind>
<StgValue><ssdm name="p_str5919"/></StgValue>
</bind>
</comp>

<comp id="78" class="1001" name="const_78">
<pin_list>
<pin id="79" dir="1" index="0" bw="1" slack="2147483647"/>
</pin_list>
<bind>
<StgValue><ssdm name="p_str5920"/></StgValue>
</bind>
</comp>

<comp id="80" class="1001" name="const_80">
<pin_list>
<pin id="81" dir="1" index="0" bw="1" slack="2147483647"/>
</pin_list>
<bind>
<StgValue><ssdm name="p_str5921"/></StgValue>
</bind>
</comp>

<comp id="82" class="1001" name="const_82">
<pin_list>
<pin id="83" dir="1" index="0" bw="1" slack="2147483647"/>
</pin_list>
<bind>
<StgValue><ssdm name="p_str5922"/></StgValue>
</bind>
</comp>

<comp id="84" class="1001" name="const_84">
<pin_list>
<pin id="85" dir="1" index="0" bw="1" slack="2147483647"/>
</pin_list>
<bind>
<StgValue><ssdm name="p_str5923"/></StgValue>
</bind>
</comp>

<comp id="86" class="1001" name="const_86">
<pin_list>
<pin id="87" dir="1" index="0" bw="1" slack="2147483647"/>
</pin_list>
<bind>
<StgValue><ssdm name="p_str5924"/></StgValue>
</bind>
</comp>

<comp id="88" class="1001" name="const_88">
<pin_list>
<pin id="89" dir="1" index="0" bw="1" slack="2147483647"/>
</pin_list>
<bind>
<StgValue><ssdm name="p_str5898"/></StgValue>
</bind>
</comp>

<comp id="90" class="1001" name="const_90">
<pin_list>
<pin id="91" dir="1" index="0" bw="1" slack="2147483647"/>
</pin_list>
<bind>
<StgValue><ssdm name="p_str5899"/></StgValue>
</bind>
</comp>

<comp id="92" class="1001" name="const_92">
<pin_list>
<pin id="93" dir="1" index="0" bw="1" slack="2147483647"/>
</pin_list>
<bind>
<StgValue><ssdm name="p_str5900"/></StgValue>
</bind>
</comp>

<comp id="94" class="1001" name="const_94">
<pin_list>
<pin id="95" dir="1" index="0" bw="1" slack="2147483647"/>
</pin_list>
<bind>
<StgValue><ssdm name="p_str5901"/></StgValue>
</bind>
</comp>

<comp id="96" class="1001" name="const_96">
<pin_list>
<pin id="97" dir="1" index="0" bw="1" slack="2147483647"/>
</pin_list>
<bind>
<StgValue><ssdm name="p_str5902"/></StgValue>
</bind>
</comp>

<comp id="98" class="1001" name="const_98">
<pin_list>
<pin id="99" dir="1" index="0" bw="1" slack="2147483647"/>
</pin_list>
<bind>
<StgValue><ssdm name="p_str5903"/></StgValue>
</bind>
</comp>

<comp id="100" class="1001" name="const_100">
<pin_list>
<pin id="101" dir="1" index="0" bw="1" slack="1"/>
</pin_list>
<bind>
<StgValue><ssdm name=""/></StgValue>
</bind>
</comp>

<comp id="102" class="1001" name="const_102">
<pin_list>
<pin id="103" dir="1" index="0" bw="1" slack="0"/>
</pin_list>
<bind>
<StgValue><ssdm name=""/></StgValue>
</bind>
</comp>

<comp id="104" class="1001" name="const_104">
<pin_list>
<pin id="105" dir="1" index="0" bw="1" slack="0"/>
</pin_list>
<bind>
<StgValue><ssdm name="_ssdm_op_Read.ap_fifo.volatile.i16P"/></StgValue>
</bind>
</comp>

<comp id="106" class="1001" name="const_106">
<pin_list>
<pin id="107" dir="1" index="0" bw="1" slack="0"/>
</pin_list>
<bind>
<StgValue><ssdm name="_ssdm_op_BitConcatenate.i24.i16.i8"/></StgValue>
</bind>
</comp>

<comp id="108" class="1001" name="const_108">
<pin_list>
<pin id="109" dir="1" index="0" bw="1" slack="0"/>
</pin_list>
<bind>
<StgValue><ssdm name=""/></StgValue>
</bind>
</comp>

<comp id="110" class="1001" name="const_110">
<pin_list>
<pin id="111" dir="1" index="0" bw="1" slack="0"/>
</pin_list>
<bind>
<StgValue><ssdm name="_ssdm_op_PartSelect.i24.i32.i32.i32"/></StgValue>
</bind>
</comp>

<comp id="112" class="1001" name="const_112">
<pin_list>
<pin id="113" dir="1" index="0" bw="1" slack="0"/>
</pin_list>
<bind>
<StgValue><ssdm name=""/></StgValue>
</bind>
</comp>

<comp id="114" class="1001" name="const_114">
<pin_list>
<pin id="115" dir="1" index="0" bw="1" slack="0"/>
</pin_list>
<bind>
<StgValue><ssdm name=""/></StgValue>
</bind>
</comp>

<comp id="116" class="1001" name="const_116">
<pin_list>
<pin id="117" dir="1" index="0" bw="1" slack="0"/>
</pin_list>
<bind>
<StgValue><ssdm name=""/></StgValue>
</bind>
</comp>

<comp id="118" class="1001" name="const_118">
<pin_list>
<pin id="119" dir="1" index="0" bw="1" slack="0"/>
</pin_list>
<bind>
<StgValue><ssdm name=""/></StgValue>
</bind>
</comp>

<comp id="120" class="1001" name="const_120">
<pin_list>
<pin id="121" dir="1" index="0" bw="1" slack="2147483647"/>
</pin_list>
<bind>
<StgValue><ssdm name="_ssdm_op_SpecRegionBegin"/></StgValue>
</bind>
</comp>

<comp id="122" class="1001" name="const_122">
<pin_list>
<pin id="123" dir="1" index="0" bw="1" slack="2147483647"/>
</pin_list>
<bind>
<StgValue><ssdm name="p_str10"/></StgValue>
</bind>
</comp>

<comp id="124" class="1001" name="const_124">
<pin_list>
<pin id="125" dir="1" index="0" bw="1" slack="2147483647"/>
</pin_list>
<bind>
<StgValue><ssdm name="_ssdm_op_SpecPipeline"/></StgValue>
</bind>
</comp>

<comp id="126" class="1001" name="const_126">
<pin_list>
<pin id="127" dir="1" index="0" bw="1" slack="2147483647"/>
</pin_list>
<bind>
<StgValue><ssdm name="p_str1"/></StgValue>
</bind>
</comp>

<comp id="128" class="1001" name="const_128">
<pin_list>
<pin id="129" dir="1" index="0" bw="1" slack="0"/>
</pin_list>
<bind>
<StgValue><ssdm name="_ssdm_op_Write.ap_fifo.volatile.i8P"/></StgValue>
</bind>
</comp>

<comp id="130" class="1001" name="const_130">
<pin_list>
<pin id="131" dir="1" index="0" bw="1" slack="2147483647"/>
</pin_list>
<bind>
<StgValue><ssdm name="_ssdm_op_SpecRegionEnd"/></StgValue>
</bind>
</comp>

<comp id="132" class="1004" name="tmp_V_fu_132">
<pin_list>
<pin id="133" dir="0" index="0" bw="1" slack="0"/>
<pin id="134" dir="1" index="1" bw="32" slack="3"/>
</pin_list>
<bind>
<opcode="alloca(26) " fcode="alloca"/>
<opset="tmp_V/1 "/>
</bind>
</comp>

<comp id="136" class="1004" name="tmp_V_101_read_fu_136">
<pin_list>
<pin id="137" dir="0" index="0" bw="32" slack="0"/>
<pin id="138" dir="0" index="1" bw="32" slack="0"/>
<pin id="139" dir="1" index="2" bw="32" slack="0"/>
</pin_list>
<bind>
<opcode="read(1150) " fcode="read"/>
<opset="tmp_V_101/1 "/>
</bind>
</comp>

<comp id="142" class="1004" name="tmp_V_105_read_fu_142">
<pin_list>
<pin id="143" dir="0" index="0" bw="32" slack="0"/>
<pin id="144" dir="0" index="1" bw="32" slack="0"/>
<pin id="145" dir="1" index="2" bw="32" slack="1"/>
</pin_list>
<bind>
<opcode="read(1150) " fcode="read"/>
<opset="tmp_V_105/1 "/>
</bind>
</comp>

<comp id="148" class="1004" name="StgValue_40_write_fu_148">
<pin_list>
<pin id="149" dir="0" index="0" bw="0" slack="0"/>
<pin id="150" dir="0" index="1" bw="32" slack="0"/>
<pin id="151" dir="0" index="2" bw="32" slack="0"/>
<pin id="152" dir="1" index="3" bw="0" slack="2147483647"/>
</pin_list>
<bind>
<opcode="write(1151) " fcode="write"/>
<opset="StgValue_40/1 "/>
</bind>
</comp>

<comp id="156" class="1004" name="tmp_V_106_read_fu_156">
<pin_list>
<pin id="157" dir="0" index="0" bw="32" slack="0"/>
<pin id="158" dir="0" index="1" bw="32" slack="0"/>
<pin id="159" dir="1" index="2" bw="32" slack="0"/>
</pin_list>
<bind>
<opcode="read(1150) " fcode="read"/>
<opset="tmp_V_106/4 "/>
</bind>
</comp>

<comp id="162" class="1004" name="tmp_V_103_read_fu_162">
<pin_list>
<pin id="163" dir="0" index="0" bw="16" slack="0"/>
<pin id="164" dir="0" index="1" bw="16" slack="0"/>
<pin id="165" dir="1" index="2" bw="16" slack="0"/>
</pin_list>
<bind>
<opcode="read(1150) " fcode="read"/>
<opset="tmp_V_103/5 "/>
</bind>
</comp>

<comp id="168" class="1004" name="StgValue_104_write_fu_168">
<pin_list>
<pin id="169" dir="0" index="0" bw="0" slack="0"/>
<pin id="170" dir="0" index="1" bw="8" slack="0"/>
<pin id="171" dir="0" index="2" bw="8" slack="1"/>
<pin id="172" dir="1" index="3" bw="0" slack="2147483647"/>
</pin_list>
<bind>
<opcode="write(1151) " fcode="write"/>
<opset="StgValue_104/35 "/>
</bind>
</comp>

<comp id="175" class="1005" name="indvar_flatten_reg_175">
<pin_list>
<pin id="176" dir="0" index="0" bw="64" slack="1"/>
<pin id="177" dir="1" index="1" bw="64" slack="1"/>
</pin_list>
<bind>
<opset="indvar_flatten (phireg) "/>
</bind>
</comp>

<comp id="179" class="1004" name="indvar_flatten_phi_fu_179">
<pin_list>
<pin id="180" dir="0" index="0" bw="1" slack="1"/>
<pin id="181" dir="0" index="1" bw="0" slack="2147483647"/>
<pin id="182" dir="0" index="2" bw="64" slack="0"/>
<pin id="183" dir="0" index="3" bw="0" slack="2147483647"/>
<pin id="184" dir="1" index="4" bw="64" slack="0"/>
</pin_list>
<bind>
<opcode="phi(47) " fcode="phi"/>
<opset="indvar_flatten/3 "/>
</bind>
</comp>

<comp id="186" class="1005" name="iter_i_reg_186">
<pin_list>
<pin id="187" dir="0" index="0" bw="32" slack="1"/>
<pin id="188" dir="1" index="1" bw="32" slack="1"/>
</pin_list>
<bind>
<opset="iter_i (phireg) "/>
</bind>
</comp>

<comp id="190" class="1004" name="iter_i_phi_fu_190">
<pin_list>
<pin id="191" dir="0" index="0" bw="1" slack="1"/>
<pin id="192" dir="0" index="1" bw="0" slack="2147483647"/>
<pin id="193" dir="0" index="2" bw="32" slack="0"/>
<pin id="194" dir="0" index="3" bw="0" slack="2147483647"/>
<pin id="195" dir="1" index="4" bw="32" slack="0"/>
</pin_list>
<bind>
<opcode="phi(47) " fcode="phi"/>
<opset="iter_i/3 "/>
</bind>
</comp>

<comp id="197" class="1004" name="cast_fu_197">
<pin_list>
<pin id="198" dir="0" index="0" bw="32" slack="1"/>
<pin id="199" dir="1" index="1" bw="64" slack="0"/>
</pin_list>
<bind>
<opcode="zext(34) " fcode="zext"/>
<opset="cast/2 "/>
</bind>
</comp>

<comp id="200" class="1004" name="cast1_fu_200">
<pin_list>
<pin id="201" dir="0" index="0" bw="32" slack="1"/>
<pin id="202" dir="1" index="1" bw="64" slack="0"/>
</pin_list>
<bind>
<opcode="zext(34) " fcode="zext"/>
<opset="cast1/2 "/>
</bind>
</comp>

<comp id="203" class="1004" name="bound_fu_203">
<pin_list>
<pin id="204" dir="0" index="0" bw="32" slack="0"/>
<pin id="205" dir="0" index="1" bw="32" slack="0"/>
<pin id="206" dir="1" index="2" bw="64" slack="1"/>
</pin_list>
<bind>
<opcode="mul(12) " fcode="mul"/>
<opset="bound/2 "/>
</bind>
</comp>

<comp id="209" class="1004" name="exitcond_flatten_fu_209">
<pin_list>
<pin id="210" dir="0" index="0" bw="64" slack="0"/>
<pin id="211" dir="0" index="1" bw="64" slack="1"/>
<pin id="212" dir="1" index="2" bw="1" slack="2"/>
</pin_list>
<bind>
<opcode="icmp(45) " fcode="icmp"/>
<opset="exitcond_flatten/3 "/>
</bind>
</comp>

<comp id="214" class="1004" name="indvar_flatten_next_fu_214">
<pin_list>
<pin id="215" dir="0" index="0" bw="64" slack="0"/>
<pin id="216" dir="0" index="1" bw="1" slack="0"/>
<pin id="217" dir="1" index="2" bw="64" slack="0"/>
</pin_list>
<bind>
<opcode="add(8) " fcode="add"/>
<opset="indvar_flatten_next/3 "/>
</bind>
</comp>

<comp id="220" class="1004" name="exitcond_i2_fu_220">
<pin_list>
<pin id="221" dir="0" index="0" bw="32" slack="0"/>
<pin id="222" dir="0" index="1" bw="32" slack="2"/>
<pin id="223" dir="1" index="2" bw="1" slack="0"/>
</pin_list>
<bind>
<opcode="icmp(45) " fcode="icmp"/>
<opset="exitcond_i2/3 "/>
</bind>
</comp>

<comp id="225" class="1004" name="iter_i_mid2_fu_225">
<pin_list>
<pin id="226" dir="0" index="0" bw="1" slack="0"/>
<pin id="227" dir="0" index="1" bw="1" slack="0"/>
<pin id="228" dir="0" index="2" bw="32" slack="0"/>
<pin id="229" dir="1" index="3" bw="32" slack="0"/>
</pin_list>
<bind>
<opcode="select(49) " fcode="select"/>
<opset="iter_i_mid2/3 "/>
</bind>
</comp>

<comp id="233" class="1004" name="tmp_i_fu_233">
<pin_list>
<pin id="234" dir="0" index="0" bw="32" slack="0"/>
<pin id="235" dir="0" index="1" bw="1" slack="0"/>
<pin id="236" dir="1" index="2" bw="1" slack="1"/>
</pin_list>
<bind>
<opcode="icmp(45) " fcode="icmp"/>
<opset="tmp_i/3 "/>
</bind>
</comp>

<comp id="239" class="1004" name="iter_fu_239">
<pin_list>
<pin id="240" dir="0" index="0" bw="1" slack="0"/>
<pin id="241" dir="0" index="1" bw="32" slack="0"/>
<pin id="242" dir="1" index="2" bw="32" slack="0"/>
</pin_list>
<bind>
<opcode="add(8) " fcode="add"/>
<opset="iter/3 "/>
</bind>
</comp>

<comp id="245" class="1004" name="StgValue_62_store_fu_245">
<pin_list>
<pin id="246" dir="0" index="0" bw="32" slack="0"/>
<pin id="247" dir="0" index="1" bw="32" slack="3"/>
<pin id="248" dir="1" index="2" bw="0" slack="2147483647"/>
</pin_list>
<bind>
<opcode="store(28) " fcode="store"/>
<opset="StgValue_62/4 "/>
</bind>
</comp>

<comp id="250" class="1004" name="tmp_V_load_load_fu_250">
<pin_list>
<pin id="251" dir="0" index="0" bw="32" slack="4"/>
<pin id="252" dir="1" index="1" bw="32" slack="0"/>
</pin_list>
<bind>
<opcode="load(27) " fcode="load"/>
<opset="tmp_V_load/5 "/>
</bind>
</comp>

<comp id="253" class="1004" name="p_2_i_fu_253">
<pin_list>
<pin id="254" dir="0" index="0" bw="24" slack="0"/>
<pin id="255" dir="0" index="1" bw="16" slack="0"/>
<pin id="256" dir="0" index="2" bw="1" slack="0"/>
<pin id="257" dir="1" index="3" bw="24" slack="0"/>
</pin_list>
<bind>
<opcode="bitconcatenate(1004) " fcode="bitconcatenate"/>
<opset="p_2_i/5 "/>
</bind>
</comp>

<comp id="261" class="1004" name="p_2_cast_i_fu_261">
<pin_list>
<pin id="262" dir="0" index="0" bw="24" slack="0"/>
<pin id="263" dir="1" index="1" bw="32" slack="0"/>
</pin_list>
<bind>
<opcode="zext(34) " fcode="zext"/>
<opset="p_2_cast_i/5 "/>
</bind>
</comp>

<comp id="265" class="1004" name="grp_fu_265">
<pin_list>
<pin id="266" dir="0" index="0" bw="26" slack="0"/>
<pin id="267" dir="0" index="1" bw="32" slack="0"/>
<pin id="268" dir="1" index="2" bw="32" slack="0"/>
</pin_list>
<bind>
<opcode="sdiv(15) " fcode="sdiv"/>
<opset="tmp_40_i/5 "/>
</bind>
</comp>

<comp id="271" class="1004" name="p_3_i_fu_271">
<pin_list>
<pin id="272" dir="0" index="0" bw="24" slack="0"/>
<pin id="273" dir="0" index="1" bw="32" slack="0"/>
<pin id="274" dir="0" index="2" bw="5" slack="0"/>
<pin id="275" dir="0" index="3" bw="6" slack="0"/>
<pin id="276" dir="1" index="4" bw="24" slack="0"/>
</pin_list>
<bind>
<opcode="partselect(1002) " fcode="partselect"/>
<opset="p_3_i/34 "/>
</bind>
</comp>

<comp id="281" class="1004" name="tmp_41_i_fu_281">
<pin_list>
<pin id="282" dir="0" index="0" bw="24" slack="0"/>
<pin id="283" dir="0" index="1" bw="1" slack="0"/>
<pin id="284" dir="1" index="2" bw="1" slack="0"/>
</pin_list>
<bind>
<opcode="icmp(45) " fcode="icmp"/>
<opset="tmp_41_i/34 "/>
</bind>
</comp>

<comp id="287" class="1004" name="tmp_fu_287">
<pin_list>
<pin id="288" dir="0" index="0" bw="32" slack="0"/>
<pin id="289" dir="1" index="1" bw="8" slack="0"/>
</pin_list>
<bind>
<opcode="trunc(33) " fcode="trunc"/>
<opset="tmp/34 "/>
</bind>
</comp>

<comp id="291" class="1004" name="tmp_V_104_fu_291">
<pin_list>
<pin id="292" dir="0" index="0" bw="1" slack="0"/>
<pin id="293" dir="0" index="1" bw="8" slack="0"/>
<pin id="294" dir="0" index="2" bw="1" slack="0"/>
<pin id="295" dir="1" index="3" bw="8" slack="1"/>
</pin_list>
<bind>
<opcode="select(49) " fcode="select"/>
<opset="tmp_V_104/34 "/>
</bind>
</comp>

<comp id="299" class="1005" name="tmp_V_reg_299">
<pin_list>
<pin id="300" dir="0" index="0" bw="32" slack="3"/>
<pin id="301" dir="1" index="1" bw="32" slack="3"/>
</pin_list>
<bind>
<opset="tmp_V "/>
</bind>
</comp>

<comp id="305" class="1005" name="tmp_V_101_reg_305">
<pin_list>
<pin id="306" dir="0" index="0" bw="32" slack="1"/>
<pin id="307" dir="1" index="1" bw="32" slack="1"/>
</pin_list>
<bind>
<opset="tmp_V_101 "/>
</bind>
</comp>

<comp id="311" class="1005" name="tmp_V_105_reg_311">
<pin_list>
<pin id="312" dir="0" index="0" bw="32" slack="1"/>
<pin id="313" dir="1" index="1" bw="32" slack="1"/>
</pin_list>
<bind>
<opset="tmp_V_105 "/>
</bind>
</comp>

<comp id="316" class="1005" name="bound_reg_316">
<pin_list>
<pin id="317" dir="0" index="0" bw="64" slack="1"/>
<pin id="318" dir="1" index="1" bw="64" slack="1"/>
</pin_list>
<bind>
<opset="bound "/>
</bind>
</comp>

<comp id="321" class="1005" name="exitcond_flatten_reg_321">
<pin_list>
<pin id="322" dir="0" index="0" bw="1" slack="2"/>
<pin id="323" dir="1" index="1" bw="1" slack="2147483647"/>
</pin_list>
<bind>
<opset="exitcond_flatten "/>
</bind>
</comp>

<comp id="325" class="1005" name="indvar_flatten_next_reg_325">
<pin_list>
<pin id="326" dir="0" index="0" bw="64" slack="0"/>
<pin id="327" dir="1" index="1" bw="64" slack="0"/>
</pin_list>
<bind>
<opset="indvar_flatten_next "/>
</bind>
</comp>

<comp id="330" class="1005" name="tmp_i_reg_330">
<pin_list>
<pin id="331" dir="0" index="0" bw="1" slack="1"/>
<pin id="332" dir="1" index="1" bw="1" slack="2147483647"/>
</pin_list>
<bind>
<opset="tmp_i "/>
</bind>
</comp>

<comp id="334" class="1005" name="iter_reg_334">
<pin_list>
<pin id="335" dir="0" index="0" bw="32" slack="0"/>
<pin id="336" dir="1" index="1" bw="32" slack="0"/>
</pin_list>
<bind>
<opset="iter "/>
</bind>
</comp>

<comp id="339" class="1005" name="tmp_V_load_reg_339">
<pin_list>
<pin id="340" dir="0" index="0" bw="32" slack="1"/>
<pin id="341" dir="1" index="1" bw="32" slack="1"/>
</pin_list>
<bind>
<opset="tmp_V_load "/>
</bind>
</comp>

<comp id="344" class="1005" name="p_2_cast_i_reg_344">
<pin_list>
<pin id="345" dir="0" index="0" bw="32" slack="1"/>
<pin id="346" dir="1" index="1" bw="32" slack="1"/>
</pin_list>
<bind>
<opset="p_2_cast_i "/>
</bind>
</comp>

<comp id="349" class="1005" name="tmp_V_104_reg_349">
<pin_list>
<pin id="350" dir="0" index="0" bw="8" slack="1"/>
<pin id="351" dir="1" index="1" bw="8" slack="1"/>
</pin_list>
<bind>
<opset="tmp_V_104 "/>
</bind>
</comp>

</comp_list>

<net_list>
<net id="135"><net_src comp="12" pin="0"/><net_sink comp="132" pin=0"/></net>

<net id="140"><net_src comp="14" pin="0"/><net_sink comp="136" pin=0"/></net>

<net id="141"><net_src comp="0" pin="0"/><net_sink comp="136" pin=1"/></net>

<net id="146"><net_src comp="14" pin="0"/><net_sink comp="142" pin=0"/></net>

<net id="147"><net_src comp="2" pin="0"/><net_sink comp="142" pin=1"/></net>

<net id="153"><net_src comp="16" pin="0"/><net_sink comp="148" pin=0"/></net>

<net id="154"><net_src comp="4" pin="0"/><net_sink comp="148" pin=1"/></net>

<net id="155"><net_src comp="136" pin="2"/><net_sink comp="148" pin=2"/></net>

<net id="160"><net_src comp="14" pin="0"/><net_sink comp="156" pin=0"/></net>

<net id="161"><net_src comp="6" pin="0"/><net_sink comp="156" pin=1"/></net>

<net id="166"><net_src comp="104" pin="0"/><net_sink comp="162" pin=0"/></net>

<net id="167"><net_src comp="8" pin="0"/><net_sink comp="162" pin=1"/></net>

<net id="173"><net_src comp="128" pin="0"/><net_sink comp="168" pin=0"/></net>

<net id="174"><net_src comp="10" pin="0"/><net_sink comp="168" pin=1"/></net>

<net id="178"><net_src comp="100" pin="0"/><net_sink comp="175" pin=0"/></net>

<net id="185"><net_src comp="175" pin="1"/><net_sink comp="179" pin=0"/></net>

<net id="189"><net_src comp="22" pin="0"/><net_sink comp="186" pin=0"/></net>

<net id="196"><net_src comp="186" pin="1"/><net_sink comp="190" pin=0"/></net>

<net id="207"><net_src comp="200" pin="1"/><net_sink comp="203" pin=0"/></net>

<net id="208"><net_src comp="197" pin="1"/><net_sink comp="203" pin=1"/></net>

<net id="213"><net_src comp="179" pin="4"/><net_sink comp="209" pin=0"/></net>

<net id="218"><net_src comp="179" pin="4"/><net_sink comp="214" pin=0"/></net>

<net id="219"><net_src comp="102" pin="0"/><net_sink comp="214" pin=1"/></net>

<net id="224"><net_src comp="190" pin="4"/><net_sink comp="220" pin=0"/></net>

<net id="230"><net_src comp="220" pin="2"/><net_sink comp="225" pin=0"/></net>

<net id="231"><net_src comp="22" pin="0"/><net_sink comp="225" pin=1"/></net>

<net id="232"><net_src comp="190" pin="4"/><net_sink comp="225" pin=2"/></net>

<net id="237"><net_src comp="225" pin="3"/><net_sink comp="233" pin=0"/></net>

<net id="238"><net_src comp="22" pin="0"/><net_sink comp="233" pin=1"/></net>

<net id="243"><net_src comp="12" pin="0"/><net_sink comp="239" pin=0"/></net>

<net id="244"><net_src comp="225" pin="3"/><net_sink comp="239" pin=1"/></net>

<net id="249"><net_src comp="156" pin="2"/><net_sink comp="245" pin=0"/></net>

<net id="258"><net_src comp="106" pin="0"/><net_sink comp="253" pin=0"/></net>

<net id="259"><net_src comp="162" pin="2"/><net_sink comp="253" pin=1"/></net>

<net id="260"><net_src comp="108" pin="0"/><net_sink comp="253" pin=2"/></net>

<net id="264"><net_src comp="253" pin="3"/><net_sink comp="261" pin=0"/></net>

<net id="269"><net_src comp="261" pin="1"/><net_sink comp="265" pin=0"/></net>

<net id="270"><net_src comp="250" pin="1"/><net_sink comp="265" pin=1"/></net>

<net id="277"><net_src comp="110" pin="0"/><net_sink comp="271" pin=0"/></net>

<net id="278"><net_src comp="265" pin="2"/><net_sink comp="271" pin=1"/></net>

<net id="279"><net_src comp="112" pin="0"/><net_sink comp="271" pin=2"/></net>

<net id="280"><net_src comp="114" pin="0"/><net_sink comp="271" pin=3"/></net>

<net id="285"><net_src comp="271" pin="4"/><net_sink comp="281" pin=0"/></net>

<net id="286"><net_src comp="116" pin="0"/><net_sink comp="281" pin=1"/></net>

<net id="290"><net_src comp="265" pin="2"/><net_sink comp="287" pin=0"/></net>

<net id="296"><net_src comp="281" pin="2"/><net_sink comp="291" pin=0"/></net>

<net id="297"><net_src comp="287" pin="1"/><net_sink comp="291" pin=1"/></net>

<net id="298"><net_src comp="118" pin="0"/><net_sink comp="291" pin=2"/></net>

<net id="302"><net_src comp="132" pin="1"/><net_sink comp="299" pin=0"/></net>

<net id="303"><net_src comp="299" pin="1"/><net_sink comp="245" pin=1"/></net>

<net id="304"><net_src comp="299" pin="1"/><net_sink comp="250" pin=0"/></net>

<net id="308"><net_src comp="136" pin="2"/><net_sink comp="305" pin=0"/></net>

<net id="309"><net_src comp="305" pin="1"/><net_sink comp="200" pin=0"/></net>

<net id="310"><net_src comp="305" pin="1"/><net_sink comp="220" pin=1"/></net>

<net id="314"><net_src comp="142" pin="2"/><net_sink comp="311" pin=0"/></net>

<net id="315"><net_src comp="311" pin="1"/><net_sink comp="197" pin=0"/></net>

<net id="319"><net_src comp="203" pin="2"/><net_sink comp="316" pin=0"/></net>

<net id="320"><net_src comp="316" pin="1"/><net_sink comp="209" pin=1"/></net>

<net id="324"><net_src comp="209" pin="2"/><net_sink comp="321" pin=0"/></net>

<net id="328"><net_src comp="214" pin="2"/><net_sink comp="325" pin=0"/></net>

<net id="329"><net_src comp="325" pin="1"/><net_sink comp="179" pin=2"/></net>

<net id="333"><net_src comp="233" pin="2"/><net_sink comp="330" pin=0"/></net>

<net id="337"><net_src comp="239" pin="2"/><net_sink comp="334" pin=0"/></net>

<net id="338"><net_src comp="334" pin="1"/><net_sink comp="190" pin=2"/></net>

<net id="342"><net_src comp="250" pin="1"/><net_sink comp="339" pin=0"/></net>

<net id="343"><net_src comp="339" pin="1"/><net_sink comp="265" pin=1"/></net>

<net id="347"><net_src comp="261" pin="1"/><net_sink comp="344" pin=0"/></net>

<net id="348"><net_src comp="344" pin="1"/><net_sink comp="265" pin=0"/></net>

<net id="352"><net_src comp="291" pin="3"/><net_sink comp="349" pin=0"/></net>

<net id="353"><net_src comp="349" pin="1"/><net_sink comp="168" pin=2"/></net>

</net_list>

</model> 
---------------- Datapath Model END ------------------

* FSMD analyzer results:
  - Output states:
	Port: in_write_2_iter_c_V_s | {1 }
	Port: in_write_V_V | {35 }
 - Input state : 
	Port: softmax_divide_preci : in_proc_2_iter_c_V_V | {1 }
	Port: softmax_divide_preci : in_proc_2_iter_r_V_V | {1 }
	Port: softmax_divide_preci : sum_V_V | {4 }
	Port: softmax_divide_preci : in_proc_2_V_V | {5 }
  - Chain level:
	State 1
	State 2
		bound : 1
	State 3
		exitcond_flatten : 1
		indvar_flatten_next : 1
		StgValue_55 : 2
		exitcond_i2 : 1
		iter_i_mid2 : 2
		tmp_i : 3
		StgValue_59 : 4
		iter : 3
	State 4
	State 5
		p_2_cast_i : 1
		tmp_40_i : 2
	State 6
	State 7
	State 8
	State 9
	State 10
	State 11
	State 12
	State 13
	State 14
	State 15
	State 16
	State 17
	State 18
	State 19
	State 20
	State 21
	State 22
	State 23
	State 24
	State 25
	State 26
	State 27
	State 28
	State 29
	State 30
	State 31
	State 32
	State 33
	State 34
		p_3_i : 1
		tmp_41_i : 2
		tmp : 1
		tmp_V_104 : 3
	State 35
		empty : 1
	State 36


============================================================
+ Verbose Summary: Datapath Resource usage 
============================================================

* Functional unit list:
|----------|----------------------------|---------|---------|---------|
| Operation|       Functional Unit      |  DSP48E |    FF   |   LUT   |
|----------|----------------------------|---------|---------|---------|
|   sdiv   |         grp_fu_265         |    0    |   2283  |   1738  |
|----------|----------------------------|---------|---------|---------|
|    add   | indvar_flatten_next_fu_214 |    0    |    0    |    71   |
|          |         iter_fu_239        |    0    |    0    |    39   |
|----------|----------------------------|---------|---------|---------|
|          |   exitcond_flatten_fu_209  |    0    |    0    |    29   |
|   icmp   |     exitcond_i2_fu_220     |    0    |    0    |    20   |
|          |        tmp_i_fu_233        |    0    |    0    |    20   |
|          |       tmp_41_i_fu_281      |    0    |    0    |    20   |
|----------|----------------------------|---------|---------|---------|
|  select  |     iter_i_mid2_fu_225     |    0    |    0    |    32   |
|          |      tmp_V_104_fu_291      |    0    |    0    |    8    |
|----------|----------------------------|---------|---------|---------|
|    mul   |        bound_fu_203        |    4    |    0    |    20   |
|----------|----------------------------|---------|---------|---------|
|          |    tmp_V_101_read_fu_136   |    0    |    0    |    0    |
|   read   |    tmp_V_105_read_fu_142   |    0    |    0    |    0    |
|          |    tmp_V_106_read_fu_156   |    0    |    0    |    0    |
|          |    tmp_V_103_read_fu_162   |    0    |    0    |    0    |
|----------|----------------------------|---------|---------|---------|
|   write  |  StgValue_40_write_fu_148  |    0    |    0    |    0    |
|          |  StgValue_104_write_fu_168 |    0    |    0    |    0    |
|----------|----------------------------|---------|---------|---------|
|          |         cast_fu_197        |    0    |    0    |    0    |
|   zext   |        cast1_fu_200        |    0    |    0    |    0    |
|          |      p_2_cast_i_fu_261     |    0    |    0    |    0    |
|----------|----------------------------|---------|---------|---------|
|bitconcatenate|        p_2_i_fu_253        |    0    |    0    |    0    |
|----------|----------------------------|---------|---------|---------|
|partselect|        p_3_i_fu_271        |    0    |    0    |    0    |
|----------|----------------------------|---------|---------|---------|
|   trunc  |         tmp_fu_287         |    0    |    0    |    0    |
|----------|----------------------------|---------|---------|---------|
|   Total  |                            |    4    |   2283  |   1997  |
|----------|----------------------------|---------|---------|---------|

Memories:
N/A

* Register list:
+---------------------------+--------+
|                           |   FF   |
+---------------------------+--------+
|       bound_reg_316       |   64   |
|  exitcond_flatten_reg_321 |    1   |
|indvar_flatten_next_reg_325|   64   |
|   indvar_flatten_reg_175  |   64   |
|       iter_i_reg_186      |   32   |
|        iter_reg_334       |   32   |
|     p_2_cast_i_reg_344    |   32   |
|     tmp_V_101_reg_305     |   32   |
|     tmp_V_104_reg_349     |    8   |
|     tmp_V_105_reg_311     |   32   |
|     tmp_V_load_reg_339    |   32   |
|       tmp_V_reg_299       |   32   |
|       tmp_i_reg_330       |    1   |
+---------------------------+--------+
|           Total           |   426  |
+---------------------------+--------+

* Multiplexer (MUX) list: 
|------------|------|------|------|--------||---------||---------|
|    Comp    |  Pin | Size |  BW  | S x BW ||  Delay  ||   LUT   |
|------------|------|------|------|--------||---------||---------|
| grp_fu_265 |  p0  |   2  |  26  |   52   ||    9    |
| grp_fu_265 |  p1  |   2  |  32  |   64   ||    9    |
|------------|------|------|------|--------||---------||---------|
|    Total   |      |      |      |   116  ||  1.312  ||    18   |
|------------|------|------|------|--------||---------||---------|



* Summary:
+-----------+--------+--------+--------+--------+
|           | DSP48E |  Delay |   FF   |   LUT  |
+-----------+--------+--------+--------+--------+
|  Function |    4   |    -   |  2283  |  1997  |
|   Memory  |    -   |    -   |    -   |    -   |
|Multiplexer|    -   |    1   |    -   |   18   |
|  Register |    -   |    -   |   426  |    -   |
+-----------+--------+--------+--------+--------+
|   Total   |    4   |    1   |  2709  |  2015  |
+-----------+--------+--------+--------+--------+
